2025-02-14 08:50:23 [main] INFO  [36mc.P.digitalis.DigitalisApplication[0;39m - Starting DigitalisApplication using Java 17.0.6 with PID 18464 (C:\Users\LIVE-TECH\Desktop\ProjectManagment\digitalis\target\classes started by LIVE-TECH in C:\Users\LIVE-TECH\Desktop\ProjectManagment\digitalis)
2025-02-14 08:50:23 [main] INFO  [36mc.P.digitalis.DigitalisApplication[0;39m - No active profile set, falling back to 1 default profile: "default"
2025-02-14 08:50:37 [main] INFO  [36mo.s.d.r.c.RepositoryConfigurationDelegate[0;39m - Bootstrapping Spring Data JPA repositories in DEFAULT mode.
2025-02-14 08:50:37 [main] INFO  [36mo.s.d.r.c.RepositoryConfigurationDelegate[0;39m - Finished Spring Data repository scanning in 400 ms. Found 13 JPA repository interfaces.
2025-02-14 08:50:42 [main] INFO  [36mo.s.b.w.e.tomcat.TomcatWebServer[0;39m - Tomcat initialized with port 8091 (http)
2025-02-14 08:50:42 [main] INFO  [36mo.a.coyote.http11.Http11NioProtocol[0;39m - Initializing ProtocolHandler ["http-nio-8091"]
2025-02-14 08:50:42 [main] INFO  [36mo.a.catalina.core.StandardService[0;39m - Starting service [Tomcat]
2025-02-14 08:50:42 [main] INFO  [36mo.a.catalina.core.StandardEngine[0;39m - Starting Servlet engine: [Apache Tomcat/10.1.31]
2025-02-14 08:50:42 [main] INFO  [36mo.a.c.c.C.[Tomcat].[localhost].[/][0;39m - Initializing Spring embedded WebApplicationContext
2025-02-14 08:50:42 [main] INFO  [36mo.s.b.w.s.c.ServletWebServerApplicationContext[0;39m - Root WebApplicationContext: initialization completed in 18424 ms
2025-02-14 08:50:42 [main] WARN  [36mo.s.b.a.o.j.JpaBaseConfiguration$JpaWebConfiguration[0;39m - spring.jpa.open-in-view is enabled by default. Therefore, database queries may be performed during view rendering. Explicitly configure spring.jpa.open-in-view to disable this warning
2025-02-14 08:50:43 [main] INFO  [36mo.h.jpa.internal.util.LogHelper[0;39m - HHH000204: Processing PersistenceUnitInfo [name: default]
2025-02-14 08:50:45 [main] INFO  [36morg.hibernate.Version[0;39m - HHH000412: Hibernate ORM core version 6.5.3.Final
2025-02-14 08:50:45 [main] INFO  [36mo.h.c.i.RegionFactoryInitiator[0;39m - HHH000026: Second-level cache disabled
2025-02-14 08:50:47 [main] INFO  [36mo.s.o.j.p.SpringPersistenceUnitInfo[0;39m - No LoadTimeWeaver setup: ignoring JPA class transformer
2025-02-14 08:50:48 [main] INFO  [36mcom.zaxxer.hikari.HikariDataSource[0;39m - HikariPool-1 - Starting...
2025-02-14 08:50:54 [main] INFO  [36mcom.zaxxer.hikari.pool.HikariPool[0;39m - HikariPool-1 - Added connection com.mysql.cj.jdbc.ConnectionImpl@1bdafb01
2025-02-14 08:50:54 [main] INFO  [36mcom.zaxxer.hikari.HikariDataSource[0;39m - HikariPool-1 - Start completed.
2025-02-14 08:50:54 [main] WARN  [36morg.hibernate.dialect.Dialect[0;39m - HHH000511: The 5.7.24 version for [org.hibernate.dialect.MySQLDialect] is no longer supported, hence certain features may not work properly. The minimum supported version is 8.0.0. Check the community dialects project for available legacy versions.
2025-02-14 08:50:54 [main] WARN  [36morg.hibernate.orm.deprecation[0;39m - HHH90000025: MySQLDialect does not need to be specified explicitly using 'hibernate.dialect' (remove the property setting and it will be selected by default)
2025-02-14 08:51:01 [main] INFO  [36mo.h.e.t.j.p.i.JtaPlatformInitiator[0;39m - HHH000489: No JTA platform available (set 'hibernate.transaction.jta.platform' to enable JTA platform integration)
2025-02-14 08:51:04 [main] INFO  [36mo.s.o.j.LocalContainerEntityManagerFactoryBean[0;39m - Initialized JPA EntityManagerFactory for persistence unit 'default'
2025-02-14 08:51:08 [main] INFO  [36mo.s.s.c.a.a.c.InitializeAuthenticationProviderBeanManagerConfigurer$InitializeAuthenticationProviderManagerConfigurer[0;39m - Global AuthenticationManager configured with AuthenticationProvider bean with name authenticationProvider
2025-02-14 08:51:08 [main] WARN  [36mo.s.s.c.a.a.c.InitializeUserDetailsBeanManagerConfigurer$InitializeUserDetailsManagerConfigurer[0;39m - Global AuthenticationManager configured with an AuthenticationProvider bean. UserDetailsService beans will not be used for username/password login. Consider removing the AuthenticationProvider bean. Alternatively, consider using the UserDetailsService in a manually instantiated DaoAuthenticationProvider.
2025-02-14 08:51:11 [main] INFO  [36mo.a.coyote.http11.Http11NioProtocol[0;39m - Starting ProtocolHandler ["http-nio-8091"]
2025-02-14 08:51:12 [main] INFO  [36mo.s.b.w.e.tomcat.TomcatWebServer[0;39m - Tomcat started on port 8091 (http) with context path '/'
2025-02-14 08:51:12 [main] INFO  [36mo.s.m.s.b.SimpleBrokerMessageHandler[0;39m - Starting...
2025-02-14 08:51:12 [main] INFO  [36mo.s.m.s.b.SimpleBrokerMessageHandler[0;39m - BrokerAvailabilityEvent[available=true, SimpleBrokerMessageHandler [org.springframework.messaging.simp.broker.DefaultSubscriptionRegistry@c105912]]
2025-02-14 08:51:12 [main] INFO  [36mo.s.m.s.b.SimpleBrokerMessageHandler[0;39m - Started.
2025-02-14 08:51:12 [main] INFO  [36mc.P.digitalis.DigitalisApplication[0;39m - Started DigitalisApplication in 52.57 seconds (process running for 63.091)
2025-02-14 08:52:11 [MessageBroker-1] INFO  [36mo.s.w.s.c.WebSocketMessageBrokerStats[0;39m - WebSocketSession[0 current WS(0)-HttpStream(0)-HttpPoll(0), 0 total, 0 closed abnormally (0 connect failure, 0 send limit, 0 transport error)], stompSubProtocol[processed CONNECT(0)-CONNECTED(0)-DISCONNECT(0)], stompBrokerRelay[null], inboundChannel[pool size = 0, active threads = 0, queued tasks = 0, completed tasks = 0], outboundChannel[pool size = 0, active threads = 0, queued tasks = 0, completed tasks = 0], sockJsScheduler[pool size = 1, active threads = 1, queued tasks = 0, completed tasks = 0]
2025-02-14 09:22:11 [MessageBroker-1] INFO  [36mo.s.w.s.c.WebSocketMessageBrokerStats[0;39m - WebSocketSession[0 current WS(0)-HttpStream(0)-HttpPoll(0), 0 total, 0 closed abnormally (0 connect failure, 0 send limit, 0 transport error)], stompSubProtocol[processed CONNECT(0)-CONNECTED(0)-DISCONNECT(0)], stompBrokerRelay[null], inboundChannel[pool size = 0, active threads = 0, queued tasks = 0, completed tasks = 0], outboundChannel[pool size = 0, active threads = 0, queued tasks = 0, completed tasks = 0], sockJsScheduler[pool size = 2, active threads = 1, queued tasks = 0, completed tasks = 1]
2025-02-14 09:28:47 [SpringApplicationShutdownHook] INFO  [36mo.s.m.s.b.SimpleBrokerMessageHandler[0;39m - Stopping...
2025-02-14 09:28:47 [SpringApplicationShutdownHook] INFO  [36mo.s.m.s.b.SimpleBrokerMessageHandler[0;39m - BrokerAvailabilityEvent[available=false, SimpleBrokerMessageHandler [org.springframework.messaging.simp.broker.DefaultSubscriptionRegistry@c105912]]
2025-02-14 09:28:47 [SpringApplicationShutdownHook] INFO  [36mo.s.m.s.b.SimpleBrokerMessageHandler[0;39m - Stopped.
2025-02-14 09:28:48 [SpringApplicationShutdownHook] INFO  [36mo.s.o.j.LocalContainerEntityManagerFactoryBean[0;39m - Closing JPA EntityManagerFactory for persistence unit 'default'
2025-02-14 09:28:48 [SpringApplicationShutdownHook] INFO  [36mcom.zaxxer.hikari.HikariDataSource[0;39m - HikariPool-1 - Shutdown initiated...
2025-02-14 09:28:48 [SpringApplicationShutdownHook] INFO  [36mcom.zaxxer.hikari.HikariDataSource[0;39m - HikariPool-1 - Shutdown completed.
2025-02-14 12:22:52 [main] INFO  [36mc.P.digitalis.DigitalisApplication[0;39m - Starting DigitalisApplication using Java 17.0.6 with PID 18340 (C:\Users\LIVE-TECH\Desktop\ProjectManagment\digitalis\target\classes started by LIVE-TECH in C:\Users\LIVE-TECH\Desktop\ProjectManagment\digitalis)
2025-02-14 12:22:52 [main] INFO  [36mc.P.digitalis.DigitalisApplication[0;39m - No active profile set, falling back to 1 default profile: "default"
2025-02-14 12:23:01 [main] INFO  [36mo.s.d.r.c.RepositoryConfigurationDelegate[0;39m - Bootstrapping Spring Data JPA repositories in DEFAULT mode.
2025-02-14 12:23:01 [main] INFO  [36mo.s.d.r.c.RepositoryConfigurationDelegate[0;39m - Finished Spring Data repository scanning in 466 ms. Found 13 JPA repository interfaces.
2025-02-14 12:23:08 [main] INFO  [36mo.s.b.w.e.tomcat.TomcatWebServer[0;39m - Tomcat initialized with port 8091 (http)
2025-02-14 12:23:08 [main] INFO  [36mo.a.coyote.http11.Http11NioProtocol[0;39m - Initializing ProtocolHandler ["http-nio-8091"]
2025-02-14 12:23:08 [main] INFO  [36mo.a.catalina.core.StandardService[0;39m - Starting service [Tomcat]
2025-02-14 12:23:08 [main] INFO  [36mo.a.catalina.core.StandardEngine[0;39m - Starting Servlet engine: [Apache Tomcat/10.1.31]
2025-02-14 12:23:16 [main] INFO  [36mo.a.c.c.C.[Tomcat].[localhost].[/][0;39m - Initializing Spring embedded WebApplicationContext
2025-02-14 12:23:16 [main] INFO  [36mo.s.b.w.s.c.ServletWebServerApplicationContext[0;39m - Root WebApplicationContext: initialization completed in 24006 ms
2025-02-14 12:23:16 [main] WARN  [36mo.s.b.a.o.j.JpaBaseConfiguration$JpaWebConfiguration[0;39m - spring.jpa.open-in-view is enabled by default. Therefore, database queries may be performed during view rendering. Explicitly configure spring.jpa.open-in-view to disable this warning
2025-02-14 12:23:17 [main] INFO  [36mo.h.jpa.internal.util.LogHelper[0;39m - HHH000204: Processing PersistenceUnitInfo [name: default]
2025-02-14 12:23:18 [main] INFO  [36morg.hibernate.Version[0;39m - HHH000412: Hibernate ORM core version 6.5.3.Final
2025-02-14 12:23:18 [main] INFO  [36mo.h.c.i.RegionFactoryInitiator[0;39m - HHH000026: Second-level cache disabled
2025-02-14 12:23:21 [main] INFO  [36mo.s.o.j.p.SpringPersistenceUnitInfo[0;39m - No LoadTimeWeaver setup: ignoring JPA class transformer
2025-02-14 12:23:21 [main] INFO  [36mcom.zaxxer.hikari.HikariDataSource[0;39m - HikariPool-1 - Starting...
2025-02-14 12:23:24 [main] INFO  [36mcom.zaxxer.hikari.pool.HikariPool[0;39m - HikariPool-1 - Added connection com.mysql.cj.jdbc.ConnectionImpl@59f7c106
2025-02-14 12:23:24 [main] INFO  [36mcom.zaxxer.hikari.HikariDataSource[0;39m - HikariPool-1 - Start completed.
2025-02-14 12:23:25 [main] WARN  [36morg.hibernate.dialect.Dialect[0;39m - HHH000511: The 5.7.24 version for [org.hibernate.dialect.MySQLDialect] is no longer supported, hence certain features may not work properly. The minimum supported version is 8.0.0. Check the community dialects project for available legacy versions.
2025-02-14 12:23:25 [main] WARN  [36morg.hibernate.orm.deprecation[0;39m - HHH90000025: MySQLDialect does not need to be specified explicitly using 'hibernate.dialect' (remove the property setting and it will be selected by default)
2025-02-14 12:23:33 [main] INFO  [36mo.h.e.t.j.p.i.JtaPlatformInitiator[0;39m - HHH000489: No JTA platform available (set 'hibernate.transaction.jta.platform' to enable JTA platform integration)
2025-02-14 12:23:38 [main] INFO  [36mo.s.o.j.LocalContainerEntityManagerFactoryBean[0;39m - Initialized JPA EntityManagerFactory for persistence unit 'default'
2025-02-14 12:23:41 [main] INFO  [36mo.s.s.c.a.a.c.InitializeAuthenticationProviderBeanManagerConfigurer$InitializeAuthenticationProviderManagerConfigurer[0;39m - Global AuthenticationManager configured with AuthenticationProvider bean with name authenticationProvider
2025-02-14 12:23:41 [main] WARN  [36mo.s.s.c.a.a.c.InitializeUserDetailsBeanManagerConfigurer$InitializeUserDetailsManagerConfigurer[0;39m - Global AuthenticationManager configured with an AuthenticationProvider bean. UserDetailsService beans will not be used for username/password login. Consider removing the AuthenticationProvider bean. Alternatively, consider using the UserDetailsService in a manually instantiated DaoAuthenticationProvider.
2025-02-14 12:23:43 [main] INFO  [36mo.a.coyote.http11.Http11NioProtocol[0;39m - Starting ProtocolHandler ["http-nio-8091"]
2025-02-14 12:23:43 [main] INFO  [36mo.s.b.w.e.tomcat.TomcatWebServer[0;39m - Tomcat started on port 8091 (http) with context path '/'
2025-02-14 12:23:43 [main] INFO  [36mo.s.m.s.b.SimpleBrokerMessageHandler[0;39m - Starting...
2025-02-14 12:23:43 [main] INFO  [36mo.s.m.s.b.SimpleBrokerMessageHandler[0;39m - BrokerAvailabilityEvent[available=true, SimpleBrokerMessageHandler [org.springframework.messaging.simp.broker.DefaultSubscriptionRegistry@236e6563]]
2025-02-14 12:23:43 [main] INFO  [36mo.s.m.s.b.SimpleBrokerMessageHandler[0;39m - Started.
2025-02-14 12:23:43 [main] INFO  [36mc.P.digitalis.DigitalisApplication[0;39m - Started DigitalisApplication in 54.257 seconds (process running for 59.391)
2025-02-14 12:24:43 [MessageBroker-1] INFO  [36mo.s.w.s.c.WebSocketMessageBrokerStats[0;39m - WebSocketSession[0 current WS(0)-HttpStream(0)-HttpPoll(0), 0 total, 0 closed abnormally (0 connect failure, 0 send limit, 0 transport error)], stompSubProtocol[processed CONNECT(0)-CONNECTED(0)-DISCONNECT(0)], stompBrokerRelay[null], inboundChannel[pool size = 0, active threads = 0, queued tasks = 0, completed tasks = 0], outboundChannel[pool size = 0, active threads = 0, queued tasks = 0, completed tasks = 0], sockJsScheduler[pool size = 1, active threads = 1, queued tasks = 0, completed tasks = 0]
2025-02-14 12:27:04 [http-nio-8091-exec-1] INFO  [36mo.a.c.c.C.[Tomcat].[localhost].[/][0;39m - Initializing Spring DispatcherServlet 'dispatcherServlet'
2025-02-14 12:27:04 [http-nio-8091-exec-1] INFO  [36mo.s.web.servlet.DispatcherServlet[0;39m - Initializing Servlet 'dispatcherServlet'
2025-02-14 12:27:04 [http-nio-8091-exec-1] INFO  [36mo.s.web.servlet.DispatcherServlet[0;39m - Completed initialization in 2 ms
2025-02-14 12:27:07 [http-nio-8091-exec-1] INFO  [36mc.P.d.service.ProjetServicesImpl[0;39m - Récupération de la liste de tous les projets
2025-02-14 12:27:11 [http-nio-8091-exec-2] INFO  [36mc.P.d.service.ProjetServicesImpl[0;39m - Récupération de la liste de tous les projets
2025-02-14 12:27:20 [http-nio-8091-exec-7] INFO  [36mc.P.d.service.ProjetServicesImpl[0;39m - Modification du projet : projet2
2025-02-14 12:27:20 [http-nio-8091-exec-8] INFO  [36mc.P.d.service.ProjetServicesImpl[0;39m - Modification du projet : Projet1
2025-02-14 12:27:27 [http-nio-8091-exec-6] INFO  [36mc.P.digitalis.service.GtServicesImpl[0;39m - Tentative de modification de la grande tâche avec l'ID : 6
2025-02-14 12:27:28 [http-nio-8091-exec-6] INFO  [36mc.P.digitalis.service.GtServicesImpl[0;39m - Grande tâche modifiée avec succès : tache:creation des module du projet 1 | charge: 2.0
2025-02-14 12:27:28 [http-nio-8091-exec-7] INFO  [36mc.P.digitalis.service.GtServicesImpl[0;39m - Tentative de modification de la grande tâche avec l'ID : 5
2025-02-14 12:27:28 [http-nio-8091-exec-7] INFO  [36mc.P.digitalis.service.GtServicesImpl[0;39m - Grande tâche modifiée avec succès : tache:Initialisation du projet 1 | charge: 15.0
2025-02-14 12:28:06 [http-nio-8091-exec-6] INFO  [36mc.P.digitalis.service.GtServicesImpl[0;39m - Tentative de modification de la grande tâche avec l'ID : 6
2025-02-14 12:28:06 [http-nio-8091-exec-6] INFO  [36mc.P.digitalis.service.GtServicesImpl[0;39m - Grande tâche modifiée avec succès : tache:creation des module du projet 1 | charge: 2.0
2025-02-14 12:28:06 [http-nio-8091-exec-7] INFO  [36mc.P.digitalis.service.GtServicesImpl[0;39m - Tentative de modification de la grande tâche avec l'ID : 5
2025-02-14 12:28:06 [http-nio-8091-exec-7] INFO  [36mc.P.digitalis.service.GtServicesImpl[0;39m - Grande tâche modifiée avec succès : tache:Initialisation du projet 1 | charge: 15.0
2025-02-14 12:35:35 [http-nio-8091-exec-2] INFO  [36mc.P.digitalis.service.GtServicesImpl[0;39m - Tentative de modification de la grande tâche avec l'ID : 6
2025-02-14 12:35:35 [http-nio-8091-exec-2] INFO  [36mc.P.digitalis.service.GtServicesImpl[0;39m - Grande tâche modifiée avec succès : tache:creation des module du projet 1 | charge: 2.0
2025-02-14 12:35:35 [http-nio-8091-exec-6] INFO  [36mc.P.digitalis.service.GtServicesImpl[0;39m - Tentative de modification de la grande tâche avec l'ID : 5
2025-02-14 12:35:35 [http-nio-8091-exec-6] INFO  [36mc.P.digitalis.service.GtServicesImpl[0;39m - Grande tâche modifiée avec succès : tache:Initialisation du projet 1 | charge: 15.0
2025-02-14 12:39:33 [http-nio-8091-exec-4] INFO  [36mc.P.digitalis.service.GtServicesImpl[0;39m - Tentative de modification de la grande tâche avec l'ID : 5
2025-02-14 12:39:33 [http-nio-8091-exec-4] INFO  [36mc.P.digitalis.service.GtServicesImpl[0;39m - Grande tâche modifiée avec succès : tache:Initialisation du projet 1 | charge: 15.0
2025-02-14 12:39:33 [http-nio-8091-exec-5] INFO  [36mc.P.digitalis.service.GtServicesImpl[0;39m - Tentative de modification de la grande tâche avec l'ID : 6
2025-02-14 12:39:33 [http-nio-8091-exec-5] INFO  [36mc.P.digitalis.service.GtServicesImpl[0;39m - Grande tâche modifiée avec succès : tache:creation des module du projet 1 | charge: 2.0
2025-02-14 12:39:41 [http-nio-8091-exec-1] INFO  [36mc.P.digitalis.service.GtServicesImpl[0;39m - Tentative de modification de la grande tâche avec l'ID : 6
2025-02-14 12:39:41 [http-nio-8091-exec-1] INFO  [36mc.P.digitalis.service.GtServicesImpl[0;39m - Grande tâche modifiée avec succès : tache:creation des module du projet 1 | charge: 2.0
2025-02-14 12:39:41 [http-nio-8091-exec-2] INFO  [36mc.P.digitalis.service.GtServicesImpl[0;39m - Tentative de modification de la grande tâche avec l'ID : 5
2025-02-14 12:39:41 [http-nio-8091-exec-2] INFO  [36mc.P.digitalis.service.GtServicesImpl[0;39m - Grande tâche modifiée avec succès : tache:Initialisation du projet 1 | charge: 15.0
2025-02-14 12:40:16 [http-nio-8091-exec-6] INFO  [36mc.P.digitalis.service.GtServicesImpl[0;39m - Tentative de modification de la grande tâche avec l'ID : 5
2025-02-14 12:40:16 [http-nio-8091-exec-2] INFO  [36mc.P.digitalis.service.GtServicesImpl[0;39m - Tentative de modification de la grande tâche avec l'ID : 6
2025-02-14 12:40:16 [http-nio-8091-exec-6] INFO  [36mc.P.digitalis.service.GtServicesImpl[0;39m - Grande tâche modifiée avec succès : tache:Initialisation du projet 1 | charge: 15.0
2025-02-14 12:40:16 [http-nio-8091-exec-2] INFO  [36mc.P.digitalis.service.GtServicesImpl[0;39m - Grande tâche modifiée avec succès : tache:creation des module du projet 1 | charge: 2.0
2025-02-14 12:42:21 [http-nio-8091-exec-1] INFO  [36mc.P.digitalis.service.GtServicesImpl[0;39m - Tentative de modification de la grande tâche avec l'ID : 6
2025-02-14 12:42:21 [http-nio-8091-exec-1] INFO  [36mc.P.digitalis.service.GtServicesImpl[0;39m - Grande tâche modifiée avec succès : tache:creation des module du projet 1 | charge: 2.0
2025-02-14 12:42:21 [http-nio-8091-exec-6] INFO  [36mc.P.digitalis.service.GtServicesImpl[0;39m - Tentative de modification de la grande tâche avec l'ID : 5
2025-02-14 12:42:21 [http-nio-8091-exec-6] INFO  [36mc.P.digitalis.service.GtServicesImpl[0;39m - Grande tâche modifiée avec succès : tache:Initialisation du projet 1 | charge: 15.0
2025-02-14 12:44:33 [http-nio-8091-exec-8] INFO  [36mc.P.digitalis.service.GtServicesImpl[0;39m - Tentative de modification de la grande tâche avec l'ID : 6
2025-02-14 12:44:33 [http-nio-8091-exec-8] INFO  [36mc.P.digitalis.service.GtServicesImpl[0;39m - Grande tâche modifiée avec succès : tache:creation des module du projet 1 | charge: 2.0
2025-02-14 12:44:33 [http-nio-8091-exec-5] INFO  [36mc.P.digitalis.service.GtServicesImpl[0;39m - Tentative de modification de la grande tâche avec l'ID : 5
2025-02-14 12:44:33 [http-nio-8091-exec-5] INFO  [36mc.P.digitalis.service.GtServicesImpl[0;39m - Grande tâche modifiée avec succès : tache:Initialisation du projet 1 | charge: 15.0
2025-02-14 12:54:43 [MessageBroker-1] INFO  [36mo.s.w.s.c.WebSocketMessageBrokerStats[0;39m - WebSocketSession[0 current WS(0)-HttpStream(0)-HttpPoll(0), 0 total, 0 closed abnormally (0 connect failure, 0 send limit, 0 transport error)], stompSubProtocol[processed CONNECT(0)-CONNECTED(0)-DISCONNECT(0)], stompBrokerRelay[null], inboundChannel[pool size = 0, active threads = 0, queued tasks = 0, completed tasks = 0], outboundChannel[pool size = 0, active threads = 0, queued tasks = 0, completed tasks = 0], sockJsScheduler[pool size = 2, active threads = 1, queued tasks = 0, completed tasks = 1]
2025-02-14 14:43:57 [HikariPool-1 housekeeper] WARN  [36mcom.zaxxer.hikari.pool.HikariPool[0;39m - HikariPool-1 - Thread starvation or clock leap detected (housekeeper delta=1h28m1s584ms552µs500ns).
2025-02-14 14:52:15 [MessageBroker-2] INFO  [36mo.s.w.s.c.WebSocketMessageBrokerStats[0;39m - WebSocketSession[0 current WS(0)-HttpStream(0)-HttpPoll(0), 0 total, 0 closed abnormally (0 connect failure, 0 send limit, 0 transport error)], stompSubProtocol[processed CONNECT(0)-CONNECTED(0)-DISCONNECT(0)], stompBrokerRelay[null], inboundChannel[pool size = 0, active threads = 0, queued tasks = 0, completed tasks = 0], outboundChannel[pool size = 0, active threads = 0, queued tasks = 0, completed tasks = 0], sockJsScheduler[pool size = 3, active threads = 1, queued tasks = 0, completed tasks = 2]
2025-02-14 15:35:09 [main] INFO  [36mc.P.digitalis.DigitalisApplication[0;39m - Starting DigitalisApplication using Java 17.0.6 with PID 13164 (C:\Users\LIVE-TECH\Desktop\ProjectManagment\digitalis\target\classes started by LIVE-TECH in C:\Users\LIVE-TECH\Desktop\ProjectManagment\digitalis)
2025-02-14 15:35:09 [main] INFO  [36mc.P.digitalis.DigitalisApplication[0;39m - No active profile set, falling back to 1 default profile: "default"
2025-02-14 15:35:24 [main] INFO  [36mo.s.d.r.c.RepositoryConfigurationDelegate[0;39m - Bootstrapping Spring Data JPA repositories in DEFAULT mode.
2025-02-14 15:35:25 [main] INFO  [36mo.s.d.r.c.RepositoryConfigurationDelegate[0;39m - Finished Spring Data repository scanning in 644 ms. Found 13 JPA repository interfaces.
2025-02-14 15:35:33 [main] INFO  [36mo.s.b.w.e.tomcat.TomcatWebServer[0;39m - Tomcat initialized with port 8091 (http)
2025-02-14 15:35:34 [main] INFO  [36mo.a.coyote.http11.Http11NioProtocol[0;39m - Initializing ProtocolHandler ["http-nio-8091"]
2025-02-14 15:35:34 [main] INFO  [36mo.a.catalina.core.StandardService[0;39m - Starting service [Tomcat]
2025-02-14 15:35:34 [main] INFO  [36mo.a.catalina.core.StandardEngine[0;39m - Starting Servlet engine: [Apache Tomcat/10.1.31]
2025-02-14 15:35:38 [main] INFO  [36mo.a.c.c.C.[Tomcat].[localhost].[/][0;39m - Initializing Spring embedded WebApplicationContext
2025-02-14 15:35:38 [main] INFO  [36mo.s.b.w.s.c.ServletWebServerApplicationContext[0;39m - Root WebApplicationContext: initialization completed in 27629 ms
2025-02-14 15:35:38 [main] WARN  [36mo.s.b.a.o.j.JpaBaseConfiguration$JpaWebConfiguration[0;39m - spring.jpa.open-in-view is enabled by default. Therefore, database queries may be performed during view rendering. Explicitly configure spring.jpa.open-in-view to disable this warning
2025-02-14 15:35:38 [main] INFO  [36mo.h.jpa.internal.util.LogHelper[0;39m - HHH000204: Processing PersistenceUnitInfo [name: default]
2025-02-14 15:35:39 [main] INFO  [36morg.hibernate.Version[0;39m - HHH000412: Hibernate ORM core version 6.5.3.Final
2025-02-14 15:35:39 [main] INFO  [36mo.h.c.i.RegionFactoryInitiator[0;39m - HHH000026: Second-level cache disabled
2025-02-14 15:35:40 [main] INFO  [36mo.s.o.j.p.SpringPersistenceUnitInfo[0;39m - No LoadTimeWeaver setup: ignoring JPA class transformer
2025-02-14 15:35:40 [main] INFO  [36mcom.zaxxer.hikari.HikariDataSource[0;39m - HikariPool-1 - Starting...
2025-02-14 15:35:43 [main] INFO  [36mcom.zaxxer.hikari.pool.HikariPool[0;39m - HikariPool-1 - Added connection com.mysql.cj.jdbc.ConnectionImpl@7aa3857b
2025-02-14 15:35:43 [main] INFO  [36mcom.zaxxer.hikari.HikariDataSource[0;39m - HikariPool-1 - Start completed.
2025-02-14 15:35:44 [main] WARN  [36morg.hibernate.dialect.Dialect[0;39m - HHH000511: The 5.7.24 version for [org.hibernate.dialect.MySQLDialect] is no longer supported, hence certain features may not work properly. The minimum supported version is 8.0.0. Check the community dialects project for available legacy versions.
2025-02-14 15:35:44 [main] WARN  [36morg.hibernate.orm.deprecation[0;39m - HHH90000025: MySQLDialect does not need to be specified explicitly using 'hibernate.dialect' (remove the property setting and it will be selected by default)
2025-02-14 15:36:24 [main] INFO  [36mo.h.e.t.j.p.i.JtaPlatformInitiator[0;39m - HHH000489: No JTA platform available (set 'hibernate.transaction.jta.platform' to enable JTA platform integration)
2025-02-14 15:36:26 [main] INFO  [36mo.s.o.j.LocalContainerEntityManagerFactoryBean[0;39m - Initialized JPA EntityManagerFactory for persistence unit 'default'
2025-02-14 15:36:36 [main] INFO  [36mo.s.s.c.a.a.c.InitializeAuthenticationProviderBeanManagerConfigurer$InitializeAuthenticationProviderManagerConfigurer[0;39m - Global AuthenticationManager configured with AuthenticationProvider bean with name authenticationProvider
2025-02-14 15:36:36 [main] WARN  [36mo.s.s.c.a.a.c.InitializeUserDetailsBeanManagerConfigurer$InitializeUserDetailsManagerConfigurer[0;39m - Global AuthenticationManager configured with an AuthenticationProvider bean. UserDetailsService beans will not be used for username/password login. Consider removing the AuthenticationProvider bean. Alternatively, consider using the UserDetailsService in a manually instantiated DaoAuthenticationProvider.
2025-02-14 15:36:41 [main] INFO  [36mo.a.coyote.http11.Http11NioProtocol[0;39m - Starting ProtocolHandler ["http-nio-8091"]
2025-02-14 15:36:41 [main] INFO  [36mo.s.b.w.e.tomcat.TomcatWebServer[0;39m - Tomcat started on port 8091 (http) with context path '/'
2025-02-14 15:36:41 [main] INFO  [36mo.s.m.s.b.SimpleBrokerMessageHandler[0;39m - Starting...
2025-02-14 15:36:41 [main] INFO  [36mo.s.m.s.b.SimpleBrokerMessageHandler[0;39m - BrokerAvailabilityEvent[available=true, SimpleBrokerMessageHandler [org.springframework.messaging.simp.broker.DefaultSubscriptionRegistry@7f2c36de]]
2025-02-14 15:36:41 [main] INFO  [36mo.s.m.s.b.SimpleBrokerMessageHandler[0;39m - Started.
2025-02-14 15:36:41 [main] INFO  [36mc.P.digitalis.DigitalisApplication[0;39m - Started DigitalisApplication in 94.588 seconds (process running for 102.733)
2025-02-14 15:37:41 [MessageBroker-1] INFO  [36mo.s.w.s.c.WebSocketMessageBrokerStats[0;39m - WebSocketSession[0 current WS(0)-HttpStream(0)-HttpPoll(0), 0 total, 0 closed abnormally (0 connect failure, 0 send limit, 0 transport error)], stompSubProtocol[processed CONNECT(0)-CONNECTED(0)-DISCONNECT(0)], stompBrokerRelay[null], inboundChannel[pool size = 0, active threads = 0, queued tasks = 0, completed tasks = 0], outboundChannel[pool size = 0, active threads = 0, queued tasks = 0, completed tasks = 0], sockJsScheduler[pool size = 1, active threads = 1, queued tasks = 0, completed tasks = 0]
2025-02-14 15:39:33 [http-nio-8091-exec-1] INFO  [36mo.a.c.c.C.[Tomcat].[localhost].[/][0;39m - Initializing Spring DispatcherServlet 'dispatcherServlet'
2025-02-14 15:39:33 [http-nio-8091-exec-1] INFO  [36mo.s.web.servlet.DispatcherServlet[0;39m - Initializing Servlet 'dispatcherServlet'
2025-02-14 15:39:33 [http-nio-8091-exec-1] INFO  [36mo.s.web.servlet.DispatcherServlet[0;39m - Completed initialization in 2 ms
2025-02-14 15:44:17 [http-nio-8091-exec-8] INFO  [36mc.P.d.service.ProjetServicesImpl[0;39m - Récupération de la liste de tous les projets
2025-02-14 15:44:22 [http-nio-8091-exec-6] INFO  [36mc.P.digitalis.service.GtServicesImpl[0;39m - Tentative de modification de la grande tâche avec l'ID : 6
2025-02-14 15:44:22 [http-nio-8091-exec-5] INFO  [36mc.P.digitalis.service.GtServicesImpl[0;39m - Tentative de modification de la grande tâche avec l'ID : 5
2025-02-14 15:44:23 [http-nio-8091-exec-6] INFO  [36mc.P.digitalis.service.GtServicesImpl[0;39m - Grande tâche modifiée avec succès : tache:creation des module du projet 1 | charge: 2.0
2025-02-14 15:44:23 [http-nio-8091-exec-5] INFO  [36mc.P.digitalis.service.GtServicesImpl[0;39m - Grande tâche modifiée avec succès : tache:Initialisation du projet 1 | charge: 15.0
2025-02-14 15:49:40 [http-nio-8091-exec-7] INFO  [36mc.P.digitalis.service.GtServicesImpl[0;39m - Tentative de modification de la grande tâche avec l'ID : 6
2025-02-14 15:49:40 [http-nio-8091-exec-9] INFO  [36mc.P.digitalis.service.GtServicesImpl[0;39m - Tentative de modification de la grande tâche avec l'ID : 5
2025-02-14 15:49:40 [http-nio-8091-exec-7] INFO  [36mc.P.digitalis.service.GtServicesImpl[0;39m - Grande tâche modifiée avec succès : tache:creation des module du projet 1 | charge: 2.0
2025-02-14 15:49:40 [http-nio-8091-exec-9] INFO  [36mc.P.digitalis.service.GtServicesImpl[0;39m - Grande tâche modifiée avec succès : tache:Initialisation du projet 1 | charge: 15.0
2025-02-14 16:07:41 [MessageBroker-1] INFO  [36mo.s.w.s.c.WebSocketMessageBrokerStats[0;39m - WebSocketSession[0 current WS(0)-HttpStream(0)-HttpPoll(0), 0 total, 0 closed abnormally (0 connect failure, 0 send limit, 0 transport error)], stompSubProtocol[processed CONNECT(0)-CONNECTED(0)-DISCONNECT(0)], stompBrokerRelay[null], inboundChannel[pool size = 0, active threads = 0, queued tasks = 0, completed tasks = 0], outboundChannel[pool size = 0, active threads = 0, queued tasks = 0, completed tasks = 0], sockJsScheduler[pool size = 2, active threads = 1, queued tasks = 0, completed tasks = 1]
2025-02-14 16:10:38 [http-nio-8091-exec-7] INFO  [36mc.P.d.service.ProjetServicesImpl[0;39m - Récupération de la liste de tous les projets
2025-02-14 16:10:39 [http-nio-8091-exec-2] INFO  [36mc.P.digitalis.service.GtServicesImpl[0;39m - Tentative de modification de la grande tâche avec l'ID : 5
2025-02-14 16:10:39 [http-nio-8091-exec-3] INFO  [36mc.P.digitalis.service.GtServicesImpl[0;39m - Tentative de modification de la grande tâche avec l'ID : 6
2025-02-14 16:10:39 [http-nio-8091-exec-2] INFO  [36mc.P.digitalis.service.GtServicesImpl[0;39m - Grande tâche modifiée avec succès : tache:Initialisation du projet 1 | charge: 15.0
2025-02-14 16:10:39 [http-nio-8091-exec-3] INFO  [36mc.P.digitalis.service.GtServicesImpl[0;39m - Grande tâche modifiée avec succès : tache:creation des module du projet 1 | charge: 2.0
2025-02-14 16:15:09 [http-nio-8091-exec-4] INFO  [36mc.P.d.service.ProjetServicesImpl[0;39m - Récupération de la liste de tous les projets
2025-02-14 16:15:11 [http-nio-8091-exec-7] INFO  [36mc.P.digitalis.service.GtServicesImpl[0;39m - Tentative de modification de la grande tâche avec l'ID : 6
2025-02-14 16:15:11 [http-nio-8091-exec-7] INFO  [36mc.P.digitalis.service.GtServicesImpl[0;39m - Grande tâche modifiée avec succès : tache:creation des module du projet 1 | charge: 2.0
2025-02-14 16:15:11 [http-nio-8091-exec-8] INFO  [36mc.P.digitalis.service.GtServicesImpl[0;39m - Tentative de modification de la grande tâche avec l'ID : 5
2025-02-14 16:15:11 [http-nio-8091-exec-8] INFO  [36mc.P.digitalis.service.GtServicesImpl[0;39m - Grande tâche modifiée avec succès : tache:Initialisation du projet 1 | charge: 15.0
2025-02-14 16:32:46 [http-nio-8091-exec-10] INFO  [36mc.P.d.service.ProjetServicesImpl[0;39m - Récupération de la liste de tous les projets
2025-02-14 16:32:47 [http-nio-8091-exec-6] INFO  [36mc.P.digitalis.service.GtServicesImpl[0;39m - Tentative de modification de la grande tâche avec l'ID : 6
2025-02-14 16:32:47 [http-nio-8091-exec-6] INFO  [36mc.P.digitalis.service.GtServicesImpl[0;39m - Grande tâche modifiée avec succès : tache:creation des module du projet 1 | charge: 2.0
2025-02-14 16:32:48 [http-nio-8091-exec-6] INFO  [36mc.P.digitalis.service.GtServicesImpl[0;39m - Tentative de modification de la grande tâche avec l'ID : 5
2025-02-14 16:32:48 [http-nio-8091-exec-6] INFO  [36mc.P.digitalis.service.GtServicesImpl[0;39m - Grande tâche modifiée avec succès : tache:Initialisation du projet 1 | charge: 15.0
2025-02-14 16:37:41 [MessageBroker-2] INFO  [36mo.s.w.s.c.WebSocketMessageBrokerStats[0;39m - WebSocketSession[0 current WS(0)-HttpStream(0)-HttpPoll(0), 0 total, 0 closed abnormally (0 connect failure, 0 send limit, 0 transport error)], stompSubProtocol[processed CONNECT(0)-CONNECTED(0)-DISCONNECT(0)], stompBrokerRelay[null], inboundChannel[pool size = 0, active threads = 0, queued tasks = 0, completed tasks = 0], outboundChannel[pool size = 0, active threads = 0, queued tasks = 0, completed tasks = 0], sockJsScheduler[pool size = 3, active threads = 1, queued tasks = 0, completed tasks = 2]
2025-02-14 16:55:14 [http-nio-8091-exec-8] INFO  [36mc.P.digitalis.service.GtServicesImpl[0;39m - Tentative de modification de la grande tâche avec l'ID : 6
2025-02-14 16:55:14 [http-nio-8091-exec-8] INFO  [36mc.P.digitalis.service.GtServicesImpl[0;39m - Grande tâche modifiée avec succès : tache:creation des module du projet 1 | charge: 2.0
2025-02-14 16:55:14 [http-nio-8091-exec-1] INFO  [36mc.P.digitalis.service.GtServicesImpl[0;39m - Tentative de modification de la grande tâche avec l'ID : 5
2025-02-14 16:55:14 [http-nio-8091-exec-1] INFO  [36mc.P.digitalis.service.GtServicesImpl[0;39m - Grande tâche modifiée avec succès : tache:Initialisation du projet 1 | charge: 15.0
2025-02-14 16:56:09 [http-nio-8091-exec-2] INFO  [36mc.P.d.service.ProjetServicesImpl[0;39m - Récupération de la liste de tous les projets
2025-02-14 16:56:10 [http-nio-8091-exec-9] INFO  [36mc.P.digitalis.service.GtServicesImpl[0;39m - Tentative de modification de la grande tâche avec l'ID : 6
2025-02-14 16:56:11 [http-nio-8091-exec-9] INFO  [36mc.P.digitalis.service.GtServicesImpl[0;39m - Grande tâche modifiée avec succès : tache:creation des module du projet 1 | charge: 2.0
2025-02-14 16:56:11 [http-nio-8091-exec-7] INFO  [36mc.P.digitalis.service.GtServicesImpl[0;39m - Tentative de modification de la grande tâche avec l'ID : 5
2025-02-14 16:56:11 [http-nio-8091-exec-7] INFO  [36mc.P.digitalis.service.GtServicesImpl[0;39m - Grande tâche modifiée avec succès : tache:Initialisation du projet 1 | charge: 15.0
2025-02-14 16:56:17 [http-nio-8091-exec-8] INFO  [36mc.P.digitalis.service.GtServicesImpl[0;39m - Tentative de modification de la grande tâche avec l'ID : 5
2025-02-14 16:56:17 [http-nio-8091-exec-8] INFO  [36mc.P.digitalis.service.GtServicesImpl[0;39m - Grande tâche modifiée avec succès : tache:Initialisation du projet 1 | charge: 15.0
2025-02-14 16:56:17 [http-nio-8091-exec-4] INFO  [36mc.P.digitalis.service.GtServicesImpl[0;39m - Tentative de modification de la grande tâche avec l'ID : 6
2025-02-14 16:56:17 [http-nio-8091-exec-4] INFO  [36mc.P.digitalis.service.GtServicesImpl[0;39m - Grande tâche modifiée avec succès : tache:creation des module du projet 1 | charge: 2.0
2025-02-14 17:07:41 [MessageBroker-1] INFO  [36mo.s.w.s.c.WebSocketMessageBrokerStats[0;39m - WebSocketSession[0 current WS(0)-HttpStream(0)-HttpPoll(0), 0 total, 0 closed abnormally (0 connect failure, 0 send limit, 0 transport error)], stompSubProtocol[processed CONNECT(0)-CONNECTED(0)-DISCONNECT(0)], stompBrokerRelay[null], inboundChannel[pool size = 0, active threads = 0, queued tasks = 0, completed tasks = 0], outboundChannel[pool size = 0, active threads = 0, queued tasks = 0, completed tasks = 0], sockJsScheduler[pool size = 4, active threads = 1, queued tasks = 0, completed tasks = 3]
2025-02-14 17:10:26 [SpringApplicationShutdownHook] INFO  [36mo.s.m.s.b.SimpleBrokerMessageHandler[0;39m - Stopping...
2025-02-14 17:10:26 [SpringApplicationShutdownHook] INFO  [36mo.s.m.s.b.SimpleBrokerMessageHandler[0;39m - BrokerAvailabilityEvent[available=false, SimpleBrokerMessageHandler [org.springframework.messaging.simp.broker.DefaultSubscriptionRegistry@7f2c36de]]
2025-02-14 17:10:26 [SpringApplicationShutdownHook] INFO  [36mo.s.m.s.b.SimpleBrokerMessageHandler[0;39m - Stopped.
