2025-01-30 13:13:40 [main] INFO  [36mc.P.digitalis.DigitalisApplication[0;39m - Starting DigitalisApplication using Java 17.0.6 with PID 14024 (C:\Users\LIVE-TECH\Desktop\ProjectManagment\digitalis\target\classes started by LIVE-TECH in C:\Users\LIVE-TECH\Desktop\ProjectManagment\digitalis)
2025-01-30 13:13:42 [main] INFO  [36mc.P.digitalis.DigitalisApplication[0;39m - No active profile set, falling back to 1 default profile: "default"
2025-01-30 13:13:51 [main] INFO  [36mo.s.d.r.c.RepositoryConfigurationDelegate[0;39m - Bootstrapping Spring Data JPA repositories in DEFAULT mode.
2025-01-30 13:13:52 [main] INFO  [36mo.s.d.r.c.RepositoryConfigurationDelegate[0;39m - Finished Spring Data repository scanning in 329 ms. Found 11 JPA repository interfaces.
2025-01-30 13:14:00 [main] INFO  [36mo.s.b.w.e.tomcat.TomcatWebServer[0;39m - Tomcat initialized with port 8091 (http)
2025-01-30 13:14:00 [main] INFO  [36mo.a.coyote.http11.Http11NioProtocol[0;39m - Initializing ProtocolHandler ["http-nio-8091"]
2025-01-30 13:14:00 [main] INFO  [36mo.a.catalina.core.StandardService[0;39m - Starting service [Tomcat]
2025-01-30 13:14:00 [main] INFO  [36mo.a.catalina.core.StandardEngine[0;39m - Starting Servlet engine: [Apache Tomcat/10.1.31]
2025-01-30 13:14:11 [main] INFO  [36mo.a.c.c.C.[Tomcat].[localhost].[/][0;39m - Initializing Spring embedded WebApplicationContext
2025-01-30 13:14:11 [main] INFO  [36mo.s.b.w.s.c.ServletWebServerApplicationContext[0;39m - Root WebApplicationContext: initialization completed in 27740 ms
2025-01-30 13:14:11 [main] WARN  [36mo.s.b.a.o.j.JpaBaseConfiguration$JpaWebConfiguration[0;39m - spring.jpa.open-in-view is enabled by default. Therefore, database queries may be performed during view rendering. Explicitly configure spring.jpa.open-in-view to disable this warning
2025-01-30 13:14:12 [main] INFO  [36mo.h.jpa.internal.util.LogHelper[0;39m - HHH000204: Processing PersistenceUnitInfo [name: default]
2025-01-30 13:14:13 [main] INFO  [36morg.hibernate.Version[0;39m - HHH000412: Hibernate ORM core version 6.5.3.Final
2025-01-30 13:14:14 [main] INFO  [36mo.h.c.i.RegionFactoryInitiator[0;39m - HHH000026: Second-level cache disabled
2025-01-30 13:14:17 [main] INFO  [36mo.s.o.j.p.SpringPersistenceUnitInfo[0;39m - No LoadTimeWeaver setup: ignoring JPA class transformer
2025-01-30 13:14:17 [main] INFO  [36mcom.zaxxer.hikari.HikariDataSource[0;39m - HikariPool-1 - Starting...
2025-01-30 13:14:19 [main] INFO  [36mcom.zaxxer.hikari.pool.HikariPool[0;39m - HikariPool-1 - Added connection com.mysql.cj.jdbc.ConnectionImpl@2f9addd4
2025-01-30 13:14:19 [main] INFO  [36mcom.zaxxer.hikari.HikariDataSource[0;39m - HikariPool-1 - Start completed.
2025-01-30 13:14:19 [main] WARN  [36morg.hibernate.dialect.Dialect[0;39m - HHH000511: The 5.7.24 version for [org.hibernate.dialect.MySQLDialect] is no longer supported, hence certain features may not work properly. The minimum supported version is 8.0.0. Check the community dialects project for available legacy versions.
2025-01-30 13:14:19 [main] WARN  [36morg.hibernate.orm.deprecation[0;39m - HHH90000025: MySQLDialect does not need to be specified explicitly using 'hibernate.dialect' (remove the property setting and it will be selected by default)
2025-01-30 13:14:26 [main] INFO  [36mo.h.e.t.j.p.i.JtaPlatformInitiator[0;39m - HHH000489: No JTA platform available (set 'hibernate.transaction.jta.platform' to enable JTA platform integration)
2025-01-30 13:14:27 [main] INFO  [36mo.s.o.j.LocalContainerEntityManagerFactoryBean[0;39m - Initialized JPA EntityManagerFactory for persistence unit 'default'
2025-01-30 13:14:29 [main] INFO  [36mo.s.s.c.a.a.c.InitializeAuthenticationProviderBeanManagerConfigurer$InitializeAuthenticationProviderManagerConfigurer[0;39m - Global AuthenticationManager configured with AuthenticationProvider bean with name authenticationProvider
2025-01-30 13:14:29 [main] WARN  [36mo.s.s.c.a.a.c.InitializeUserDetailsBeanManagerConfigurer$InitializeUserDetailsManagerConfigurer[0;39m - Global AuthenticationManager configured with an AuthenticationProvider bean. UserDetailsService beans will not be used for username/password login. Consider removing the AuthenticationProvider bean. Alternatively, consider using the UserDetailsService in a manually instantiated DaoAuthenticationProvider.
2025-01-30 13:14:32 [main] INFO  [36mo.a.coyote.http11.Http11NioProtocol[0;39m - Starting ProtocolHandler ["http-nio-8091"]
2025-01-30 13:14:32 [main] INFO  [36mo.s.b.w.e.tomcat.TomcatWebServer[0;39m - Tomcat started on port 8091 (http) with context path '/'
2025-01-30 13:14:32 [main] INFO  [36mo.s.m.s.b.SimpleBrokerMessageHandler[0;39m - Starting...
2025-01-30 13:14:32 [main] INFO  [36mo.s.m.s.b.SimpleBrokerMessageHandler[0;39m - BrokerAvailabilityEvent[available=true, SimpleBrokerMessageHandler [org.springframework.messaging.simp.broker.DefaultSubscriptionRegistry@557c0b65]]
2025-01-30 13:14:32 [main] INFO  [36mo.s.m.s.b.SimpleBrokerMessageHandler[0;39m - Started.
2025-01-30 13:14:32 [main] INFO  [36mc.P.digitalis.DigitalisApplication[0;39m - Started DigitalisApplication in 54.527 seconds (process running for 60.405)
2025-01-30 13:14:43 [http-nio-8091-exec-1] INFO  [36mo.a.c.c.C.[Tomcat].[localhost].[/][0;39m - Initializing Spring DispatcherServlet 'dispatcherServlet'
2025-01-30 13:14:43 [http-nio-8091-exec-1] INFO  [36mo.s.web.servlet.DispatcherServlet[0;39m - Initializing Servlet 'dispatcherServlet'
2025-01-30 13:14:43 [http-nio-8091-exec-1] INFO  [36mo.s.web.servlet.DispatcherServlet[0;39m - Completed initialization in 4 ms
2025-01-30 13:14:44 [http-nio-8091-exec-1] INFO  [36mc.P.d.service.ProjetServicesImpl[0;39m - Récupération de la liste de tous les projets
2025-01-30 13:15:32 [MessageBroker-1] INFO  [36mo.s.w.s.c.WebSocketMessageBrokerStats[0;39m - WebSocketSession[0 current WS(0)-HttpStream(0)-HttpPoll(0), 0 total, 0 closed abnormally (0 connect failure, 0 send limit, 0 transport error)], stompSubProtocol[processed CONNECT(0)-CONNECTED(0)-DISCONNECT(0)], stompBrokerRelay[null], inboundChannel[pool size = 0, active threads = 0, queued tasks = 0, completed tasks = 0], outboundChannel[pool size = 0, active threads = 0, queued tasks = 0, completed tasks = 0], sockJsScheduler[pool size = 1, active threads = 1, queued tasks = 0, completed tasks = 0]
2025-01-30 13:17:51 [http-nio-8091-exec-2] INFO  [36mc.P.d.service.ProjetServicesImpl[0;39m - Récupération de la liste de tous les projets
2025-01-30 13:31:23 [http-nio-8091-exec-5] INFO  [36mc.P.d.service.ProjetServicesImpl[0;39m - Récupération de la liste de tous les projets
2025-01-30 13:45:32 [MessageBroker-1] INFO  [36mo.s.w.s.c.WebSocketMessageBrokerStats[0;39m - WebSocketSession[0 current WS(0)-HttpStream(0)-HttpPoll(0), 0 total, 0 closed abnormally (0 connect failure, 0 send limit, 0 transport error)], stompSubProtocol[processed CONNECT(0)-CONNECTED(0)-DISCONNECT(0)], stompBrokerRelay[null], inboundChannel[pool size = 0, active threads = 0, queued tasks = 0, completed tasks = 0], outboundChannel[pool size = 0, active threads = 0, queued tasks = 0, completed tasks = 0], sockJsScheduler[pool size = 2, active threads = 1, queued tasks = 0, completed tasks = 1]
2025-01-30 14:38:29 [HikariPool-1 housekeeper] WARN  [36mcom.zaxxer.hikari.pool.HikariPool[0;39m - HikariPool-1 - Thread starvation or clock leap detected (housekeeper delta=37m39s279ms863µs400ns).
2025-01-30 14:39:35 [http-nio-8091-exec-8] INFO  [36mc.P.d.service.ProjetServicesImpl[0;39m - Récupération de la liste de tous les projets
2025-01-30 14:43:55 [http-nio-8091-exec-9] INFO  [36mc.P.d.service.ProjetServicesImpl[0;39m - Récupération de la liste de tous les projets
2025-01-30 14:45:52 [http-nio-8091-exec-1] INFO  [36mc.P.d.service.ProjetServicesImpl[0;39m - Récupération de la liste de tous les projets
2025-01-30 14:48:59 [http-nio-8091-exec-2] INFO  [36mc.P.d.service.ProjetServicesImpl[0;39m - Récupération de la liste de tous les projets
2025-01-30 14:52:41 [MessageBroker-2] INFO  [36mo.s.w.s.c.WebSocketMessageBrokerStats[0;39m - WebSocketSession[0 current WS(0)-HttpStream(0)-HttpPoll(0), 0 total, 0 closed abnormally (0 connect failure, 0 send limit, 0 transport error)], stompSubProtocol[processed CONNECT(0)-CONNECTED(0)-DISCONNECT(0)], stompBrokerRelay[null], inboundChannel[pool size = 0, active threads = 0, queued tasks = 0, completed tasks = 0], outboundChannel[pool size = 0, active threads = 0, queued tasks = 0, completed tasks = 0], sockJsScheduler[pool size = 3, active threads = 1, queued tasks = 0, completed tasks = 2]
2025-01-30 14:53:42 [http-nio-8091-exec-5] INFO  [36mc.P.d.service.ProjetServicesImpl[0;39m - Récupération de la liste de tous les projets
2025-01-30 14:54:04 [http-nio-8091-exec-8] INFO  [36mc.P.d.service.ProjetServicesImpl[0;39m - Récupération de la liste de tous les projets
2025-01-30 14:54:24 [http-nio-8091-exec-9] INFO  [36mc.P.d.service.ProjetServicesImpl[0;39m - Récupération de la liste de tous les projets
2025-01-30 14:56:38 [http-nio-8091-exec-1] INFO  [36mc.P.d.service.ProjetServicesImpl[0;39m - Récupération de la liste de tous les projets
2025-01-30 14:57:22 [http-nio-8091-exec-2] INFO  [36mc.P.d.service.ProjetServicesImpl[0;39m - Récupération de la liste de tous les projets
2025-01-30 14:58:26 [http-nio-8091-exec-5] INFO  [36mc.P.d.service.ProjetServicesImpl[0;39m - Récupération de la liste de tous les projets
2025-01-30 14:59:33 [http-nio-8091-exec-8] INFO  [36mc.P.d.service.ProjetServicesImpl[0;39m - Récupération de la liste de tous les projets
2025-01-30 15:00:17 [http-nio-8091-exec-9] INFO  [36mc.P.d.service.ProjetServicesImpl[0;39m - Récupération de la liste de tous les projets
2025-01-30 15:01:00 [http-nio-8091-exec-1] INFO  [36mc.P.d.service.ProjetServicesImpl[0;39m - Récupération de la liste de tous les projets
2025-01-30 15:01:32 [http-nio-8091-exec-2] INFO  [36mc.P.d.service.ProjetServicesImpl[0;39m - Récupération de la liste de tous les projets
2025-01-30 15:01:35 [http-nio-8091-exec-4] INFO  [36mc.P.d.service.ProjetServicesImpl[0;39m - Récupération de la liste de tous les projets
2025-01-30 15:02:11 [http-nio-8091-exec-6] INFO  [36mc.P.d.service.ProjetServicesImpl[0;39m - Récupération de la liste de tous les projets
2025-01-30 15:02:56 [http-nio-8091-exec-7] INFO  [36mc.P.d.service.ProjetServicesImpl[0;39m - Récupération de la liste de tous les projets
2025-01-30 15:03:11 [http-nio-8091-exec-10] INFO  [36mc.P.d.service.ProjetServicesImpl[0;39m - Récupération de la liste de tous les projets
2025-01-30 15:03:16 [http-nio-8091-exec-3] INFO  [36mc.P.d.service.ProjetServicesImpl[0;39m - Récupération de la liste de tous les projets
2025-01-30 15:03:20 [http-nio-8091-exec-2] INFO  [36mc.P.d.service.ProjetServicesImpl[0;39m - Récupération de la liste de tous les projets
2025-01-30 15:04:28 [http-nio-8091-exec-5] INFO  [36mc.P.d.service.ProjetServicesImpl[0;39m - Récupération de la liste de tous les projets
2025-01-30 15:04:43 [http-nio-8091-exec-6] INFO  [36mc.P.d.service.ProjetServicesImpl[0;39m - Récupération de la liste de tous les projets
2025-01-30 15:05:02 [http-nio-8091-exec-8] INFO  [36mc.P.d.service.ProjetServicesImpl[0;39m - Récupération de la liste de tous les projets
2025-01-30 15:05:22 [http-nio-8091-exec-9] INFO  [36mc.P.d.service.ProjetServicesImpl[0;39m - Récupération de la liste de tous les projets
2025-01-30 15:05:37 [http-nio-8091-exec-10] INFO  [36mc.P.d.service.ProjetServicesImpl[0;39m - Récupération de la liste de tous les projets
2025-01-30 15:05:55 [http-nio-8091-exec-1] INFO  [36mc.P.d.service.ProjetServicesImpl[0;39m - Récupération de la liste de tous les projets
2025-01-30 15:06:07 [http-nio-8091-exec-3] INFO  [36mc.P.d.service.ProjetServicesImpl[0;39m - Récupération de la liste de tous les projets
2025-01-30 15:06:41 [http-nio-8091-exec-2] INFO  [36mc.P.d.service.ProjetServicesImpl[0;39m - Récupération de la liste de tous les projets
2025-01-30 15:22:17 [http-nio-8091-exec-5] INFO  [36mc.P.d.service.ProjetServicesImpl[0;39m - Récupération de la liste de tous les projets
2025-01-30 15:22:40 [http-nio-8091-exec-7] INFO  [36mc.P.d.service.ProjetServicesImpl[0;39m - Récupération du projet : projet 1
2025-01-30 15:22:41 [MessageBroker-1] INFO  [36mo.s.w.s.c.WebSocketMessageBrokerStats[0;39m - WebSocketSession[0 current WS(0)-HttpStream(0)-HttpPoll(0), 0 total, 0 closed abnormally (0 connect failure, 0 send limit, 0 transport error)], stompSubProtocol[processed CONNECT(0)-CONNECTED(0)-DISCONNECT(0)], stompBrokerRelay[null], inboundChannel[pool size = 0, active threads = 0, queued tasks = 0, completed tasks = 0], outboundChannel[pool size = 0, active threads = 0, queued tasks = 0, completed tasks = 0], sockJsScheduler[pool size = 4, active threads = 1, queued tasks = 0, completed tasks = 3]
2025-01-30 15:23:01 [http-nio-8091-exec-10] INFO  [36mc.P.d.service.ProjetServicesImpl[0;39m - Récupération de la liste de tous les projets
2025-01-30 15:23:05 [http-nio-8091-exec-5] INFO  [36mc.P.digitalis.service.GtServicesImpl[0;39m - Tentative de modification de la grande tâche avec l'ID : 25
2025-01-30 15:23:05 [http-nio-8091-exec-8] INFO  [36mc.P.digitalis.service.GtServicesImpl[0;39m - Tentative de modification de la grande tâche avec l'ID : 24
2025-01-30 15:23:06 [http-nio-8091-exec-8] INFO  [36mc.P.digitalis.service.GtServicesImpl[0;39m - Grande tâche modifiée avec succès : tache:task2.1: création des comptes charge: 4.0
2025-01-30 15:23:06 [http-nio-8091-exec-5] INFO  [36mc.P.digitalis.service.GtServicesImpl[0;39m - Grande tâche modifiée avec succès : tache:task2.2charge: 4.0
2025-01-30 15:23:19 [http-nio-8091-exec-5] INFO  [36mc.P.digitalis.service.GtServicesImpl[0;39m - Tentative de modification de la grande tâche avec l'ID : 24
2025-01-30 15:23:19 [http-nio-8091-exec-9] INFO  [36mc.P.digitalis.service.GtServicesImpl[0;39m - Tentative de modification de la grande tâche avec l'ID : 25
2025-01-30 15:23:19 [http-nio-8091-exec-5] INFO  [36mc.P.digitalis.service.GtServicesImpl[0;39m - Grande tâche modifiée avec succès : tache:task2.1: création des comptes charge: 4.0
2025-01-30 15:23:19 [http-nio-8091-exec-9] INFO  [36mc.P.digitalis.service.GtServicesImpl[0;39m - Grande tâche modifiée avec succès : tache:task2.2charge: 4.0
2025-01-30 15:23:32 [http-nio-8091-exec-6] INFO  [36mc.P.digitalis.service.GtServicesImpl[0;39m - Tentative de modification de la grande tâche avec l'ID : 25
2025-01-30 15:23:32 [http-nio-8091-exec-6] INFO  [36mc.P.digitalis.service.GtServicesImpl[0;39m - Grande tâche modifiée avec succès : tache:task2.2charge: 4.0
2025-01-30 15:23:32 [http-nio-8091-exec-5] INFO  [36mc.P.digitalis.service.GtServicesImpl[0;39m - Tentative de modification de la grande tâche avec l'ID : 24
2025-01-30 15:23:33 [http-nio-8091-exec-5] INFO  [36mc.P.digitalis.service.GtServicesImpl[0;39m - Grande tâche modifiée avec succès : tache:task2.1: création des comptes charge: 4.0
2025-01-30 15:24:42 [http-nio-8091-exec-2] INFO  [36mc.P.digitalis.service.StServicesImpl[0;39m - Mise à jour de la sous-tâche avec l'ID : 10
2025-01-30 15:24:42 [http-nio-8091-exec-2] INFO  [36mc.P.digitalis.service.StServicesImpl[0;39m - Sous-tâche mise à jour avec succès : Status: En cours
2025-01-30 15:25:07 [http-nio-8091-exec-6] INFO  [36mc.P.digitalis.service.StServicesImpl[0;39m - Mise à jour de la sous-tâche avec l'ID : 10
2025-01-30 15:25:07 [http-nio-8091-exec-6] INFO  [36mc.P.digitalis.service.StServicesImpl[0;39m - Sous-tâche mise à jour avec succès : Status: Termine
2025-01-30 15:25:36 [http-nio-8091-exec-4] INFO  [36mc.P.digitalis.service.GtServicesImpl[0;39m - Tentative de modification de la grande tâche avec l'ID : 24
2025-01-30 15:25:36 [http-nio-8091-exec-3] INFO  [36mc.P.digitalis.service.GtServicesImpl[0;39m - Tentative de modification de la grande tâche avec l'ID : 25
2025-01-30 15:25:36 [http-nio-8091-exec-4] INFO  [36mc.P.digitalis.service.GtServicesImpl[0;39m - Grande tâche modifiée avec succès : tache:task2.1: création des comptes charge: 4.0
2025-01-30 15:25:36 [http-nio-8091-exec-3] INFO  [36mc.P.digitalis.service.GtServicesImpl[0;39m - Grande tâche modifiée avec succès : tache:task2.2charge: 4.0
2025-01-30 15:25:46 [http-nio-8091-exec-2] INFO  [36mc.P.digitalis.service.GtServicesImpl[0;39m - Tentative de modification de la grande tâche avec l'ID : 25
2025-01-30 15:25:46 [http-nio-8091-exec-3] INFO  [36mc.P.digitalis.service.GtServicesImpl[0;39m - Tentative de modification de la grande tâche avec l'ID : 24
2025-01-30 15:25:46 [http-nio-8091-exec-2] INFO  [36mc.P.digitalis.service.GtServicesImpl[0;39m - Grande tâche modifiée avec succès : tache:task2.2charge: 4.0
2025-01-30 15:25:46 [http-nio-8091-exec-3] INFO  [36mc.P.digitalis.service.GtServicesImpl[0;39m - Grande tâche modifiée avec succès : tache:task2.1: création des comptes charge: 4.0
2025-01-30 15:44:44 [http-nio-8091-exec-3] INFO  [36mc.P.digitalis.service.GtServicesImpl[0;39m - Tentative de modification de la grande tâche avec l'ID : 25
2025-01-30 15:44:44 [http-nio-8091-exec-8] INFO  [36mc.P.digitalis.service.GtServicesImpl[0;39m - Tentative de modification de la grande tâche avec l'ID : 24
2025-01-30 15:44:44 [http-nio-8091-exec-3] INFO  [36mc.P.digitalis.service.GtServicesImpl[0;39m - Grande tâche modifiée avec succès : tache:task2.2charge: 4.0
2025-01-30 15:44:44 [http-nio-8091-exec-8] INFO  [36mc.P.digitalis.service.GtServicesImpl[0;39m - Grande tâche modifiée avec succès : tache:task2.1: création des comptes charge: 4.0
2025-01-30 15:44:45 [http-nio-8091-exec-6] INFO  [36mc.P.d.service.ProjetServicesImpl[0;39m - Récupération de la liste de tous les projets
2025-01-30 15:52:42 [MessageBroker-1] INFO  [36mo.s.w.s.c.WebSocketMessageBrokerStats[0;39m - WebSocketSession[0 current WS(0)-HttpStream(0)-HttpPoll(0), 0 total, 0 closed abnormally (0 connect failure, 0 send limit, 0 transport error)], stompSubProtocol[processed CONNECT(0)-CONNECTED(0)-DISCONNECT(0)], stompBrokerRelay[null], inboundChannel[pool size = 0, active threads = 0, queued tasks = 0, completed tasks = 0], outboundChannel[pool size = 0, active threads = 0, queued tasks = 0, completed tasks = 0], sockJsScheduler[pool size = 4, active threads = 1, queued tasks = 0, completed tasks = 4]
2025-01-30 16:22:42 [MessageBroker-1] INFO  [36mo.s.w.s.c.WebSocketMessageBrokerStats[0;39m - WebSocketSession[0 current WS(0)-HttpStream(0)-HttpPoll(0), 0 total, 0 closed abnormally (0 connect failure, 0 send limit, 0 transport error)], stompSubProtocol[processed CONNECT(0)-CONNECTED(0)-DISCONNECT(0)], stompBrokerRelay[null], inboundChannel[pool size = 0, active threads = 0, queued tasks = 0, completed tasks = 0], outboundChannel[pool size = 0, active threads = 0, queued tasks = 0, completed tasks = 0], sockJsScheduler[pool size = 4, active threads = 1, queued tasks = 0, completed tasks = 5]
2025-01-30 16:52:42 [MessageBroker-1] INFO  [36mo.s.w.s.c.WebSocketMessageBrokerStats[0;39m - WebSocketSession[0 current WS(0)-HttpStream(0)-HttpPoll(0), 0 total, 0 closed abnormally (0 connect failure, 0 send limit, 0 transport error)], stompSubProtocol[processed CONNECT(0)-CONNECTED(0)-DISCONNECT(0)], stompBrokerRelay[null], inboundChannel[pool size = 0, active threads = 0, queued tasks = 0, completed tasks = 0], outboundChannel[pool size = 0, active threads = 0, queued tasks = 0, completed tasks = 0], sockJsScheduler[pool size = 4, active threads = 1, queued tasks = 0, completed tasks = 6]
2025-01-30 17:22:44 [MessageBroker-1] INFO  [36mo.s.w.s.c.WebSocketMessageBrokerStats[0;39m - WebSocketSession[0 current WS(0)-HttpStream(0)-HttpPoll(0), 0 total, 0 closed abnormally (0 connect failure, 0 send limit, 0 transport error)], stompSubProtocol[processed CONNECT(0)-CONNECTED(0)-DISCONNECT(0)], stompBrokerRelay[null], inboundChannel[pool size = 0, active threads = 0, queued tasks = 0, completed tasks = 0], outboundChannel[pool size = 0, active threads = 0, queued tasks = 0, completed tasks = 0], sockJsScheduler[pool size = 4, active threads = 1, queued tasks = 0, completed tasks = 7]
2025-01-30 17:26:51 [SpringApplicationShutdownHook] INFO  [36mo.s.m.s.b.SimpleBrokerMessageHandler[0;39m - Stopping...
2025-01-30 17:26:51 [SpringApplicationShutdownHook] INFO  [36mo.s.m.s.b.SimpleBrokerMessageHandler[0;39m - BrokerAvailabilityEvent[available=false, SimpleBrokerMessageHandler [org.springframework.messaging.simp.broker.DefaultSubscriptionRegistry@557c0b65]]
2025-01-30 17:26:51 [SpringApplicationShutdownHook] INFO  [36mo.s.m.s.b.SimpleBrokerMessageHandler[0;39m - Stopped.
2025-01-30 17:27:01 [SpringApplicationShutdownHook] INFO  [36mo.s.o.j.LocalContainerEntityManagerFactoryBean[0;39m - Closing JPA EntityManagerFactory for persistence unit 'default'
2025-01-30 17:27:02 [SpringApplicationShutdownHook] INFO  [36mcom.zaxxer.hikari.HikariDataSource[0;39m - HikariPool-1 - Shutdown initiated...
2025-01-30 17:27:03 [SpringApplicationShutdownHook] INFO  [36mcom.zaxxer.hikari.HikariDataSource[0;39m - HikariPool-1 - Shutdown completed.
