2024-12-09 15:10:14 [main] INFO  [36mc.P.digitalis.DigitalisApplication[0;39m - Starting DigitalisApplication using Java 17.0.6 with PID 13184 (C:\Users\LIVE-TECH\Desktop\ProjectManagment\digitalis\target\classes started by LIVE-TECH in C:\Users\LIVE-TECH\Desktop\ProjectManagment\digitalis)
2024-12-09 15:10:14 [main] INFO  [36mc.P.digitalis.DigitalisApplication[0;39m - No active profile set, falling back to 1 default profile: "default"
2024-12-09 15:10:17 [main] INFO  [36mo.s.d.r.c.RepositoryConfigurationDelegate[0;39m - Bootstrapping Spring Data JPA repositories in DEFAULT mode.
2024-12-09 15:10:17 [main] INFO  [36mo.s.d.r.c.RepositoryConfigurationDelegate[0;39m - Finished Spring Data repository scanning in 349 ms. Found 11 JPA repository interfaces.
2024-12-09 15:10:20 [main] INFO  [36mo.s.b.w.e.tomcat.TomcatWebServer[0;39m - Tomcat initialized with port 8091 (http)
2024-12-09 15:10:20 [main] INFO  [36mo.a.coyote.http11.Http11NioProtocol[0;39m - Initializing ProtocolHandler ["http-nio-8091"]
2024-12-09 15:10:20 [main] INFO  [36mo.a.catalina.core.StandardService[0;39m - Starting service [Tomcat]
2024-12-09 15:10:20 [main] INFO  [36mo.a.catalina.core.StandardEngine[0;39m - Starting Servlet engine: [Apache Tomcat/10.1.31]
2024-12-09 15:10:20 [main] INFO  [36mo.a.c.c.C.[Tomcat].[localhost].[/][0;39m - Initializing Spring embedded WebApplicationContext
2024-12-09 15:10:20 [main] INFO  [36mo.s.b.w.s.c.ServletWebServerApplicationContext[0;39m - Root WebApplicationContext: initialization completed in 5184 ms
2024-12-09 15:10:20 [main] WARN  [36mo.s.b.a.o.j.JpaBaseConfiguration$JpaWebConfiguration[0;39m - spring.jpa.open-in-view is enabled by default. Therefore, database queries may be performed during view rendering. Explicitly configure spring.jpa.open-in-view to disable this warning
2024-12-09 15:10:20 [main] INFO  [36mo.h.jpa.internal.util.LogHelper[0;39m - HHH000204: Processing PersistenceUnitInfo [name: default]
2024-12-09 15:10:20 [main] INFO  [36morg.hibernate.Version[0;39m - HHH000412: Hibernate ORM core version 6.5.3.Final
2024-12-09 15:10:21 [main] INFO  [36mo.h.c.i.RegionFactoryInitiator[0;39m - HHH000026: Second-level cache disabled
2024-12-09 15:10:22 [main] INFO  [36mo.s.o.j.p.SpringPersistenceUnitInfo[0;39m - No LoadTimeWeaver setup: ignoring JPA class transformer
2024-12-09 15:10:22 [main] INFO  [36mcom.zaxxer.hikari.HikariDataSource[0;39m - HikariPool-1 - Starting...
2024-12-09 15:10:22 [main] INFO  [36mcom.zaxxer.hikari.pool.HikariPool[0;39m - HikariPool-1 - Added connection com.mysql.cj.jdbc.ConnectionImpl@6f1d799
2024-12-09 15:10:22 [main] INFO  [36mcom.zaxxer.hikari.HikariDataSource[0;39m - HikariPool-1 - Start completed.
2024-12-09 15:10:22 [main] WARN  [36morg.hibernate.dialect.Dialect[0;39m - HHH000511: The 5.7.24 version for [org.hibernate.dialect.MySQLDialect] is no longer supported, hence certain features may not work properly. The minimum supported version is 8.0.0. Check the community dialects project for available legacy versions.
2024-12-09 15:10:22 [main] WARN  [36morg.hibernate.orm.deprecation[0;39m - HHH90000025: MySQLDialect does not need to be specified explicitly using 'hibernate.dialect' (remove the property setting and it will be selected by default)
2024-12-09 15:10:25 [main] INFO  [36mo.h.e.t.j.p.i.JtaPlatformInitiator[0;39m - HHH000489: No JTA platform available (set 'hibernate.transaction.jta.platform' to enable JTA platform integration)
2024-12-09 15:10:25 [main] INFO  [36mo.s.o.j.LocalContainerEntityManagerFactoryBean[0;39m - Initialized JPA EntityManagerFactory for persistence unit 'default'
2024-12-09 15:10:27 [main] INFO  [36mo.s.s.c.a.a.c.InitializeAuthenticationProviderBeanManagerConfigurer$InitializeAuthenticationProviderManagerConfigurer[0;39m - Global AuthenticationManager configured with AuthenticationProvider bean with name authenticationProvider
2024-12-09 15:10:27 [main] WARN  [36mo.s.s.c.a.a.c.InitializeUserDetailsBeanManagerConfigurer$InitializeUserDetailsManagerConfigurer[0;39m - Global AuthenticationManager configured with an AuthenticationProvider bean. UserDetailsService beans will not be used for username/password login. Consider removing the AuthenticationProvider bean. Alternatively, consider using the UserDetailsService in a manually instantiated DaoAuthenticationProvider.
2024-12-09 15:10:28 [main] INFO  [36mo.a.coyote.http11.Http11NioProtocol[0;39m - Starting ProtocolHandler ["http-nio-8091"]
2024-12-09 15:10:29 [main] INFO  [36mo.s.b.w.e.tomcat.TomcatWebServer[0;39m - Tomcat started on port 8091 (http) with context path '/'
2024-12-09 15:10:29 [main] INFO  [36mo.s.m.s.b.SimpleBrokerMessageHandler[0;39m - Starting...
2024-12-09 15:10:29 [main] INFO  [36mo.s.m.s.b.SimpleBrokerMessageHandler[0;39m - BrokerAvailabilityEvent[available=true, SimpleBrokerMessageHandler [org.springframework.messaging.simp.broker.DefaultSubscriptionRegistry@6d810e94]]
2024-12-09 15:10:29 [main] INFO  [36mo.s.m.s.b.SimpleBrokerMessageHandler[0;39m - Started.
2024-12-09 15:10:29 [main] INFO  [36mc.P.digitalis.DigitalisApplication[0;39m - Started DigitalisApplication in 15.387 seconds (process running for 16.631)
2024-12-09 15:11:12 [http-nio-8091-exec-3] INFO  [36mo.a.c.c.C.[Tomcat].[localhost].[/][0;39m - Initializing Spring DispatcherServlet 'dispatcherServlet'
2024-12-09 15:11:12 [http-nio-8091-exec-3] INFO  [36mo.s.web.servlet.DispatcherServlet[0;39m - Initializing Servlet 'dispatcherServlet'
2024-12-09 15:11:12 [http-nio-8091-exec-3] INFO  [36mo.s.web.servlet.DispatcherServlet[0;39m - Completed initialization in 3 ms
2024-12-09 15:11:12 [http-nio-8091-exec-3] INFO  [36mc.P.d.service.UserServicesImpl[0;39m - Tentative d'enregistrement de l'utilisateur avec l'email : sow36aguibou@gmail.com
2024-12-09 15:11:12 [http-nio-8091-exec-3] WARN  [36mc.P.d.service.UserServicesImpl[0;39m - Échec de l'inscription : l'utilisateur avec l'email sow36aguibou@gmail.com existe déjà
2024-12-09 15:11:28 [MessageBroker-1] INFO  [36mo.s.w.s.c.WebSocketMessageBrokerStats[0;39m - WebSocketSession[0 current WS(0)-HttpStream(0)-HttpPoll(0), 0 total, 0 closed abnormally (0 connect failure, 0 send limit, 0 transport error)], stompSubProtocol[processed CONNECT(0)-CONNECTED(0)-DISCONNECT(0)], stompBrokerRelay[null], inboundChannel[pool size = 0, active threads = 0, queued tasks = 0, completed tasks = 0], outboundChannel[pool size = 0, active threads = 0, queued tasks = 0, completed tasks = 0], sockJsScheduler[pool size = 1, active threads = 1, queued tasks = 0, completed tasks = 0]
2024-12-09 15:31:29 [SpringApplicationShutdownHook] INFO  [36mo.s.m.s.b.SimpleBrokerMessageHandler[0;39m - Stopping...
2024-12-09 15:31:29 [SpringApplicationShutdownHook] INFO  [36mo.s.m.s.b.SimpleBrokerMessageHandler[0;39m - BrokerAvailabilityEvent[available=false, SimpleBrokerMessageHandler [org.springframework.messaging.simp.broker.DefaultSubscriptionRegistry@6d810e94]]
2024-12-09 15:31:29 [SpringApplicationShutdownHook] INFO  [36mo.s.m.s.b.SimpleBrokerMessageHandler[0;39m - Stopped.
2024-12-09 15:31:30 [SpringApplicationShutdownHook] INFO  [36mo.s.o.j.LocalContainerEntityManagerFactoryBean[0;39m - Closing JPA EntityManagerFactory for persistence unit 'default'
2024-12-09 15:31:30 [SpringApplicationShutdownHook] INFO  [36mcom.zaxxer.hikari.HikariDataSource[0;39m - HikariPool-1 - Shutdown initiated...
2024-12-09 15:31:30 [SpringApplicationShutdownHook] INFO  [36mcom.zaxxer.hikari.HikariDataSource[0;39m - HikariPool-1 - Shutdown completed.
2024-12-09 15:31:44 [main] INFO  [36mc.P.digitalis.DigitalisApplication[0;39m - Starting DigitalisApplication using Java 17.0.6 with PID 10152 (C:\Users\LIVE-TECH\Desktop\ProjectManagment\digitalis\target\classes started by LIVE-TECH in C:\Users\LIVE-TECH\Desktop\ProjectManagment\digitalis)
2024-12-09 15:31:44 [main] INFO  [36mc.P.digitalis.DigitalisApplication[0;39m - No active profile set, falling back to 1 default profile: "default"
2024-12-09 15:31:46 [main] INFO  [36mo.s.d.r.c.RepositoryConfigurationDelegate[0;39m - Bootstrapping Spring Data JPA repositories in DEFAULT mode.
2024-12-09 15:31:47 [main] INFO  [36mo.s.d.r.c.RepositoryConfigurationDelegate[0;39m - Finished Spring Data repository scanning in 293 ms. Found 11 JPA repository interfaces.
2024-12-09 15:31:49 [main] INFO  [36mo.s.b.w.e.tomcat.TomcatWebServer[0;39m - Tomcat initialized with port 8091 (http)
2024-12-09 15:31:49 [main] INFO  [36mo.a.coyote.http11.Http11NioProtocol[0;39m - Initializing ProtocolHandler ["http-nio-8091"]
2024-12-09 15:31:49 [main] INFO  [36mo.a.catalina.core.StandardService[0;39m - Starting service [Tomcat]
2024-12-09 15:31:49 [main] INFO  [36mo.a.catalina.core.StandardEngine[0;39m - Starting Servlet engine: [Apache Tomcat/10.1.31]
2024-12-09 15:31:49 [main] INFO  [36mo.a.c.c.C.[Tomcat].[localhost].[/][0;39m - Initializing Spring embedded WebApplicationContext
2024-12-09 15:31:49 [main] INFO  [36mo.s.b.w.s.c.ServletWebServerApplicationContext[0;39m - Root WebApplicationContext: initialization completed in 4929 ms
2024-12-09 15:31:49 [main] WARN  [36mo.s.b.a.o.j.JpaBaseConfiguration$JpaWebConfiguration[0;39m - spring.jpa.open-in-view is enabled by default. Therefore, database queries may be performed during view rendering. Explicitly configure spring.jpa.open-in-view to disable this warning
2024-12-09 15:31:50 [main] INFO  [36mo.h.jpa.internal.util.LogHelper[0;39m - HHH000204: Processing PersistenceUnitInfo [name: default]
2024-12-09 15:31:50 [main] INFO  [36morg.hibernate.Version[0;39m - HHH000412: Hibernate ORM core version 6.5.3.Final
2024-12-09 15:31:50 [main] INFO  [36mo.h.c.i.RegionFactoryInitiator[0;39m - HHH000026: Second-level cache disabled
2024-12-09 15:31:51 [main] INFO  [36mo.s.o.j.p.SpringPersistenceUnitInfo[0;39m - No LoadTimeWeaver setup: ignoring JPA class transformer
2024-12-09 15:31:51 [main] INFO  [36mcom.zaxxer.hikari.HikariDataSource[0;39m - HikariPool-1 - Starting...
2024-12-09 15:31:52 [main] INFO  [36mcom.zaxxer.hikari.pool.HikariPool[0;39m - HikariPool-1 - Added connection com.mysql.cj.jdbc.ConnectionImpl@69069866
2024-12-09 15:31:52 [main] INFO  [36mcom.zaxxer.hikari.HikariDataSource[0;39m - HikariPool-1 - Start completed.
2024-12-09 15:31:52 [main] WARN  [36morg.hibernate.dialect.Dialect[0;39m - HHH000511: The 5.7.24 version for [org.hibernate.dialect.MySQLDialect] is no longer supported, hence certain features may not work properly. The minimum supported version is 8.0.0. Check the community dialects project for available legacy versions.
2024-12-09 15:31:52 [main] WARN  [36morg.hibernate.orm.deprecation[0;39m - HHH90000025: MySQLDialect does not need to be specified explicitly using 'hibernate.dialect' (remove the property setting and it will be selected by default)
2024-12-09 15:31:54 [main] INFO  [36mo.h.e.t.j.p.i.JtaPlatformInitiator[0;39m - HHH000489: No JTA platform available (set 'hibernate.transaction.jta.platform' to enable JTA platform integration)
2024-12-09 15:31:55 [main] INFO  [36mo.s.o.j.LocalContainerEntityManagerFactoryBean[0;39m - Initialized JPA EntityManagerFactory for persistence unit 'default'
2024-12-09 15:31:57 [main] INFO  [36mo.s.s.c.a.a.c.InitializeAuthenticationProviderBeanManagerConfigurer$InitializeAuthenticationProviderManagerConfigurer[0;39m - Global AuthenticationManager configured with AuthenticationProvider bean with name authenticationProvider
2024-12-09 15:31:57 [main] WARN  [36mo.s.s.c.a.a.c.InitializeUserDetailsBeanManagerConfigurer$InitializeUserDetailsManagerConfigurer[0;39m - Global AuthenticationManager configured with an AuthenticationProvider bean. UserDetailsService beans will not be used for username/password login. Consider removing the AuthenticationProvider bean. Alternatively, consider using the UserDetailsService in a manually instantiated DaoAuthenticationProvider.
2024-12-09 15:31:58 [main] INFO  [36mo.a.coyote.http11.Http11NioProtocol[0;39m - Starting ProtocolHandler ["http-nio-8091"]
2024-12-09 15:31:58 [main] INFO  [36mo.s.b.w.e.tomcat.TomcatWebServer[0;39m - Tomcat started on port 8091 (http) with context path '/'
2024-12-09 15:31:58 [main] INFO  [36mo.s.m.s.b.SimpleBrokerMessageHandler[0;39m - Starting...
2024-12-09 15:31:58 [main] INFO  [36mo.s.m.s.b.SimpleBrokerMessageHandler[0;39m - BrokerAvailabilityEvent[available=true, SimpleBrokerMessageHandler [org.springframework.messaging.simp.broker.DefaultSubscriptionRegistry@7b0d88e0]]
2024-12-09 15:31:58 [main] INFO  [36mo.s.m.s.b.SimpleBrokerMessageHandler[0;39m - Started.
2024-12-09 15:31:58 [main] INFO  [36mc.P.digitalis.DigitalisApplication[0;39m - Started DigitalisApplication in 15.903 seconds (process running for 17.508)
2024-12-09 15:32:12 [http-nio-8091-exec-2] INFO  [36mo.a.c.c.C.[Tomcat].[localhost].[/][0;39m - Initializing Spring DispatcherServlet 'dispatcherServlet'
2024-12-09 15:32:12 [http-nio-8091-exec-2] INFO  [36mo.s.web.servlet.DispatcherServlet[0;39m - Initializing Servlet 'dispatcherServlet'
2024-12-09 15:32:12 [http-nio-8091-exec-2] INFO  [36mo.s.web.servlet.DispatcherServlet[0;39m - Completed initialization in 4 ms
2024-12-09 15:32:13 [http-nio-8091-exec-2] INFO  [36mc.P.d.service.UserServicesImpl[0;39m - Tentative d'enregistrement de l'utilisateur avec l'email : sow36aguibou@gmail.com
2024-12-09 15:32:14 [http-nio-8091-exec-2] INFO  [36mc.P.d.service.UserServicesImpl[0;39m - Utilisateur avec l'email sow36aguibou@gmail.com enregistré avec succès
2024-12-09 15:32:14 [http-nio-8091-exec-2] INFO  [36mc.P.digitalis.service.EmailService[0;39m - Tentative d'envoi d'email à : sow36aguibou@gmail.com avec le sujet : **Digitalis** creation de compte 
2024-12-09 15:32:26 [http-nio-8091-exec-2] INFO  [36mc.P.digitalis.service.EmailService[0;39m - Email envoyé avec succès à : sow36aguibou@gmail.com
2024-12-09 15:32:58 [MessageBroker-1] INFO  [36mo.s.w.s.c.WebSocketMessageBrokerStats[0;39m - WebSocketSession[0 current WS(0)-HttpStream(0)-HttpPoll(0), 0 total, 0 closed abnormally (0 connect failure, 0 send limit, 0 transport error)], stompSubProtocol[processed CONNECT(0)-CONNECTED(0)-DISCONNECT(0)], stompBrokerRelay[null], inboundChannel[pool size = 0, active threads = 0, queued tasks = 0, completed tasks = 0], outboundChannel[pool size = 0, active threads = 0, queued tasks = 0, completed tasks = 0], sockJsScheduler[pool size = 1, active threads = 1, queued tasks = 0, completed tasks = 0]
