2025-02-13 11:16:26 [main] INFO  [36mc.P.digitalis.DigitalisApplication[0;39m - Starting DigitalisApplication using Java 17.0.6 with PID 6980 (C:\Users\LIVE-TECH\Desktop\ProjectManagment\digitalis\target\classes started by LIVE-TECH in C:\Users\LIVE-TECH\Desktop\ProjectManagment\digitalis)
2025-02-13 11:16:26 [main] INFO  [36mc.P.digitalis.DigitalisApplication[0;39m - No active profile set, falling back to 1 default profile: "default"
2025-02-13 11:16:35 [main] INFO  [36mo.s.d.r.c.RepositoryConfigurationDelegate[0;39m - Bootstrapping Spring Data JPA repositories in DEFAULT mode.
2025-02-13 11:16:36 [main] INFO  [36mo.s.d.r.c.RepositoryConfigurationDelegate[0;39m - Finished Spring Data repository scanning in 625 ms. Found 13 JPA repository interfaces.
2025-02-13 11:16:42 [main] INFO  [36mo.s.b.w.e.tomcat.TomcatWebServer[0;39m - Tomcat initialized with port 8091 (http)
2025-02-13 11:16:42 [main] INFO  [36mo.a.coyote.http11.Http11NioProtocol[0;39m - Initializing ProtocolHandler ["http-nio-8091"]
2025-02-13 11:16:43 [main] INFO  [36mo.a.catalina.core.StandardService[0;39m - Starting service [Tomcat]
2025-02-13 11:16:43 [main] INFO  [36mo.a.catalina.core.StandardEngine[0;39m - Starting Servlet engine: [Apache Tomcat/10.1.31]
2025-02-13 11:16:43 [main] INFO  [36mo.a.c.c.C.[Tomcat].[localhost].[/][0;39m - Initializing Spring embedded WebApplicationContext
2025-02-13 11:16:43 [main] INFO  [36mo.s.b.w.s.c.ServletWebServerApplicationContext[0;39m - Root WebApplicationContext: initialization completed in 16672 ms
2025-02-13 11:16:43 [main] WARN  [36mo.s.b.a.o.j.JpaBaseConfiguration$JpaWebConfiguration[0;39m - spring.jpa.open-in-view is enabled by default. Therefore, database queries may be performed during view rendering. Explicitly configure spring.jpa.open-in-view to disable this warning
2025-02-13 11:16:44 [main] INFO  [36mo.h.jpa.internal.util.LogHelper[0;39m - HHH000204: Processing PersistenceUnitInfo [name: default]
2025-02-13 11:16:45 [main] INFO  [36morg.hibernate.Version[0;39m - HHH000412: Hibernate ORM core version 6.5.3.Final
2025-02-13 11:16:45 [main] INFO  [36mo.h.c.i.RegionFactoryInitiator[0;39m - HHH000026: Second-level cache disabled
2025-02-13 11:16:47 [main] INFO  [36mo.s.o.j.p.SpringPersistenceUnitInfo[0;39m - No LoadTimeWeaver setup: ignoring JPA class transformer
2025-02-13 11:16:47 [main] INFO  [36mcom.zaxxer.hikari.HikariDataSource[0;39m - HikariPool-1 - Starting...
2025-02-13 11:16:48 [main] INFO  [36mcom.zaxxer.hikari.pool.HikariPool[0;39m - HikariPool-1 - Added connection com.mysql.cj.jdbc.ConnectionImpl@bc8d68b
2025-02-13 11:16:48 [main] INFO  [36mcom.zaxxer.hikari.HikariDataSource[0;39m - HikariPool-1 - Start completed.
2025-02-13 11:16:48 [main] WARN  [36morg.hibernate.dialect.Dialect[0;39m - HHH000511: The 5.7.24 version for [org.hibernate.dialect.MySQLDialect] is no longer supported, hence certain features may not work properly. The minimum supported version is 8.0.0. Check the community dialects project for available legacy versions.
2025-02-13 11:16:48 [main] WARN  [36morg.hibernate.orm.deprecation[0;39m - HHH90000025: MySQLDialect does not need to be specified explicitly using 'hibernate.dialect' (remove the property setting and it will be selected by default)
2025-02-13 11:16:53 [main] INFO  [36mo.h.e.t.j.p.i.JtaPlatformInitiator[0;39m - HHH000489: No JTA platform available (set 'hibernate.transaction.jta.platform' to enable JTA platform integration)
2025-02-13 11:16:54 [main] INFO  [36mo.s.o.j.LocalContainerEntityManagerFactoryBean[0;39m - Initialized JPA EntityManagerFactory for persistence unit 'default'
2025-02-13 11:16:57 [main] INFO  [36mo.s.s.c.a.a.c.InitializeAuthenticationProviderBeanManagerConfigurer$InitializeAuthenticationProviderManagerConfigurer[0;39m - Global AuthenticationManager configured with AuthenticationProvider bean with name authenticationProvider
2025-02-13 11:16:57 [main] WARN  [36mo.s.s.c.a.a.c.InitializeUserDetailsBeanManagerConfigurer$InitializeUserDetailsManagerConfigurer[0;39m - Global AuthenticationManager configured with an AuthenticationProvider bean. UserDetailsService beans will not be used for username/password login. Consider removing the AuthenticationProvider bean. Alternatively, consider using the UserDetailsService in a manually instantiated DaoAuthenticationProvider.
2025-02-13 11:16:59 [main] INFO  [36mo.a.coyote.http11.Http11NioProtocol[0;39m - Starting ProtocolHandler ["http-nio-8091"]
2025-02-13 11:16:59 [main] INFO  [36mo.s.b.w.e.tomcat.TomcatWebServer[0;39m - Tomcat started on port 8091 (http) with context path '/'
2025-02-13 11:16:59 [main] INFO  [36mo.s.m.s.b.SimpleBrokerMessageHandler[0;39m - Starting...
2025-02-13 11:16:59 [main] INFO  [36mo.s.m.s.b.SimpleBrokerMessageHandler[0;39m - BrokerAvailabilityEvent[available=true, SimpleBrokerMessageHandler [org.springframework.messaging.simp.broker.DefaultSubscriptionRegistry@64cbc28e]]
2025-02-13 11:16:59 [main] INFO  [36mo.s.m.s.b.SimpleBrokerMessageHandler[0;39m - Started.
2025-02-13 11:16:59 [main] INFO  [36mc.P.digitalis.DigitalisApplication[0;39m - Started DigitalisApplication in 37.198 seconds (process running for 48.084)
2025-02-13 11:17:59 [MessageBroker-1] INFO  [36mo.s.w.s.c.WebSocketMessageBrokerStats[0;39m - WebSocketSession[0 current WS(0)-HttpStream(0)-HttpPoll(0), 0 total, 0 closed abnormally (0 connect failure, 0 send limit, 0 transport error)], stompSubProtocol[processed CONNECT(0)-CONNECTED(0)-DISCONNECT(0)], stompBrokerRelay[null], inboundChannel[pool size = 0, active threads = 0, queued tasks = 0, completed tasks = 0], outboundChannel[pool size = 0, active threads = 0, queued tasks = 0, completed tasks = 0], sockJsScheduler[pool size = 1, active threads = 1, queued tasks = 0, completed tasks = 0]
2025-02-13 11:47:59 [MessageBroker-1] INFO  [36mo.s.w.s.c.WebSocketMessageBrokerStats[0;39m - WebSocketSession[0 current WS(0)-HttpStream(0)-HttpPoll(0), 0 total, 0 closed abnormally (0 connect failure, 0 send limit, 0 transport error)], stompSubProtocol[processed CONNECT(0)-CONNECTED(0)-DISCONNECT(0)], stompBrokerRelay[null], inboundChannel[pool size = 0, active threads = 0, queued tasks = 0, completed tasks = 0], outboundChannel[pool size = 0, active threads = 0, queued tasks = 0, completed tasks = 0], sockJsScheduler[pool size = 2, active threads = 1, queued tasks = 0, completed tasks = 1]
2025-02-13 11:52:46 [HikariPool-1 housekeeper] WARN  [36mcom.zaxxer.hikari.pool.HikariPool[0;39m - HikariPool-1 - Thread starvation or clock leap detected (housekeeper delta=2m57s276ms677µs).
2025-02-13 12:12:01 [HikariPool-1 housekeeper] WARN  [36mcom.zaxxer.hikari.pool.HikariPool[0;39m - HikariPool-1 - Thread starvation or clock leap detected (housekeeper delta=4m44s668ms769µs801ns).
2025-02-13 12:23:21 [http-nio-8091-exec-1] INFO  [36mo.a.c.c.C.[Tomcat].[localhost].[/][0;39m - Initializing Spring DispatcherServlet 'dispatcherServlet'
2025-02-13 12:23:21 [http-nio-8091-exec-1] INFO  [36mo.s.web.servlet.DispatcherServlet[0;39m - Initializing Servlet 'dispatcherServlet'
2025-02-13 12:23:21 [http-nio-8091-exec-1] INFO  [36mo.s.web.servlet.DispatcherServlet[0;39m - Completed initialization in 4 ms
2025-02-13 12:23:21 [http-nio-8091-exec-1] INFO  [36mc.P.d.service.ProjetServicesImpl[0;39m - Récupération de la liste de tous les projets
2025-02-13 12:23:25 [http-nio-8091-exec-8] INFO  [36mc.P.digitalis.service.GtServicesImpl[0;39m - Tentative de modification de la grande tâche avec l'ID : 6
2025-02-13 12:23:25 [http-nio-8091-exec-7] INFO  [36mc.P.digitalis.service.GtServicesImpl[0;39m - Tentative de modification de la grande tâche avec l'ID : 5
2025-02-13 12:23:25 [http-nio-8091-exec-7] INFO  [36mc.P.digitalis.service.GtServicesImpl[0;39m - Grande tâche modifiée avec succès : tache:Initialisation du projet 1 | charge: 5.0
2025-02-13 12:23:25 [http-nio-8091-exec-8] INFO  [36mc.P.digitalis.service.GtServicesImpl[0;39m - Grande tâche modifiée avec succès : tache:creation des module du projet 1 | charge: 2.0
2025-02-13 12:23:29 [http-nio-8091-exec-10] INFO  [36mc.P.d.service.ProjetServicesImpl[0;39m - Récupération de la liste de tous les projets
2025-02-13 12:23:29 [http-nio-8091-exec-1] INFO  [36mc.P.d.service.ProjetServicesImpl[0;39m - Récupération de la liste de tous les projets
2025-02-13 12:23:29 [http-nio-8091-exec-9] INFO  [36mc.P.d.service.ProjetServicesImpl[0;39m - Modification du projet : projet2
2025-02-13 12:23:29 [http-nio-8091-exec-6] INFO  [36mc.P.d.service.ProjetServicesImpl[0;39m - Modification du projet : Projet1
2025-02-13 12:24:41 [MessageBroker-2] INFO  [36mo.s.w.s.c.WebSocketMessageBrokerStats[0;39m - WebSocketSession[0 current WS(0)-HttpStream(0)-HttpPoll(0), 0 total, 0 closed abnormally (0 connect failure, 0 send limit, 0 transport error)], stompSubProtocol[processed CONNECT(0)-CONNECTED(0)-DISCONNECT(0)], stompBrokerRelay[null], inboundChannel[pool size = 0, active threads = 0, queued tasks = 0, completed tasks = 0], outboundChannel[pool size = 0, active threads = 0, queued tasks = 0, completed tasks = 0], sockJsScheduler[pool size = 3, active threads = 1, queued tasks = 0, completed tasks = 2]
2025-02-13 12:26:34 [http-nio-8091-exec-4] INFO  [36mc.P.digitalis.service.GtServicesImpl[0;39m - Tentative de modification de la grande tâche avec l'ID : 6
2025-02-13 12:26:34 [http-nio-8091-exec-6] INFO  [36mc.P.digitalis.service.GtServicesImpl[0;39m - Tentative de modification de la grande tâche avec l'ID : 5
2025-02-13 12:26:34 [http-nio-8091-exec-4] INFO  [36mc.P.digitalis.service.GtServicesImpl[0;39m - Grande tâche modifiée avec succès : tache:creation des module du projet 1 | charge: 2.0
2025-02-13 12:26:34 [http-nio-8091-exec-6] INFO  [36mc.P.digitalis.service.GtServicesImpl[0;39m - Grande tâche modifiée avec succès : tache:Initialisation du projet 1 | charge: 5.0
2025-02-13 12:29:52 [http-nio-8091-exec-9] INFO  [36mc.P.digitalis.service.StServicesImpl[0;39m - Enregistrement d'une nouvelle sous-tâche : ksdjkfs
2025-02-13 12:29:52 [http-nio-8091-exec-9] INFO  [36mc.P.digitalis.service.GtServicesImpl[0;39m - Dates de la grande tâche mises à jour : Début = 2025-02-07 00:00:00.0, Fin = Tue Feb 18 00:00:00 UTC 2025
2025-02-13 12:29:52 [http-nio-8091-exec-9] INFO  [36mc.P.d.service.NotificationService[0;39m - Création d'une notification pour l'utilisateur avec l'ID : 8
2025-02-13 12:29:52 [http-nio-8091-exec-9] INFO  [36mc.P.d.service.NotificationService[0;39m - Notification créée et enregistrée pour l'utilisateur : 8
2025-02-13 12:29:52 [http-nio-8091-exec-9] INFO  [36mc.P.d.service.NotificationService[0;39m - Notification envoyée à l'utilisateur avec l'ID : 8
2025-02-13 12:29:52 [http-nio-8091-exec-9] INFO  [36mc.P.digitalis.service.StServicesImpl[0;39m - Sous-tâche enregistrée avec succès : ksdjkfs
2025-02-13 12:30:21 [http-nio-8091-exec-3] INFO  [36mc.P.digitalis.service.GtServicesImpl[0;39m - Tentative de modification de la grande tâche avec l'ID : 6
2025-02-13 12:30:21 [http-nio-8091-exec-5] INFO  [36mc.P.digitalis.service.GtServicesImpl[0;39m - Tentative de modification de la grande tâche avec l'ID : 5
2025-02-13 12:30:21 [http-nio-8091-exec-3] INFO  [36mc.P.digitalis.service.GtServicesImpl[0;39m - Grande tâche modifiée avec succès : tache:creation des module du projet 1 | charge: 2.0
2025-02-13 12:30:21 [http-nio-8091-exec-5] INFO  [36mc.P.digitalis.service.GtServicesImpl[0;39m - Grande tâche modifiée avec succès : tache:Initialisation du projet 1 | charge: 9.0
2025-02-13 12:30:28 [http-nio-8091-exec-1] INFO  [36mc.P.digitalis.service.GtServicesImpl[0;39m - Tentative de modification de la grande tâche avec l'ID : 6
2025-02-13 12:30:28 [http-nio-8091-exec-1] INFO  [36mc.P.digitalis.service.GtServicesImpl[0;39m - Grande tâche modifiée avec succès : tache:creation des module du projet 1 | charge: 2.0
2025-02-13 12:30:28 [http-nio-8091-exec-3] INFO  [36mc.P.digitalis.service.GtServicesImpl[0;39m - Tentative de modification de la grande tâche avec l'ID : 5
2025-02-13 12:30:28 [http-nio-8091-exec-3] INFO  [36mc.P.digitalis.service.GtServicesImpl[0;39m - Grande tâche modifiée avec succès : tache:Initialisation du projet 1 | charge: 9.0
2025-02-13 12:33:23 [http-nio-8091-exec-7] INFO  [36mc.P.digitalis.service.StServicesImpl[0;39m - Enregistrement d'une nouvelle sous-tâche : teste
2025-02-13 12:33:23 [http-nio-8091-exec-7] INFO  [36mc.P.digitalis.service.GtServicesImpl[0;39m - Dates de la grande tâche mises à jour : Début = 2025-02-07 00:00:00.0, Fin = Wed Feb 26 00:00:00 UTC 2025
2025-02-13 12:33:23 [http-nio-8091-exec-7] INFO  [36mc.P.d.service.NotificationService[0;39m - Création d'une notification pour l'utilisateur avec l'ID : 8
2025-02-13 12:33:23 [http-nio-8091-exec-7] INFO  [36mc.P.d.service.NotificationService[0;39m - Notification créée et enregistrée pour l'utilisateur : 8
2025-02-13 12:33:23 [http-nio-8091-exec-7] INFO  [36mc.P.d.service.NotificationService[0;39m - Notification envoyée à l'utilisateur avec l'ID : 8
2025-02-13 12:33:23 [http-nio-8091-exec-7] INFO  [36mc.P.digitalis.service.StServicesImpl[0;39m - Sous-tâche enregistrée avec succès : teste
2025-02-13 12:34:27 [http-nio-8091-exec-6] INFO  [36mc.P.digitalis.service.StServicesImpl[0;39m - Mise à jour de la sous-tâche avec l'ID : 9
2025-02-13 12:34:27 [http-nio-8091-exec-6] INFO  [36mc.P.digitalis.service.GtServicesImpl[0;39m - Dates de la grande tâche mises à jour : Début = 2025-02-07 00:00:00.0, Fin = 2025-02-26 00:00:00.0
2025-02-13 12:34:27 [http-nio-8091-exec-6] INFO  [36mc.P.digitalis.service.StServicesImpl[0;39m - Sous-tâche mise à jour avec succès : Status: En teste
2025-02-13 12:34:33 [http-nio-8091-exec-10] INFO  [36mc.P.digitalis.service.StServicesImpl[0;39m - Mise à jour de la sous-tâche avec l'ID : 9
2025-02-13 12:34:33 [http-nio-8091-exec-10] INFO  [36mc.P.digitalis.service.GtServicesImpl[0;39m - Dates de la grande tâche mises à jour : Début = 2025-02-07 00:00:00.0, Fin = 2025-02-26 00:00:00.0
2025-02-13 12:34:33 [http-nio-8091-exec-10] INFO  [36mc.P.digitalis.service.StServicesImpl[0;39m - Sous-tâche mise à jour avec succès : Status: initiale
2025-02-13 12:35:35 [http-nio-8091-exec-6] INFO  [36mc.P.digitalis.service.StServicesImpl[0;39m - Mise à jour de la sous-tâche avec l'ID : 9
2025-02-13 12:35:36 [http-nio-8091-exec-6] INFO  [36mc.P.digitalis.service.GtServicesImpl[0;39m - Dates de la grande tâche mises à jour : Début = 2025-02-07 00:00:00.0, Fin = 2025-02-26 00:00:00.0
2025-02-13 12:35:36 [http-nio-8091-exec-6] INFO  [36mc.P.digitalis.service.StServicesImpl[0;39m - Sous-tâche mise à jour avec succès : Status: En cours
2025-02-13 12:47:16 [SpringApplicationShutdownHook] INFO  [36mo.s.m.s.b.SimpleBrokerMessageHandler[0;39m - Stopping...
2025-02-13 12:47:16 [SpringApplicationShutdownHook] INFO  [36mo.s.m.s.b.SimpleBrokerMessageHandler[0;39m - BrokerAvailabilityEvent[available=false, SimpleBrokerMessageHandler [org.springframework.messaging.simp.broker.DefaultSubscriptionRegistry@64cbc28e]]
2025-02-13 12:47:16 [SpringApplicationShutdownHook] INFO  [36mo.s.m.s.b.SimpleBrokerMessageHandler[0;39m - Stopped.
2025-02-13 12:47:20 [SpringApplicationShutdownHook] INFO  [36mo.s.o.j.LocalContainerEntityManagerFactoryBean[0;39m - Closing JPA EntityManagerFactory for persistence unit 'default'
2025-02-13 12:47:20 [SpringApplicationShutdownHook] INFO  [36mcom.zaxxer.hikari.HikariDataSource[0;39m - HikariPool-1 - Shutdown initiated...
2025-02-13 12:47:20 [SpringApplicationShutdownHook] INFO  [36mcom.zaxxer.hikari.HikariDataSource[0;39m - HikariPool-1 - Shutdown completed.
2025-02-13 12:47:42 [main] INFO  [36mc.P.digitalis.DigitalisApplication[0;39m - Starting DigitalisApplication using Java 17.0.6 with PID 15508 (C:\Users\LIVE-TECH\Desktop\ProjectManagment\digitalis\target\classes started by LIVE-TECH in C:\Users\LIVE-TECH\Desktop\ProjectManagment\digitalis)
2025-02-13 12:47:42 [main] INFO  [36mc.P.digitalis.DigitalisApplication[0;39m - No active profile set, falling back to 1 default profile: "default"
2025-02-13 12:47:49 [main] INFO  [36mo.s.d.r.c.RepositoryConfigurationDelegate[0;39m - Bootstrapping Spring Data JPA repositories in DEFAULT mode.
2025-02-13 12:47:49 [main] INFO  [36mo.s.d.r.c.RepositoryConfigurationDelegate[0;39m - Finished Spring Data repository scanning in 429 ms. Found 13 JPA repository interfaces.
2025-02-13 12:47:52 [main] INFO  [36mo.s.b.w.e.tomcat.TomcatWebServer[0;39m - Tomcat initialized with port 8091 (http)
2025-02-13 12:47:52 [main] INFO  [36mo.a.coyote.http11.Http11NioProtocol[0;39m - Initializing ProtocolHandler ["http-nio-8091"]
2025-02-13 12:47:52 [main] INFO  [36mo.a.catalina.core.StandardService[0;39m - Starting service [Tomcat]
2025-02-13 12:47:52 [main] INFO  [36mo.a.catalina.core.StandardEngine[0;39m - Starting Servlet engine: [Apache Tomcat/10.1.31]
2025-02-13 12:47:53 [main] INFO  [36mo.a.c.c.C.[Tomcat].[localhost].[/][0;39m - Initializing Spring embedded WebApplicationContext
2025-02-13 12:47:53 [main] INFO  [36mo.s.b.w.s.c.ServletWebServerApplicationContext[0;39m - Root WebApplicationContext: initialization completed in 10291 ms
2025-02-13 12:47:53 [main] WARN  [36mo.s.b.a.o.j.JpaBaseConfiguration$JpaWebConfiguration[0;39m - spring.jpa.open-in-view is enabled by default. Therefore, database queries may be performed during view rendering. Explicitly configure spring.jpa.open-in-view to disable this warning
2025-02-13 12:47:53 [main] INFO  [36mo.h.jpa.internal.util.LogHelper[0;39m - HHH000204: Processing PersistenceUnitInfo [name: default]
2025-02-13 12:47:53 [main] INFO  [36morg.hibernate.Version[0;39m - HHH000412: Hibernate ORM core version 6.5.3.Final
2025-02-13 12:47:54 [main] INFO  [36mo.h.c.i.RegionFactoryInitiator[0;39m - HHH000026: Second-level cache disabled
2025-02-13 12:47:55 [main] INFO  [36mo.s.o.j.p.SpringPersistenceUnitInfo[0;39m - No LoadTimeWeaver setup: ignoring JPA class transformer
2025-02-13 12:47:55 [main] INFO  [36mcom.zaxxer.hikari.HikariDataSource[0;39m - HikariPool-1 - Starting...
2025-02-13 12:47:56 [main] INFO  [36mcom.zaxxer.hikari.pool.HikariPool[0;39m - HikariPool-1 - Added connection com.mysql.cj.jdbc.ConnectionImpl@7c956dda
2025-02-13 12:47:56 [main] INFO  [36mcom.zaxxer.hikari.HikariDataSource[0;39m - HikariPool-1 - Start completed.
2025-02-13 12:47:56 [main] WARN  [36morg.hibernate.dialect.Dialect[0;39m - HHH000511: The 5.7.24 version for [org.hibernate.dialect.MySQLDialect] is no longer supported, hence certain features may not work properly. The minimum supported version is 8.0.0. Check the community dialects project for available legacy versions.
2025-02-13 12:47:56 [main] WARN  [36morg.hibernate.orm.deprecation[0;39m - HHH90000025: MySQLDialect does not need to be specified explicitly using 'hibernate.dialect' (remove the property setting and it will be selected by default)
2025-02-13 12:48:00 [main] INFO  [36mo.h.e.t.j.p.i.JtaPlatformInitiator[0;39m - HHH000489: No JTA platform available (set 'hibernate.transaction.jta.platform' to enable JTA platform integration)
2025-02-13 12:48:01 [main] INFO  [36mo.s.o.j.LocalContainerEntityManagerFactoryBean[0;39m - Initialized JPA EntityManagerFactory for persistence unit 'default'
2025-02-13 12:48:04 [main] INFO  [36mo.s.s.c.a.a.c.InitializeAuthenticationProviderBeanManagerConfigurer$InitializeAuthenticationProviderManagerConfigurer[0;39m - Global AuthenticationManager configured with AuthenticationProvider bean with name authenticationProvider
2025-02-13 12:48:04 [main] WARN  [36mo.s.s.c.a.a.c.InitializeUserDetailsBeanManagerConfigurer$InitializeUserDetailsManagerConfigurer[0;39m - Global AuthenticationManager configured with an AuthenticationProvider bean. UserDetailsService beans will not be used for username/password login. Consider removing the AuthenticationProvider bean. Alternatively, consider using the UserDetailsService in a manually instantiated DaoAuthenticationProvider.
2025-02-13 12:48:06 [main] INFO  [36mo.a.coyote.http11.Http11NioProtocol[0;39m - Starting ProtocolHandler ["http-nio-8091"]
2025-02-13 12:48:06 [main] INFO  [36mo.s.b.w.e.tomcat.TomcatWebServer[0;39m - Tomcat started on port 8091 (http) with context path '/'
2025-02-13 12:48:06 [main] INFO  [36mo.s.m.s.b.SimpleBrokerMessageHandler[0;39m - Starting...
2025-02-13 12:48:06 [main] INFO  [36mo.s.m.s.b.SimpleBrokerMessageHandler[0;39m - BrokerAvailabilityEvent[available=true, SimpleBrokerMessageHandler [org.springframework.messaging.simp.broker.DefaultSubscriptionRegistry@33e19be9]]
2025-02-13 12:48:06 [main] INFO  [36mo.s.m.s.b.SimpleBrokerMessageHandler[0;39m - Started.
2025-02-13 12:48:06 [main] INFO  [36mc.P.digitalis.DigitalisApplication[0;39m - Started DigitalisApplication in 27.237 seconds (process running for 31.978)
2025-02-13 12:48:14 [http-nio-8091-exec-1] INFO  [36mo.a.c.c.C.[Tomcat].[localhost].[/][0;39m - Initializing Spring DispatcherServlet 'dispatcherServlet'
2025-02-13 12:48:14 [http-nio-8091-exec-1] INFO  [36mo.s.web.servlet.DispatcherServlet[0;39m - Initializing Servlet 'dispatcherServlet'
2025-02-13 12:48:14 [http-nio-8091-exec-1] INFO  [36mo.s.web.servlet.DispatcherServlet[0;39m - Completed initialization in 11 ms
2025-02-13 12:48:17 [http-nio-8091-exec-7] INFO  [36mc.P.digitalis.service.GtServicesImpl[0;39m - Tentative de modification de la grande tâche avec l'ID : 5
2025-02-13 12:48:17 [http-nio-8091-exec-5] INFO  [36mc.P.digitalis.service.GtServicesImpl[0;39m - Tentative de modification de la grande tâche avec l'ID : 6
2025-02-13 12:48:17 [http-nio-8091-exec-5] INFO  [36mc.P.digitalis.service.GtServicesImpl[0;39m - Grande tâche modifiée avec succès : tache:creation des module du projet 1 | charge: 2.0
2025-02-13 12:48:17 [http-nio-8091-exec-7] INFO  [36mc.P.digitalis.service.GtServicesImpl[0;39m - Grande tâche modifiée avec succès : tache:Initialisation du projet 1 | charge: 15.0
2025-02-13 12:48:59 [http-nio-8091-exec-8] INFO  [36mc.P.digitalis.service.GtServicesImpl[0;39m - Tentative de modification de la grande tâche avec l'ID : 6
2025-02-13 12:48:59 [http-nio-8091-exec-1] INFO  [36mc.P.digitalis.service.GtServicesImpl[0;39m - Tentative de modification de la grande tâche avec l'ID : 5
2025-02-13 12:48:59 [http-nio-8091-exec-1] INFO  [36mc.P.digitalis.service.GtServicesImpl[0;39m - Grande tâche modifiée avec succès : tache:Initialisation du projet 1 | charge: 15.0
2025-02-13 12:48:59 [http-nio-8091-exec-8] INFO  [36mc.P.digitalis.service.GtServicesImpl[0;39m - Grande tâche modifiée avec succès : tache:creation des module du projet 1 | charge: 2.0
2025-02-13 12:49:06 [MessageBroker-1] INFO  [36mo.s.w.s.c.WebSocketMessageBrokerStats[0;39m - WebSocketSession[0 current WS(0)-HttpStream(0)-HttpPoll(0), 0 total, 0 closed abnormally (0 connect failure, 0 send limit, 0 transport error)], stompSubProtocol[processed CONNECT(0)-CONNECTED(0)-DISCONNECT(0)], stompBrokerRelay[null], inboundChannel[pool size = 0, active threads = 0, queued tasks = 0, completed tasks = 0], outboundChannel[pool size = 0, active threads = 0, queued tasks = 0, completed tasks = 0], sockJsScheduler[pool size = 1, active threads = 1, queued tasks = 0, completed tasks = 0]
2025-02-13 12:49:49 [http-nio-8091-exec-10] INFO  [36mc.P.digitalis.service.GtServicesImpl[0;39m - Tentative de modification de la grande tâche avec l'ID : 6
2025-02-13 12:49:49 [http-nio-8091-exec-10] INFO  [36mc.P.digitalis.service.GtServicesImpl[0;39m - Grande tâche modifiée avec succès : tache:creation des module du projet 1 | charge: 2.0
2025-02-13 12:49:49 [http-nio-8091-exec-4] INFO  [36mc.P.digitalis.service.GtServicesImpl[0;39m - Tentative de modification de la grande tâche avec l'ID : 5
2025-02-13 12:49:49 [http-nio-8091-exec-4] INFO  [36mc.P.digitalis.service.GtServicesImpl[0;39m - Grande tâche modifiée avec succès : tache:Initialisation du projet 1 | charge: 15.0
2025-02-13 12:53:03 [http-nio-8091-exec-8] INFO  [36mc.P.d.service.ProjetServicesImpl[0;39m - Récupération de la liste de tous les projets
2025-02-13 12:53:03 [http-nio-8091-exec-3] INFO  [36mc.P.d.service.ProjetServicesImpl[0;39m - Récupération de la liste de tous les projets
2025-02-13 12:53:03 [http-nio-8091-exec-5] INFO  [36mc.P.d.service.ProjetServicesImpl[0;39m - Modification du projet : projet2
2025-02-13 12:53:03 [http-nio-8091-exec-2] INFO  [36mc.P.d.service.ProjetServicesImpl[0;39m - Modification du projet : Projet1
2025-02-13 14:13:22 [HikariPool-1 housekeeper] WARN  [36mcom.zaxxer.hikari.pool.HikariPool[0;39m - HikariPool-1 - Thread starvation or clock leap detected (housekeeper delta=1h13m25s381ms974µs400ns).
2025-02-13 14:14:48 [http-nio-8091-exec-8] INFO  [36mc.P.d.service.ProjetServicesImpl[0;39m - Récupération de la liste de tous les projets
2025-02-13 14:14:48 [http-nio-8091-exec-3] INFO  [36mc.P.d.service.ProjetServicesImpl[0;39m - Récupération de la liste de tous les projets
2025-02-13 14:14:49 [http-nio-8091-exec-5] INFO  [36mc.P.d.service.ProjetServicesImpl[0;39m - Modification du projet : Projet1
2025-02-13 14:14:49 [http-nio-8091-exec-2] INFO  [36mc.P.d.service.ProjetServicesImpl[0;39m - Modification du projet : projet2
2025-02-13 14:14:58 [http-nio-8091-exec-7] INFO  [36mc.P.digitalis.service.GtServicesImpl[0;39m - Tentative de modification de la grande tâche avec l'ID : 6
2025-02-13 14:14:58 [http-nio-8091-exec-7] INFO  [36mc.P.digitalis.service.GtServicesImpl[0;39m - Grande tâche modifiée avec succès : tache:creation des module du projet 1 | charge: 2.0
2025-02-13 14:14:58 [http-nio-8091-exec-5] INFO  [36mc.P.digitalis.service.GtServicesImpl[0;39m - Tentative de modification de la grande tâche avec l'ID : 5
2025-02-13 14:14:58 [http-nio-8091-exec-5] INFO  [36mc.P.digitalis.service.GtServicesImpl[0;39m - Grande tâche modifiée avec succès : tache:Initialisation du projet 1 | charge: 15.0
2025-02-13 14:32:01 [MessageBroker-1] INFO  [36mo.s.w.s.c.WebSocketMessageBrokerStats[0;39m - WebSocketSession[0 current WS(0)-HttpStream(0)-HttpPoll(0), 0 total, 0 closed abnormally (0 connect failure, 0 send limit, 0 transport error)], stompSubProtocol[processed CONNECT(0)-CONNECTED(0)-DISCONNECT(0)], stompBrokerRelay[null], inboundChannel[pool size = 0, active threads = 0, queued tasks = 0, completed tasks = 0], outboundChannel[pool size = 0, active threads = 0, queued tasks = 0, completed tasks = 0], sockJsScheduler[pool size = 2, active threads = 1, queued tasks = 0, completed tasks = 1]
2025-02-13 15:02:01 [MessageBroker-2] INFO  [36mo.s.w.s.c.WebSocketMessageBrokerStats[0;39m - WebSocketSession[0 current WS(0)-HttpStream(0)-HttpPoll(0), 0 total, 0 closed abnormally (0 connect failure, 0 send limit, 0 transport error)], stompSubProtocol[processed CONNECT(0)-CONNECTED(0)-DISCONNECT(0)], stompBrokerRelay[null], inboundChannel[pool size = 0, active threads = 0, queued tasks = 0, completed tasks = 0], outboundChannel[pool size = 0, active threads = 0, queued tasks = 0, completed tasks = 0], sockJsScheduler[pool size = 3, active threads = 1, queued tasks = 0, completed tasks = 2]
2025-02-13 15:30:56 [SpringApplicationShutdownHook] INFO  [36mo.s.m.s.b.SimpleBrokerMessageHandler[0;39m - Stopping...
2025-02-13 15:30:56 [SpringApplicationShutdownHook] INFO  [36mo.s.m.s.b.SimpleBrokerMessageHandler[0;39m - BrokerAvailabilityEvent[available=false, SimpleBrokerMessageHandler [org.springframework.messaging.simp.broker.DefaultSubscriptionRegistry@33e19be9]]
2025-02-13 15:30:56 [SpringApplicationShutdownHook] INFO  [36mo.s.m.s.b.SimpleBrokerMessageHandler[0;39m - Stopped.
2025-02-13 15:30:57 [SpringApplicationShutdownHook] INFO  [36mo.s.o.j.LocalContainerEntityManagerFactoryBean[0;39m - Closing JPA EntityManagerFactory for persistence unit 'default'
2025-02-13 15:30:57 [SpringApplicationShutdownHook] INFO  [36mcom.zaxxer.hikari.HikariDataSource[0;39m - HikariPool-1 - Shutdown initiated...
2025-02-13 15:30:57 [SpringApplicationShutdownHook] INFO  [36mcom.zaxxer.hikari.HikariDataSource[0;39m - HikariPool-1 - Shutdown completed.
