2025-02-20 08:53:04 [main] INFO  [36mc.P.digitalis.DigitalisApplication[0;39m - Starting DigitalisApplication using Java 17.0.6 with PID 8568 (C:\Users\LIVE-TECH\Desktop\ProjectManagment\digitalis\target\classes started by LIVE-TECH in C:\Users\LIVE-TECH\Desktop\ProjectManagment\digitalis)
2025-02-20 08:53:04 [main] INFO  [36mc.P.digitalis.DigitalisApplication[0;39m - No active profile set, falling back to 1 default profile: "default"
2025-02-20 08:53:12 [main] INFO  [36mo.s.d.r.c.RepositoryConfigurationDelegate[0;39m - Bootstrapping Spring Data JPA repositories in DEFAULT mode.
2025-02-20 08:53:12 [main] INFO  [36mo.s.d.r.c.RepositoryConfigurationDelegate[0;39m - Finished Spring Data repository scanning in 523 ms. Found 15 JPA repository interfaces.
2025-02-20 08:53:18 [main] INFO  [36mo.s.b.w.e.tomcat.TomcatWebServer[0;39m - Tomcat initialized with port 8091 (http)
2025-02-20 08:53:18 [main] INFO  [36mo.a.coyote.http11.Http11NioProtocol[0;39m - Initializing ProtocolHandler ["http-nio-8091"]
2025-02-20 08:53:18 [main] INFO  [36mo.a.catalina.core.StandardService[0;39m - Starting service [Tomcat]
2025-02-20 08:53:18 [main] INFO  [36mo.a.catalina.core.StandardEngine[0;39m - Starting Servlet engine: [Apache Tomcat/10.1.31]
2025-02-20 08:53:21 [main] INFO  [36mo.a.c.c.C.[Tomcat].[localhost].[/][0;39m - Initializing Spring embedded WebApplicationContext
2025-02-20 08:53:21 [main] INFO  [36mo.s.b.w.s.c.ServletWebServerApplicationContext[0;39m - Root WebApplicationContext: initialization completed in 16425 ms
2025-02-20 08:53:21 [main] WARN  [36mo.s.b.a.o.j.JpaBaseConfiguration$JpaWebConfiguration[0;39m - spring.jpa.open-in-view is enabled by default. Therefore, database queries may be performed during view rendering. Explicitly configure spring.jpa.open-in-view to disable this warning
2025-02-20 08:53:24 [main] INFO  [36mo.h.jpa.internal.util.LogHelper[0;39m - HHH000204: Processing PersistenceUnitInfo [name: default]
2025-02-20 08:53:25 [main] INFO  [36morg.hibernate.Version[0;39m - HHH000412: Hibernate ORM core version 6.5.3.Final
2025-02-20 08:53:25 [main] INFO  [36mo.h.c.i.RegionFactoryInitiator[0;39m - HHH000026: Second-level cache disabled
2025-02-20 08:53:27 [main] INFO  [36mo.s.o.j.p.SpringPersistenceUnitInfo[0;39m - No LoadTimeWeaver setup: ignoring JPA class transformer
2025-02-20 08:53:28 [main] INFO  [36mcom.zaxxer.hikari.HikariDataSource[0;39m - HikariPool-1 - Starting...
2025-02-20 08:53:38 [main] INFO  [36mcom.zaxxer.hikari.pool.HikariPool[0;39m - HikariPool-1 - Added connection com.mysql.cj.jdbc.ConnectionImpl@25f7cc38
2025-02-20 08:53:38 [main] INFO  [36mcom.zaxxer.hikari.HikariDataSource[0;39m - HikariPool-1 - Start completed.
2025-02-20 08:53:38 [main] WARN  [36morg.hibernate.dialect.Dialect[0;39m - HHH000511: The 5.7.24 version for [org.hibernate.dialect.MySQLDialect] is no longer supported, hence certain features may not work properly. The minimum supported version is 8.0.0. Check the community dialects project for available legacy versions.
2025-02-20 08:53:38 [main] WARN  [36morg.hibernate.orm.deprecation[0;39m - HHH90000025: MySQLDialect does not need to be specified explicitly using 'hibernate.dialect' (remove the property setting and it will be selected by default)
2025-02-20 08:53:42 [main] INFO  [36mo.h.e.t.j.p.i.JtaPlatformInitiator[0;39m - HHH000489: No JTA platform available (set 'hibernate.transaction.jta.platform' to enable JTA platform integration)
2025-02-20 08:53:44 [main] INFO  [36mo.s.o.j.LocalContainerEntityManagerFactoryBean[0;39m - Initialized JPA EntityManagerFactory for persistence unit 'default'
2025-02-20 08:53:46 [main] INFO  [36mo.s.s.c.a.a.c.InitializeAuthenticationProviderBeanManagerConfigurer$InitializeAuthenticationProviderManagerConfigurer[0;39m - Global AuthenticationManager configured with AuthenticationProvider bean with name authenticationProvider
2025-02-20 08:53:46 [main] WARN  [36mo.s.s.c.a.a.c.InitializeUserDetailsBeanManagerConfigurer$InitializeUserDetailsManagerConfigurer[0;39m - Global AuthenticationManager configured with an AuthenticationProvider bean. UserDetailsService beans will not be used for username/password login. Consider removing the AuthenticationProvider bean. Alternatively, consider using the UserDetailsService in a manually instantiated DaoAuthenticationProvider.
2025-02-20 08:53:48 [main] INFO  [36mo.a.coyote.http11.Http11NioProtocol[0;39m - Starting ProtocolHandler ["http-nio-8091"]
2025-02-20 08:53:49 [main] INFO  [36mo.s.b.w.e.tomcat.TomcatWebServer[0;39m - Tomcat started on port 8091 (http) with context path '/'
2025-02-20 08:53:49 [main] INFO  [36mo.s.m.s.b.SimpleBrokerMessageHandler[0;39m - Starting...
2025-02-20 08:53:49 [main] INFO  [36mo.s.m.s.b.SimpleBrokerMessageHandler[0;39m - BrokerAvailabilityEvent[available=true, SimpleBrokerMessageHandler [org.springframework.messaging.simp.broker.DefaultSubscriptionRegistry@29ff84fa]]
2025-02-20 08:53:49 [main] INFO  [36mo.s.m.s.b.SimpleBrokerMessageHandler[0;39m - Started.
2025-02-20 08:53:49 [main] INFO  [36mc.P.digitalis.DigitalisApplication[0;39m - Started DigitalisApplication in 46.966 seconds (process running for 55.29)
2025-02-20 08:54:48 [MessageBroker-1] INFO  [36mo.s.w.s.c.WebSocketMessageBrokerStats[0;39m - WebSocketSession[0 current WS(0)-HttpStream(0)-HttpPoll(0), 0 total, 0 closed abnormally (0 connect failure, 0 send limit, 0 transport error)], stompSubProtocol[processed CONNECT(0)-CONNECTED(0)-DISCONNECT(0)], stompBrokerRelay[null], inboundChannel[pool size = 0, active threads = 0, queued tasks = 0, completed tasks = 0], outboundChannel[pool size = 0, active threads = 0, queued tasks = 0, completed tasks = 0], sockJsScheduler[pool size = 1, active threads = 1, queued tasks = 0, completed tasks = 0]
2025-02-20 08:58:05 [http-nio-8091-exec-1] INFO  [36mo.a.c.c.C.[Tomcat].[localhost].[/][0;39m - Initializing Spring DispatcherServlet 'dispatcherServlet'
2025-02-20 08:58:05 [http-nio-8091-exec-1] INFO  [36mo.s.web.servlet.DispatcherServlet[0;39m - Initializing Servlet 'dispatcherServlet'
2025-02-20 08:58:05 [http-nio-8091-exec-1] INFO  [36mo.s.web.servlet.DispatcherServlet[0;39m - Completed initialization in 3 ms
2025-02-20 09:15:27 [SpringApplicationShutdownHook] INFO  [36mo.s.m.s.b.SimpleBrokerMessageHandler[0;39m - Stopping...
2025-02-20 09:15:27 [SpringApplicationShutdownHook] INFO  [36mo.s.m.s.b.SimpleBrokerMessageHandler[0;39m - BrokerAvailabilityEvent[available=false, SimpleBrokerMessageHandler [org.springframework.messaging.simp.broker.DefaultSubscriptionRegistry@29ff84fa]]
2025-02-20 09:15:27 [SpringApplicationShutdownHook] INFO  [36mo.s.m.s.b.SimpleBrokerMessageHandler[0;39m - Stopped.
2025-02-20 09:15:29 [SpringApplicationShutdownHook] INFO  [36mo.s.o.j.LocalContainerEntityManagerFactoryBean[0;39m - Closing JPA EntityManagerFactory for persistence unit 'default'
2025-02-20 09:15:29 [SpringApplicationShutdownHook] INFO  [36mcom.zaxxer.hikari.HikariDataSource[0;39m - HikariPool-1 - Shutdown initiated...
2025-02-20 09:15:29 [SpringApplicationShutdownHook] INFO  [36mcom.zaxxer.hikari.HikariDataSource[0;39m - HikariPool-1 - Shutdown completed.
2025-02-20 09:16:05 [main] INFO  [36mc.P.digitalis.DigitalisApplication[0;39m - Starting DigitalisApplication using Java 17.0.6 with PID 15368 (C:\Users\LIVE-TECH\Desktop\ProjectManagment\digitalis\target\classes started by LIVE-TECH in C:\Users\LIVE-TECH\Desktop\ProjectManagment\digitalis)
2025-02-20 09:16:05 [main] INFO  [36mc.P.digitalis.DigitalisApplication[0;39m - No active profile set, falling back to 1 default profile: "default"
2025-02-20 09:16:14 [main] INFO  [36mo.s.d.r.c.RepositoryConfigurationDelegate[0;39m - Bootstrapping Spring Data JPA repositories in DEFAULT mode.
2025-02-20 09:16:14 [main] INFO  [36mo.s.d.r.c.RepositoryConfigurationDelegate[0;39m - Finished Spring Data repository scanning in 457 ms. Found 15 JPA repository interfaces.
2025-02-20 09:16:20 [main] INFO  [36mo.s.b.w.e.tomcat.TomcatWebServer[0;39m - Tomcat initialized with port 8091 (http)
2025-02-20 09:16:20 [main] INFO  [36mo.a.coyote.http11.Http11NioProtocol[0;39m - Initializing ProtocolHandler ["http-nio-8091"]
2025-02-20 09:16:20 [main] INFO  [36mo.a.catalina.core.StandardService[0;39m - Starting service [Tomcat]
2025-02-20 09:16:20 [main] INFO  [36mo.a.catalina.core.StandardEngine[0;39m - Starting Servlet engine: [Apache Tomcat/10.1.31]
2025-02-20 09:16:25 [main] INFO  [36mo.a.c.c.C.[Tomcat].[localhost].[/][0;39m - Initializing Spring embedded WebApplicationContext
2025-02-20 09:16:25 [main] INFO  [36mo.s.b.w.s.c.ServletWebServerApplicationContext[0;39m - Root WebApplicationContext: initialization completed in 19398 ms
2025-02-20 09:16:25 [main] WARN  [36mo.s.b.a.o.j.JpaBaseConfiguration$JpaWebConfiguration[0;39m - spring.jpa.open-in-view is enabled by default. Therefore, database queries may be performed during view rendering. Explicitly configure spring.jpa.open-in-view to disable this warning
2025-02-20 09:16:26 [main] INFO  [36mo.h.jpa.internal.util.LogHelper[0;39m - HHH000204: Processing PersistenceUnitInfo [name: default]
2025-02-20 09:16:26 [main] INFO  [36morg.hibernate.Version[0;39m - HHH000412: Hibernate ORM core version 6.5.3.Final
2025-02-20 09:16:28 [main] INFO  [36mo.h.c.i.RegionFactoryInitiator[0;39m - HHH000026: Second-level cache disabled
2025-02-20 09:16:29 [main] INFO  [36mo.s.o.j.p.SpringPersistenceUnitInfo[0;39m - No LoadTimeWeaver setup: ignoring JPA class transformer
2025-02-20 09:16:30 [main] INFO  [36mcom.zaxxer.hikari.HikariDataSource[0;39m - HikariPool-1 - Starting...
2025-02-20 09:16:31 [main] INFO  [36mcom.zaxxer.hikari.pool.HikariPool[0;39m - HikariPool-1 - Added connection com.mysql.cj.jdbc.ConnectionImpl@248d3a
2025-02-20 09:16:31 [main] INFO  [36mcom.zaxxer.hikari.HikariDataSource[0;39m - HikariPool-1 - Start completed.
2025-02-20 09:16:31 [main] WARN  [36morg.hibernate.dialect.Dialect[0;39m - HHH000511: The 5.7.24 version for [org.hibernate.dialect.MySQLDialect] is no longer supported, hence certain features may not work properly. The minimum supported version is 8.0.0. Check the community dialects project for available legacy versions.
2025-02-20 09:16:31 [main] WARN  [36morg.hibernate.orm.deprecation[0;39m - HHH90000025: MySQLDialect does not need to be specified explicitly using 'hibernate.dialect' (remove the property setting and it will be selected by default)
2025-02-20 09:16:41 [main] INFO  [36mo.h.e.t.j.p.i.JtaPlatformInitiator[0;39m - HHH000489: No JTA platform available (set 'hibernate.transaction.jta.platform' to enable JTA platform integration)
2025-02-20 09:16:42 [main] INFO  [36mo.s.o.j.LocalContainerEntityManagerFactoryBean[0;39m - Initialized JPA EntityManagerFactory for persistence unit 'default'
2025-02-20 09:16:44 [main] INFO  [36mo.s.s.c.a.a.c.InitializeAuthenticationProviderBeanManagerConfigurer$InitializeAuthenticationProviderManagerConfigurer[0;39m - Global AuthenticationManager configured with AuthenticationProvider bean with name authenticationProvider
2025-02-20 09:16:44 [main] WARN  [36mo.s.s.c.a.a.c.InitializeUserDetailsBeanManagerConfigurer$InitializeUserDetailsManagerConfigurer[0;39m - Global AuthenticationManager configured with an AuthenticationProvider bean. UserDetailsService beans will not be used for username/password login. Consider removing the AuthenticationProvider bean. Alternatively, consider using the UserDetailsService in a manually instantiated DaoAuthenticationProvider.
2025-02-20 09:16:46 [main] INFO  [36mo.a.coyote.http11.Http11NioProtocol[0;39m - Starting ProtocolHandler ["http-nio-8091"]
2025-02-20 09:16:47 [main] INFO  [36mo.s.b.w.e.tomcat.TomcatWebServer[0;39m - Tomcat started on port 8091 (http) with context path '/'
2025-02-20 09:16:47 [main] INFO  [36mo.s.m.s.b.SimpleBrokerMessageHandler[0;39m - Starting...
2025-02-20 09:16:47 [main] INFO  [36mo.s.m.s.b.SimpleBrokerMessageHandler[0;39m - BrokerAvailabilityEvent[available=true, SimpleBrokerMessageHandler [org.springframework.messaging.simp.broker.DefaultSubscriptionRegistry@d35d84a]]
2025-02-20 09:16:47 [main] INFO  [36mo.s.m.s.b.SimpleBrokerMessageHandler[0;39m - Started.
2025-02-20 09:16:47 [main] INFO  [36mc.P.digitalis.DigitalisApplication[0;39m - Started DigitalisApplication in 43.608 seconds (process running for 48.473)
2025-02-20 09:17:46 [MessageBroker-1] INFO  [36mo.s.w.s.c.WebSocketMessageBrokerStats[0;39m - WebSocketSession[0 current WS(0)-HttpStream(0)-HttpPoll(0), 0 total, 0 closed abnormally (0 connect failure, 0 send limit, 0 transport error)], stompSubProtocol[processed CONNECT(0)-CONNECTED(0)-DISCONNECT(0)], stompBrokerRelay[null], inboundChannel[pool size = 0, active threads = 0, queued tasks = 0, completed tasks = 0], outboundChannel[pool size = 0, active threads = 0, queued tasks = 0, completed tasks = 0], sockJsScheduler[pool size = 1, active threads = 1, queued tasks = 0, completed tasks = 0]
2025-02-20 09:21:02 [http-nio-8091-exec-1] INFO  [36mo.a.c.c.C.[Tomcat].[localhost].[/][0;39m - Initializing Spring DispatcherServlet 'dispatcherServlet'
2025-02-20 09:21:02 [http-nio-8091-exec-1] INFO  [36mo.s.web.servlet.DispatcherServlet[0;39m - Initializing Servlet 'dispatcherServlet'
2025-02-20 09:21:02 [http-nio-8091-exec-1] INFO  [36mo.s.web.servlet.DispatcherServlet[0;39m - Completed initialization in 12 ms
2025-02-20 09:47:47 [MessageBroker-1] INFO  [36mo.s.w.s.c.WebSocketMessageBrokerStats[0;39m - WebSocketSession[0 current WS(0)-HttpStream(0)-HttpPoll(0), 0 total, 0 closed abnormally (0 connect failure, 0 send limit, 0 transport error)], stompSubProtocol[processed CONNECT(0)-CONNECTED(0)-DISCONNECT(0)], stompBrokerRelay[null], inboundChannel[pool size = 0, active threads = 0, queued tasks = 0, completed tasks = 0], outboundChannel[pool size = 0, active threads = 0, queued tasks = 0, completed tasks = 0], sockJsScheduler[pool size = 2, active threads = 1, queued tasks = 0, completed tasks = 1]
2025-02-20 09:57:11 [SpringApplicationShutdownHook] INFO  [36mo.s.m.s.b.SimpleBrokerMessageHandler[0;39m - Stopping...
2025-02-20 09:57:11 [SpringApplicationShutdownHook] INFO  [36mo.s.m.s.b.SimpleBrokerMessageHandler[0;39m - BrokerAvailabilityEvent[available=false, SimpleBrokerMessageHandler [org.springframework.messaging.simp.broker.DefaultSubscriptionRegistry@d35d84a]]
2025-02-20 09:57:11 [SpringApplicationShutdownHook] INFO  [36mo.s.m.s.b.SimpleBrokerMessageHandler[0;39m - Stopped.
2025-02-20 09:57:14 [SpringApplicationShutdownHook] INFO  [36mo.s.o.j.LocalContainerEntityManagerFactoryBean[0;39m - Closing JPA EntityManagerFactory for persistence unit 'default'
2025-02-20 09:57:15 [SpringApplicationShutdownHook] INFO  [36mcom.zaxxer.hikari.HikariDataSource[0;39m - HikariPool-1 - Shutdown initiated...
2025-02-20 09:57:15 [SpringApplicationShutdownHook] INFO  [36mcom.zaxxer.hikari.HikariDataSource[0;39m - HikariPool-1 - Shutdown completed.
2025-02-20 09:58:04 [main] INFO  [36mc.P.digitalis.DigitalisApplication[0;39m - Starting DigitalisApplication using Java 17.0.6 with PID 7568 (C:\Users\LIVE-TECH\Desktop\ProjectManagment\digitalis\target\classes started by LIVE-TECH in C:\Users\LIVE-TECH\Desktop\ProjectManagment\digitalis)
2025-02-20 09:58:04 [main] INFO  [36mc.P.digitalis.DigitalisApplication[0;39m - No active profile set, falling back to 1 default profile: "default"
2025-02-20 09:58:19 [main] INFO  [36mo.s.d.r.c.RepositoryConfigurationDelegate[0;39m - Bootstrapping Spring Data JPA repositories in DEFAULT mode.
2025-02-20 09:58:19 [main] INFO  [36mo.s.d.r.c.RepositoryConfigurationDelegate[0;39m - Finished Spring Data repository scanning in 489 ms. Found 15 JPA repository interfaces.
2025-02-20 09:58:26 [main] INFO  [36mo.s.b.w.e.tomcat.TomcatWebServer[0;39m - Tomcat initialized with port 8091 (http)
2025-02-20 09:58:26 [main] INFO  [36mo.a.coyote.http11.Http11NioProtocol[0;39m - Initializing ProtocolHandler ["http-nio-8091"]
2025-02-20 09:58:27 [main] INFO  [36mo.a.catalina.core.StandardService[0;39m - Starting service [Tomcat]
2025-02-20 09:58:27 [main] INFO  [36mo.a.catalina.core.StandardEngine[0;39m - Starting Servlet engine: [Apache Tomcat/10.1.31]
2025-02-20 09:58:32 [main] INFO  [36mo.a.c.c.C.[Tomcat].[localhost].[/][0;39m - Initializing Spring embedded WebApplicationContext
2025-02-20 09:58:32 [main] INFO  [36mo.s.b.w.s.c.ServletWebServerApplicationContext[0;39m - Root WebApplicationContext: initialization completed in 26785 ms
2025-02-20 09:58:32 [main] WARN  [36mo.s.b.a.o.j.JpaBaseConfiguration$JpaWebConfiguration[0;39m - spring.jpa.open-in-view is enabled by default. Therefore, database queries may be performed during view rendering. Explicitly configure spring.jpa.open-in-view to disable this warning
2025-02-20 09:58:33 [main] INFO  [36mo.h.jpa.internal.util.LogHelper[0;39m - HHH000204: Processing PersistenceUnitInfo [name: default]
2025-02-20 09:58:33 [main] INFO  [36morg.hibernate.Version[0;39m - HHH000412: Hibernate ORM core version 6.5.3.Final
2025-02-20 09:58:35 [main] INFO  [36mo.h.c.i.RegionFactoryInitiator[0;39m - HHH000026: Second-level cache disabled
2025-02-20 09:58:37 [main] INFO  [36mo.s.o.j.p.SpringPersistenceUnitInfo[0;39m - No LoadTimeWeaver setup: ignoring JPA class transformer
2025-02-20 09:58:37 [main] INFO  [36mcom.zaxxer.hikari.HikariDataSource[0;39m - HikariPool-1 - Starting...
2025-02-20 09:58:38 [main] INFO  [36mcom.zaxxer.hikari.pool.HikariPool[0;39m - HikariPool-1 - Added connection com.mysql.cj.jdbc.ConnectionImpl@563263a
2025-02-20 09:58:38 [main] INFO  [36mcom.zaxxer.hikari.HikariDataSource[0;39m - HikariPool-1 - Start completed.
2025-02-20 09:58:39 [main] WARN  [36morg.hibernate.dialect.Dialect[0;39m - HHH000511: The 5.7.24 version for [org.hibernate.dialect.MySQLDialect] is no longer supported, hence certain features may not work properly. The minimum supported version is 8.0.0. Check the community dialects project for available legacy versions.
2025-02-20 09:58:39 [main] WARN  [36morg.hibernate.orm.deprecation[0;39m - HHH90000025: MySQLDialect does not need to be specified explicitly using 'hibernate.dialect' (remove the property setting and it will be selected by default)
2025-02-20 09:58:50 [main] INFO  [36mo.h.e.t.j.p.i.JtaPlatformInitiator[0;39m - HHH000489: No JTA platform available (set 'hibernate.transaction.jta.platform' to enable JTA platform integration)
2025-02-20 09:58:51 [main] INFO  [36mo.s.o.j.LocalContainerEntityManagerFactoryBean[0;39m - Initialized JPA EntityManagerFactory for persistence unit 'default'
2025-02-20 09:58:54 [main] INFO  [36mo.s.s.c.a.a.c.InitializeAuthenticationProviderBeanManagerConfigurer$InitializeAuthenticationProviderManagerConfigurer[0;39m - Global AuthenticationManager configured with AuthenticationProvider bean with name authenticationProvider
2025-02-20 09:58:54 [main] WARN  [36mo.s.s.c.a.a.c.InitializeUserDetailsBeanManagerConfigurer$InitializeUserDetailsManagerConfigurer[0;39m - Global AuthenticationManager configured with an AuthenticationProvider bean. UserDetailsService beans will not be used for username/password login. Consider removing the AuthenticationProvider bean. Alternatively, consider using the UserDetailsService in a manually instantiated DaoAuthenticationProvider.
2025-02-20 09:58:56 [main] INFO  [36mo.a.coyote.http11.Http11NioProtocol[0;39m - Starting ProtocolHandler ["http-nio-8091"]
2025-02-20 09:58:56 [main] INFO  [36mo.s.b.w.e.tomcat.TomcatWebServer[0;39m - Tomcat started on port 8091 (http) with context path '/'
2025-02-20 09:58:56 [main] INFO  [36mo.s.m.s.b.SimpleBrokerMessageHandler[0;39m - Starting...
2025-02-20 09:58:56 [main] INFO  [36mo.s.m.s.b.SimpleBrokerMessageHandler[0;39m - BrokerAvailabilityEvent[available=true, SimpleBrokerMessageHandler [org.springframework.messaging.simp.broker.DefaultSubscriptionRegistry@59a49dbc]]
2025-02-20 09:58:56 [main] INFO  [36mo.s.m.s.b.SimpleBrokerMessageHandler[0;39m - Started.
2025-02-20 09:58:56 [main] INFO  [36mc.P.digitalis.DigitalisApplication[0;39m - Started DigitalisApplication in 55.751 seconds (process running for 61.464)
2025-02-20 09:59:34 [http-nio-8091-exec-1] INFO  [36mo.a.c.c.C.[Tomcat].[localhost].[/][0;39m - Initializing Spring DispatcherServlet 'dispatcherServlet'
2025-02-20 09:59:34 [http-nio-8091-exec-1] INFO  [36mo.s.web.servlet.DispatcherServlet[0;39m - Initializing Servlet 'dispatcherServlet'
2025-02-20 09:59:34 [http-nio-8091-exec-1] INFO  [36mo.s.web.servlet.DispatcherServlet[0;39m - Completed initialization in 2 ms
2025-02-20 09:59:56 [MessageBroker-1] INFO  [36mo.s.w.s.c.WebSocketMessageBrokerStats[0;39m - WebSocketSession[0 current WS(0)-HttpStream(0)-HttpPoll(0), 0 total, 0 closed abnormally (0 connect failure, 0 send limit, 0 transport error)], stompSubProtocol[processed CONNECT(0)-CONNECTED(0)-DISCONNECT(0)], stompBrokerRelay[null], inboundChannel[pool size = 0, active threads = 0, queued tasks = 0, completed tasks = 0], outboundChannel[pool size = 0, active threads = 0, queued tasks = 0, completed tasks = 0], sockJsScheduler[pool size = 1, active threads = 1, queued tasks = 0, completed tasks = 0]
2025-02-20 10:07:23 [SpringApplicationShutdownHook] INFO  [36mo.s.m.s.b.SimpleBrokerMessageHandler[0;39m - Stopping...
2025-02-20 10:07:23 [SpringApplicationShutdownHook] INFO  [36mo.s.m.s.b.SimpleBrokerMessageHandler[0;39m - BrokerAvailabilityEvent[available=false, SimpleBrokerMessageHandler [org.springframework.messaging.simp.broker.DefaultSubscriptionRegistry@59a49dbc]]
2025-02-20 10:07:23 [SpringApplicationShutdownHook] INFO  [36mo.s.m.s.b.SimpleBrokerMessageHandler[0;39m - Stopped.
2025-02-20 10:07:25 [SpringApplicationShutdownHook] INFO  [36mo.s.o.j.LocalContainerEntityManagerFactoryBean[0;39m - Closing JPA EntityManagerFactory for persistence unit 'default'
2025-02-20 10:07:25 [SpringApplicationShutdownHook] INFO  [36mcom.zaxxer.hikari.HikariDataSource[0;39m - HikariPool-1 - Shutdown initiated...
2025-02-20 10:07:25 [SpringApplicationShutdownHook] INFO  [36mcom.zaxxer.hikari.HikariDataSource[0;39m - HikariPool-1 - Shutdown completed.
2025-02-20 10:07:42 [main] INFO  [36mc.P.digitalis.DigitalisApplication[0;39m - Starting DigitalisApplication using Java 17.0.6 with PID 7292 (C:\Users\LIVE-TECH\Desktop\ProjectManagment\digitalis\target\classes started by LIVE-TECH in C:\Users\LIVE-TECH\Desktop\ProjectManagment\digitalis)
2025-02-20 10:07:42 [main] INFO  [36mc.P.digitalis.DigitalisApplication[0;39m - No active profile set, falling back to 1 default profile: "default"
2025-02-20 10:07:46 [main] INFO  [36mo.s.d.r.c.RepositoryConfigurationDelegate[0;39m - Bootstrapping Spring Data JPA repositories in DEFAULT mode.
2025-02-20 10:07:46 [main] INFO  [36mo.s.d.r.c.RepositoryConfigurationDelegate[0;39m - Finished Spring Data repository scanning in 319 ms. Found 15 JPA repository interfaces.
2025-02-20 10:07:48 [main] INFO  [36mo.s.b.w.e.tomcat.TomcatWebServer[0;39m - Tomcat initialized with port 8091 (http)
2025-02-20 10:07:49 [main] INFO  [36mo.a.coyote.http11.Http11NioProtocol[0;39m - Initializing ProtocolHandler ["http-nio-8091"]
2025-02-20 10:07:49 [main] INFO  [36mo.a.catalina.core.StandardService[0;39m - Starting service [Tomcat]
2025-02-20 10:07:49 [main] INFO  [36mo.a.catalina.core.StandardEngine[0;39m - Starting Servlet engine: [Apache Tomcat/10.1.31]
2025-02-20 10:07:49 [main] INFO  [36mo.a.c.c.C.[Tomcat].[localhost].[/][0;39m - Initializing Spring embedded WebApplicationContext
2025-02-20 10:07:49 [main] INFO  [36mo.s.b.w.s.c.ServletWebServerApplicationContext[0;39m - Root WebApplicationContext: initialization completed in 6560 ms
2025-02-20 10:07:49 [main] WARN  [36mo.s.b.a.o.j.JpaBaseConfiguration$JpaWebConfiguration[0;39m - spring.jpa.open-in-view is enabled by default. Therefore, database queries may be performed during view rendering. Explicitly configure spring.jpa.open-in-view to disable this warning
2025-02-20 10:07:49 [main] INFO  [36mo.h.jpa.internal.util.LogHelper[0;39m - HHH000204: Processing PersistenceUnitInfo [name: default]
2025-02-20 10:07:50 [main] INFO  [36morg.hibernate.Version[0;39m - HHH000412: Hibernate ORM core version 6.5.3.Final
2025-02-20 10:07:50 [main] INFO  [36mo.h.c.i.RegionFactoryInitiator[0;39m - HHH000026: Second-level cache disabled
2025-02-20 10:07:51 [main] INFO  [36mo.s.o.j.p.SpringPersistenceUnitInfo[0;39m - No LoadTimeWeaver setup: ignoring JPA class transformer
2025-02-20 10:07:51 [main] INFO  [36mcom.zaxxer.hikari.HikariDataSource[0;39m - HikariPool-1 - Starting...
2025-02-20 10:07:51 [main] INFO  [36mcom.zaxxer.hikari.pool.HikariPool[0;39m - HikariPool-1 - Added connection com.mysql.cj.jdbc.ConnectionImpl@5af38a4a
2025-02-20 10:07:51 [main] INFO  [36mcom.zaxxer.hikari.HikariDataSource[0;39m - HikariPool-1 - Start completed.
2025-02-20 10:07:51 [main] WARN  [36morg.hibernate.dialect.Dialect[0;39m - HHH000511: The 5.7.24 version for [org.hibernate.dialect.MySQLDialect] is no longer supported, hence certain features may not work properly. The minimum supported version is 8.0.0. Check the community dialects project for available legacy versions.
2025-02-20 10:07:51 [main] WARN  [36morg.hibernate.orm.deprecation[0;39m - HHH90000025: MySQLDialect does not need to be specified explicitly using 'hibernate.dialect' (remove the property setting and it will be selected by default)
2025-02-20 10:07:55 [main] INFO  [36mo.h.e.t.j.p.i.JtaPlatformInitiator[0;39m - HHH000489: No JTA platform available (set 'hibernate.transaction.jta.platform' to enable JTA platform integration)
2025-02-20 10:07:56 [main] INFO  [36mo.s.o.j.LocalContainerEntityManagerFactoryBean[0;39m - Initialized JPA EntityManagerFactory for persistence unit 'default'
2025-02-20 10:07:58 [main] INFO  [36mo.s.s.c.a.a.c.InitializeAuthenticationProviderBeanManagerConfigurer$InitializeAuthenticationProviderManagerConfigurer[0;39m - Global AuthenticationManager configured with AuthenticationProvider bean with name authenticationProvider
2025-02-20 10:07:58 [main] WARN  [36mo.s.s.c.a.a.c.InitializeUserDetailsBeanManagerConfigurer$InitializeUserDetailsManagerConfigurer[0;39m - Global AuthenticationManager configured with an AuthenticationProvider bean. UserDetailsService beans will not be used for username/password login. Consider removing the AuthenticationProvider bean. Alternatively, consider using the UserDetailsService in a manually instantiated DaoAuthenticationProvider.
2025-02-20 10:08:00 [main] INFO  [36mo.a.coyote.http11.Http11NioProtocol[0;39m - Starting ProtocolHandler ["http-nio-8091"]
2025-02-20 10:08:00 [main] INFO  [36mo.s.b.w.e.tomcat.TomcatWebServer[0;39m - Tomcat started on port 8091 (http) with context path '/'
2025-02-20 10:08:00 [main] INFO  [36mo.s.m.s.b.SimpleBrokerMessageHandler[0;39m - Starting...
2025-02-20 10:08:00 [main] INFO  [36mo.s.m.s.b.SimpleBrokerMessageHandler[0;39m - BrokerAvailabilityEvent[available=true, SimpleBrokerMessageHandler [org.springframework.messaging.simp.broker.DefaultSubscriptionRegistry@4b90f49d]]
2025-02-20 10:08:00 [main] INFO  [36mo.s.m.s.b.SimpleBrokerMessageHandler[0;39m - Started.
2025-02-20 10:08:00 [main] INFO  [36mc.P.digitalis.DigitalisApplication[0;39m - Started DigitalisApplication in 19.16 seconds (process running for 21.52)
2025-02-20 10:08:19 [http-nio-8091-exec-1] INFO  [36mo.a.c.c.C.[Tomcat].[localhost].[/][0;39m - Initializing Spring DispatcherServlet 'dispatcherServlet'
2025-02-20 10:08:19 [http-nio-8091-exec-1] INFO  [36mo.s.web.servlet.DispatcherServlet[0;39m - Initializing Servlet 'dispatcherServlet'
2025-02-20 10:08:19 [http-nio-8091-exec-1] INFO  [36mo.s.web.servlet.DispatcherServlet[0;39m - Completed initialization in 5 ms
2025-02-20 10:09:00 [MessageBroker-1] INFO  [36mo.s.w.s.c.WebSocketMessageBrokerStats[0;39m - WebSocketSession[0 current WS(0)-HttpStream(0)-HttpPoll(0), 0 total, 0 closed abnormally (0 connect failure, 0 send limit, 0 transport error)], stompSubProtocol[processed CONNECT(0)-CONNECTED(0)-DISCONNECT(0)], stompBrokerRelay[null], inboundChannel[pool size = 0, active threads = 0, queued tasks = 0, completed tasks = 0], outboundChannel[pool size = 0, active threads = 0, queued tasks = 0, completed tasks = 0], sockJsScheduler[pool size = 1, active threads = 1, queued tasks = 0, completed tasks = 0]
2025-02-20 10:36:15 [SpringApplicationShutdownHook] INFO  [36mo.s.m.s.b.SimpleBrokerMessageHandler[0;39m - Stopping...
2025-02-20 10:36:15 [SpringApplicationShutdownHook] INFO  [36mo.s.m.s.b.SimpleBrokerMessageHandler[0;39m - BrokerAvailabilityEvent[available=false, SimpleBrokerMessageHandler [org.springframework.messaging.simp.broker.DefaultSubscriptionRegistry@4b90f49d]]
2025-02-20 10:36:15 [SpringApplicationShutdownHook] INFO  [36mo.s.m.s.b.SimpleBrokerMessageHandler[0;39m - Stopped.
2025-02-20 10:36:16 [SpringApplicationShutdownHook] INFO  [36mo.s.o.j.LocalContainerEntityManagerFactoryBean[0;39m - Closing JPA EntityManagerFactory for persistence unit 'default'
2025-02-20 10:36:17 [SpringApplicationShutdownHook] INFO  [36mcom.zaxxer.hikari.HikariDataSource[0;39m - HikariPool-1 - Shutdown initiated...
2025-02-20 10:36:17 [SpringApplicationShutdownHook] INFO  [36mcom.zaxxer.hikari.HikariDataSource[0;39m - HikariPool-1 - Shutdown completed.
2025-02-20 10:36:35 [main] INFO  [36mc.P.digitalis.DigitalisApplication[0;39m - Starting DigitalisApplication using Java 17.0.6 with PID 11404 (C:\Users\LIVE-TECH\Desktop\ProjectManagment\digitalis\target\classes started by LIVE-TECH in C:\Users\LIVE-TECH\Desktop\ProjectManagment\digitalis)
2025-02-20 10:36:35 [main] INFO  [36mc.P.digitalis.DigitalisApplication[0;39m - No active profile set, falling back to 1 default profile: "default"
2025-02-20 10:36:39 [main] INFO  [36mo.s.d.r.c.RepositoryConfigurationDelegate[0;39m - Bootstrapping Spring Data JPA repositories in DEFAULT mode.
2025-02-20 10:36:39 [main] INFO  [36mo.s.d.r.c.RepositoryConfigurationDelegate[0;39m - Finished Spring Data repository scanning in 351 ms. Found 15 JPA repository interfaces.
2025-02-20 10:36:41 [main] INFO  [36mo.s.b.w.e.tomcat.TomcatWebServer[0;39m - Tomcat initialized with port 8091 (http)
2025-02-20 10:36:41 [main] INFO  [36mo.a.coyote.http11.Http11NioProtocol[0;39m - Initializing ProtocolHandler ["http-nio-8091"]
2025-02-20 10:36:41 [main] INFO  [36mo.a.catalina.core.StandardService[0;39m - Starting service [Tomcat]
2025-02-20 10:36:41 [main] INFO  [36mo.a.catalina.core.StandardEngine[0;39m - Starting Servlet engine: [Apache Tomcat/10.1.31]
2025-02-20 10:36:42 [main] INFO  [36mo.a.c.c.C.[Tomcat].[localhost].[/][0;39m - Initializing Spring embedded WebApplicationContext
2025-02-20 10:36:42 [main] INFO  [36mo.s.b.w.s.c.ServletWebServerApplicationContext[0;39m - Root WebApplicationContext: initialization completed in 6106 ms
2025-02-20 10:36:42 [main] WARN  [36mo.s.b.a.o.j.JpaBaseConfiguration$JpaWebConfiguration[0;39m - spring.jpa.open-in-view is enabled by default. Therefore, database queries may be performed during view rendering. Explicitly configure spring.jpa.open-in-view to disable this warning
2025-02-20 10:36:42 [main] INFO  [36mo.h.jpa.internal.util.LogHelper[0;39m - HHH000204: Processing PersistenceUnitInfo [name: default]
2025-02-20 10:36:42 [main] INFO  [36morg.hibernate.Version[0;39m - HHH000412: Hibernate ORM core version 6.5.3.Final
2025-02-20 10:36:42 [main] INFO  [36mo.h.c.i.RegionFactoryInitiator[0;39m - HHH000026: Second-level cache disabled
2025-02-20 10:36:44 [main] INFO  [36mo.s.o.j.p.SpringPersistenceUnitInfo[0;39m - No LoadTimeWeaver setup: ignoring JPA class transformer
2025-02-20 10:36:44 [main] INFO  [36mcom.zaxxer.hikari.HikariDataSource[0;39m - HikariPool-1 - Starting...
2025-02-20 10:36:44 [main] INFO  [36mcom.zaxxer.hikari.pool.HikariPool[0;39m - HikariPool-1 - Added connection com.mysql.cj.jdbc.ConnectionImpl@69ba72da
2025-02-20 10:36:44 [main] INFO  [36mcom.zaxxer.hikari.HikariDataSource[0;39m - HikariPool-1 - Start completed.
2025-02-20 10:36:44 [main] WARN  [36morg.hibernate.dialect.Dialect[0;39m - HHH000511: The 5.7.24 version for [org.hibernate.dialect.MySQLDialect] is no longer supported, hence certain features may not work properly. The minimum supported version is 8.0.0. Check the community dialects project for available legacy versions.
2025-02-20 10:36:44 [main] WARN  [36morg.hibernate.orm.deprecation[0;39m - HHH90000025: MySQLDialect does not need to be specified explicitly using 'hibernate.dialect' (remove the property setting and it will be selected by default)
2025-02-20 10:36:47 [main] INFO  [36mo.h.e.t.j.p.i.JtaPlatformInitiator[0;39m - HHH000489: No JTA platform available (set 'hibernate.transaction.jta.platform' to enable JTA platform integration)
2025-02-20 10:36:48 [main] INFO  [36mo.s.o.j.LocalContainerEntityManagerFactoryBean[0;39m - Initialized JPA EntityManagerFactory for persistence unit 'default'
2025-02-20 10:36:50 [main] INFO  [36mo.s.s.c.a.a.c.InitializeAuthenticationProviderBeanManagerConfigurer$InitializeAuthenticationProviderManagerConfigurer[0;39m - Global AuthenticationManager configured with AuthenticationProvider bean with name authenticationProvider
2025-02-20 10:36:50 [main] WARN  [36mo.s.s.c.a.a.c.InitializeUserDetailsBeanManagerConfigurer$InitializeUserDetailsManagerConfigurer[0;39m - Global AuthenticationManager configured with an AuthenticationProvider bean. UserDetailsService beans will not be used for username/password login. Consider removing the AuthenticationProvider bean. Alternatively, consider using the UserDetailsService in a manually instantiated DaoAuthenticationProvider.
2025-02-20 10:36:52 [main] INFO  [36mo.a.coyote.http11.Http11NioProtocol[0;39m - Starting ProtocolHandler ["http-nio-8091"]
2025-02-20 10:36:52 [main] INFO  [36mo.s.b.w.e.tomcat.TomcatWebServer[0;39m - Tomcat started on port 8091 (http) with context path '/'
2025-02-20 10:36:52 [main] INFO  [36mo.s.m.s.b.SimpleBrokerMessageHandler[0;39m - Starting...
2025-02-20 10:36:52 [main] INFO  [36mo.s.m.s.b.SimpleBrokerMessageHandler[0;39m - BrokerAvailabilityEvent[available=true, SimpleBrokerMessageHandler [org.springframework.messaging.simp.broker.DefaultSubscriptionRegistry@76afb9d]]
2025-02-20 10:36:52 [main] INFO  [36mo.s.m.s.b.SimpleBrokerMessageHandler[0;39m - Started.
2025-02-20 10:36:52 [main] INFO  [36mc.P.digitalis.DigitalisApplication[0;39m - Started DigitalisApplication in 18.272 seconds (process running for 20.914)
2025-02-20 10:37:04 [http-nio-8091-exec-1] INFO  [36mo.a.c.c.C.[Tomcat].[localhost].[/][0;39m - Initializing Spring DispatcherServlet 'dispatcherServlet'
2025-02-20 10:37:04 [http-nio-8091-exec-1] INFO  [36mo.s.web.servlet.DispatcherServlet[0;39m - Initializing Servlet 'dispatcherServlet'
2025-02-20 10:37:04 [http-nio-8091-exec-1] INFO  [36mo.s.web.servlet.DispatcherServlet[0;39m - Completed initialization in 3 ms
2025-02-20 10:37:52 [MessageBroker-1] INFO  [36mo.s.w.s.c.WebSocketMessageBrokerStats[0;39m - WebSocketSession[0 current WS(0)-HttpStream(0)-HttpPoll(0), 0 total, 0 closed abnormally (0 connect failure, 0 send limit, 0 transport error)], stompSubProtocol[processed CONNECT(0)-CONNECTED(0)-DISCONNECT(0)], stompBrokerRelay[null], inboundChannel[pool size = 0, active threads = 0, queued tasks = 0, completed tasks = 0], outboundChannel[pool size = 0, active threads = 0, queued tasks = 0, completed tasks = 0], sockJsScheduler[pool size = 1, active threads = 1, queued tasks = 0, completed tasks = 0]
2025-02-20 11:07:54 [MessageBroker-1] INFO  [36mo.s.w.s.c.WebSocketMessageBrokerStats[0;39m - WebSocketSession[0 current WS(0)-HttpStream(0)-HttpPoll(0), 0 total, 0 closed abnormally (0 connect failure, 0 send limit, 0 transport error)], stompSubProtocol[processed CONNECT(0)-CONNECTED(0)-DISCONNECT(0)], stompBrokerRelay[null], inboundChannel[pool size = 0, active threads = 0, queued tasks = 0, completed tasks = 0], outboundChannel[pool size = 0, active threads = 0, queued tasks = 0, completed tasks = 0], sockJsScheduler[pool size = 2, active threads = 1, queued tasks = 0, completed tasks = 1]
2025-02-20 11:37:55 [MessageBroker-1] INFO  [36mo.s.w.s.c.WebSocketMessageBrokerStats[0;39m - WebSocketSession[0 current WS(0)-HttpStream(0)-HttpPoll(0), 0 total, 0 closed abnormally (0 connect failure, 0 send limit, 0 transport error)], stompSubProtocol[processed CONNECT(0)-CONNECTED(0)-DISCONNECT(0)], stompBrokerRelay[null], inboundChannel[pool size = 0, active threads = 0, queued tasks = 0, completed tasks = 0], outboundChannel[pool size = 0, active threads = 0, queued tasks = 0, completed tasks = 0], sockJsScheduler[pool size = 3, active threads = 1, queued tasks = 0, completed tasks = 2]
2025-02-20 12:07:08 [SpringApplicationShutdownHook] INFO  [36mo.s.m.s.b.SimpleBrokerMessageHandler[0;39m - Stopping...
2025-02-20 12:07:09 [SpringApplicationShutdownHook] INFO  [36mo.s.m.s.b.SimpleBrokerMessageHandler[0;39m - BrokerAvailabilityEvent[available=false, SimpleBrokerMessageHandler [org.springframework.messaging.simp.broker.DefaultSubscriptionRegistry@76afb9d]]
2025-02-20 12:07:09 [SpringApplicationShutdownHook] INFO  [36mo.s.m.s.b.SimpleBrokerMessageHandler[0;39m - Stopped.
2025-02-20 12:07:14 [SpringApplicationShutdownHook] INFO  [36mo.s.o.j.LocalContainerEntityManagerFactoryBean[0;39m - Closing JPA EntityManagerFactory for persistence unit 'default'
2025-02-20 12:07:15 [SpringApplicationShutdownHook] INFO  [36mcom.zaxxer.hikari.HikariDataSource[0;39m - HikariPool-1 - Shutdown initiated...
2025-02-20 12:07:15 [SpringApplicationShutdownHook] INFO  [36mcom.zaxxer.hikari.HikariDataSource[0;39m - HikariPool-1 - Shutdown completed.
2025-02-20 14:55:23 [main] INFO  [36mc.P.digitalis.DigitalisApplication[0;39m - Starting DigitalisApplication using Java 17.0.6 with PID 9776 (C:\Users\LIVE-TECH\Desktop\ProjectManagment\digitalis\target\classes started by LIVE-TECH in C:\Users\LIVE-TECH\Desktop\ProjectManagment\digitalis)
2025-02-20 14:55:23 [main] INFO  [36mc.P.digitalis.DigitalisApplication[0;39m - No active profile set, falling back to 1 default profile: "default"
2025-02-20 14:55:35 [main] INFO  [36mo.s.d.r.c.RepositoryConfigurationDelegate[0;39m - Bootstrapping Spring Data JPA repositories in DEFAULT mode.
2025-02-20 14:55:36 [main] INFO  [36mo.s.d.r.c.RepositoryConfigurationDelegate[0;39m - Finished Spring Data repository scanning in 364 ms. Found 15 JPA repository interfaces.
2025-02-20 14:55:42 [main] INFO  [36mo.s.b.w.e.tomcat.TomcatWebServer[0;39m - Tomcat initialized with port 8091 (http)
2025-02-20 14:55:42 [main] INFO  [36mo.a.coyote.http11.Http11NioProtocol[0;39m - Initializing ProtocolHandler ["http-nio-8091"]
2025-02-20 14:55:42 [main] INFO  [36mo.a.catalina.core.StandardService[0;39m - Starting service [Tomcat]
2025-02-20 14:55:42 [main] INFO  [36mo.a.catalina.core.StandardEngine[0;39m - Starting Servlet engine: [Apache Tomcat/10.1.31]
2025-02-20 14:55:42 [main] INFO  [36mo.a.c.c.C.[Tomcat].[localhost].[/][0;39m - Initializing Spring embedded WebApplicationContext
2025-02-20 14:55:42 [main] INFO  [36mo.s.b.w.s.c.ServletWebServerApplicationContext[0;39m - Root WebApplicationContext: initialization completed in 19211 ms
2025-02-20 14:55:42 [main] WARN  [36mo.s.b.a.o.j.JpaBaseConfiguration$JpaWebConfiguration[0;39m - spring.jpa.open-in-view is enabled by default. Therefore, database queries may be performed during view rendering. Explicitly configure spring.jpa.open-in-view to disable this warning
2025-02-20 14:55:43 [main] INFO  [36mo.h.jpa.internal.util.LogHelper[0;39m - HHH000204: Processing PersistenceUnitInfo [name: default]
2025-02-20 14:55:43 [main] INFO  [36morg.hibernate.Version[0;39m - HHH000412: Hibernate ORM core version 6.5.3.Final
2025-02-20 14:55:44 [main] INFO  [36mo.h.c.i.RegionFactoryInitiator[0;39m - HHH000026: Second-level cache disabled
2025-02-20 14:55:45 [main] INFO  [36mo.s.o.j.p.SpringPersistenceUnitInfo[0;39m - No LoadTimeWeaver setup: ignoring JPA class transformer
2025-02-20 14:55:46 [main] INFO  [36mcom.zaxxer.hikari.HikariDataSource[0;39m - HikariPool-1 - Starting...
2025-02-20 14:55:46 [main] INFO  [36mcom.zaxxer.hikari.pool.HikariPool[0;39m - HikariPool-1 - Added connection com.mysql.cj.jdbc.ConnectionImpl@63c84d31
2025-02-20 14:55:46 [main] INFO  [36mcom.zaxxer.hikari.HikariDataSource[0;39m - HikariPool-1 - Start completed.
2025-02-20 14:55:47 [main] WARN  [36morg.hibernate.dialect.Dialect[0;39m - HHH000511: The 5.7.24 version for [org.hibernate.dialect.MySQLDialect] is no longer supported, hence certain features may not work properly. The minimum supported version is 8.0.0. Check the community dialects project for available legacy versions.
2025-02-20 14:55:47 [main] WARN  [36morg.hibernate.orm.deprecation[0;39m - HHH90000025: MySQLDialect does not need to be specified explicitly using 'hibernate.dialect' (remove the property setting and it will be selected by default)
2025-02-20 14:55:53 [main] INFO  [36mo.h.e.t.j.p.i.JtaPlatformInitiator[0;39m - HHH000489: No JTA platform available (set 'hibernate.transaction.jta.platform' to enable JTA platform integration)
2025-02-20 14:55:54 [main] INFO  [36mo.s.o.j.LocalContainerEntityManagerFactoryBean[0;39m - Initialized JPA EntityManagerFactory for persistence unit 'default'
2025-02-20 14:56:01 [main] INFO  [36mo.s.s.c.a.a.c.InitializeAuthenticationProviderBeanManagerConfigurer$InitializeAuthenticationProviderManagerConfigurer[0;39m - Global AuthenticationManager configured with AuthenticationProvider bean with name authenticationProvider
2025-02-20 14:56:01 [main] WARN  [36mo.s.s.c.a.a.c.InitializeUserDetailsBeanManagerConfigurer$InitializeUserDetailsManagerConfigurer[0;39m - Global AuthenticationManager configured with an AuthenticationProvider bean. UserDetailsService beans will not be used for username/password login. Consider removing the AuthenticationProvider bean. Alternatively, consider using the UserDetailsService in a manually instantiated DaoAuthenticationProvider.
2025-02-20 14:56:05 [main] INFO  [36mo.a.coyote.http11.Http11NioProtocol[0;39m - Starting ProtocolHandler ["http-nio-8091"]
2025-02-20 14:56:05 [main] INFO  [36mo.s.b.w.e.tomcat.TomcatWebServer[0;39m - Tomcat started on port 8091 (http) with context path '/'
2025-02-20 14:56:05 [main] INFO  [36mo.s.m.s.b.SimpleBrokerMessageHandler[0;39m - Starting...
2025-02-20 14:56:05 [main] INFO  [36mo.s.m.s.b.SimpleBrokerMessageHandler[0;39m - BrokerAvailabilityEvent[available=true, SimpleBrokerMessageHandler [org.springframework.messaging.simp.broker.DefaultSubscriptionRegistry@670199c5]]
2025-02-20 14:56:05 [main] INFO  [36mo.s.m.s.b.SimpleBrokerMessageHandler[0;39m - Started.
2025-02-20 14:56:05 [main] INFO  [36mc.P.digitalis.DigitalisApplication[0;39m - Started DigitalisApplication in 44.943 seconds (process running for 60.198)
2025-02-20 14:57:05 [MessageBroker-1] INFO  [36mo.s.w.s.c.WebSocketMessageBrokerStats[0;39m - WebSocketSession[0 current WS(0)-HttpStream(0)-HttpPoll(0), 0 total, 0 closed abnormally (0 connect failure, 0 send limit, 0 transport error)], stompSubProtocol[processed CONNECT(0)-CONNECTED(0)-DISCONNECT(0)], stompBrokerRelay[null], inboundChannel[pool size = 0, active threads = 0, queued tasks = 0, completed tasks = 0], outboundChannel[pool size = 0, active threads = 0, queued tasks = 0, completed tasks = 0], sockJsScheduler[pool size = 1, active threads = 1, queued tasks = 0, completed tasks = 0]
2025-02-20 15:01:32 [http-nio-8091-exec-1] INFO  [36mo.a.c.c.C.[Tomcat].[localhost].[/][0;39m - Initializing Spring DispatcherServlet 'dispatcherServlet'
2025-02-20 15:01:32 [http-nio-8091-exec-1] INFO  [36mo.s.web.servlet.DispatcherServlet[0;39m - Initializing Servlet 'dispatcherServlet'
2025-02-20 15:01:32 [http-nio-8091-exec-1] INFO  [36mo.s.web.servlet.DispatcherServlet[0;39m - Completed initialization in 4 ms
2025-02-20 15:27:05 [MessageBroker-1] INFO  [36mo.s.w.s.c.WebSocketMessageBrokerStats[0;39m - WebSocketSession[0 current WS(0)-HttpStream(0)-HttpPoll(0), 0 total, 0 closed abnormally (0 connect failure, 0 send limit, 0 transport error)], stompSubProtocol[processed CONNECT(0)-CONNECTED(0)-DISCONNECT(0)], stompBrokerRelay[null], inboundChannel[pool size = 0, active threads = 0, queued tasks = 0, completed tasks = 0], outboundChannel[pool size = 0, active threads = 0, queued tasks = 0, completed tasks = 0], sockJsScheduler[pool size = 2, active threads = 1, queued tasks = 0, completed tasks = 1]
2025-02-20 15:35:42 [http-nio-8091-exec-2] WARN  [36mo.s.w.s.m.s.DefaultHandlerExceptionResolver[0;39m - Resolved [org.springframework.web.HttpMediaTypeNotSupportedException: Content-Type 'multipart/form-data;boundary=----WebKitFormBoundaryB58wO7hy1YuW4C6A;charset=UTF-8' is not supported]
2025-02-20 15:40:56 [http-nio-8091-exec-5] WARN  [36mo.s.w.s.m.s.DefaultHandlerExceptionResolver[0;39m - Resolved [org.springframework.web.HttpMediaTypeNotSupportedException: Content-Type 'multipart/form-data;boundary=----WebKitFormBoundarybCn5Z2TX2jEoWcr7;charset=UTF-8' is not supported]
2025-02-20 15:46:02 [http-nio-8091-exec-7] WARN  [36mo.s.w.s.m.s.DefaultHandlerExceptionResolver[0;39m - Resolved [org.springframework.web.HttpMediaTypeNotSupportedException: Content-Type 'multipart/form-data;boundary=----WebKitFormBoundaryL23fcJpFunR582Bp;charset=UTF-8' is not supported]
2025-02-20 15:47:02 [http-nio-8091-exec-1] WARN  [36mo.s.w.s.m.s.DefaultHandlerExceptionResolver[0;39m - Resolved [org.springframework.web.HttpMediaTypeNotSupportedException: Content-Type 'multipart/form-data;boundary=----WebKitFormBoundaryYkMSWaYClrSoCaCf;charset=UTF-8' is not supported]
2025-02-20 15:57:05 [MessageBroker-2] INFO  [36mo.s.w.s.c.WebSocketMessageBrokerStats[0;39m - WebSocketSession[0 current WS(0)-HttpStream(0)-HttpPoll(0), 0 total, 0 closed abnormally (0 connect failure, 0 send limit, 0 transport error)], stompSubProtocol[processed CONNECT(0)-CONNECTED(0)-DISCONNECT(0)], stompBrokerRelay[null], inboundChannel[pool size = 0, active threads = 0, queued tasks = 0, completed tasks = 0], outboundChannel[pool size = 0, active threads = 0, queued tasks = 0, completed tasks = 0], sockJsScheduler[pool size = 3, active threads = 1, queued tasks = 0, completed tasks = 2]
2025-02-20 16:01:29 [SpringApplicationShutdownHook] INFO  [36mo.s.m.s.b.SimpleBrokerMessageHandler[0;39m - Stopping...
2025-02-20 16:01:29 [SpringApplicationShutdownHook] INFO  [36mo.s.m.s.b.SimpleBrokerMessageHandler[0;39m - BrokerAvailabilityEvent[available=false, SimpleBrokerMessageHandler [org.springframework.messaging.simp.broker.DefaultSubscriptionRegistry@670199c5]]
2025-02-20 16:01:29 [SpringApplicationShutdownHook] INFO  [36mo.s.m.s.b.SimpleBrokerMessageHandler[0;39m - Stopped.
2025-02-20 16:01:31 [SpringApplicationShutdownHook] INFO  [36mo.s.o.j.LocalContainerEntityManagerFactoryBean[0;39m - Closing JPA EntityManagerFactory for persistence unit 'default'
2025-02-20 16:01:31 [SpringApplicationShutdownHook] INFO  [36mcom.zaxxer.hikari.HikariDataSource[0;39m - HikariPool-1 - Shutdown initiated...
2025-02-20 16:01:31 [SpringApplicationShutdownHook] INFO  [36mcom.zaxxer.hikari.HikariDataSource[0;39m - HikariPool-1 - Shutdown completed.
2025-02-20 16:02:20 [main] INFO  [36mc.P.digitalis.DigitalisApplication[0;39m - Starting DigitalisApplication using Java 17.0.6 with PID 12628 (C:\Users\LIVE-TECH\Desktop\ProjectManagment\digitalis\target\classes started by LIVE-TECH in C:\Users\LIVE-TECH\Desktop\ProjectManagment\digitalis)
2025-02-20 16:02:20 [main] INFO  [36mc.P.digitalis.DigitalisApplication[0;39m - No active profile set, falling back to 1 default profile: "default"
2025-02-20 16:02:29 [main] INFO  [36mo.s.d.r.c.RepositoryConfigurationDelegate[0;39m - Bootstrapping Spring Data JPA repositories in DEFAULT mode.
2025-02-20 16:02:30 [main] INFO  [36mo.s.d.r.c.RepositoryConfigurationDelegate[0;39m - Finished Spring Data repository scanning in 389 ms. Found 15 JPA repository interfaces.
2025-02-20 16:02:36 [main] INFO  [36mo.s.b.w.e.tomcat.TomcatWebServer[0;39m - Tomcat initialized with port 8091 (http)
2025-02-20 16:02:36 [main] INFO  [36mo.a.coyote.http11.Http11NioProtocol[0;39m - Initializing ProtocolHandler ["http-nio-8091"]
2025-02-20 16:02:36 [main] INFO  [36mo.a.catalina.core.StandardService[0;39m - Starting service [Tomcat]
2025-02-20 16:02:36 [main] INFO  [36mo.a.catalina.core.StandardEngine[0;39m - Starting Servlet engine: [Apache Tomcat/10.1.31]
2025-02-20 16:02:44 [main] INFO  [36mo.a.c.c.C.[Tomcat].[localhost].[/][0;39m - Initializing Spring embedded WebApplicationContext
2025-02-20 16:02:44 [main] INFO  [36mo.s.b.w.s.c.ServletWebServerApplicationContext[0;39m - Root WebApplicationContext: initialization completed in 23535 ms
2025-02-20 16:02:44 [main] WARN  [36mo.s.b.a.o.j.JpaBaseConfiguration$JpaWebConfiguration[0;39m - spring.jpa.open-in-view is enabled by default. Therefore, database queries may be performed during view rendering. Explicitly configure spring.jpa.open-in-view to disable this warning
2025-02-20 16:02:45 [main] INFO  [36mo.h.jpa.internal.util.LogHelper[0;39m - HHH000204: Processing PersistenceUnitInfo [name: default]
2025-02-20 16:02:46 [main] INFO  [36morg.hibernate.Version[0;39m - HHH000412: Hibernate ORM core version 6.5.3.Final
2025-02-20 16:02:47 [main] INFO  [36mo.h.c.i.RegionFactoryInitiator[0;39m - HHH000026: Second-level cache disabled
2025-02-20 16:02:48 [main] INFO  [36mo.s.o.j.p.SpringPersistenceUnitInfo[0;39m - No LoadTimeWeaver setup: ignoring JPA class transformer
2025-02-20 16:02:49 [main] INFO  [36mcom.zaxxer.hikari.HikariDataSource[0;39m - HikariPool-1 - Starting...
2025-02-20 16:02:50 [main] INFO  [36mcom.zaxxer.hikari.pool.HikariPool[0;39m - HikariPool-1 - Added connection com.mysql.cj.jdbc.ConnectionImpl@595ec862
2025-02-20 16:02:50 [main] INFO  [36mcom.zaxxer.hikari.HikariDataSource[0;39m - HikariPool-1 - Start completed.
2025-02-20 16:02:50 [main] WARN  [36morg.hibernate.dialect.Dialect[0;39m - HHH000511: The 5.7.24 version for [org.hibernate.dialect.MySQLDialect] is no longer supported, hence certain features may not work properly. The minimum supported version is 8.0.0. Check the community dialects project for available legacy versions.
2025-02-20 16:02:50 [main] WARN  [36morg.hibernate.orm.deprecation[0;39m - HHH90000025: MySQLDialect does not need to be specified explicitly using 'hibernate.dialect' (remove the property setting and it will be selected by default)
2025-02-20 16:02:59 [main] INFO  [36mo.h.e.t.j.p.i.JtaPlatformInitiator[0;39m - HHH000489: No JTA platform available (set 'hibernate.transaction.jta.platform' to enable JTA platform integration)
2025-02-20 16:03:00 [main] INFO  [36mo.s.o.j.LocalContainerEntityManagerFactoryBean[0;39m - Initialized JPA EntityManagerFactory for persistence unit 'default'
2025-02-20 16:03:02 [main] INFO  [36mo.s.s.c.a.a.c.InitializeAuthenticationProviderBeanManagerConfigurer$InitializeAuthenticationProviderManagerConfigurer[0;39m - Global AuthenticationManager configured with AuthenticationProvider bean with name authenticationProvider
2025-02-20 16:03:02 [main] WARN  [36mo.s.s.c.a.a.c.InitializeUserDetailsBeanManagerConfigurer$InitializeUserDetailsManagerConfigurer[0;39m - Global AuthenticationManager configured with an AuthenticationProvider bean. UserDetailsService beans will not be used for username/password login. Consider removing the AuthenticationProvider bean. Alternatively, consider using the UserDetailsService in a manually instantiated DaoAuthenticationProvider.
2025-02-20 16:03:04 [main] INFO  [36mo.a.coyote.http11.Http11NioProtocol[0;39m - Starting ProtocolHandler ["http-nio-8091"]
2025-02-20 16:03:04 [main] INFO  [36mo.s.b.w.e.tomcat.TomcatWebServer[0;39m - Tomcat started on port 8091 (http) with context path '/'
2025-02-20 16:03:04 [main] INFO  [36mo.s.m.s.b.SimpleBrokerMessageHandler[0;39m - Starting...
2025-02-20 16:03:04 [main] INFO  [36mo.s.m.s.b.SimpleBrokerMessageHandler[0;39m - BrokerAvailabilityEvent[available=true, SimpleBrokerMessageHandler [org.springframework.messaging.simp.broker.DefaultSubscriptionRegistry@37672aa7]]
2025-02-20 16:03:04 [main] INFO  [36mo.s.m.s.b.SimpleBrokerMessageHandler[0;39m - Started.
2025-02-20 16:03:04 [main] INFO  [36mc.P.digitalis.DigitalisApplication[0;39m - Started DigitalisApplication in 47.853 seconds (process running for 58.112)
2025-02-20 16:03:19 [http-nio-8091-exec-1] INFO  [36mo.a.c.c.C.[Tomcat].[localhost].[/][0;39m - Initializing Spring DispatcherServlet 'dispatcherServlet'
2025-02-20 16:03:19 [http-nio-8091-exec-1] INFO  [36mo.s.web.servlet.DispatcherServlet[0;39m - Initializing Servlet 'dispatcherServlet'
2025-02-20 16:03:19 [http-nio-8091-exec-1] INFO  [36mo.s.web.servlet.DispatcherServlet[0;39m - Completed initialization in 3 ms
2025-02-20 16:04:04 [MessageBroker-1] INFO  [36mo.s.w.s.c.WebSocketMessageBrokerStats[0;39m - WebSocketSession[0 current WS(0)-HttpStream(0)-HttpPoll(0), 0 total, 0 closed abnormally (0 connect failure, 0 send limit, 0 transport error)], stompSubProtocol[processed CONNECT(0)-CONNECTED(0)-DISCONNECT(0)], stompBrokerRelay[null], inboundChannel[pool size = 0, active threads = 0, queued tasks = 0, completed tasks = 0], outboundChannel[pool size = 0, active threads = 0, queued tasks = 0, completed tasks = 0], sockJsScheduler[pool size = 1, active threads = 1, queued tasks = 0, completed tasks = 0]
2025-02-20 16:10:35 [http-nio-8091-exec-6] INFO  [36mc.P.d.service.ProjetServicesImpl[0;39m - Récupération de la liste de tous les projets
2025-02-20 16:10:41 [http-nio-8091-exec-2] INFO  [36mc.P.digitalis.service.GtServicesImpl[0;39m - Tentative de modification de la grande tâche avec l'ID : 8
2025-02-20 16:10:41 [http-nio-8091-exec-3] INFO  [36mc.P.digitalis.service.GtServicesImpl[0;39m - Tentative de modification de la grande tâche avec l'ID : 5
2025-02-20 16:10:41 [http-nio-8091-exec-3] INFO  [36mc.P.digitalis.service.GtServicesImpl[0;39m - Grande tâche modifiée avec succès : tache:Initialisation du projet 1 | charge: 13.0
2025-02-20 16:10:41 [http-nio-8091-exec-2] INFO  [36mc.P.digitalis.service.GtServicesImpl[0;39m - Grande tâche modifiée avec succès : tache:gestion des users | charge: 4.0
2025-02-20 16:12:25 [http-nio-8091-exec-2] INFO  [36mc.P.digitalis.service.GtServicesImpl[0;39m - Tentative de modification de la grande tâche avec l'ID : 8
2025-02-20 16:12:25 [http-nio-8091-exec-5] INFO  [36mc.P.digitalis.service.GtServicesImpl[0;39m - Tentative de modification de la grande tâche avec l'ID : 5
2025-02-20 16:12:25 [http-nio-8091-exec-2] INFO  [36mc.P.digitalis.service.GtServicesImpl[0;39m - Grande tâche modifiée avec succès : tache:gestion des users | charge: 4.0
2025-02-20 16:12:25 [http-nio-8091-exec-5] INFO  [36mc.P.digitalis.service.GtServicesImpl[0;39m - Grande tâche modifiée avec succès : tache:Initialisation du projet 1 | charge: 13.0
2025-02-20 16:24:15 [http-nio-8091-exec-10] INFO  [36mc.P.d.service.ProjetServicesImpl[0;39m - Récupération de la liste de tous les projets
2025-02-20 16:24:15 [http-nio-8091-exec-9] INFO  [36mc.P.d.service.ProjetServicesImpl[0;39m - Récupération de la liste de tous les projets
2025-02-20 16:24:15 [http-nio-8091-exec-5] INFO  [36mc.P.d.service.ProjetServicesImpl[0;39m - Modification du projet : Projet1
2025-02-20 16:24:15 [http-nio-8091-exec-4] INFO  [36mc.P.d.service.ProjetServicesImpl[0;39m - Modification du projet : projet2
2025-02-20 16:24:23 [http-nio-8091-exec-1] INFO  [36mc.P.digitalis.service.GtServicesImpl[0;39m - Tentative de modification de la grande tâche avec l'ID : 5
2025-02-20 16:24:23 [http-nio-8091-exec-2] INFO  [36mc.P.digitalis.service.GtServicesImpl[0;39m - Tentative de modification de la grande tâche avec l'ID : 8
2025-02-20 16:24:23 [http-nio-8091-exec-1] INFO  [36mc.P.digitalis.service.GtServicesImpl[0;39m - Grande tâche modifiée avec succès : tache:Initialisation du projet 1 | charge: 13.0
2025-02-20 16:24:23 [http-nio-8091-exec-2] INFO  [36mc.P.digitalis.service.GtServicesImpl[0;39m - Grande tâche modifiée avec succès : tache:gestion des users | charge: 4.0
2025-02-20 16:33:19 [http-nio-8091-exec-10] INFO  [36mc.P.digitalis.service.GtServicesImpl[0;39m - Tentative de modification de la grande tâche avec l'ID : 5
2025-02-20 16:33:19 [http-nio-8091-exec-10] INFO  [36mc.P.digitalis.service.GtServicesImpl[0;39m - Grande tâche modifiée avec succès : tache:Initialisation du projet 1 | charge: 13.0
2025-02-20 16:33:19 [http-nio-8091-exec-9] INFO  [36mc.P.digitalis.service.GtServicesImpl[0;39m - Tentative de modification de la grande tâche avec l'ID : 8
2025-02-20 16:33:19 [http-nio-8091-exec-9] INFO  [36mc.P.digitalis.service.GtServicesImpl[0;39m - Grande tâche modifiée avec succès : tache:gestion des users | charge: 4.0
2025-02-20 16:34:04 [MessageBroker-1] INFO  [36mo.s.w.s.c.WebSocketMessageBrokerStats[0;39m - WebSocketSession[0 current WS(0)-HttpStream(0)-HttpPoll(0), 0 total, 0 closed abnormally (0 connect failure, 0 send limit, 0 transport error)], stompSubProtocol[processed CONNECT(0)-CONNECTED(0)-DISCONNECT(0)], stompBrokerRelay[null], inboundChannel[pool size = 0, active threads = 0, queued tasks = 0, completed tasks = 0], outboundChannel[pool size = 0, active threads = 0, queued tasks = 0, completed tasks = 0], sockJsScheduler[pool size = 2, active threads = 1, queued tasks = 0, completed tasks = 1]
2025-02-20 16:34:43 [http-nio-8091-exec-2] INFO  [36mc.P.digitalis.service.GtServicesImpl[0;39m - Tentative de modification de la grande tâche avec l'ID : 8
2025-02-20 16:34:43 [http-nio-8091-exec-3] INFO  [36mc.P.digitalis.service.GtServicesImpl[0;39m - Tentative de modification de la grande tâche avec l'ID : 5
2025-02-20 16:34:43 [http-nio-8091-exec-2] INFO  [36mc.P.digitalis.service.GtServicesImpl[0;39m - Grande tâche modifiée avec succès : tache:gestion des users | charge: 4.0
2025-02-20 16:34:43 [http-nio-8091-exec-3] INFO  [36mc.P.digitalis.service.GtServicesImpl[0;39m - Grande tâche modifiée avec succès : tache:Initialisation du projet 1 | charge: 13.0
2025-02-20 16:36:24 [http-nio-8091-exec-6] INFO  [36mc.P.digitalis.service.GtServicesImpl[0;39m - Tentative de modification de la grande tâche avec l'ID : 5
2025-02-20 16:36:24 [http-nio-8091-exec-6] INFO  [36mc.P.digitalis.service.GtServicesImpl[0;39m - Grande tâche modifiée avec succès : tache:Initialisation du projet 1 | charge: 13.0
2025-02-20 16:36:24 [http-nio-8091-exec-4] INFO  [36mc.P.digitalis.service.GtServicesImpl[0;39m - Tentative de modification de la grande tâche avec l'ID : 8
2025-02-20 16:36:24 [http-nio-8091-exec-4] INFO  [36mc.P.digitalis.service.GtServicesImpl[0;39m - Grande tâche modifiée avec succès : tache:gestion des users | charge: 4.0
2025-02-20 16:37:05 [http-nio-8091-exec-8] INFO  [36mc.P.d.service.ProjetServicesImpl[0;39m - Récupération de la liste de tous les projets
2025-02-20 16:37:07 [http-nio-8091-exec-4] INFO  [36mc.P.digitalis.service.GtServicesImpl[0;39m - Tentative de modification de la grande tâche avec l'ID : 8
2025-02-20 16:37:07 [http-nio-8091-exec-4] INFO  [36mc.P.digitalis.service.GtServicesImpl[0;39m - Grande tâche modifiée avec succès : tache:gestion des users | charge: 4.0
2025-02-20 16:37:07 [http-nio-8091-exec-7] INFO  [36mc.P.digitalis.service.GtServicesImpl[0;39m - Tentative de modification de la grande tâche avec l'ID : 5
2025-02-20 16:37:07 [http-nio-8091-exec-7] INFO  [36mc.P.digitalis.service.GtServicesImpl[0;39m - Grande tâche modifiée avec succès : tache:Initialisation du projet 1 | charge: 13.0
2025-02-20 16:37:44 [http-nio-8091-exec-10] INFO  [36mc.P.digitalis.service.GtServicesImpl[0;39m - Tentative de modification de la grande tâche avec l'ID : 5
2025-02-20 16:37:44 [http-nio-8091-exec-10] INFO  [36mc.P.digitalis.service.GtServicesImpl[0;39m - Grande tâche modifiée avec succès : tache:Initialisation du projet 1 | charge: 13.0
2025-02-20 16:37:44 [http-nio-8091-exec-3] INFO  [36mc.P.digitalis.service.GtServicesImpl[0;39m - Tentative de modification de la grande tâche avec l'ID : 8
2025-02-20 16:37:44 [http-nio-8091-exec-3] INFO  [36mc.P.digitalis.service.GtServicesImpl[0;39m - Grande tâche modifiée avec succès : tache:gestion des users | charge: 4.0
2025-02-20 16:39:13 [http-nio-8091-exec-9] INFO  [36mc.P.digitalis.service.StServicesImpl[0;39m - Mise à jour de la sous-tâche avec l'ID : 9
2025-02-20 16:39:13 [http-nio-8091-exec-9] INFO  [36mc.P.digitalis.service.GtServicesImpl[0;39m - Dates de la grande tâche mises à jour : Début = 2025-02-07 00:00:00.0, Fin = 2025-02-18 00:00:00.0
2025-02-20 16:39:13 [http-nio-8091-exec-9] INFO  [36mc.P.digitalis.service.StServicesImpl[0;39m - Sous-tâche mise à jour avec succès : Status: En teste
2025-02-20 16:39:40 [http-nio-8091-exec-10] INFO  [36mc.P.digitalis.service.StServicesImpl[0;39m - Mise à jour de la sous-tâche avec l'ID : 9
2025-02-20 16:39:40 [http-nio-8091-exec-10] INFO  [36mc.P.digitalis.service.GtServicesImpl[0;39m - Dates de la grande tâche mises à jour : Début = 2025-02-07 00:00:00.0, Fin = 2025-02-18 00:00:00.0
2025-02-20 16:39:40 [http-nio-8091-exec-10] INFO  [36mc.P.digitalis.service.StServicesImpl[0;39m - Sous-tâche mise à jour avec succès : Status: Termine
2025-02-20 16:40:24 [http-nio-8091-exec-6] INFO  [36mc.P.digitalis.service.StServicesImpl[0;39m - Mise à jour de la sous-tâche avec l'ID : 9
2025-02-20 16:40:24 [http-nio-8091-exec-6] INFO  [36mc.P.digitalis.service.GtServicesImpl[0;39m - Dates de la grande tâche mises à jour : Début = 2025-02-07 00:00:00.0, Fin = 2025-02-18 00:00:00.0
2025-02-20 16:40:24 [http-nio-8091-exec-6] INFO  [36mc.P.digitalis.service.StServicesImpl[0;39m - Sous-tâche mise à jour avec succès : Status: En cours
2025-02-20 16:45:49 [http-nio-8091-exec-1] INFO  [36mc.P.digitalis.service.StServicesImpl[0;39m - Mise à jour de la sous-tâche avec l'ID : 9
2025-02-20 16:45:49 [http-nio-8091-exec-1] INFO  [36mc.P.digitalis.service.GtServicesImpl[0;39m - Dates de la grande tâche mises à jour : Début = 2025-02-07 00:00:00.0, Fin = 2025-02-18 00:00:00.0
2025-02-20 16:45:49 [http-nio-8091-exec-1] INFO  [36mc.P.digitalis.service.StServicesImpl[0;39m - Sous-tâche mise à jour avec succès : Status: Termine
2025-02-20 16:47:00 [http-nio-8091-exec-10] INFO  [36mc.P.digitalis.service.GtServicesImpl[0;39m - Tentative de modification de la grande tâche avec l'ID : 8
2025-02-20 16:47:00 [http-nio-8091-exec-10] INFO  [36mc.P.digitalis.service.GtServicesImpl[0;39m - Grande tâche modifiée avec succès : tache:gestion des users | charge: 4.0
2025-02-20 16:47:00 [http-nio-8091-exec-3] INFO  [36mc.P.digitalis.service.GtServicesImpl[0;39m - Tentative de modification de la grande tâche avec l'ID : 5
2025-02-20 16:47:00 [http-nio-8091-exec-3] INFO  [36mc.P.digitalis.service.GtServicesImpl[0;39m - Grande tâche modifiée avec succès : tache:Initialisation du projet 1 | charge: 16.0
2025-02-20 17:04:04 [MessageBroker-2] INFO  [36mo.s.w.s.c.WebSocketMessageBrokerStats[0;39m - WebSocketSession[0 current WS(0)-HttpStream(0)-HttpPoll(0), 0 total, 0 closed abnormally (0 connect failure, 0 send limit, 0 transport error)], stompSubProtocol[processed CONNECT(0)-CONNECTED(0)-DISCONNECT(0)], stompBrokerRelay[null], inboundChannel[pool size = 0, active threads = 0, queued tasks = 0, completed tasks = 0], outboundChannel[pool size = 0, active threads = 0, queued tasks = 0, completed tasks = 0], sockJsScheduler[pool size = 3, active threads = 1, queued tasks = 0, completed tasks = 2]
2025-02-20 20:14:19 [HikariPool-1 housekeeper] WARN  [36mcom.zaxxer.hikari.pool.HikariPool[0;39m - HikariPool-1 - Thread starvation or clock leap detected (housekeeper delta=3h28s74ms892µs200ns).
