2025-01-13 11:31:40 [main] INFO  [36mc.P.digitalis.DigitalisApplication[0;39m - Starting DigitalisApplication using Java 17.0.6 with PID 10092 (C:\Users\LIVE-TECH\Desktop\ProjectManagment\digitalis\target\classes started by LIVE-TECH in C:\Users\LIVE-TECH\Desktop\ProjectManagment\digitalis)
2025-01-13 11:31:40 [main] INFO  [36mc.P.digitalis.DigitalisApplication[0;39m - No active profile set, falling back to 1 default profile: "default"
2025-01-13 11:31:48 [main] INFO  [36mo.s.d.r.c.RepositoryConfigurationDelegate[0;39m - Bootstrapping Spring Data JPA repositories in DEFAULT mode.
2025-01-13 11:31:49 [main] INFO  [36mo.s.d.r.c.RepositoryConfigurationDelegate[0;39m - Finished Spring Data repository scanning in 695 ms. Found 11 JPA repository interfaces.
2025-01-13 11:31:53 [main] INFO  [36mo.s.b.w.e.tomcat.TomcatWebServer[0;39m - Tomcat initialized with port 8091 (http)
2025-01-13 11:31:53 [main] INFO  [36mo.a.coyote.http11.Http11NioProtocol[0;39m - Initializing ProtocolHandler ["http-nio-8091"]
2025-01-13 11:31:53 [main] INFO  [36mo.a.catalina.core.StandardService[0;39m - Starting service [Tomcat]
2025-01-13 11:31:53 [main] INFO  [36mo.a.catalina.core.StandardEngine[0;39m - Starting Servlet engine: [Apache Tomcat/10.1.31]
2025-01-13 11:31:53 [main] INFO  [36mo.a.c.c.C.[Tomcat].[localhost].[/][0;39m - Initializing Spring embedded WebApplicationContext
2025-01-13 11:31:53 [main] INFO  [36mo.s.b.w.s.c.ServletWebServerApplicationContext[0;39m - Root WebApplicationContext: initialization completed in 12356 ms
2025-01-13 11:31:53 [main] WARN  [36mo.s.b.a.o.j.JpaBaseConfiguration$JpaWebConfiguration[0;39m - spring.jpa.open-in-view is enabled by default. Therefore, database queries may be performed during view rendering. Explicitly configure spring.jpa.open-in-view to disable this warning
2025-01-13 11:31:54 [main] INFO  [36mo.h.jpa.internal.util.LogHelper[0;39m - HHH000204: Processing PersistenceUnitInfo [name: default]
2025-01-13 11:31:54 [main] INFO  [36morg.hibernate.Version[0;39m - HHH000412: Hibernate ORM core version 6.5.3.Final
2025-01-13 11:31:54 [main] INFO  [36mo.h.c.i.RegionFactoryInitiator[0;39m - HHH000026: Second-level cache disabled
2025-01-13 11:31:56 [main] INFO  [36mo.s.o.j.p.SpringPersistenceUnitInfo[0;39m - No LoadTimeWeaver setup: ignoring JPA class transformer
2025-01-13 11:31:56 [main] INFO  [36mcom.zaxxer.hikari.HikariDataSource[0;39m - HikariPool-1 - Starting...
2025-01-13 11:31:57 [main] INFO  [36mcom.zaxxer.hikari.pool.HikariPool[0;39m - HikariPool-1 - Added connection com.mysql.cj.jdbc.ConnectionImpl@83ebdc5
2025-01-13 11:31:57 [main] INFO  [36mcom.zaxxer.hikari.HikariDataSource[0;39m - HikariPool-1 - Start completed.
2025-01-13 11:31:57 [main] WARN  [36morg.hibernate.dialect.Dialect[0;39m - HHH000511: The 5.7.24 version for [org.hibernate.dialect.MySQLDialect] is no longer supported, hence certain features may not work properly. The minimum supported version is 8.0.0. Check the community dialects project for available legacy versions.
2025-01-13 11:31:57 [main] WARN  [36morg.hibernate.orm.deprecation[0;39m - HHH90000025: MySQLDialect does not need to be specified explicitly using 'hibernate.dialect' (remove the property setting and it will be selected by default)
2025-01-13 11:32:00 [main] INFO  [36mo.h.e.t.j.p.i.JtaPlatformInitiator[0;39m - HHH000489: No JTA platform available (set 'hibernate.transaction.jta.platform' to enable JTA platform integration)
2025-01-13 11:32:01 [main] INFO  [36mo.s.o.j.LocalContainerEntityManagerFactoryBean[0;39m - Initialized JPA EntityManagerFactory for persistence unit 'default'
2025-01-13 11:32:03 [main] INFO  [36mo.s.s.c.a.a.c.InitializeAuthenticationProviderBeanManagerConfigurer$InitializeAuthenticationProviderManagerConfigurer[0;39m - Global AuthenticationManager configured with AuthenticationProvider bean with name authenticationProvider
2025-01-13 11:32:03 [main] WARN  [36mo.s.s.c.a.a.c.InitializeUserDetailsBeanManagerConfigurer$InitializeUserDetailsManagerConfigurer[0;39m - Global AuthenticationManager configured with an AuthenticationProvider bean. UserDetailsService beans will not be used for username/password login. Consider removing the AuthenticationProvider bean. Alternatively, consider using the UserDetailsService in a manually instantiated DaoAuthenticationProvider.
2025-01-13 11:32:05 [main] INFO  [36mo.a.coyote.http11.Http11NioProtocol[0;39m - Starting ProtocolHandler ["http-nio-8091"]
2025-01-13 11:32:05 [main] INFO  [36mo.s.b.w.e.tomcat.TomcatWebServer[0;39m - Tomcat started on port 8091 (http) with context path '/'
2025-01-13 11:32:05 [main] INFO  [36mo.s.m.s.b.SimpleBrokerMessageHandler[0;39m - Starting...
2025-01-13 11:32:05 [main] INFO  [36mo.s.m.s.b.SimpleBrokerMessageHandler[0;39m - BrokerAvailabilityEvent[available=true, SimpleBrokerMessageHandler [org.springframework.messaging.simp.broker.DefaultSubscriptionRegistry@5d5a77de]]
2025-01-13 11:32:05 [main] INFO  [36mo.s.m.s.b.SimpleBrokerMessageHandler[0;39m - Started.
2025-01-13 11:32:05 [main] INFO  [36mc.P.digitalis.DigitalisApplication[0;39m - Started DigitalisApplication in 28.617 seconds (process running for 40.628)
2025-01-13 11:32:20 [http-nio-8091-exec-1] INFO  [36mo.a.c.c.C.[Tomcat].[localhost].[/][0;39m - Initializing Spring DispatcherServlet 'dispatcherServlet'
2025-01-13 11:32:20 [http-nio-8091-exec-1] INFO  [36mo.s.web.servlet.DispatcherServlet[0;39m - Initializing Servlet 'dispatcherServlet'
2025-01-13 11:32:20 [http-nio-8091-exec-1] INFO  [36mo.s.web.servlet.DispatcherServlet[0;39m - Completed initialization in 3 ms
2025-01-13 11:32:20 [http-nio-8091-exec-1] INFO  [36mc.P.d.service.ProjetServicesImpl[0;39m - Récupération de la liste de tous les projets
2025-01-13 11:32:21 [http-nio-8091-exec-2] INFO  [36mc.P.d.service.ProjetServicesImpl[0;39m - Récupération de la liste de tous les projets
2025-01-13 11:33:05 [MessageBroker-1] INFO  [36mo.s.w.s.c.WebSocketMessageBrokerStats[0;39m - WebSocketSession[0 current WS(0)-HttpStream(0)-HttpPoll(0), 0 total, 0 closed abnormally (0 connect failure, 0 send limit, 0 transport error)], stompSubProtocol[processed CONNECT(0)-CONNECTED(0)-DISCONNECT(0)], stompBrokerRelay[null], inboundChannel[pool size = 0, active threads = 0, queued tasks = 0, completed tasks = 0], outboundChannel[pool size = 0, active threads = 0, queued tasks = 0, completed tasks = 0], sockJsScheduler[pool size = 1, active threads = 1, queued tasks = 0, completed tasks = 0]
2025-01-13 11:46:14 [SpringApplicationShutdownHook] INFO  [36mo.s.m.s.b.SimpleBrokerMessageHandler[0;39m - Stopping...
2025-01-13 11:46:14 [SpringApplicationShutdownHook] INFO  [36mo.s.m.s.b.SimpleBrokerMessageHandler[0;39m - BrokerAvailabilityEvent[available=false, SimpleBrokerMessageHandler [org.springframework.messaging.simp.broker.DefaultSubscriptionRegistry@5d5a77de]]
2025-01-13 11:46:14 [SpringApplicationShutdownHook] INFO  [36mo.s.m.s.b.SimpleBrokerMessageHandler[0;39m - Stopped.
2025-01-13 11:46:15 [SpringApplicationShutdownHook] INFO  [36mo.s.o.j.LocalContainerEntityManagerFactoryBean[0;39m - Closing JPA EntityManagerFactory for persistence unit 'default'
2025-01-13 11:46:15 [SpringApplicationShutdownHook] INFO  [36mcom.zaxxer.hikari.HikariDataSource[0;39m - HikariPool-1 - Shutdown initiated...
2025-01-13 11:46:15 [SpringApplicationShutdownHook] INFO  [36mcom.zaxxer.hikari.HikariDataSource[0;39m - HikariPool-1 - Shutdown completed.
2025-01-13 12:56:43 [main] INFO  [36mc.P.digitalis.DigitalisApplication[0;39m - Starting DigitalisApplication using Java 17.0.6 with PID 9860 (C:\Users\LIVE-TECH\Desktop\ProjectManagment\digitalis\target\classes started by LIVE-TECH in C:\Users\LIVE-TECH\Desktop\ProjectManagment\digitalis)
2025-01-13 12:56:43 [main] INFO  [36mc.P.digitalis.DigitalisApplication[0;39m - No active profile set, falling back to 1 default profile: "default"
2025-01-13 12:56:52 [main] INFO  [36mo.s.d.r.c.RepositoryConfigurationDelegate[0;39m - Bootstrapping Spring Data JPA repositories in DEFAULT mode.
2025-01-13 12:56:52 [main] INFO  [36mo.s.d.r.c.RepositoryConfigurationDelegate[0;39m - Finished Spring Data repository scanning in 308 ms. Found 11 JPA repository interfaces.
2025-01-13 12:56:57 [main] INFO  [36mo.s.b.w.e.tomcat.TomcatWebServer[0;39m - Tomcat initialized with port 8091 (http)
2025-01-13 12:56:57 [main] INFO  [36mo.a.coyote.http11.Http11NioProtocol[0;39m - Initializing ProtocolHandler ["http-nio-8091"]
2025-01-13 12:56:57 [main] INFO  [36mo.a.catalina.core.StandardService[0;39m - Starting service [Tomcat]
2025-01-13 12:56:57 [main] INFO  [36mo.a.catalina.core.StandardEngine[0;39m - Starting Servlet engine: [Apache Tomcat/10.1.31]
2025-01-13 12:56:57 [main] INFO  [36mo.a.c.c.C.[Tomcat].[localhost].[/][0;39m - Initializing Spring embedded WebApplicationContext
2025-01-13 12:56:57 [main] INFO  [36mo.s.b.w.s.c.ServletWebServerApplicationContext[0;39m - Root WebApplicationContext: initialization completed in 13373 ms
2025-01-13 12:56:57 [main] WARN  [36mo.s.b.a.o.j.JpaBaseConfiguration$JpaWebConfiguration[0;39m - spring.jpa.open-in-view is enabled by default. Therefore, database queries may be performed during view rendering. Explicitly configure spring.jpa.open-in-view to disable this warning
2025-01-13 12:56:58 [main] INFO  [36mo.h.jpa.internal.util.LogHelper[0;39m - HHH000204: Processing PersistenceUnitInfo [name: default]
2025-01-13 12:56:58 [main] INFO  [36morg.hibernate.Version[0;39m - HHH000412: Hibernate ORM core version 6.5.3.Final
2025-01-13 12:56:58 [main] INFO  [36mo.h.c.i.RegionFactoryInitiator[0;39m - HHH000026: Second-level cache disabled
2025-01-13 12:57:00 [main] INFO  [36mo.s.o.j.p.SpringPersistenceUnitInfo[0;39m - No LoadTimeWeaver setup: ignoring JPA class transformer
2025-01-13 12:57:00 [main] INFO  [36mcom.zaxxer.hikari.HikariDataSource[0;39m - HikariPool-1 - Starting...
2025-01-13 12:57:01 [main] INFO  [36mcom.zaxxer.hikari.pool.HikariPool[0;39m - HikariPool-1 - Added connection com.mysql.cj.jdbc.ConnectionImpl@3b7b0b57
2025-01-13 12:57:01 [main] INFO  [36mcom.zaxxer.hikari.HikariDataSource[0;39m - HikariPool-1 - Start completed.
2025-01-13 12:57:01 [main] WARN  [36morg.hibernate.dialect.Dialect[0;39m - HHH000511: The 5.7.24 version for [org.hibernate.dialect.MySQLDialect] is no longer supported, hence certain features may not work properly. The minimum supported version is 8.0.0. Check the community dialects project for available legacy versions.
2025-01-13 12:57:02 [main] WARN  [36morg.hibernate.orm.deprecation[0;39m - HHH90000025: MySQLDialect does not need to be specified explicitly using 'hibernate.dialect' (remove the property setting and it will be selected by default)
2025-01-13 12:57:08 [main] INFO  [36mo.h.e.t.j.p.i.JtaPlatformInitiator[0;39m - HHH000489: No JTA platform available (set 'hibernate.transaction.jta.platform' to enable JTA platform integration)
2025-01-13 12:57:08 [main] INFO  [36mo.s.o.j.LocalContainerEntityManagerFactoryBean[0;39m - Initialized JPA EntityManagerFactory for persistence unit 'default'
2025-01-13 12:57:11 [main] INFO  [36mo.s.s.c.a.a.c.InitializeAuthenticationProviderBeanManagerConfigurer$InitializeAuthenticationProviderManagerConfigurer[0;39m - Global AuthenticationManager configured with AuthenticationProvider bean with name authenticationProvider
2025-01-13 12:57:11 [main] WARN  [36mo.s.s.c.a.a.c.InitializeUserDetailsBeanManagerConfigurer$InitializeUserDetailsManagerConfigurer[0;39m - Global AuthenticationManager configured with an AuthenticationProvider bean. UserDetailsService beans will not be used for username/password login. Consider removing the AuthenticationProvider bean. Alternatively, consider using the UserDetailsService in a manually instantiated DaoAuthenticationProvider.
2025-01-13 12:57:13 [main] INFO  [36mo.a.coyote.http11.Http11NioProtocol[0;39m - Starting ProtocolHandler ["http-nio-8091"]
2025-01-13 12:57:13 [main] INFO  [36mo.s.b.w.e.tomcat.TomcatWebServer[0;39m - Tomcat started on port 8091 (http) with context path '/'
2025-01-13 12:57:13 [main] INFO  [36mo.s.m.s.b.SimpleBrokerMessageHandler[0;39m - Starting...
2025-01-13 12:57:13 [main] INFO  [36mo.s.m.s.b.SimpleBrokerMessageHandler[0;39m - BrokerAvailabilityEvent[available=true, SimpleBrokerMessageHandler [org.springframework.messaging.simp.broker.DefaultSubscriptionRegistry@14e8304b]]
2025-01-13 12:57:13 [main] INFO  [36mo.s.m.s.b.SimpleBrokerMessageHandler[0;39m - Started.
2025-01-13 12:57:13 [main] INFO  [36mc.P.digitalis.DigitalisApplication[0;39m - Started DigitalisApplication in 32.323 seconds (process running for 40.166)
2025-01-13 12:57:48 [http-nio-8091-exec-2] INFO  [36mo.a.c.c.C.[Tomcat].[localhost].[/][0;39m - Initializing Spring DispatcherServlet 'dispatcherServlet'
2025-01-13 12:57:48 [http-nio-8091-exec-2] INFO  [36mo.s.web.servlet.DispatcherServlet[0;39m - Initializing Servlet 'dispatcherServlet'
2025-01-13 12:57:48 [http-nio-8091-exec-2] INFO  [36mo.s.web.servlet.DispatcherServlet[0;39m - Completed initialization in 3 ms
2025-01-13 12:57:49 [http-nio-8091-exec-2] INFO  [36mc.P.digitalis.service.UService[0;39m - Récupération de tous les services
2025-01-13 12:57:49 [http-nio-8091-exec-1] INFO  [36mc.P.d.service.DirectionService[0;39m - Récupération de la liste de toutes les directions
2025-01-13 12:57:52 [http-nio-8091-exec-2] INFO  [36mc.P.digitalis.service.UService[0;39m - Nombre de services récupérés : 2
2025-01-13 12:57:52 [http-nio-8091-exec-1] INFO  [36mc.P.d.service.DirectionService[0;39m - Nombre de directions récupérées : 3
2025-01-13 12:58:13 [MessageBroker-1] INFO  [36mo.s.w.s.c.WebSocketMessageBrokerStats[0;39m - WebSocketSession[0 current WS(0)-HttpStream(0)-HttpPoll(0), 0 total, 0 closed abnormally (0 connect failure, 0 send limit, 0 transport error)], stompSubProtocol[processed CONNECT(0)-CONNECTED(0)-DISCONNECT(0)], stompBrokerRelay[null], inboundChannel[pool size = 0, active threads = 0, queued tasks = 0, completed tasks = 0], outboundChannel[pool size = 0, active threads = 0, queued tasks = 0, completed tasks = 0], sockJsScheduler[pool size = 1, active threads = 1, queued tasks = 0, completed tasks = 0]
2025-01-13 13:10:41 [http-nio-8091-exec-5] INFO  [36mc.P.d.service.DirectionService[0;39m - Récupération de la liste de toutes les directions
2025-01-13 13:10:41 [http-nio-8091-exec-5] INFO  [36mc.P.d.service.DirectionService[0;39m - Nombre de directions récupérées : 3
2025-01-13 13:10:41 [http-nio-8091-exec-6] INFO  [36mc.P.digitalis.service.UService[0;39m - Récupération de tous les services
2025-01-13 13:10:41 [http-nio-8091-exec-6] INFO  [36mc.P.digitalis.service.UService[0;39m - Nombre de services récupérés : 2
2025-01-13 13:18:00 [SpringApplicationShutdownHook] INFO  [36mo.s.m.s.b.SimpleBrokerMessageHandler[0;39m - Stopping...
2025-01-13 13:18:00 [SpringApplicationShutdownHook] INFO  [36mo.s.m.s.b.SimpleBrokerMessageHandler[0;39m - BrokerAvailabilityEvent[available=false, SimpleBrokerMessageHandler [org.springframework.messaging.simp.broker.DefaultSubscriptionRegistry@14e8304b]]
2025-01-13 13:18:00 [SpringApplicationShutdownHook] INFO  [36mo.s.m.s.b.SimpleBrokerMessageHandler[0;39m - Stopped.
2025-01-13 13:18:00 [SpringApplicationShutdownHook] INFO  [36mo.s.o.j.LocalContainerEntityManagerFactoryBean[0;39m - Closing JPA EntityManagerFactory for persistence unit 'default'
2025-01-13 13:18:00 [SpringApplicationShutdownHook] INFO  [36mcom.zaxxer.hikari.HikariDataSource[0;39m - HikariPool-1 - Shutdown initiated...
2025-01-13 13:18:01 [SpringApplicationShutdownHook] INFO  [36mcom.zaxxer.hikari.HikariDataSource[0;39m - HikariPool-1 - Shutdown completed.
2025-01-13 14:34:17 [main] INFO  [36mc.P.digitalis.DigitalisApplication[0;39m - Starting DigitalisApplication using Java 17.0.6 with PID 14588 (C:\Users\LIVE-TECH\Desktop\ProjectManagment\digitalis\target\classes started by LIVE-TECH in C:\Users\LIVE-TECH\Desktop\ProjectManagment\digitalis)
2025-01-13 14:34:17 [main] INFO  [36mc.P.digitalis.DigitalisApplication[0;39m - No active profile set, falling back to 1 default profile: "default"
2025-01-13 14:34:26 [main] INFO  [36mo.s.d.r.c.RepositoryConfigurationDelegate[0;39m - Bootstrapping Spring Data JPA repositories in DEFAULT mode.
2025-01-13 14:34:28 [main] INFO  [36mo.s.d.r.c.RepositoryConfigurationDelegate[0;39m - Finished Spring Data repository scanning in 1062 ms. Found 11 JPA repository interfaces.
2025-01-13 14:34:51 [main] INFO  [36mo.s.b.w.e.tomcat.TomcatWebServer[0;39m - Tomcat initialized with port 8091 (http)
2025-01-13 14:34:51 [main] INFO  [36mo.a.coyote.http11.Http11NioProtocol[0;39m - Initializing ProtocolHandler ["http-nio-8091"]
2025-01-13 14:34:51 [main] INFO  [36mo.a.catalina.core.StandardService[0;39m - Starting service [Tomcat]
2025-01-13 14:34:51 [main] INFO  [36mo.a.catalina.core.StandardEngine[0;39m - Starting Servlet engine: [Apache Tomcat/10.1.31]
2025-01-13 14:34:51 [main] INFO  [36mo.a.c.c.C.[Tomcat].[localhost].[/][0;39m - Initializing Spring embedded WebApplicationContext
2025-01-13 14:34:51 [main] INFO  [36mo.s.b.w.s.c.ServletWebServerApplicationContext[0;39m - Root WebApplicationContext: initialization completed in 34377 ms
2025-01-13 14:34:51 [main] WARN  [36mo.s.b.a.o.j.JpaBaseConfiguration$JpaWebConfiguration[0;39m - spring.jpa.open-in-view is enabled by default. Therefore, database queries may be performed during view rendering. Explicitly configure spring.jpa.open-in-view to disable this warning
2025-01-13 14:34:52 [main] INFO  [36mo.h.jpa.internal.util.LogHelper[0;39m - HHH000204: Processing PersistenceUnitInfo [name: default]
2025-01-13 14:34:52 [main] INFO  [36morg.hibernate.Version[0;39m - HHH000412: Hibernate ORM core version 6.5.3.Final
2025-01-13 14:34:53 [main] INFO  [36mo.h.c.i.RegionFactoryInitiator[0;39m - HHH000026: Second-level cache disabled
2025-01-13 14:34:54 [main] INFO  [36mo.s.o.j.p.SpringPersistenceUnitInfo[0;39m - No LoadTimeWeaver setup: ignoring JPA class transformer
2025-01-13 14:34:54 [main] INFO  [36mcom.zaxxer.hikari.HikariDataSource[0;39m - HikariPool-1 - Starting...
2025-01-13 14:34:55 [main] INFO  [36mcom.zaxxer.hikari.pool.HikariPool[0;39m - HikariPool-1 - Added connection com.mysql.cj.jdbc.ConnectionImpl@17003497
2025-01-13 14:34:55 [main] INFO  [36mcom.zaxxer.hikari.HikariDataSource[0;39m - HikariPool-1 - Start completed.
2025-01-13 14:34:55 [main] WARN  [36morg.hibernate.dialect.Dialect[0;39m - HHH000511: The 5.7.24 version for [org.hibernate.dialect.MySQLDialect] is no longer supported, hence certain features may not work properly. The minimum supported version is 8.0.0. Check the community dialects project for available legacy versions.
2025-01-13 14:34:55 [main] WARN  [36morg.hibernate.orm.deprecation[0;39m - HHH90000025: MySQLDialect does not need to be specified explicitly using 'hibernate.dialect' (remove the property setting and it will be selected by default)
2025-01-13 14:34:58 [main] INFO  [36mo.h.e.t.j.p.i.JtaPlatformInitiator[0;39m - HHH000489: No JTA platform available (set 'hibernate.transaction.jta.platform' to enable JTA platform integration)
2025-01-13 14:34:59 [main] INFO  [36mo.s.o.j.LocalContainerEntityManagerFactoryBean[0;39m - Initialized JPA EntityManagerFactory for persistence unit 'default'
2025-01-13 14:35:02 [main] INFO  [36mo.s.s.c.a.a.c.InitializeAuthenticationProviderBeanManagerConfigurer$InitializeAuthenticationProviderManagerConfigurer[0;39m - Global AuthenticationManager configured with AuthenticationProvider bean with name authenticationProvider
2025-01-13 14:35:02 [main] WARN  [36mo.s.s.c.a.a.c.InitializeUserDetailsBeanManagerConfigurer$InitializeUserDetailsManagerConfigurer[0;39m - Global AuthenticationManager configured with an AuthenticationProvider bean. UserDetailsService beans will not be used for username/password login. Consider removing the AuthenticationProvider bean. Alternatively, consider using the UserDetailsService in a manually instantiated DaoAuthenticationProvider.
2025-01-13 14:35:05 [main] INFO  [36mo.a.coyote.http11.Http11NioProtocol[0;39m - Starting ProtocolHandler ["http-nio-8091"]
2025-01-13 14:35:05 [main] INFO  [36mo.s.b.w.e.tomcat.TomcatWebServer[0;39m - Tomcat started on port 8091 (http) with context path '/'
2025-01-13 14:35:05 [main] INFO  [36mo.s.m.s.b.SimpleBrokerMessageHandler[0;39m - Starting...
2025-01-13 14:35:05 [main] INFO  [36mo.s.m.s.b.SimpleBrokerMessageHandler[0;39m - BrokerAvailabilityEvent[available=true, SimpleBrokerMessageHandler [org.springframework.messaging.simp.broker.DefaultSubscriptionRegistry@556a5e70]]
2025-01-13 14:35:05 [main] INFO  [36mo.s.m.s.b.SimpleBrokerMessageHandler[0;39m - Started.
2025-01-13 14:35:05 [main] INFO  [36mc.P.digitalis.DigitalisApplication[0;39m - Started DigitalisApplication in 51.227 seconds (process running for 56.552)
2025-01-13 14:35:23 [http-nio-8091-exec-1] INFO  [36mo.a.c.c.C.[Tomcat].[localhost].[/][0;39m - Initializing Spring DispatcherServlet 'dispatcherServlet'
2025-01-13 14:35:23 [http-nio-8091-exec-1] INFO  [36mo.s.web.servlet.DispatcherServlet[0;39m - Initializing Servlet 'dispatcherServlet'
2025-01-13 14:35:23 [http-nio-8091-exec-1] INFO  [36mo.s.web.servlet.DispatcherServlet[0;39m - Completed initialization in 9 ms
2025-01-13 14:35:24 [http-nio-8091-exec-2] INFO  [36mc.P.d.service.DirectionService[0;39m - Récupération de la liste de toutes les directions
2025-01-13 14:35:24 [http-nio-8091-exec-1] INFO  [36mc.P.digitalis.service.UService[0;39m - Récupération de tous les services
2025-01-13 14:35:25 [http-nio-8091-exec-1] INFO  [36mc.P.digitalis.service.UService[0;39m - Nombre de services récupérés : 2
2025-01-13 14:35:25 [http-nio-8091-exec-2] INFO  [36mc.P.d.service.DirectionService[0;39m - Nombre de directions récupérées : 3
2025-01-13 14:36:05 [MessageBroker-1] INFO  [36mo.s.w.s.c.WebSocketMessageBrokerStats[0;39m - WebSocketSession[0 current WS(0)-HttpStream(0)-HttpPoll(0), 0 total, 0 closed abnormally (0 connect failure, 0 send limit, 0 transport error)], stompSubProtocol[processed CONNECT(0)-CONNECTED(0)-DISCONNECT(0)], stompBrokerRelay[null], inboundChannel[pool size = 0, active threads = 0, queued tasks = 0, completed tasks = 0], outboundChannel[pool size = 0, active threads = 0, queued tasks = 0, completed tasks = 0], sockJsScheduler[pool size = 1, active threads = 1, queued tasks = 0, completed tasks = 0]
2025-01-13 14:53:03 [SpringApplicationShutdownHook] INFO  [36mo.s.m.s.b.SimpleBrokerMessageHandler[0;39m - Stopping...
2025-01-13 14:53:03 [SpringApplicationShutdownHook] INFO  [36mo.s.m.s.b.SimpleBrokerMessageHandler[0;39m - BrokerAvailabilityEvent[available=false, SimpleBrokerMessageHandler [org.springframework.messaging.simp.broker.DefaultSubscriptionRegistry@556a5e70]]
2025-01-13 14:53:03 [SpringApplicationShutdownHook] INFO  [36mo.s.m.s.b.SimpleBrokerMessageHandler[0;39m - Stopped.
2025-01-13 14:53:03 [SpringApplicationShutdownHook] INFO  [36mo.s.o.j.LocalContainerEntityManagerFactoryBean[0;39m - Closing JPA EntityManagerFactory for persistence unit 'default'
2025-01-13 14:53:03 [SpringApplicationShutdownHook] INFO  [36mcom.zaxxer.hikari.HikariDataSource[0;39m - HikariPool-1 - Shutdown initiated...
2025-01-13 14:53:03 [SpringApplicationShutdownHook] INFO  [36mcom.zaxxer.hikari.HikariDataSource[0;39m - HikariPool-1 - Shutdown completed.
2025-01-13 14:53:28 [main] INFO  [36mc.P.digitalis.DigitalisApplication[0;39m - Starting DigitalisApplication using Java 17.0.6 with PID 14632 (C:\Users\LIVE-TECH\Desktop\ProjectManagment\digitalis\target\classes started by LIVE-TECH in C:\Users\LIVE-TECH\Desktop\ProjectManagment\digitalis)
2025-01-13 14:53:28 [main] INFO  [36mc.P.digitalis.DigitalisApplication[0;39m - No active profile set, falling back to 1 default profile: "default"
2025-01-13 14:53:35 [main] INFO  [36mo.s.d.r.c.RepositoryConfigurationDelegate[0;39m - Bootstrapping Spring Data JPA repositories in DEFAULT mode.
2025-01-13 14:53:35 [main] INFO  [36mo.s.d.r.c.RepositoryConfigurationDelegate[0;39m - Finished Spring Data repository scanning in 333 ms. Found 11 JPA repository interfaces.
2025-01-13 14:53:40 [main] INFO  [36mo.s.b.w.e.tomcat.TomcatWebServer[0;39m - Tomcat initialized with port 8091 (http)
2025-01-13 14:53:40 [main] INFO  [36mo.a.coyote.http11.Http11NioProtocol[0;39m - Initializing ProtocolHandler ["http-nio-8091"]
2025-01-13 14:53:41 [main] INFO  [36mo.a.catalina.core.StandardService[0;39m - Starting service [Tomcat]
2025-01-13 14:53:41 [main] INFO  [36mo.a.catalina.core.StandardEngine[0;39m - Starting Servlet engine: [Apache Tomcat/10.1.31]
2025-01-13 14:53:43 [main] INFO  [36mo.a.c.c.C.[Tomcat].[localhost].[/][0;39m - Initializing Spring embedded WebApplicationContext
2025-01-13 14:53:43 [main] INFO  [36mo.s.b.w.s.c.ServletWebServerApplicationContext[0;39m - Root WebApplicationContext: initialization completed in 15213 ms
2025-01-13 14:53:43 [main] WARN  [36mo.s.b.a.o.j.JpaBaseConfiguration$JpaWebConfiguration[0;39m - spring.jpa.open-in-view is enabled by default. Therefore, database queries may be performed during view rendering. Explicitly configure spring.jpa.open-in-view to disable this warning
2025-01-13 14:53:44 [main] INFO  [36mo.h.jpa.internal.util.LogHelper[0;39m - HHH000204: Processing PersistenceUnitInfo [name: default]
2025-01-13 14:53:44 [main] INFO  [36morg.hibernate.Version[0;39m - HHH000412: Hibernate ORM core version 6.5.3.Final
2025-01-13 14:53:44 [main] INFO  [36mo.h.c.i.RegionFactoryInitiator[0;39m - HHH000026: Second-level cache disabled
2025-01-13 14:53:47 [main] INFO  [36mo.s.o.j.p.SpringPersistenceUnitInfo[0;39m - No LoadTimeWeaver setup: ignoring JPA class transformer
2025-01-13 14:53:47 [main] INFO  [36mcom.zaxxer.hikari.HikariDataSource[0;39m - HikariPool-1 - Starting...
2025-01-13 14:53:50 [main] INFO  [36mcom.zaxxer.hikari.pool.HikariPool[0;39m - HikariPool-1 - Added connection com.mysql.cj.jdbc.ConnectionImpl@527d48db
2025-01-13 14:53:50 [main] INFO  [36mcom.zaxxer.hikari.HikariDataSource[0;39m - HikariPool-1 - Start completed.
2025-01-13 14:53:50 [main] WARN  [36morg.hibernate.dialect.Dialect[0;39m - HHH000511: The 5.7.24 version for [org.hibernate.dialect.MySQLDialect] is no longer supported, hence certain features may not work properly. The minimum supported version is 8.0.0. Check the community dialects project for available legacy versions.
2025-01-13 14:53:50 [main] WARN  [36morg.hibernate.orm.deprecation[0;39m - HHH90000025: MySQLDialect does not need to be specified explicitly using 'hibernate.dialect' (remove the property setting and it will be selected by default)
2025-01-13 14:54:08 [main] INFO  [36mo.h.e.t.j.p.i.JtaPlatformInitiator[0;39m - HHH000489: No JTA platform available (set 'hibernate.transaction.jta.platform' to enable JTA platform integration)
2025-01-13 14:54:08 [main] INFO  [36mo.s.o.j.LocalContainerEntityManagerFactoryBean[0;39m - Initialized JPA EntityManagerFactory for persistence unit 'default'
2025-01-13 14:54:11 [main] INFO  [36mo.s.s.c.a.a.c.InitializeAuthenticationProviderBeanManagerConfigurer$InitializeAuthenticationProviderManagerConfigurer[0;39m - Global AuthenticationManager configured with AuthenticationProvider bean with name authenticationProvider
2025-01-13 14:54:11 [main] WARN  [36mo.s.s.c.a.a.c.InitializeUserDetailsBeanManagerConfigurer$InitializeUserDetailsManagerConfigurer[0;39m - Global AuthenticationManager configured with an AuthenticationProvider bean. UserDetailsService beans will not be used for username/password login. Consider removing the AuthenticationProvider bean. Alternatively, consider using the UserDetailsService in a manually instantiated DaoAuthenticationProvider.
2025-01-13 14:54:14 [main] INFO  [36mo.a.coyote.http11.Http11NioProtocol[0;39m - Starting ProtocolHandler ["http-nio-8091"]
2025-01-13 14:54:14 [main] INFO  [36mo.s.b.w.e.tomcat.TomcatWebServer[0;39m - Tomcat started on port 8091 (http) with context path '/'
2025-01-13 14:54:14 [main] INFO  [36mo.s.m.s.b.SimpleBrokerMessageHandler[0;39m - Starting...
2025-01-13 14:54:14 [main] INFO  [36mo.s.m.s.b.SimpleBrokerMessageHandler[0;39m - BrokerAvailabilityEvent[available=true, SimpleBrokerMessageHandler [org.springframework.messaging.simp.broker.DefaultSubscriptionRegistry@445adbd7]]
2025-01-13 14:54:14 [main] INFO  [36mo.s.m.s.b.SimpleBrokerMessageHandler[0;39m - Started.
2025-01-13 14:54:14 [main] INFO  [36mc.P.digitalis.DigitalisApplication[0;39m - Started DigitalisApplication in 49.618 seconds (process running for 55.616)
2025-01-13 14:55:14 [MessageBroker-1] INFO  [36mo.s.w.s.c.WebSocketMessageBrokerStats[0;39m - WebSocketSession[0 current WS(0)-HttpStream(0)-HttpPoll(0), 0 total, 0 closed abnormally (0 connect failure, 0 send limit, 0 transport error)], stompSubProtocol[processed CONNECT(0)-CONNECTED(0)-DISCONNECT(0)], stompBrokerRelay[null], inboundChannel[pool size = 0, active threads = 0, queued tasks = 0, completed tasks = 0], outboundChannel[pool size = 0, active threads = 0, queued tasks = 0, completed tasks = 0], sockJsScheduler[pool size = 1, active threads = 1, queued tasks = 0, completed tasks = 0]
2025-01-13 14:59:12 [http-nio-8091-exec-2] INFO  [36mo.a.c.c.C.[Tomcat].[localhost].[/][0;39m - Initializing Spring DispatcherServlet 'dispatcherServlet'
2025-01-13 14:59:12 [http-nio-8091-exec-2] INFO  [36mo.s.web.servlet.DispatcherServlet[0;39m - Initializing Servlet 'dispatcherServlet'
2025-01-13 14:59:12 [http-nio-8091-exec-2] INFO  [36mo.s.web.servlet.DispatcherServlet[0;39m - Completed initialization in 5 ms
2025-01-13 14:59:13 [http-nio-8091-exec-2] INFO  [36mc.P.digitalis.service.UService[0;39m - Récupération de tous les services
2025-01-13 14:59:13 [http-nio-8091-exec-1] INFO  [36mc.P.d.service.DirectionService[0;39m - Récupération de la liste de toutes les directions
2025-01-13 14:59:14 [http-nio-8091-exec-2] INFO  [36mc.P.digitalis.service.UService[0;39m - Nombre de services récupérés : 2
2025-01-13 14:59:14 [http-nio-8091-exec-1] INFO  [36mc.P.d.service.DirectionService[0;39m - Nombre de directions récupérées : 3
2025-01-13 15:00:12 [http-nio-8091-exec-3] INFO  [36mc.P.d.service.DirectionService[0;39m - Récupération de la liste de toutes les directions
2025-01-13 15:00:12 [http-nio-8091-exec-4] INFO  [36mc.P.digitalis.service.UService[0;39m - Récupération de tous les services
2025-01-13 15:00:12 [http-nio-8091-exec-3] INFO  [36mc.P.d.service.DirectionService[0;39m - Nombre de directions récupérées : 3
2025-01-13 15:00:12 [http-nio-8091-exec-4] INFO  [36mc.P.digitalis.service.UService[0;39m - Nombre de services récupérés : 2
2025-01-13 15:00:41 [http-nio-8091-exec-5] INFO  [36mc.P.d.service.DirectionService[0;39m - Récupération de la liste de toutes les directions
2025-01-13 15:00:41 [http-nio-8091-exec-6] INFO  [36mc.P.digitalis.service.UService[0;39m - Récupération de tous les services
2025-01-13 15:00:41 [http-nio-8091-exec-5] INFO  [36mc.P.d.service.DirectionService[0;39m - Nombre de directions récupérées : 3
2025-01-13 15:00:41 [http-nio-8091-exec-6] INFO  [36mc.P.digitalis.service.UService[0;39m - Nombre de services récupérés : 2
2025-01-13 15:00:50 [http-nio-8091-exec-7] INFO  [36mc.P.d.service.DirectionService[0;39m - Récupération de la liste de toutes les directions
2025-01-13 15:00:50 [http-nio-8091-exec-7] INFO  [36mc.P.d.service.DirectionService[0;39m - Nombre de directions récupérées : 3
2025-01-13 15:00:50 [http-nio-8091-exec-8] INFO  [36mc.P.digitalis.service.UService[0;39m - Récupération de tous les services
2025-01-13 15:00:50 [http-nio-8091-exec-8] INFO  [36mc.P.digitalis.service.UService[0;39m - Nombre de services récupérés : 2
2025-01-13 15:00:53 [http-nio-8091-exec-9] INFO  [36mc.P.d.service.DirectionService[0;39m - Récupération de la liste de toutes les directions
2025-01-13 15:00:53 [http-nio-8091-exec-10] INFO  [36mc.P.digitalis.service.UService[0;39m - Récupération de tous les services
2025-01-13 15:00:53 [http-nio-8091-exec-9] INFO  [36mc.P.d.service.DirectionService[0;39m - Nombre de directions récupérées : 3
2025-01-13 15:00:53 [http-nio-8091-exec-10] INFO  [36mc.P.digitalis.service.UService[0;39m - Nombre de services récupérés : 2
2025-01-13 15:01:27 [http-nio-8091-exec-1] INFO  [36mc.P.d.service.DirectionService[0;39m - Récupération de la liste de toutes les directions
2025-01-13 15:01:27 [http-nio-8091-exec-2] INFO  [36mc.P.digitalis.service.UService[0;39m - Récupération de tous les services
2025-01-13 15:01:27 [http-nio-8091-exec-2] INFO  [36mc.P.digitalis.service.UService[0;39m - Nombre de services récupérés : 2
2025-01-13 15:01:27 [http-nio-8091-exec-1] INFO  [36mc.P.d.service.DirectionService[0;39m - Nombre de directions récupérées : 3
2025-01-13 15:01:29 [http-nio-8091-exec-3] INFO  [36mc.P.d.service.DirectionService[0;39m - Récupération de la liste de toutes les directions
2025-01-13 15:01:29 [http-nio-8091-exec-4] INFO  [36mc.P.digitalis.service.UService[0;39m - Récupération de tous les services
2025-01-13 15:01:29 [http-nio-8091-exec-3] INFO  [36mc.P.d.service.DirectionService[0;39m - Nombre de directions récupérées : 3
2025-01-13 15:01:29 [http-nio-8091-exec-4] INFO  [36mc.P.digitalis.service.UService[0;39m - Nombre de services récupérés : 2
2025-01-13 15:02:28 [http-nio-8091-exec-5] INFO  [36mc.P.d.service.DirectionService[0;39m - Récupération de la liste de toutes les directions
2025-01-13 15:02:28 [http-nio-8091-exec-6] INFO  [36mc.P.digitalis.service.UService[0;39m - Récupération de tous les services
2025-01-13 15:02:28 [http-nio-8091-exec-5] INFO  [36mc.P.d.service.DirectionService[0;39m - Nombre de directions récupérées : 3
2025-01-13 15:02:28 [http-nio-8091-exec-6] INFO  [36mc.P.digitalis.service.UService[0;39m - Nombre de services récupérés : 2
2025-01-13 15:10:29 [SpringApplicationShutdownHook] INFO  [36mo.s.m.s.b.SimpleBrokerMessageHandler[0;39m - Stopping...
2025-01-13 15:10:29 [SpringApplicationShutdownHook] INFO  [36mo.s.m.s.b.SimpleBrokerMessageHandler[0;39m - BrokerAvailabilityEvent[available=false, SimpleBrokerMessageHandler [org.springframework.messaging.simp.broker.DefaultSubscriptionRegistry@445adbd7]]
2025-01-13 15:10:29 [SpringApplicationShutdownHook] INFO  [36mo.s.m.s.b.SimpleBrokerMessageHandler[0;39m - Stopped.
2025-01-13 15:10:30 [SpringApplicationShutdownHook] INFO  [36mo.s.o.j.LocalContainerEntityManagerFactoryBean[0;39m - Closing JPA EntityManagerFactory for persistence unit 'default'
2025-01-13 15:10:30 [SpringApplicationShutdownHook] INFO  [36mcom.zaxxer.hikari.HikariDataSource[0;39m - HikariPool-1 - Shutdown initiated...
2025-01-13 15:10:30 [SpringApplicationShutdownHook] INFO  [36mcom.zaxxer.hikari.HikariDataSource[0;39m - HikariPool-1 - Shutdown completed.
2025-01-13 15:32:57 [main] INFO  [36mc.P.digitalis.DigitalisApplication[0;39m - Starting DigitalisApplication using Java 17.0.6 with PID 13004 (C:\Users\LIVE-TECH\Desktop\ProjectManagment\digitalis\target\classes started by LIVE-TECH in C:\Users\LIVE-TECH\Desktop\ProjectManagment\digitalis)
2025-01-13 15:32:57 [main] INFO  [36mc.P.digitalis.DigitalisApplication[0;39m - No active profile set, falling back to 1 default profile: "default"
2025-01-13 15:33:06 [main] INFO  [36mo.s.d.r.c.RepositoryConfigurationDelegate[0;39m - Bootstrapping Spring Data JPA repositories in DEFAULT mode.
2025-01-13 15:33:06 [main] INFO  [36mo.s.d.r.c.RepositoryConfigurationDelegate[0;39m - Finished Spring Data repository scanning in 408 ms. Found 11 JPA repository interfaces.
2025-01-13 15:33:10 [main] INFO  [36mo.s.b.w.e.tomcat.TomcatWebServer[0;39m - Tomcat initialized with port 8091 (http)
2025-01-13 15:33:10 [main] INFO  [36mo.a.coyote.http11.Http11NioProtocol[0;39m - Initializing ProtocolHandler ["http-nio-8091"]
2025-01-13 15:33:11 [main] INFO  [36mo.a.catalina.core.StandardService[0;39m - Starting service [Tomcat]
2025-01-13 15:33:11 [main] INFO  [36mo.a.catalina.core.StandardEngine[0;39m - Starting Servlet engine: [Apache Tomcat/10.1.31]
2025-01-13 15:33:11 [main] INFO  [36mo.a.c.c.C.[Tomcat].[localhost].[/][0;39m - Initializing Spring embedded WebApplicationContext
2025-01-13 15:33:11 [main] INFO  [36mo.s.b.w.s.c.ServletWebServerApplicationContext[0;39m - Root WebApplicationContext: initialization completed in 13406 ms
2025-01-13 15:33:11 [main] WARN  [36mo.s.b.a.o.j.JpaBaseConfiguration$JpaWebConfiguration[0;39m - spring.jpa.open-in-view is enabled by default. Therefore, database queries may be performed during view rendering. Explicitly configure spring.jpa.open-in-view to disable this warning
2025-01-13 15:33:12 [main] INFO  [36mo.h.jpa.internal.util.LogHelper[0;39m - HHH000204: Processing PersistenceUnitInfo [name: default]
2025-01-13 15:33:12 [main] INFO  [36morg.hibernate.Version[0;39m - HHH000412: Hibernate ORM core version 6.5.3.Final
2025-01-13 15:33:12 [main] INFO  [36mo.h.c.i.RegionFactoryInitiator[0;39m - HHH000026: Second-level cache disabled
2025-01-13 15:33:14 [main] INFO  [36mo.s.o.j.p.SpringPersistenceUnitInfo[0;39m - No LoadTimeWeaver setup: ignoring JPA class transformer
2025-01-13 15:33:14 [main] INFO  [36mcom.zaxxer.hikari.HikariDataSource[0;39m - HikariPool-1 - Starting...
2025-01-13 15:33:14 [main] INFO  [36mcom.zaxxer.hikari.pool.HikariPool[0;39m - HikariPool-1 - Added connection com.mysql.cj.jdbc.ConnectionImpl@1b8d20e6
2025-01-13 15:33:14 [main] INFO  [36mcom.zaxxer.hikari.HikariDataSource[0;39m - HikariPool-1 - Start completed.
2025-01-13 15:33:14 [main] WARN  [36morg.hibernate.dialect.Dialect[0;39m - HHH000511: The 5.7.24 version for [org.hibernate.dialect.MySQLDialect] is no longer supported, hence certain features may not work properly. The minimum supported version is 8.0.0. Check the community dialects project for available legacy versions.
2025-01-13 15:33:14 [main] WARN  [36morg.hibernate.orm.deprecation[0;39m - HHH90000025: MySQLDialect does not need to be specified explicitly using 'hibernate.dialect' (remove the property setting and it will be selected by default)
2025-01-13 15:33:18 [main] INFO  [36mo.h.e.t.j.p.i.JtaPlatformInitiator[0;39m - HHH000489: No JTA platform available (set 'hibernate.transaction.jta.platform' to enable JTA platform integration)
2025-01-13 15:33:19 [main] INFO  [36mo.s.o.j.LocalContainerEntityManagerFactoryBean[0;39m - Initialized JPA EntityManagerFactory for persistence unit 'default'
2025-01-13 15:33:22 [main] INFO  [36mo.s.s.c.a.a.c.InitializeAuthenticationProviderBeanManagerConfigurer$InitializeAuthenticationProviderManagerConfigurer[0;39m - Global AuthenticationManager configured with AuthenticationProvider bean with name authenticationProvider
2025-01-13 15:33:22 [main] WARN  [36mo.s.s.c.a.a.c.InitializeUserDetailsBeanManagerConfigurer$InitializeUserDetailsManagerConfigurer[0;39m - Global AuthenticationManager configured with an AuthenticationProvider bean. UserDetailsService beans will not be used for username/password login. Consider removing the AuthenticationProvider bean. Alternatively, consider using the UserDetailsService in a manually instantiated DaoAuthenticationProvider.
2025-01-13 15:33:24 [main] INFO  [36mo.a.coyote.http11.Http11NioProtocol[0;39m - Starting ProtocolHandler ["http-nio-8091"]
2025-01-13 15:33:24 [main] INFO  [36mo.s.b.w.e.tomcat.TomcatWebServer[0;39m - Tomcat started on port 8091 (http) with context path '/'
2025-01-13 15:33:24 [main] INFO  [36mo.s.m.s.b.SimpleBrokerMessageHandler[0;39m - Starting...
2025-01-13 15:33:24 [main] INFO  [36mo.s.m.s.b.SimpleBrokerMessageHandler[0;39m - BrokerAvailabilityEvent[available=true, SimpleBrokerMessageHandler [org.springframework.messaging.simp.broker.DefaultSubscriptionRegistry@2fedae96]]
2025-01-13 15:33:24 [main] INFO  [36mo.s.m.s.b.SimpleBrokerMessageHandler[0;39m - Started.
2025-01-13 15:33:24 [main] INFO  [36mc.P.digitalis.DigitalisApplication[0;39m - Started DigitalisApplication in 31.21 seconds (process running for 35.576)
2025-01-13 15:33:44 [http-nio-8091-exec-2] INFO  [36mo.a.c.c.C.[Tomcat].[localhost].[/][0;39m - Initializing Spring DispatcherServlet 'dispatcherServlet'
2025-01-13 15:33:44 [http-nio-8091-exec-2] INFO  [36mo.s.web.servlet.DispatcherServlet[0;39m - Initializing Servlet 'dispatcherServlet'
2025-01-13 15:33:44 [http-nio-8091-exec-2] INFO  [36mo.s.web.servlet.DispatcherServlet[0;39m - Completed initialization in 4 ms
2025-01-13 15:33:45 [http-nio-8091-exec-1] INFO  [36mc.P.d.service.DirectionService[0;39m - Récupération de la liste de toutes les directions
2025-01-13 15:33:45 [http-nio-8091-exec-2] INFO  [36mc.P.digitalis.service.UService[0;39m - Récupération de tous les services
2025-01-13 15:33:46 [http-nio-8091-exec-2] INFO  [36mc.P.digitalis.service.UService[0;39m - Nombre de services récupérés : 2
2025-01-13 15:33:46 [http-nio-8091-exec-1] INFO  [36mc.P.d.service.DirectionService[0;39m - Nombre de directions récupérées : 3
2025-01-13 15:34:24 [MessageBroker-1] INFO  [36mo.s.w.s.c.WebSocketMessageBrokerStats[0;39m - WebSocketSession[0 current WS(0)-HttpStream(0)-HttpPoll(0), 0 total, 0 closed abnormally (0 connect failure, 0 send limit, 0 transport error)], stompSubProtocol[processed CONNECT(0)-CONNECTED(0)-DISCONNECT(0)], stompBrokerRelay[null], inboundChannel[pool size = 0, active threads = 0, queued tasks = 0, completed tasks = 0], outboundChannel[pool size = 0, active threads = 0, queued tasks = 0, completed tasks = 0], sockJsScheduler[pool size = 1, active threads = 1, queued tasks = 0, completed tasks = 0]
2025-01-13 15:34:43 [http-nio-8091-exec-4] INFO  [36mc.P.d.service.DirectionService[0;39m - Récupération de la liste de toutes les directions
2025-01-13 15:34:43 [http-nio-8091-exec-6] INFO  [36mc.P.digitalis.service.UService[0;39m - Récupération de tous les services
2025-01-13 15:34:43 [http-nio-8091-exec-4] INFO  [36mc.P.d.service.DirectionService[0;39m - Nombre de directions récupérées : 3
2025-01-13 15:34:43 [http-nio-8091-exec-6] INFO  [36mc.P.digitalis.service.UService[0;39m - Nombre de services récupérés : 2
2025-01-13 15:36:05 [http-nio-8091-exec-9] INFO  [36mc.P.d.service.DirectionService[0;39m - Récupération de la liste de toutes les directions
2025-01-13 15:36:05 [http-nio-8091-exec-9] INFO  [36mc.P.d.service.DirectionService[0;39m - Nombre de directions récupérées : 3
2025-01-13 15:36:05 [http-nio-8091-exec-10] INFO  [36mc.P.digitalis.service.UService[0;39m - Récupération de tous les services
2025-01-13 15:36:05 [http-nio-8091-exec-10] INFO  [36mc.P.digitalis.service.UService[0;39m - Nombre de services récupérés : 2
2025-01-13 15:39:11 [http-nio-8091-exec-3] INFO  [36mc.P.d.service.DirectionService[0;39m - Récupération de la liste de toutes les directions
2025-01-13 15:39:11 [http-nio-8091-exec-3] INFO  [36mc.P.d.service.DirectionService[0;39m - Nombre de directions récupérées : 3
2025-01-13 15:39:11 [http-nio-8091-exec-4] INFO  [36mc.P.digitalis.service.UService[0;39m - Récupération de tous les services
2025-01-13 15:39:11 [http-nio-8091-exec-4] INFO  [36mc.P.digitalis.service.UService[0;39m - Nombre de services récupérés : 2
2025-01-13 15:39:37 [http-nio-8091-exec-7] INFO  [36mc.P.d.service.DirectionService[0;39m - Récupération de la liste de toutes les directions
2025-01-13 15:39:37 [http-nio-8091-exec-7] INFO  [36mc.P.d.service.DirectionService[0;39m - Nombre de directions récupérées : 3
2025-01-13 15:39:37 [http-nio-8091-exec-9] INFO  [36mc.P.digitalis.service.UService[0;39m - Récupération de tous les services
2025-01-13 15:39:37 [http-nio-8091-exec-9] INFO  [36mc.P.digitalis.service.UService[0;39m - Nombre de services récupérés : 2
2025-01-13 15:47:29 [http-nio-8091-exec-5] INFO  [36mc.P.d.service.DirectionService[0;39m - Récupération de la liste de toutes les directions
2025-01-13 15:47:29 [http-nio-8091-exec-5] INFO  [36mc.P.d.service.DirectionService[0;39m - Nombre de directions récupérées : 3
2025-01-13 15:47:29 [http-nio-8091-exec-2] INFO  [36mc.P.digitalis.service.UService[0;39m - Récupération de tous les services
2025-01-13 15:47:29 [http-nio-8091-exec-2] INFO  [36mc.P.digitalis.service.UService[0;39m - Nombre de services récupérés : 2
2025-01-13 16:04:25 [MessageBroker-1] INFO  [36mo.s.w.s.c.WebSocketMessageBrokerStats[0;39m - WebSocketSession[0 current WS(0)-HttpStream(0)-HttpPoll(0), 0 total, 0 closed abnormally (0 connect failure, 0 send limit, 0 transport error)], stompSubProtocol[processed CONNECT(0)-CONNECTED(0)-DISCONNECT(0)], stompBrokerRelay[null], inboundChannel[pool size = 0, active threads = 0, queued tasks = 0, completed tasks = 0], outboundChannel[pool size = 0, active threads = 0, queued tasks = 0, completed tasks = 0], sockJsScheduler[pool size = 2, active threads = 1, queued tasks = 0, completed tasks = 1]
2025-01-13 16:06:45 [http-nio-8091-exec-7] INFO  [36mc.P.digitalis.service.UService[0;39m - Récupération de tous les services
2025-01-13 16:06:45 [http-nio-8091-exec-8] INFO  [36mc.P.d.service.DirectionService[0;39m - Récupération de la liste de toutes les directions
2025-01-13 16:06:45 [http-nio-8091-exec-8] INFO  [36mc.P.d.service.DirectionService[0;39m - Nombre de directions récupérées : 3
2025-01-13 16:06:45 [http-nio-8091-exec-7] INFO  [36mc.P.digitalis.service.UService[0;39m - Nombre de services récupérés : 2
2025-01-13 16:07:58 [http-nio-8091-exec-3] INFO  [36mc.P.d.service.UserServicesImpl[0;39m - Tentative d'enregistrement de l'utilisateur avec l'email : null
2025-01-13 16:13:35 [http-nio-8091-exec-9] INFO  [36mc.P.digitalis.service.UService[0;39m - Récupération de tous les services
2025-01-13 16:13:35 [http-nio-8091-exec-4] INFO  [36mc.P.d.service.DirectionService[0;39m - Récupération de la liste de toutes les directions
2025-01-13 16:13:35 [http-nio-8091-exec-9] INFO  [36mc.P.digitalis.service.UService[0;39m - Nombre de services récupérés : 2
2025-01-13 16:13:35 [http-nio-8091-exec-4] INFO  [36mc.P.d.service.DirectionService[0;39m - Nombre de directions récupérées : 3
2025-01-13 16:13:40 [http-nio-8091-exec-1] INFO  [36mc.P.d.service.DirectionService[0;39m - Récupération de la liste de toutes les directions
2025-01-13 16:13:40 [http-nio-8091-exec-2] INFO  [36mc.P.digitalis.service.UService[0;39m - Récupération de tous les services
2025-01-13 16:13:40 [http-nio-8091-exec-1] INFO  [36mc.P.d.service.DirectionService[0;39m - Nombre de directions récupérées : 3
2025-01-13 16:13:40 [http-nio-8091-exec-2] INFO  [36mc.P.digitalis.service.UService[0;39m - Nombre de services récupérés : 2
2025-01-13 16:13:49 [http-nio-8091-exec-8] INFO  [36mc.P.digitalis.service.UService[0;39m - Récupération de tous les services
2025-01-13 16:13:49 [http-nio-8091-exec-8] INFO  [36mc.P.digitalis.service.UService[0;39m - Nombre de services récupérés : 2
2025-01-13 16:13:49 [http-nio-8091-exec-6] INFO  [36mc.P.d.service.DirectionService[0;39m - Récupération de la liste de toutes les directions
2025-01-13 16:13:49 [http-nio-8091-exec-6] INFO  [36mc.P.d.service.DirectionService[0;39m - Nombre de directions récupérées : 3
2025-01-13 16:14:03 [http-nio-8091-exec-1] INFO  [36mc.P.digitalis.service.UService[0;39m - Récupération de tous les services
2025-01-13 16:14:03 [http-nio-8091-exec-7] INFO  [36mc.P.d.service.DirectionService[0;39m - Récupération de la liste de toutes les directions
2025-01-13 16:14:03 [http-nio-8091-exec-1] INFO  [36mc.P.digitalis.service.UService[0;39m - Nombre de services récupérés : 2
2025-01-13 16:14:03 [http-nio-8091-exec-7] INFO  [36mc.P.d.service.DirectionService[0;39m - Nombre de directions récupérées : 3
2025-01-13 16:14:35 [http-nio-8091-exec-6] INFO  [36mc.P.d.service.DirectionService[0;39m - Récupération de la liste de toutes les directions
2025-01-13 16:14:35 [http-nio-8091-exec-6] INFO  [36mc.P.d.service.DirectionService[0;39m - Nombre de directions récupérées : 3
2025-01-13 16:14:35 [http-nio-8091-exec-5] INFO  [36mc.P.digitalis.service.UService[0;39m - Récupération de tous les services
2025-01-13 16:14:35 [http-nio-8091-exec-5] INFO  [36mc.P.digitalis.service.UService[0;39m - Nombre de services récupérés : 2
2025-01-13 16:14:44 [http-nio-8091-exec-1] INFO  [36mc.P.d.service.DirectionService[0;39m - Récupération de la liste de toutes les directions
2025-01-13 16:14:44 [http-nio-8091-exec-2] INFO  [36mc.P.digitalis.service.UService[0;39m - Récupération de tous les services
2025-01-13 16:14:44 [http-nio-8091-exec-1] INFO  [36mc.P.d.service.DirectionService[0;39m - Nombre de directions récupérées : 3
2025-01-13 16:14:44 [http-nio-8091-exec-2] INFO  [36mc.P.digitalis.service.UService[0;39m - Nombre de services récupérés : 2
2025-01-13 16:14:54 [http-nio-8091-exec-10] INFO  [36mc.P.d.service.DirectionService[0;39m - Récupération de la liste de toutes les directions
2025-01-13 16:14:54 [http-nio-8091-exec-5] INFO  [36mc.P.digitalis.service.UService[0;39m - Récupération de tous les services
2025-01-13 16:14:54 [http-nio-8091-exec-10] INFO  [36mc.P.d.service.DirectionService[0;39m - Nombre de directions récupérées : 3
2025-01-13 16:14:54 [http-nio-8091-exec-5] INFO  [36mc.P.digitalis.service.UService[0;39m - Nombre de services récupérés : 2
2025-01-13 16:18:26 [http-nio-8091-exec-2] INFO  [36mc.P.d.service.DirectionService[0;39m - Récupération de la liste de toutes les directions
2025-01-13 16:18:26 [http-nio-8091-exec-9] INFO  [36mc.P.digitalis.service.UService[0;39m - Récupération de tous les services
2025-01-13 16:18:26 [http-nio-8091-exec-2] INFO  [36mc.P.d.service.DirectionService[0;39m - Nombre de directions récupérées : 3
2025-01-13 16:18:26 [http-nio-8091-exec-9] INFO  [36mc.P.digitalis.service.UService[0;39m - Nombre de services récupérés : 2
2025-01-13 16:19:17 [http-nio-8091-exec-6] INFO  [36mc.P.d.service.UserServicesImpl[0;39m - Tentative d'enregistrement de l'utilisateur avec l'email : null
2025-01-13 16:33:47 [http-nio-8091-exec-1] INFO  [36mc.P.digitalis.service.UService[0;39m - Récupération de tous les services
2025-01-13 16:33:47 [http-nio-8091-exec-3] INFO  [36mc.P.d.service.DirectionService[0;39m - Récupération de la liste de toutes les directions
2025-01-13 16:33:47 [http-nio-8091-exec-3] INFO  [36mc.P.d.service.DirectionService[0;39m - Nombre de directions récupérées : 3
2025-01-13 16:33:47 [http-nio-8091-exec-1] INFO  [36mc.P.digitalis.service.UService[0;39m - Nombre de services récupérés : 2
2025-01-13 16:34:25 [MessageBroker-2] INFO  [36mo.s.w.s.c.WebSocketMessageBrokerStats[0;39m - WebSocketSession[0 current WS(0)-HttpStream(0)-HttpPoll(0), 0 total, 0 closed abnormally (0 connect failure, 0 send limit, 0 transport error)], stompSubProtocol[processed CONNECT(0)-CONNECTED(0)-DISCONNECT(0)], stompBrokerRelay[null], inboundChannel[pool size = 0, active threads = 0, queued tasks = 0, completed tasks = 0], outboundChannel[pool size = 0, active threads = 0, queued tasks = 0, completed tasks = 0], sockJsScheduler[pool size = 3, active threads = 1, queued tasks = 0, completed tasks = 2]
2025-01-13 16:35:25 [http-nio-8091-exec-6] INFO  [36mc.P.d.service.DirectionService[0;39m - Récupération de la liste de toutes les directions
2025-01-13 16:35:25 [http-nio-8091-exec-6] INFO  [36mc.P.d.service.DirectionService[0;39m - Nombre de directions récupérées : 3
2025-01-13 16:35:25 [http-nio-8091-exec-4] INFO  [36mc.P.digitalis.service.UService[0;39m - Récupération de tous les services
2025-01-13 16:35:25 [http-nio-8091-exec-4] INFO  [36mc.P.digitalis.service.UService[0;39m - Nombre de services récupérés : 2
2025-01-13 16:46:27 [http-nio-8091-exec-8] INFO  [36mc.P.digitalis.service.UService[0;39m - Récupération de tous les services
2025-01-13 16:46:27 [http-nio-8091-exec-8] INFO  [36mc.P.digitalis.service.UService[0;39m - Nombre de services récupérés : 2
2025-01-13 16:46:27 [http-nio-8091-exec-1] INFO  [36mc.P.d.service.DirectionService[0;39m - Récupération de la liste de toutes les directions
2025-01-13 16:46:27 [http-nio-8091-exec-1] INFO  [36mc.P.d.service.DirectionService[0;39m - Nombre de directions récupérées : 3
2025-01-13 16:50:26 [http-nio-8091-exec-10] INFO  [36mc.P.d.service.ProjetServicesImpl[0;39m - Récupération de la liste de tous les projets
2025-01-13 16:50:27 [http-nio-8091-exec-4] INFO  [36mc.P.d.service.ProjetServicesImpl[0;39m - Récupération de la liste de tous les projets
2025-01-13 16:52:23 [http-nio-8091-exec-3] INFO  [36mc.P.d.service.ProjetServicesImpl[0;39m - Récupération de la liste de tous les projets
2025-01-13 16:52:23 [http-nio-8091-exec-5] INFO  [36mc.P.d.service.ProjetServicesImpl[0;39m - Récupération de la liste de tous les projets
2025-01-13 16:52:40 [http-nio-8091-exec-8] INFO  [36mc.P.d.service.ProjetServicesImpl[0;39m - Récupération de la liste de tous les projets
2025-01-13 16:52:40 [http-nio-8091-exec-1] INFO  [36mc.P.d.service.ProjetServicesImpl[0;39m - Récupération de la liste de tous les projets
2025-01-13 16:53:31 [http-nio-8091-exec-2] INFO  [36mc.P.d.service.ProjetServicesImpl[0;39m - Enregistrement du projet : fghjk
2025-01-13 16:53:33 [http-nio-8091-exec-9] INFO  [36mc.P.d.service.ProjetServicesImpl[0;39m - Récupération de la liste de tous les projets
2025-01-13 16:53:33 [http-nio-8091-exec-6] INFO  [36mc.P.d.service.ProjetServicesImpl[0;39m - Récupération de la liste de tous les projets
2025-01-13 16:54:09 [http-nio-8091-exec-10] INFO  [36mc.P.d.service.DirectionService[0;39m - Récupération de la liste de toutes les directions
2025-01-13 16:54:09 [http-nio-8091-exec-4] INFO  [36mc.P.digitalis.service.UService[0;39m - Récupération de tous les services
2025-01-13 16:54:09 [http-nio-8091-exec-10] INFO  [36mc.P.d.service.DirectionService[0;39m - Nombre de directions récupérées : 3
2025-01-13 16:54:09 [http-nio-8091-exec-4] INFO  [36mc.P.digitalis.service.UService[0;39m - Nombre de services récupérés : 2
2025-01-13 16:55:16 [http-nio-8091-exec-2] INFO  [36mc.P.d.service.UserServicesImpl[0;39m - Tentative d'enregistrement de l'utilisateur avec l'email : null
2025-01-13 17:04:25 [MessageBroker-2] INFO  [36mo.s.w.s.c.WebSocketMessageBrokerStats[0;39m - WebSocketSession[0 current WS(0)-HttpStream(0)-HttpPoll(0), 0 total, 0 closed abnormally (0 connect failure, 0 send limit, 0 transport error)], stompSubProtocol[processed CONNECT(0)-CONNECTED(0)-DISCONNECT(0)], stompBrokerRelay[null], inboundChannel[pool size = 0, active threads = 0, queued tasks = 0, completed tasks = 0], outboundChannel[pool size = 0, active threads = 0, queued tasks = 0, completed tasks = 0], sockJsScheduler[pool size = 4, active threads = 1, queued tasks = 0, completed tasks = 3]
2025-01-13 20:18:14 [HikariPool-1 housekeeper] WARN  [36mcom.zaxxer.hikari.pool.HikariPool[0;39m - HikariPool-1 - Thread starvation or clock leap detected (housekeeper delta=3h28s44ms214µs99ns).
2025-01-13 21:18:28 [HikariPool-1 housekeeper] WARN  [36mcom.zaxxer.hikari.pool.HikariPool[0;39m - HikariPool-1 - Thread starvation or clock leap detected (housekeeper delta=1h30s772ms635µs1ns).
