2025-01-14 17:58:14 [main] INFO  [36mc.P.digitalis.DigitalisApplication[0;39m - Starting DigitalisApplication using Java 17.0.6 with PID 5388 (C:\Users\LIVE-TECH\Desktop\ProjectManagment\digitalis\target\classes started by LIVE-TECH in C:\Users\LIVE-TECH\Desktop\ProjectManagment\digitalis)
2025-01-14 17:58:14 [main] INFO  [36mc.P.digitalis.DigitalisApplication[0;39m - No active profile set, falling back to 1 default profile: "default"
2025-01-14 17:58:31 [main] INFO  [36mo.s.d.r.c.RepositoryConfigurationDelegate[0;39m - Bootstrapping Spring Data JPA repositories in DEFAULT mode.
2025-01-14 17:58:32 [main] INFO  [36mo.s.d.r.c.RepositoryConfigurationDelegate[0;39m - Finished Spring Data repository scanning in 1064 ms. Found 11 JPA repository interfaces.
2025-01-14 17:58:57 [main] INFO  [36mo.s.b.w.e.tomcat.TomcatWebServer[0;39m - Tomcat initialized with port 8091 (http)
2025-01-14 17:58:58 [main] INFO  [36mo.a.coyote.http11.Http11NioProtocol[0;39m - Initializing ProtocolHandler ["http-nio-8091"]
2025-01-14 17:58:58 [main] INFO  [36mo.a.catalina.core.StandardService[0;39m - Starting service [Tomcat]
2025-01-14 17:58:58 [main] INFO  [36mo.a.catalina.core.StandardEngine[0;39m - Starting Servlet engine: [Apache Tomcat/10.1.31]
2025-01-14 17:59:15 [main] INFO  [36mo.a.c.c.C.[Tomcat].[localhost].[/][0;39m - Initializing Spring embedded WebApplicationContext
2025-01-14 17:59:15 [main] INFO  [36mo.s.b.w.s.c.ServletWebServerApplicationContext[0;39m - Root WebApplicationContext: initialization completed in 60157 ms
2025-01-14 17:59:16 [main] WARN  [36mo.s.b.a.o.j.JpaBaseConfiguration$JpaWebConfiguration[0;39m - spring.jpa.open-in-view is enabled by default. Therefore, database queries may be performed during view rendering. Explicitly configure spring.jpa.open-in-view to disable this warning
2025-01-14 17:59:24 [main] INFO  [36mo.h.jpa.internal.util.LogHelper[0;39m - HHH000204: Processing PersistenceUnitInfo [name: default]
2025-01-14 17:59:38 [main] INFO  [36morg.hibernate.Version[0;39m - HHH000412: Hibernate ORM core version 6.5.3.Final
2025-01-14 17:59:43 [main] INFO  [36mo.h.c.i.RegionFactoryInitiator[0;39m - HHH000026: Second-level cache disabled
2025-01-14 18:00:09 [main] INFO  [36mo.s.o.j.p.SpringPersistenceUnitInfo[0;39m - No LoadTimeWeaver setup: ignoring JPA class transformer
2025-01-14 18:00:12 [main] INFO  [36mcom.zaxxer.hikari.HikariDataSource[0;39m - HikariPool-1 - Starting...
2025-01-14 18:00:22 [main] INFO  [36mcom.zaxxer.hikari.pool.HikariPool[0;39m - HikariPool-1 - Added connection com.mysql.cj.jdbc.ConnectionImpl@7c956dda
2025-01-14 18:00:23 [main] INFO  [36mcom.zaxxer.hikari.HikariDataSource[0;39m - HikariPool-1 - Start completed.
2025-01-14 18:00:26 [main] WARN  [36morg.hibernate.dialect.Dialect[0;39m - HHH000511: The 5.7.24 version for [org.hibernate.dialect.MySQLDialect] is no longer supported, hence certain features may not work properly. The minimum supported version is 8.0.0. Check the community dialects project for available legacy versions.
2025-01-14 18:00:26 [main] WARN  [36morg.hibernate.orm.deprecation[0;39m - HHH90000025: MySQLDialect does not need to be specified explicitly using 'hibernate.dialect' (remove the property setting and it will be selected by default)
2025-01-14 18:00:41 [main] INFO  [36mo.h.e.t.j.p.i.JtaPlatformInitiator[0;39m - HHH000489: No JTA platform available (set 'hibernate.transaction.jta.platform' to enable JTA platform integration)
2025-01-14 18:00:43 [main] INFO  [36mo.s.o.j.LocalContainerEntityManagerFactoryBean[0;39m - Initialized JPA EntityManagerFactory for persistence unit 'default'
2025-01-14 18:00:54 [main] INFO  [36mo.s.s.c.a.a.c.InitializeAuthenticationProviderBeanManagerConfigurer$InitializeAuthenticationProviderManagerConfigurer[0;39m - Global AuthenticationManager configured with AuthenticationProvider bean with name authenticationProvider
2025-01-14 18:00:54 [main] WARN  [36mo.s.s.c.a.a.c.InitializeUserDetailsBeanManagerConfigurer$InitializeUserDetailsManagerConfigurer[0;39m - Global AuthenticationManager configured with an AuthenticationProvider bean. UserDetailsService beans will not be used for username/password login. Consider removing the AuthenticationProvider bean. Alternatively, consider using the UserDetailsService in a manually instantiated DaoAuthenticationProvider.
2025-01-14 18:01:02 [main] INFO  [36mo.s.b.w.e.tomcat.TomcatWebServer[0;39m - Tomcat started on port 8091 (http) with context path '/'
2025-01-14 18:01:02 [main] INFO  [36mo.s.m.s.b.SimpleBrokerMessageHandler[0;39m - Starting...
2025-01-14 18:01:02 [main] INFO  [36mo.s.m.s.b.SimpleBrokerMessageHandler[0;39m - BrokerAvailabilityEvent[available=true, SimpleBrokerMessageHandler [org.springframework.messaging.simp.broker.DefaultSubscriptionRegistry@25af2afe]]
2025-01-14 18:01:02 [main] INFO  [36mo.s.m.s.b.SimpleBrokerMessageHandler[0;39m - Started.
2025-01-14 18:01:02 [main] INFO  [36mc.P.digitalis.DigitalisApplication[0;39m - Started DigitalisApplication in 174.178 seconds (process running for 200.291)
2025-01-14 18:01:02 [SpringApplicationShutdownHook] INFO  [36mo.s.m.s.b.SimpleBrokerMessageHandler[0;39m - Stopping...
2025-01-14 18:01:02 [SpringApplicationShutdownHook] INFO  [36mo.s.m.s.b.SimpleBrokerMessageHandler[0;39m - BrokerAvailabilityEvent[available=false, SimpleBrokerMessageHandler [org.springframework.messaging.simp.broker.DefaultSubscriptionRegistry@25af2afe]]
2025-01-14 18:01:02 [SpringApplicationShutdownHook] INFO  [36mo.s.m.s.b.SimpleBrokerMessageHandler[0;39m - Stopped.
2025-01-14 18:01:03 [SpringApplicationShutdownHook] INFO  [36mo.s.o.j.LocalContainerEntityManagerFactoryBean[0;39m - Closing JPA EntityManagerFactory for persistence unit 'default'
2025-01-14 18:01:03 [SpringApplicationShutdownHook] INFO  [36mcom.zaxxer.hikari.HikariDataSource[0;39m - HikariPool-1 - Shutdown initiated...
2025-01-14 18:01:03 [SpringApplicationShutdownHook] INFO  [36mcom.zaxxer.hikari.HikariDataSource[0;39m - HikariPool-1 - Shutdown completed.
2025-01-14 18:02:32 [main] INFO  [36mc.P.digitalis.DigitalisApplication[0;39m - Starting DigitalisApplication using Java 17.0.6 with PID 8688 (C:\Users\LIVE-TECH\Desktop\ProjectManagment\digitalis\target\classes started by LIVE-TECH in C:\Users\LIVE-TECH\Desktop\ProjectManagment\digitalis)
2025-01-14 18:02:32 [main] INFO  [36mc.P.digitalis.DigitalisApplication[0;39m - No active profile set, falling back to 1 default profile: "default"
2025-01-14 18:02:42 [main] INFO  [36mo.s.d.r.c.RepositoryConfigurationDelegate[0;39m - Bootstrapping Spring Data JPA repositories in DEFAULT mode.
2025-01-14 18:02:43 [main] INFO  [36mo.s.d.r.c.RepositoryConfigurationDelegate[0;39m - Finished Spring Data repository scanning in 469 ms. Found 11 JPA repository interfaces.
2025-01-14 18:02:47 [main] INFO  [36mo.s.b.w.e.tomcat.TomcatWebServer[0;39m - Tomcat initialized with port 8091 (http)
2025-01-14 18:02:47 [main] INFO  [36mo.a.coyote.http11.Http11NioProtocol[0;39m - Initializing ProtocolHandler ["http-nio-8091"]
2025-01-14 18:02:47 [main] INFO  [36mo.a.catalina.core.StandardService[0;39m - Starting service [Tomcat]
2025-01-14 18:02:47 [main] INFO  [36mo.a.catalina.core.StandardEngine[0;39m - Starting Servlet engine: [Apache Tomcat/10.1.31]
2025-01-14 18:02:47 [main] INFO  [36mo.a.c.c.C.[Tomcat].[localhost].[/][0;39m - Initializing Spring embedded WebApplicationContext
2025-01-14 18:02:47 [main] INFO  [36mo.s.b.w.s.c.ServletWebServerApplicationContext[0;39m - Root WebApplicationContext: initialization completed in 14634 ms
2025-01-14 18:02:48 [main] WARN  [36mo.s.b.a.o.j.JpaBaseConfiguration$JpaWebConfiguration[0;39m - spring.jpa.open-in-view is enabled by default. Therefore, database queries may be performed during view rendering. Explicitly configure spring.jpa.open-in-view to disable this warning
2025-01-14 18:02:49 [main] INFO  [36mo.h.jpa.internal.util.LogHelper[0;39m - HHH000204: Processing PersistenceUnitInfo [name: default]
2025-01-14 18:02:49 [main] INFO  [36morg.hibernate.Version[0;39m - HHH000412: Hibernate ORM core version 6.5.3.Final
2025-01-14 18:02:49 [main] INFO  [36mo.h.c.i.RegionFactoryInitiator[0;39m - HHH000026: Second-level cache disabled
2025-01-14 18:02:51 [main] INFO  [36mo.s.o.j.p.SpringPersistenceUnitInfo[0;39m - No LoadTimeWeaver setup: ignoring JPA class transformer
2025-01-14 18:02:51 [main] INFO  [36mcom.zaxxer.hikari.HikariDataSource[0;39m - HikariPool-1 - Starting...
2025-01-14 18:02:54 [main] INFO  [36mcom.zaxxer.hikari.pool.HikariPool[0;39m - HikariPool-1 - Added connection com.mysql.cj.jdbc.ConnectionImpl@246de37e
2025-01-14 18:02:54 [main] INFO  [36mcom.zaxxer.hikari.HikariDataSource[0;39m - HikariPool-1 - Start completed.
2025-01-14 18:02:54 [main] WARN  [36morg.hibernate.dialect.Dialect[0;39m - HHH000511: The 5.7.24 version for [org.hibernate.dialect.MySQLDialect] is no longer supported, hence certain features may not work properly. The minimum supported version is 8.0.0. Check the community dialects project for available legacy versions.
2025-01-14 18:02:54 [main] WARN  [36morg.hibernate.orm.deprecation[0;39m - HHH90000025: MySQLDialect does not need to be specified explicitly using 'hibernate.dialect' (remove the property setting and it will be selected by default)
2025-01-14 18:03:13 [main] INFO  [36mo.h.e.t.j.p.i.JtaPlatformInitiator[0;39m - HHH000489: No JTA platform available (set 'hibernate.transaction.jta.platform' to enable JTA platform integration)
2025-01-14 18:03:18 [main] INFO  [36mo.s.o.j.LocalContainerEntityManagerFactoryBean[0;39m - Initialized JPA EntityManagerFactory for persistence unit 'default'
2025-01-14 18:03:33 [main] INFO  [36mo.s.s.c.a.a.c.InitializeAuthenticationProviderBeanManagerConfigurer$InitializeAuthenticationProviderManagerConfigurer[0;39m - Global AuthenticationManager configured with AuthenticationProvider bean with name authenticationProvider
2025-01-14 18:03:33 [main] WARN  [36mo.s.s.c.a.a.c.InitializeUserDetailsBeanManagerConfigurer$InitializeUserDetailsManagerConfigurer[0;39m - Global AuthenticationManager configured with an AuthenticationProvider bean. UserDetailsService beans will not be used for username/password login. Consider removing the AuthenticationProvider bean. Alternatively, consider using the UserDetailsService in a manually instantiated DaoAuthenticationProvider.
2025-01-14 18:03:39 [main] INFO  [36mo.a.coyote.http11.Http11NioProtocol[0;39m - Starting ProtocolHandler ["http-nio-8091"]
2025-01-14 18:03:40 [main] INFO  [36mo.s.b.w.e.tomcat.TomcatWebServer[0;39m - Tomcat started on port 8091 (http) with context path '/'
2025-01-14 18:03:40 [main] INFO  [36mo.s.m.s.b.SimpleBrokerMessageHandler[0;39m - Starting...
2025-01-14 18:03:40 [main] INFO  [36mo.s.m.s.b.SimpleBrokerMessageHandler[0;39m - BrokerAvailabilityEvent[available=true, SimpleBrokerMessageHandler [org.springframework.messaging.simp.broker.DefaultSubscriptionRegistry@549dfe1d]]
2025-01-14 18:03:40 [main] INFO  [36mo.s.m.s.b.SimpleBrokerMessageHandler[0;39m - Started.
2025-01-14 18:03:40 [main] INFO  [36mc.P.digitalis.DigitalisApplication[0;39m - Started DigitalisApplication in 70.17 seconds (process running for 74.22)
2025-01-14 18:04:39 [MessageBroker-1] INFO  [36mo.s.w.s.c.WebSocketMessageBrokerStats[0;39m - WebSocketSession[0 current WS(0)-HttpStream(0)-HttpPoll(0), 0 total, 0 closed abnormally (0 connect failure, 0 send limit, 0 transport error)], stompSubProtocol[processed CONNECT(0)-CONNECTED(0)-DISCONNECT(0)], stompBrokerRelay[null], inboundChannel[pool size = 0, active threads = 0, queued tasks = 0, completed tasks = 0], outboundChannel[pool size = 0, active threads = 0, queued tasks = 0, completed tasks = 0], sockJsScheduler[pool size = 1, active threads = 1, queued tasks = 0, completed tasks = 0]
2025-01-14 18:05:26 [http-nio-8091-exec-3] INFO  [36mo.a.c.c.C.[Tomcat].[localhost].[/][0;39m - Initializing Spring DispatcherServlet 'dispatcherServlet'
2025-01-14 18:05:26 [http-nio-8091-exec-3] INFO  [36mo.s.web.servlet.DispatcherServlet[0;39m - Initializing Servlet 'dispatcherServlet'
2025-01-14 18:05:26 [http-nio-8091-exec-3] INFO  [36mo.s.web.servlet.DispatcherServlet[0;39m - Completed initialization in 6 ms
2025-01-14 18:05:27 [http-nio-8091-exec-1] INFO  [36mc.P.d.service.DirectionService[0;39m - Récupération de la liste de toutes les directions
2025-01-14 18:05:27 [http-nio-8091-exec-2] INFO  [36mc.P.digitalis.service.UService[0;39m - Récupération de tous les services
2025-01-14 18:05:29 [http-nio-8091-exec-2] INFO  [36mc.P.digitalis.service.UService[0;39m - Nombre de services récupérés : 2
2025-01-14 18:05:29 [http-nio-8091-exec-1] INFO  [36mc.P.d.service.DirectionService[0;39m - Nombre de directions récupérées : 3
2025-01-14 18:06:30 [http-nio-8091-exec-8] INFO  [36mc.P.digitalis.service.UService[0;39m - Récupération de tous les services
2025-01-14 18:06:30 [http-nio-8091-exec-7] INFO  [36mc.P.d.service.DirectionService[0;39m - Récupération de la liste de toutes les directions
2025-01-14 18:06:30 [http-nio-8091-exec-7] INFO  [36mc.P.d.service.DirectionService[0;39m - Nombre de directions récupérées : 3
2025-01-14 18:06:30 [http-nio-8091-exec-8] INFO  [36mc.P.digitalis.service.UService[0;39m - Nombre de services récupérés : 2
2025-01-14 18:06:45 [http-nio-8091-exec-2] INFO  [36mc.P.d.service.DirectionService[0;39m - Récupération de la liste de toutes les directions
2025-01-14 18:06:45 [http-nio-8091-exec-4] INFO  [36mc.P.digitalis.service.UService[0;39m - Récupération de tous les services
2025-01-14 18:06:45 [http-nio-8091-exec-2] INFO  [36mc.P.d.service.DirectionService[0;39m - Nombre de directions récupérées : 3
2025-01-14 18:06:45 [http-nio-8091-exec-4] INFO  [36mc.P.digitalis.service.UService[0;39m - Nombre de services récupérés : 2
2025-01-14 18:07:53 [http-nio-8091-exec-9] INFO  [36mc.P.d.service.DirectionService[0;39m - Récupération de la liste de toutes les directions
2025-01-14 18:07:53 [http-nio-8091-exec-8] INFO  [36mc.P.digitalis.service.UService[0;39m - Récupération de tous les services
2025-01-14 18:07:53 [http-nio-8091-exec-9] INFO  [36mc.P.d.service.DirectionService[0;39m - Nombre de directions récupérées : 3
2025-01-14 18:07:53 [http-nio-8091-exec-8] INFO  [36mc.P.digitalis.service.UService[0;39m - Nombre de services récupérés : 2
2025-01-14 18:08:18 [http-nio-8091-exec-5] INFO  [36mc.P.digitalis.service.UService[0;39m - Récupération de tous les services
2025-01-14 18:08:18 [http-nio-8091-exec-2] INFO  [36mc.P.d.service.DirectionService[0;39m - Récupération de la liste de toutes les directions
2025-01-14 18:08:18 [http-nio-8091-exec-2] INFO  [36mc.P.d.service.DirectionService[0;39m - Nombre de directions récupérées : 3
2025-01-14 18:08:18 [http-nio-8091-exec-5] INFO  [36mc.P.digitalis.service.UService[0;39m - Nombre de services récupérés : 2
2025-01-14 18:08:51 [http-nio-8091-exec-9] INFO  [36mc.P.d.service.DirectionService[0;39m - Récupération de la liste de toutes les directions
2025-01-14 18:08:51 [http-nio-8091-exec-9] INFO  [36mc.P.d.service.DirectionService[0;39m - Nombre de directions récupérées : 3
2025-01-14 18:08:51 [http-nio-8091-exec-8] INFO  [36mc.P.digitalis.service.UService[0;39m - Récupération de tous les services
2025-01-14 18:08:51 [http-nio-8091-exec-8] INFO  [36mc.P.digitalis.service.UService[0;39m - Nombre de services récupérés : 2
2025-01-14 18:14:13 [http-nio-8091-exec-7] INFO  [36mc.P.digitalis.service.UService[0;39m - Récupération de tous les services
2025-01-14 18:14:13 [http-nio-8091-exec-5] INFO  [36mc.P.d.service.DirectionService[0;39m - Récupération de la liste de toutes les directions
2025-01-14 18:14:13 [http-nio-8091-exec-7] INFO  [36mc.P.digitalis.service.UService[0;39m - Nombre de services récupérés : 2
2025-01-14 18:14:13 [http-nio-8091-exec-5] INFO  [36mc.P.d.service.DirectionService[0;39m - Nombre de directions récupérées : 3
2025-01-14 18:15:06 [http-nio-8091-exec-8] INFO  [36mc.P.d.service.DirectionService[0;39m - Récupération de la liste de toutes les directions
2025-01-14 18:15:06 [http-nio-8091-exec-2] INFO  [36mc.P.digitalis.service.UService[0;39m - Récupération de tous les services
2025-01-14 18:15:06 [http-nio-8091-exec-8] INFO  [36mc.P.d.service.DirectionService[0;39m - Nombre de directions récupérées : 3
2025-01-14 18:15:06 [http-nio-8091-exec-2] INFO  [36mc.P.digitalis.service.UService[0;39m - Nombre de services récupérés : 2
2025-01-14 18:15:51 [http-nio-8091-exec-7] INFO  [36mc.P.d.service.DirectionService[0;39m - Récupération de la liste de toutes les directions
2025-01-14 18:15:51 [http-nio-8091-exec-5] INFO  [36mc.P.digitalis.service.UService[0;39m - Récupération de tous les services
2025-01-14 18:15:52 [http-nio-8091-exec-7] INFO  [36mc.P.d.service.DirectionService[0;39m - Nombre de directions récupérées : 3
2025-01-14 18:15:52 [http-nio-8091-exec-5] INFO  [36mc.P.digitalis.service.UService[0;39m - Nombre de services récupérés : 2
2025-01-14 18:16:56 [http-nio-8091-exec-3] INFO  [36mc.P.digitalis.service.UService[0;39m - Récupération de tous les services
2025-01-14 18:16:56 [http-nio-8091-exec-8] INFO  [36mc.P.d.service.DirectionService[0;39m - Récupération de la liste de toutes les directions
2025-01-14 18:16:56 [http-nio-8091-exec-3] INFO  [36mc.P.digitalis.service.UService[0;39m - Nombre de services récupérés : 2
2025-01-14 18:16:56 [http-nio-8091-exec-8] INFO  [36mc.P.d.service.DirectionService[0;39m - Nombre de directions récupérées : 3
2025-01-14 18:23:08 [http-nio-8091-exec-9] INFO  [36mc.P.d.service.DirectionService[0;39m - Récupération de la liste de toutes les directions
2025-01-14 18:23:08 [http-nio-8091-exec-10] INFO  [36mc.P.digitalis.service.UService[0;39m - Récupération de tous les services
2025-01-14 18:23:08 [http-nio-8091-exec-9] INFO  [36mc.P.d.service.DirectionService[0;39m - Nombre de directions récupérées : 3
2025-01-14 18:23:08 [http-nio-8091-exec-10] INFO  [36mc.P.digitalis.service.UService[0;39m - Nombre de services récupérés : 2
2025-01-14 18:23:24 [http-nio-8091-exec-4] INFO  [36mc.P.d.service.DirectionService[0;39m - Récupération de la liste de toutes les directions
2025-01-14 18:23:24 [http-nio-8091-exec-4] INFO  [36mc.P.d.service.DirectionService[0;39m - Nombre de directions récupérées : 3
2025-01-14 18:23:24 [http-nio-8091-exec-7] INFO  [36mc.P.digitalis.service.UService[0;39m - Récupération de tous les services
2025-01-14 18:23:24 [http-nio-8091-exec-7] INFO  [36mc.P.digitalis.service.UService[0;39m - Nombre de services récupérés : 2
2025-01-14 18:30:35 [http-nio-8091-exec-3] INFO  [36mc.P.d.service.DirectionService[0;39m - Récupération de la liste de toutes les directions
2025-01-14 18:30:35 [http-nio-8091-exec-3] INFO  [36mc.P.d.service.DirectionService[0;39m - Nombre de directions récupérées : 3
2025-01-14 18:30:35 [http-nio-8091-exec-4] INFO  [36mc.P.digitalis.service.UService[0;39m - Récupération de tous les services
2025-01-14 18:30:35 [http-nio-8091-exec-4] INFO  [36mc.P.digitalis.service.UService[0;39m - Nombre de services récupérés : 2
2025-01-14 18:31:34 [http-nio-8091-exec-10] INFO  [36mc.P.digitalis.service.UService[0;39m - Récupération de tous les services
2025-01-14 18:31:34 [http-nio-8091-exec-10] INFO  [36mc.P.digitalis.service.UService[0;39m - Nombre de services récupérés : 2
2025-01-14 18:31:34 [http-nio-8091-exec-6] INFO  [36mc.P.d.service.DirectionService[0;39m - Récupération de la liste de toutes les directions
2025-01-14 18:31:34 [http-nio-8091-exec-6] INFO  [36mc.P.d.service.DirectionService[0;39m - Nombre de directions récupérées : 3
2025-01-14 18:32:26 [http-nio-8091-exec-1] INFO  [36mc.P.d.service.DirectionService[0;39m - Récupération de la liste de toutes les directions
2025-01-14 18:32:26 [http-nio-8091-exec-1] INFO  [36mc.P.d.service.DirectionService[0;39m - Nombre de directions récupérées : 3
2025-01-14 18:32:26 [http-nio-8091-exec-3] INFO  [36mc.P.digitalis.service.UService[0;39m - Récupération de tous les services
2025-01-14 18:32:26 [http-nio-8091-exec-3] INFO  [36mc.P.digitalis.service.UService[0;39m - Nombre de services récupérés : 2
2025-01-14 18:33:18 [http-nio-8091-exec-5] INFO  [36mc.P.d.service.DirectionService[0;39m - Récupération de la liste de toutes les directions
2025-01-14 18:33:18 [http-nio-8091-exec-10] INFO  [36mc.P.digitalis.service.UService[0;39m - Récupération de tous les services
2025-01-14 18:33:18 [http-nio-8091-exec-5] INFO  [36mc.P.d.service.DirectionService[0;39m - Nombre de directions récupérées : 3
2025-01-14 18:33:18 [http-nio-8091-exec-10] INFO  [36mc.P.digitalis.service.UService[0;39m - Nombre de services récupérés : 2
2025-01-14 18:34:39 [MessageBroker-1] INFO  [36mo.s.w.s.c.WebSocketMessageBrokerStats[0;39m - WebSocketSession[0 current WS(0)-HttpStream(0)-HttpPoll(0), 0 total, 0 closed abnormally (0 connect failure, 0 send limit, 0 transport error)], stompSubProtocol[processed CONNECT(0)-CONNECTED(0)-DISCONNECT(0)], stompBrokerRelay[null], inboundChannel[pool size = 0, active threads = 0, queued tasks = 0, completed tasks = 0], outboundChannel[pool size = 0, active threads = 0, queued tasks = 0, completed tasks = 0], sockJsScheduler[pool size = 2, active threads = 1, queued tasks = 0, completed tasks = 1]
2025-01-14 18:35:01 [http-nio-8091-exec-3] INFO  [36mc.P.d.service.DirectionService[0;39m - Récupération de la liste de toutes les directions
2025-01-14 18:35:01 [http-nio-8091-exec-4] INFO  [36mc.P.digitalis.service.UService[0;39m - Récupération de tous les services
2025-01-14 18:35:01 [http-nio-8091-exec-3] INFO  [36mc.P.d.service.DirectionService[0;39m - Nombre de directions récupérées : 3
2025-01-14 18:35:01 [http-nio-8091-exec-4] INFO  [36mc.P.digitalis.service.UService[0;39m - Nombre de services récupérés : 2
2025-01-14 18:41:26 [http-nio-8091-exec-7] INFO  [36mc.P.d.service.DirectionService[0;39m - Récupération de la liste de toutes les directions
2025-01-14 18:41:26 [http-nio-8091-exec-3] INFO  [36mc.P.digitalis.service.UService[0;39m - Récupération de tous les services
2025-01-14 18:41:26 [http-nio-8091-exec-3] INFO  [36mc.P.digitalis.service.UService[0;39m - Nombre de services récupérés : 2
2025-01-14 18:41:26 [http-nio-8091-exec-7] INFO  [36mc.P.d.service.DirectionService[0;39m - Nombre de directions récupérées : 3
2025-01-14 18:42:03 [http-nio-8091-exec-10] INFO  [36mc.P.digitalis.service.UService[0;39m - Récupération de tous les services
2025-01-14 18:42:03 [http-nio-8091-exec-10] INFO  [36mc.P.digitalis.service.UService[0;39m - Nombre de services récupérés : 2
2025-01-14 18:42:02 [http-nio-8091-exec-5] INFO  [36mc.P.d.service.DirectionService[0;39m - Récupération de la liste de toutes les directions
2025-01-14 18:42:03 [http-nio-8091-exec-5] INFO  [36mc.P.d.service.DirectionService[0;39m - Nombre de directions récupérées : 3
2025-01-14 18:42:09 [http-nio-8091-exec-3] INFO  [36mc.P.d.service.DirectionService[0;39m - Récupération de la liste de toutes les directions
2025-01-14 18:42:10 [http-nio-8091-exec-3] INFO  [36mc.P.d.service.DirectionService[0;39m - Nombre de directions récupérées : 3
2025-01-14 18:42:10 [http-nio-8091-exec-7] INFO  [36mc.P.digitalis.service.UService[0;39m - Récupération de tous les services
2025-01-14 18:42:10 [http-nio-8091-exec-7] INFO  [36mc.P.digitalis.service.UService[0;39m - Nombre de services récupérés : 2
2025-01-14 18:42:16 [http-nio-8091-exec-6] INFO  [36mc.P.digitalis.service.UService[0;39m - Récupération de tous les services
2025-01-14 18:42:16 [http-nio-8091-exec-6] INFO  [36mc.P.digitalis.service.UService[0;39m - Nombre de services récupérés : 2
2025-01-14 18:42:16 [http-nio-8091-exec-9] INFO  [36mc.P.d.service.DirectionService[0;39m - Récupération de la liste de toutes les directions
2025-01-14 18:42:16 [http-nio-8091-exec-9] INFO  [36mc.P.d.service.DirectionService[0;39m - Nombre de directions récupérées : 3
2025-01-14 18:51:13 [http-nio-8091-exec-7] INFO  [36mc.P.d.service.DirectionService[0;39m - Récupération de la liste de toutes les directions
2025-01-14 18:51:13 [http-nio-8091-exec-7] INFO  [36mc.P.d.service.DirectionService[0;39m - Nombre de directions récupérées : 3
2025-01-14 18:51:13 [http-nio-8091-exec-10] INFO  [36mc.P.digitalis.service.UService[0;39m - Récupération de tous les services
2025-01-14 18:51:13 [http-nio-8091-exec-10] INFO  [36mc.P.digitalis.service.UService[0;39m - Nombre de services récupérés : 2
2025-01-14 18:51:23 [http-nio-8091-exec-9] INFO  [36mc.P.d.service.DirectionService[0;39m - Récupération de la liste de toutes les directions
2025-01-14 18:51:23 [http-nio-8091-exec-9] INFO  [36mc.P.d.service.DirectionService[0;39m - Nombre de directions récupérées : 3
2025-01-14 18:51:23 [http-nio-8091-exec-5] INFO  [36mc.P.digitalis.service.UService[0;39m - Récupération de tous les services
2025-01-14 18:51:23 [http-nio-8091-exec-5] INFO  [36mc.P.digitalis.service.UService[0;39m - Nombre de services récupérés : 2
2025-01-14 18:52:14 [http-nio-8091-exec-8] INFO  [36mc.P.d.service.UserServicesImpl[0;39m - Tentative d'enregistrement de l'utilisateur avec l'email : sowthiernoaguibou53@gmail.com
2025-01-14 19:04:40 [MessageBroker-2] INFO  [36mo.s.w.s.c.WebSocketMessageBrokerStats[0;39m - WebSocketSession[0 current WS(0)-HttpStream(0)-HttpPoll(0), 0 total, 0 closed abnormally (0 connect failure, 0 send limit, 0 transport error)], stompSubProtocol[processed CONNECT(0)-CONNECTED(0)-DISCONNECT(0)], stompBrokerRelay[null], inboundChannel[pool size = 0, active threads = 0, queued tasks = 0, completed tasks = 0], outboundChannel[pool size = 0, active threads = 0, queued tasks = 0, completed tasks = 0], sockJsScheduler[pool size = 3, active threads = 1, queued tasks = 0, completed tasks = 2]
2025-01-14 19:34:40 [MessageBroker-1] INFO  [36mo.s.w.s.c.WebSocketMessageBrokerStats[0;39m - WebSocketSession[0 current WS(0)-HttpStream(0)-HttpPoll(0), 0 total, 0 closed abnormally (0 connect failure, 0 send limit, 0 transport error)], stompSubProtocol[processed CONNECT(0)-CONNECTED(0)-DISCONNECT(0)], stompBrokerRelay[null], inboundChannel[pool size = 0, active threads = 0, queued tasks = 0, completed tasks = 0], outboundChannel[pool size = 0, active threads = 0, queued tasks = 0, completed tasks = 0], sockJsScheduler[pool size = 4, active threads = 1, queued tasks = 0, completed tasks = 3]
2025-01-14 19:36:28 [http-nio-8091-exec-6] INFO  [36mc.P.digitalis.service.UService[0;39m - Récupération de tous les services
2025-01-14 19:36:28 [http-nio-8091-exec-7] INFO  [36mc.P.d.service.DirectionService[0;39m - Récupération de la liste de toutes les directions
2025-01-14 19:36:29 [http-nio-8091-exec-6] INFO  [36mc.P.digitalis.service.UService[0;39m - Nombre de services récupérés : 2
2025-01-14 19:36:29 [http-nio-8091-exec-7] INFO  [36mc.P.d.service.DirectionService[0;39m - Nombre de directions récupérées : 3
2025-01-14 19:37:14 [http-nio-8091-exec-3] INFO  [36mc.P.d.service.UserServicesImpl[0;39m - Tentative d'enregistrement de l'utilisateur avec l'email : sowthiernoaguibou53@gmail.com
2025-01-14 19:38:42 [SpringApplicationShutdownHook] INFO  [36mo.s.m.s.b.SimpleBrokerMessageHandler[0;39m - Stopping...
2025-01-14 19:38:42 [SpringApplicationShutdownHook] INFO  [36mo.s.m.s.b.SimpleBrokerMessageHandler[0;39m - BrokerAvailabilityEvent[available=false, SimpleBrokerMessageHandler [org.springframework.messaging.simp.broker.DefaultSubscriptionRegistry@549dfe1d]]
2025-01-14 19:38:42 [SpringApplicationShutdownHook] INFO  [36mo.s.m.s.b.SimpleBrokerMessageHandler[0;39m - Stopped.
2025-01-14 19:38:43 [SpringApplicationShutdownHook] INFO  [36mo.s.o.j.LocalContainerEntityManagerFactoryBean[0;39m - Closing JPA EntityManagerFactory for persistence unit 'default'
2025-01-14 19:38:44 [SpringApplicationShutdownHook] INFO  [36mcom.zaxxer.hikari.HikariDataSource[0;39m - HikariPool-1 - Shutdown initiated...
2025-01-14 19:38:44 [SpringApplicationShutdownHook] INFO  [36mcom.zaxxer.hikari.HikariDataSource[0;39m - HikariPool-1 - Shutdown completed.
2025-01-14 19:39:16 [main] INFO  [36mc.P.digitalis.DigitalisApplication[0;39m - Starting DigitalisApplication using Java 17.0.6 with PID 15516 (C:\Users\LIVE-TECH\Desktop\ProjectManagment\digitalis\target\classes started by LIVE-TECH in C:\Users\LIVE-TECH\Desktop\ProjectManagment\digitalis)
2025-01-14 19:39:16 [main] INFO  [36mc.P.digitalis.DigitalisApplication[0;39m - No active profile set, falling back to 1 default profile: "default"
2025-01-14 19:39:25 [main] INFO  [36mo.s.d.r.c.RepositoryConfigurationDelegate[0;39m - Bootstrapping Spring Data JPA repositories in DEFAULT mode.
2025-01-14 19:39:26 [main] INFO  [36mo.s.d.r.c.RepositoryConfigurationDelegate[0;39m - Finished Spring Data repository scanning in 531 ms. Found 11 JPA repository interfaces.
2025-01-14 19:39:33 [main] INFO  [36mo.s.b.w.e.tomcat.TomcatWebServer[0;39m - Tomcat initialized with port 8091 (http)
2025-01-14 19:39:34 [main] INFO  [36mo.a.coyote.http11.Http11NioProtocol[0;39m - Initializing ProtocolHandler ["http-nio-8091"]
2025-01-14 19:39:34 [main] INFO  [36mo.a.catalina.core.StandardService[0;39m - Starting service [Tomcat]
2025-01-14 19:39:34 [main] INFO  [36mo.a.catalina.core.StandardEngine[0;39m - Starting Servlet engine: [Apache Tomcat/10.1.31]
2025-01-14 19:39:37 [main] INFO  [36mo.a.c.c.C.[Tomcat].[localhost].[/][0;39m - Initializing Spring embedded WebApplicationContext
2025-01-14 19:39:37 [main] INFO  [36mo.s.b.w.s.c.ServletWebServerApplicationContext[0;39m - Root WebApplicationContext: initialization completed in 20547 ms
2025-01-14 19:39:37 [main] WARN  [36mo.s.b.a.o.j.JpaBaseConfiguration$JpaWebConfiguration[0;39m - spring.jpa.open-in-view is enabled by default. Therefore, database queries may be performed during view rendering. Explicitly configure spring.jpa.open-in-view to disable this warning
2025-01-14 19:39:38 [main] INFO  [36mo.h.jpa.internal.util.LogHelper[0;39m - HHH000204: Processing PersistenceUnitInfo [name: default]
2025-01-14 19:39:38 [main] INFO  [36morg.hibernate.Version[0;39m - HHH000412: Hibernate ORM core version 6.5.3.Final
2025-01-14 19:39:39 [main] INFO  [36mo.h.c.i.RegionFactoryInitiator[0;39m - HHH000026: Second-level cache disabled
2025-01-14 19:39:41 [main] INFO  [36mo.s.o.j.p.SpringPersistenceUnitInfo[0;39m - No LoadTimeWeaver setup: ignoring JPA class transformer
2025-01-14 19:39:42 [main] INFO  [36mcom.zaxxer.hikari.HikariDataSource[0;39m - HikariPool-1 - Starting...
2025-01-14 19:39:44 [main] INFO  [36mcom.zaxxer.hikari.pool.HikariPool[0;39m - HikariPool-1 - Added connection com.mysql.cj.jdbc.ConnectionImpl@1b8d20e6
2025-01-14 19:39:44 [main] INFO  [36mcom.zaxxer.hikari.HikariDataSource[0;39m - HikariPool-1 - Start completed.
2025-01-14 19:39:44 [main] WARN  [36morg.hibernate.dialect.Dialect[0;39m - HHH000511: The 5.7.24 version for [org.hibernate.dialect.MySQLDialect] is no longer supported, hence certain features may not work properly. The minimum supported version is 8.0.0. Check the community dialects project for available legacy versions.
2025-01-14 19:39:44 [main] WARN  [36morg.hibernate.orm.deprecation[0;39m - HHH90000025: MySQLDialect does not need to be specified explicitly using 'hibernate.dialect' (remove the property setting and it will be selected by default)
2025-01-14 19:39:47 [main] INFO  [36mo.h.e.t.j.p.i.JtaPlatformInitiator[0;39m - HHH000489: No JTA platform available (set 'hibernate.transaction.jta.platform' to enable JTA platform integration)
2025-01-14 19:39:50 [main] INFO  [36mo.s.o.j.LocalContainerEntityManagerFactoryBean[0;39m - Initialized JPA EntityManagerFactory for persistence unit 'default'
2025-01-14 19:39:53 [main] INFO  [36mo.s.s.c.a.a.c.InitializeAuthenticationProviderBeanManagerConfigurer$InitializeAuthenticationProviderManagerConfigurer[0;39m - Global AuthenticationManager configured with AuthenticationProvider bean with name authenticationProvider
2025-01-14 19:39:53 [main] WARN  [36mo.s.s.c.a.a.c.InitializeUserDetailsBeanManagerConfigurer$InitializeUserDetailsManagerConfigurer[0;39m - Global AuthenticationManager configured with an AuthenticationProvider bean. UserDetailsService beans will not be used for username/password login. Consider removing the AuthenticationProvider bean. Alternatively, consider using the UserDetailsService in a manually instantiated DaoAuthenticationProvider.
2025-01-14 19:39:55 [main] INFO  [36mo.a.coyote.http11.Http11NioProtocol[0;39m - Starting ProtocolHandler ["http-nio-8091"]
2025-01-14 19:39:56 [main] INFO  [36mo.s.b.w.e.tomcat.TomcatWebServer[0;39m - Tomcat started on port 8091 (http) with context path '/'
2025-01-14 19:39:56 [main] INFO  [36mo.s.m.s.b.SimpleBrokerMessageHandler[0;39m - Starting...
2025-01-14 19:39:56 [main] INFO  [36mo.s.m.s.b.SimpleBrokerMessageHandler[0;39m - BrokerAvailabilityEvent[available=true, SimpleBrokerMessageHandler [org.springframework.messaging.simp.broker.DefaultSubscriptionRegistry@4945cd1f]]
2025-01-14 19:39:56 [main] INFO  [36mo.s.m.s.b.SimpleBrokerMessageHandler[0;39m - Started.
2025-01-14 19:39:56 [main] INFO  [36mc.P.digitalis.DigitalisApplication[0;39m - Started DigitalisApplication in 42.242 seconds (process running for 50.69)
2025-01-14 19:40:36 [http-nio-8091-exec-3] INFO  [36mo.a.c.c.C.[Tomcat].[localhost].[/][0;39m - Initializing Spring DispatcherServlet 'dispatcherServlet'
2025-01-14 19:40:36 [http-nio-8091-exec-3] INFO  [36mo.s.web.servlet.DispatcherServlet[0;39m - Initializing Servlet 'dispatcherServlet'
2025-01-14 19:40:36 [http-nio-8091-exec-3] INFO  [36mo.s.web.servlet.DispatcherServlet[0;39m - Completed initialization in 13 ms
2025-01-14 19:40:36 [http-nio-8091-exec-2] INFO  [36mc.P.digitalis.service.UService[0;39m - Récupération de tous les services
2025-01-14 19:40:36 [http-nio-8091-exec-3] INFO  [36mc.P.d.service.DirectionService[0;39m - Récupération de la liste de toutes les directions
2025-01-14 19:40:37 [http-nio-8091-exec-3] INFO  [36mc.P.d.service.DirectionService[0;39m - Nombre de directions récupérées : 3
2025-01-14 19:40:37 [http-nio-8091-exec-2] INFO  [36mc.P.digitalis.service.UService[0;39m - Nombre de services récupérés : 2
2025-01-14 19:40:55 [MessageBroker-1] INFO  [36mo.s.w.s.c.WebSocketMessageBrokerStats[0;39m - WebSocketSession[0 current WS(0)-HttpStream(0)-HttpPoll(0), 0 total, 0 closed abnormally (0 connect failure, 0 send limit, 0 transport error)], stompSubProtocol[processed CONNECT(0)-CONNECTED(0)-DISCONNECT(0)], stompBrokerRelay[null], inboundChannel[pool size = 0, active threads = 0, queued tasks = 0, completed tasks = 0], outboundChannel[pool size = 0, active threads = 0, queued tasks = 0, completed tasks = 0], sockJsScheduler[pool size = 1, active threads = 1, queued tasks = 0, completed tasks = 0]
2025-01-14 19:52:50 [http-nio-8091-exec-8] INFO  [36mc.P.d.service.UserServicesImpl[0;39m - Tentative d'enregistrement de l'utilisateur avec l'email : sowthiernoaguibou53@gmail.com
2025-01-14 19:55:36 [http-nio-8091-exec-10] INFO  [36mc.P.d.service.DirectionService[0;39m - Récupération de la liste de toutes les directions
2025-01-14 19:55:36 [http-nio-8091-exec-10] INFO  [36mc.P.d.service.DirectionService[0;39m - Nombre de directions récupérées : 2
2025-01-14 19:55:36 [http-nio-8091-exec-1] INFO  [36mc.P.digitalis.service.UService[0;39m - Récupération de tous les services
2025-01-14 19:55:36 [http-nio-8091-exec-1] INFO  [36mc.P.digitalis.service.UService[0;39m - Nombre de services récupérés : 2
2025-01-14 19:56:22 [http-nio-8091-exec-6] INFO  [36mc.P.d.service.UserServicesImpl[0;39m - Tentative d'enregistrement de l'utilisateur avec l'email : sowthiernoaguibou53@gmail.com
2025-01-14 20:09:26 [http-nio-8091-exec-7] INFO  [36mc.P.d.service.DirectionService[0;39m - Récupération de la liste de toutes les directions
2025-01-14 20:09:26 [http-nio-8091-exec-7] INFO  [36mc.P.d.service.DirectionService[0;39m - Nombre de directions récupérées : 2
2025-01-14 20:09:26 [http-nio-8091-exec-8] INFO  [36mc.P.digitalis.service.UService[0;39m - Récupération de tous les services
2025-01-14 20:09:26 [http-nio-8091-exec-8] INFO  [36mc.P.digitalis.service.UService[0;39m - Nombre de services récupérés : 2
2025-01-14 20:10:07 [http-nio-8091-exec-4] INFO  [36mc.P.d.service.UserServicesImpl[0;39m - Tentative d'enregistrement de l'utilisateur avec l'email : sowthiernoaguibou53@gmail.com
2025-01-14 20:10:55 [MessageBroker-1] INFO  [36mo.s.w.s.c.WebSocketMessageBrokerStats[0;39m - WebSocketSession[0 current WS(0)-HttpStream(0)-HttpPoll(0), 0 total, 0 closed abnormally (0 connect failure, 0 send limit, 0 transport error)], stompSubProtocol[processed CONNECT(0)-CONNECTED(0)-DISCONNECT(0)], stompBrokerRelay[null], inboundChannel[pool size = 0, active threads = 0, queued tasks = 0, completed tasks = 0], outboundChannel[pool size = 0, active threads = 0, queued tasks = 0, completed tasks = 0], sockJsScheduler[pool size = 2, active threads = 1, queued tasks = 0, completed tasks = 1]
2025-01-14 20:11:19 [http-nio-8091-exec-6] INFO  [36mc.P.d.service.DirectionService[0;39m - Récupération de la liste de toutes les directions
2025-01-14 20:11:19 [http-nio-8091-exec-6] INFO  [36mc.P.d.service.DirectionService[0;39m - Nombre de directions récupérées : 2
2025-01-14 20:11:19 [http-nio-8091-exec-5] INFO  [36mc.P.digitalis.service.UService[0;39m - Récupération de tous les services
2025-01-14 20:11:19 [http-nio-8091-exec-5] INFO  [36mc.P.digitalis.service.UService[0;39m - Nombre de services récupérés : 2
2025-01-14 20:12:20 [http-nio-8091-exec-3] INFO  [36mc.P.d.service.UserServicesImpl[0;39m - Tentative d'enregistrement de l'utilisateur avec l'email : sowthiernoaguibou53@gmail.com
2025-01-14 20:21:33 [http-nio-8091-exec-10] INFO  [36mc.P.d.service.DirectionService[0;39m - Récupération de la liste de toutes les directions
2025-01-14 20:21:33 [http-nio-8091-exec-10] INFO  [36mc.P.d.service.DirectionService[0;39m - Nombre de directions récupérées : 2
2025-01-14 20:21:33 [http-nio-8091-exec-4] INFO  [36mc.P.digitalis.service.UService[0;39m - Récupération de tous les services
2025-01-14 20:21:33 [http-nio-8091-exec-4] INFO  [36mc.P.digitalis.service.UService[0;39m - Nombre de services récupérés : 2
2025-01-14 20:27:59 [http-nio-8091-exec-5] INFO  [36mc.P.d.service.DirectionService[0;39m - Récupération de la liste de toutes les directions
2025-01-14 20:27:59 [http-nio-8091-exec-8] INFO  [36mc.P.digitalis.service.UService[0;39m - Récupération de tous les services
2025-01-14 20:28:03 [http-nio-8091-exec-5] INFO  [36mc.P.d.service.DirectionService[0;39m - Nombre de directions récupérées : 2
2025-01-14 20:28:07 [http-nio-8091-exec-8] INFO  [36mc.P.digitalis.service.UService[0;39m - Nombre de services récupérés : 2
2025-01-14 20:29:06 [http-nio-8091-exec-2] INFO  [36mc.P.d.service.UserServicesImpl[0;39m - Tentative d'enregistrement de l'utilisateur avec l'email : sowthiernoaguibou53@gmail.com
2025-01-14 20:39:09 [SpringApplicationShutdownHook] INFO  [36mo.s.m.s.b.SimpleBrokerMessageHandler[0;39m - Stopping...
2025-01-14 20:39:09 [SpringApplicationShutdownHook] INFO  [36mo.s.m.s.b.SimpleBrokerMessageHandler[0;39m - BrokerAvailabilityEvent[available=false, SimpleBrokerMessageHandler [org.springframework.messaging.simp.broker.DefaultSubscriptionRegistry@4945cd1f]]
2025-01-14 20:39:09 [SpringApplicationShutdownHook] INFO  [36mo.s.m.s.b.SimpleBrokerMessageHandler[0;39m - Stopped.
2025-01-14 20:39:13 [SpringApplicationShutdownHook] INFO  [36mo.s.o.j.LocalContainerEntityManagerFactoryBean[0;39m - Closing JPA EntityManagerFactory for persistence unit 'default'
2025-01-14 20:39:14 [SpringApplicationShutdownHook] INFO  [36mcom.zaxxer.hikari.HikariDataSource[0;39m - HikariPool-1 - Shutdown initiated...
2025-01-14 20:39:14 [SpringApplicationShutdownHook] INFO  [36mcom.zaxxer.hikari.HikariDataSource[0;39m - HikariPool-1 - Shutdown completed.
2025-01-14 20:43:55 [main] INFO  [36mc.P.digitalis.DigitalisApplication[0;39m - Starting DigitalisApplication using Java 17.0.6 with PID 11572 (C:\Users\LIVE-TECH\Desktop\ProjectManagment\digitalis\target\classes started by LIVE-TECH in C:\Users\LIVE-TECH\Desktop\ProjectManagment\digitalis)
2025-01-14 20:43:55 [main] INFO  [36mc.P.digitalis.DigitalisApplication[0;39m - No active profile set, falling back to 1 default profile: "default"
2025-01-14 20:44:08 [main] INFO  [36mo.s.d.r.c.RepositoryConfigurationDelegate[0;39m - Bootstrapping Spring Data JPA repositories in DEFAULT mode.
2025-01-14 20:44:08 [main] INFO  [36mo.s.d.r.c.RepositoryConfigurationDelegate[0;39m - Finished Spring Data repository scanning in 558 ms. Found 11 JPA repository interfaces.
2025-01-14 20:44:23 [main] INFO  [36mo.s.b.w.e.tomcat.TomcatWebServer[0;39m - Tomcat initialized with port 8091 (http)
2025-01-14 20:44:23 [main] INFO  [36mo.a.coyote.http11.Http11NioProtocol[0;39m - Initializing ProtocolHandler ["http-nio-8091"]
2025-01-14 20:44:24 [main] INFO  [36mo.a.catalina.core.StandardService[0;39m - Starting service [Tomcat]
2025-01-14 20:44:24 [main] INFO  [36mo.a.catalina.core.StandardEngine[0;39m - Starting Servlet engine: [Apache Tomcat/10.1.31]
2025-01-14 20:44:28 [main] INFO  [36mo.a.c.c.C.[Tomcat].[localhost].[/][0;39m - Initializing Spring embedded WebApplicationContext
2025-01-14 20:44:28 [main] INFO  [36mo.s.b.w.s.c.ServletWebServerApplicationContext[0;39m - Root WebApplicationContext: initialization completed in 32226 ms
2025-01-14 20:44:28 [main] WARN  [36mo.s.b.a.o.j.JpaBaseConfiguration$JpaWebConfiguration[0;39m - spring.jpa.open-in-view is enabled by default. Therefore, database queries may be performed during view rendering. Explicitly configure spring.jpa.open-in-view to disable this warning
2025-01-14 20:44:30 [main] INFO  [36mo.h.jpa.internal.util.LogHelper[0;39m - HHH000204: Processing PersistenceUnitInfo [name: default]
2025-01-14 20:44:31 [main] INFO  [36morg.hibernate.Version[0;39m - HHH000412: Hibernate ORM core version 6.5.3.Final
2025-01-14 20:44:31 [main] INFO  [36mo.h.c.i.RegionFactoryInitiator[0;39m - HHH000026: Second-level cache disabled
2025-01-14 20:44:33 [main] INFO  [36mo.s.o.j.p.SpringPersistenceUnitInfo[0;39m - No LoadTimeWeaver setup: ignoring JPA class transformer
2025-01-14 20:44:33 [main] INFO  [36mcom.zaxxer.hikari.HikariDataSource[0;39m - HikariPool-1 - Starting...
2025-01-14 20:44:35 [main] INFO  [36mcom.zaxxer.hikari.pool.HikariPool[0;39m - HikariPool-1 - Added connection com.mysql.cj.jdbc.ConnectionImpl@1c43df76
2025-01-14 20:44:35 [main] INFO  [36mcom.zaxxer.hikari.HikariDataSource[0;39m - HikariPool-1 - Start completed.
2025-01-14 20:44:35 [main] WARN  [36morg.hibernate.dialect.Dialect[0;39m - HHH000511: The 5.7.24 version for [org.hibernate.dialect.MySQLDialect] is no longer supported, hence certain features may not work properly. The minimum supported version is 8.0.0. Check the community dialects project for available legacy versions.
2025-01-14 20:44:35 [main] WARN  [36morg.hibernate.orm.deprecation[0;39m - HHH90000025: MySQLDialect does not need to be specified explicitly using 'hibernate.dialect' (remove the property setting and it will be selected by default)
2025-01-14 20:44:43 [main] INFO  [36mo.h.e.t.j.p.i.JtaPlatformInitiator[0;39m - HHH000489: No JTA platform available (set 'hibernate.transaction.jta.platform' to enable JTA platform integration)
2025-01-14 20:44:44 [main] INFO  [36mo.s.o.j.LocalContainerEntityManagerFactoryBean[0;39m - Initialized JPA EntityManagerFactory for persistence unit 'default'
2025-01-14 20:44:48 [main] INFO  [36mo.s.s.c.a.a.c.InitializeAuthenticationProviderBeanManagerConfigurer$InitializeAuthenticationProviderManagerConfigurer[0;39m - Global AuthenticationManager configured with AuthenticationProvider bean with name authenticationProvider
2025-01-14 20:44:48 [main] WARN  [36mo.s.s.c.a.a.c.InitializeUserDetailsBeanManagerConfigurer$InitializeUserDetailsManagerConfigurer[0;39m - Global AuthenticationManager configured with an AuthenticationProvider bean. UserDetailsService beans will not be used for username/password login. Consider removing the AuthenticationProvider bean. Alternatively, consider using the UserDetailsService in a manually instantiated DaoAuthenticationProvider.
2025-01-14 20:44:50 [main] INFO  [36mo.a.coyote.http11.Http11NioProtocol[0;39m - Starting ProtocolHandler ["http-nio-8091"]
2025-01-14 20:44:50 [main] INFO  [36mo.s.b.w.e.tomcat.TomcatWebServer[0;39m - Tomcat started on port 8091 (http) with context path '/'
2025-01-14 20:44:50 [main] INFO  [36mo.s.m.s.b.SimpleBrokerMessageHandler[0;39m - Starting...
2025-01-14 20:44:50 [main] INFO  [36mo.s.m.s.b.SimpleBrokerMessageHandler[0;39m - BrokerAvailabilityEvent[available=true, SimpleBrokerMessageHandler [org.springframework.messaging.simp.broker.DefaultSubscriptionRegistry@627f678d]]
2025-01-14 20:44:50 [main] INFO  [36mo.s.m.s.b.SimpleBrokerMessageHandler[0;39m - Started.
2025-01-14 20:44:50 [main] INFO  [36mc.P.digitalis.DigitalisApplication[0;39m - Started DigitalisApplication in 62.771 seconds (process running for 80.767)
2025-01-14 20:45:14 [http-nio-8091-exec-3] INFO  [36mo.a.c.c.C.[Tomcat].[localhost].[/][0;39m - Initializing Spring DispatcherServlet 'dispatcherServlet'
2025-01-14 20:45:14 [http-nio-8091-exec-3] INFO  [36mo.s.web.servlet.DispatcherServlet[0;39m - Initializing Servlet 'dispatcherServlet'
2025-01-14 20:45:14 [http-nio-8091-exec-3] INFO  [36mo.s.web.servlet.DispatcherServlet[0;39m - Completed initialization in 3 ms
2025-01-14 20:45:15 [http-nio-8091-exec-2] INFO  [36mc.P.digitalis.service.UService[0;39m - Récupération de tous les services
2025-01-14 20:45:15 [http-nio-8091-exec-3] INFO  [36mc.P.d.service.DirectionService[0;39m - Récupération de la liste de toutes les directions
2025-01-14 20:45:19 [http-nio-8091-exec-2] INFO  [36mc.P.digitalis.service.UService[0;39m - Nombre de services récupérés : 2
2025-01-14 20:45:19 [http-nio-8091-exec-3] INFO  [36mc.P.d.service.DirectionService[0;39m - Nombre de directions récupérées : 2
2025-01-14 20:45:50 [MessageBroker-1] INFO  [36mo.s.w.s.c.WebSocketMessageBrokerStats[0;39m - WebSocketSession[0 current WS(0)-HttpStream(0)-HttpPoll(0), 0 total, 0 closed abnormally (0 connect failure, 0 send limit, 0 transport error)], stompSubProtocol[processed CONNECT(0)-CONNECTED(0)-DISCONNECT(0)], stompBrokerRelay[null], inboundChannel[pool size = 0, active threads = 0, queued tasks = 0, completed tasks = 0], outboundChannel[pool size = 0, active threads = 0, queued tasks = 0, completed tasks = 0], sockJsScheduler[pool size = 1, active threads = 1, queued tasks = 0, completed tasks = 0]
2025-01-14 20:45:52 [http-nio-8091-exec-8] INFO  [36mc.P.d.service.UserServicesImpl[0;39m - Tentative d'enregistrement de l'utilisateur avec l'email : sowthiernoaguibou53@gmail.com
2025-01-14 20:55:52 [http-nio-8091-exec-1] INFO  [36mc.P.d.service.UserServicesImpl[0;39m - Tentative d'enregistrement de l'utilisateur avec l'email : sowthiernoaguibou53@gmail.com
2025-01-14 21:04:43 [http-nio-8091-exec-4] INFO  [36mc.P.d.service.UserServicesImpl[0;39m - Tentative d'enregistrement de l'utilisateur avec l'email : sowthiernoaguibou53@gmail.com
2025-01-14 21:04:46 [http-nio-8091-exec-4] INFO  [36mc.P.d.service.UserServicesImpl[0;39m - Utilisateur avec l'email sowthiernoaguibou53@gmail.com enregistré avec succès
2025-01-14 21:04:46 [http-nio-8091-exec-4] INFO  [36mc.P.digitalis.service.EmailService[0;39m - Tentative d'envoi d'email à : sowthiernoaguibou53@gmail.com avec le sujet : **Digitalis** creation de compte 
2025-01-14 21:05:10 [http-nio-8091-exec-4] ERROR [36mc.P.digitalis.service.EmailService[0;39m - Échec de l'envoi de l'email à sowthiernoaguibou53@gmail.com avec le sujet **Digitalis** creation de compte . Erreur : Mail server connection failed. Failed messages: jakarta.mail.MessagingException: Could not convert socket to TLS;
  nested exception is:
	javax.net.ssl.SSLHandshakeException: Remote host terminated the handshake
2025-01-14 21:06:30 [http-nio-8091-exec-7] INFO  [36mc.P.digitalis.service.UService[0;39m - Récupération de tous les services
2025-01-14 21:06:30 [http-nio-8091-exec-6] INFO  [36mc.P.d.service.DirectionService[0;39m - Récupération de la liste de toutes les directions
2025-01-14 21:06:31 [http-nio-8091-exec-7] INFO  [36mc.P.digitalis.service.UService[0;39m - Nombre de services récupérés : 2
2025-01-14 21:06:33 [http-nio-8091-exec-6] INFO  [36mc.P.d.service.DirectionService[0;39m - Nombre de directions récupérées : 2
2025-01-14 21:07:02 [http-nio-8091-exec-2] INFO  [36mc.P.digitalis.service.UService[0;39m - Récupération de tous les services
2025-01-14 21:07:02 [http-nio-8091-exec-3] INFO  [36mc.P.d.service.DirectionService[0;39m - Récupération de la liste de toutes les directions
2025-01-14 21:07:02 [http-nio-8091-exec-2] INFO  [36mc.P.digitalis.service.UService[0;39m - Nombre de services récupérés : 2
2025-01-14 21:07:02 [http-nio-8091-exec-3] INFO  [36mc.P.d.service.DirectionService[0;39m - Nombre de directions récupérées : 2
2025-01-14 21:07:47 [http-nio-8091-exec-8] INFO  [36mc.P.d.service.DirectionService[0;39m - Récupération de la liste de toutes les directions
2025-01-14 21:07:47 [http-nio-8091-exec-7] INFO  [36mc.P.digitalis.service.UService[0;39m - Récupération de tous les services
2025-01-14 21:07:50 [http-nio-8091-exec-7] INFO  [36mc.P.digitalis.service.UService[0;39m - Nombre de services récupérés : 2
2025-01-14 21:07:50 [http-nio-8091-exec-8] INFO  [36mc.P.d.service.DirectionService[0;39m - Nombre de directions récupérées : 2
2025-01-14 21:15:50 [MessageBroker-1] INFO  [36mo.s.w.s.c.WebSocketMessageBrokerStats[0;39m - WebSocketSession[0 current WS(0)-HttpStream(0)-HttpPoll(0), 0 total, 0 closed abnormally (0 connect failure, 0 send limit, 0 transport error)], stompSubProtocol[processed CONNECT(0)-CONNECTED(0)-DISCONNECT(0)], stompBrokerRelay[null], inboundChannel[pool size = 0, active threads = 0, queued tasks = 0, completed tasks = 0], outboundChannel[pool size = 0, active threads = 0, queued tasks = 0, completed tasks = 0], sockJsScheduler[pool size = 2, active threads = 1, queued tasks = 0, completed tasks = 1]
2025-01-14 21:27:43 [http-nio-8091-exec-4] INFO  [36mc.P.d.service.DirectionService[0;39m - Récupération de la liste de toutes les directions
2025-01-14 21:27:43 [http-nio-8091-exec-4] INFO  [36mc.P.d.service.DirectionService[0;39m - Nombre de directions récupérées : 2
2025-01-14 21:27:43 [http-nio-8091-exec-5] INFO  [36mc.P.digitalis.service.UService[0;39m - Récupération de tous les services
2025-01-14 21:27:43 [http-nio-8091-exec-5] INFO  [36mc.P.digitalis.service.UService[0;39m - Nombre de services récupérés : 2
2025-01-14 21:28:28 [http-nio-8091-exec-7] INFO  [36mc.P.d.service.UserServicesImpl[0;39m - Tentative d'enregistrement de l'utilisateur avec l'email : sowthiernoaguibou53@gmail.com
2025-01-14 21:28:28 [http-nio-8091-exec-7] INFO  [36mc.P.d.service.UserServicesImpl[0;39m - Utilisateur avec l'email sowthiernoaguibou53@gmail.com enregistré avec succès
2025-01-14 21:28:28 [http-nio-8091-exec-7] INFO  [36mc.P.digitalis.service.EmailService[0;39m - Tentative d'envoi d'email à : sowthiernoaguibou53@gmail.com avec le sujet : **Digitalis** creation de compte 
2025-01-14 21:29:19 [http-nio-8091-exec-7] ERROR [36mc.P.digitalis.service.EmailService[0;39m - Échec de l'envoi de l'email à sowthiernoaguibou53@gmail.com avec le sujet **Digitalis** creation de compte . Erreur : Mail server connection failed. Failed messages: jakarta.mail.MessagingException: Exception reading response;
  nested exception is:
	java.net.SocketException: Une tentative de connexion a échoué car le parti connecté n’a pas répondu convenablement au-delà d’une certaine durée ou une connexion établie a échoué car l’hôte de connexion n’a pas répondu
2025-01-14 21:45:54 [MessageBroker-2] INFO  [36mo.s.w.s.c.WebSocketMessageBrokerStats[0;39m - WebSocketSession[0 current WS(0)-HttpStream(0)-HttpPoll(0), 0 total, 0 closed abnormally (0 connect failure, 0 send limit, 0 transport error)], stompSubProtocol[processed CONNECT(0)-CONNECTED(0)-DISCONNECT(0)], stompBrokerRelay[null], inboundChannel[pool size = 0, active threads = 0, queued tasks = 0, completed tasks = 0], outboundChannel[pool size = 0, active threads = 0, queued tasks = 0, completed tasks = 0], sockJsScheduler[pool size = 3, active threads = 1, queued tasks = 0, completed tasks = 2]
2025-01-14 21:48:07 [http-nio-8091-exec-3] INFO  [36mc.P.d.service.DirectionService[0;39m - Récupération de la liste de toutes les directions
2025-01-14 21:48:07 [http-nio-8091-exec-9] INFO  [36mc.P.digitalis.service.UService[0;39m - Récupération de tous les services
2025-01-14 21:48:08 [http-nio-8091-exec-3] INFO  [36mc.P.d.service.DirectionService[0;39m - Nombre de directions récupérées : 2
2025-01-14 21:48:09 [http-nio-8091-exec-9] INFO  [36mc.P.digitalis.service.UService[0;39m - Nombre de services récupérés : 2
2025-01-14 21:48:44 [http-nio-8091-exec-6] INFO  [36mc.P.d.service.DirectionService[0;39m - Récupération de la liste de toutes les directions
2025-01-14 21:48:44 [http-nio-8091-exec-10] INFO  [36mc.P.digitalis.service.UService[0;39m - Récupération de tous les services
2025-01-14 21:48:44 [http-nio-8091-exec-10] INFO  [36mc.P.digitalis.service.UService[0;39m - Nombre de services récupérés : 2
2025-01-14 21:48:44 [http-nio-8091-exec-6] INFO  [36mc.P.d.service.DirectionService[0;39m - Nombre de directions récupérées : 2
2025-01-14 21:52:01 [http-nio-8091-exec-3] INFO  [36mc.P.d.service.DirectionService[0;39m - Récupération de la liste de toutes les directions
2025-01-14 21:52:01 [http-nio-8091-exec-9] INFO  [36mc.P.digitalis.service.UService[0;39m - Récupération de tous les services
2025-01-14 21:52:01 [http-nio-8091-exec-3] INFO  [36mc.P.d.service.DirectionService[0;39m - Nombre de directions récupérées : 2
2025-01-14 21:52:01 [http-nio-8091-exec-9] INFO  [36mc.P.digitalis.service.UService[0;39m - Nombre de services récupérés : 2
2025-01-14 21:52:30 [http-nio-8091-exec-10] INFO  [36mc.P.d.service.DirectionService[0;39m - Récupération de la liste de toutes les directions
2025-01-14 21:52:30 [http-nio-8091-exec-7] INFO  [36mc.P.digitalis.service.UService[0;39m - Récupération de tous les services
2025-01-14 21:52:30 [http-nio-8091-exec-10] INFO  [36mc.P.d.service.DirectionService[0;39m - Nombre de directions récupérées : 2
2025-01-14 21:52:30 [http-nio-8091-exec-7] INFO  [36mc.P.digitalis.service.UService[0;39m - Nombre de services récupérés : 2
2025-01-14 21:59:12 [SpringApplicationShutdownHook] INFO  [36mo.s.m.s.b.SimpleBrokerMessageHandler[0;39m - Stopping...
2025-01-14 21:59:12 [SpringApplicationShutdownHook] INFO  [36mo.s.m.s.b.SimpleBrokerMessageHandler[0;39m - BrokerAvailabilityEvent[available=false, SimpleBrokerMessageHandler [org.springframework.messaging.simp.broker.DefaultSubscriptionRegistry@627f678d]]
2025-01-14 21:59:12 [SpringApplicationShutdownHook] INFO  [36mo.s.m.s.b.SimpleBrokerMessageHandler[0;39m - Stopped.
2025-01-14 21:59:19 [SpringApplicationShutdownHook] INFO  [36mo.s.o.j.LocalContainerEntityManagerFactoryBean[0;39m - Closing JPA EntityManagerFactory for persistence unit 'default'
2025-01-14 21:59:19 [SpringApplicationShutdownHook] INFO  [36mcom.zaxxer.hikari.HikariDataSource[0;39m - HikariPool-1 - Shutdown initiated...
2025-01-14 21:59:20 [SpringApplicationShutdownHook] INFO  [36mcom.zaxxer.hikari.HikariDataSource[0;39m - HikariPool-1 - Shutdown completed.
