2025-03-05 07:56:01 [main] INFO  [36mc.P.digitalis.DigitalisApplication[0;39m - Starting DigitalisApplication using Java 17.0.6 with PID 4984 (C:\Users\LIVE-TECH\Desktop\ProjectManagment\digitalis\target\classes started by LIVE-TECH in C:\Users\LIVE-TECH\Desktop\ProjectManagment\digitalis)
2025-03-05 07:56:01 [main] INFO  [36mc.P.digitalis.DigitalisApplication[0;39m - No active profile set, falling back to 1 default profile: "default"
2025-03-05 07:56:07 [main] INFO  [36mo.s.d.r.c.RepositoryConfigurationDelegate[0;39m - Bootstrapping Spring Data JPA repositories in DEFAULT mode.
2025-03-05 07:56:07 [main] INFO  [36mo.s.d.r.c.RepositoryConfigurationDelegate[0;39m - Finished Spring Data repository scanning in 366 ms. Found 15 JPA repository interfaces.
2025-03-05 07:56:10 [main] INFO  [36mo.s.b.w.e.tomcat.TomcatWebServer[0;39m - Tomcat initialized with port 8091 (http)
2025-03-05 07:56:10 [main] INFO  [36mo.a.coyote.http11.Http11NioProtocol[0;39m - Initializing ProtocolHandler ["http-nio-8091"]
2025-03-05 07:56:10 [main] INFO  [36mo.a.catalina.core.StandardService[0;39m - Starting service [Tomcat]
2025-03-05 07:56:10 [main] INFO  [36mo.a.catalina.core.StandardEngine[0;39m - Starting Servlet engine: [Apache Tomcat/10.1.31]
2025-03-05 07:56:11 [main] INFO  [36mo.a.c.c.C.[Tomcat].[localhost].[/][0;39m - Initializing Spring embedded WebApplicationContext
2025-03-05 07:56:11 [main] INFO  [36mo.s.b.w.s.c.ServletWebServerApplicationContext[0;39m - Root WebApplicationContext: initialization completed in 9358 ms
2025-03-05 07:56:12 [main] WARN  [36mo.s.b.a.o.j.JpaBaseConfiguration$JpaWebConfiguration[0;39m - spring.jpa.open-in-view is enabled by default. Therefore, database queries may be performed during view rendering. Explicitly configure spring.jpa.open-in-view to disable this warning
2025-03-05 07:56:12 [main] INFO  [36mo.h.jpa.internal.util.LogHelper[0;39m - HHH000204: Processing PersistenceUnitInfo [name: default]
2025-03-05 07:56:13 [main] INFO  [36morg.hibernate.Version[0;39m - HHH000412: Hibernate ORM core version 6.5.3.Final
2025-03-05 07:56:13 [main] INFO  [36mo.h.c.i.RegionFactoryInitiator[0;39m - HHH000026: Second-level cache disabled
2025-03-05 07:56:14 [main] INFO  [36mo.s.o.j.p.SpringPersistenceUnitInfo[0;39m - No LoadTimeWeaver setup: ignoring JPA class transformer
2025-03-05 07:56:14 [main] INFO  [36mcom.zaxxer.hikari.HikariDataSource[0;39m - HikariPool-1 - Starting...
2025-03-05 07:56:15 [main] INFO  [36mcom.zaxxer.hikari.pool.HikariPool[0;39m - HikariPool-1 - Added connection com.mysql.cj.jdbc.ConnectionImpl@56cd5d76
2025-03-05 07:56:15 [main] INFO  [36mcom.zaxxer.hikari.HikariDataSource[0;39m - HikariPool-1 - Start completed.
2025-03-05 07:56:15 [main] WARN  [36morg.hibernate.dialect.Dialect[0;39m - HHH000511: The 5.7.24 version for [org.hibernate.dialect.MySQLDialect] is no longer supported, hence certain features may not work properly. The minimum supported version is 8.0.0. Check the community dialects project for available legacy versions.
2025-03-05 07:56:15 [main] WARN  [36morg.hibernate.orm.deprecation[0;39m - HHH90000025: MySQLDialect does not need to be specified explicitly using 'hibernate.dialect' (remove the property setting and it will be selected by default)
2025-03-05 07:56:19 [main] INFO  [36mo.h.e.t.j.p.i.JtaPlatformInitiator[0;39m - HHH000489: No JTA platform available (set 'hibernate.transaction.jta.platform' to enable JTA platform integration)
2025-03-05 07:56:19 [main] INFO  [36mo.s.o.j.LocalContainerEntityManagerFactoryBean[0;39m - Initialized JPA EntityManagerFactory for persistence unit 'default'
2025-03-05 07:56:22 [main] INFO  [36mo.s.s.c.a.a.c.InitializeAuthenticationProviderBeanManagerConfigurer$InitializeAuthenticationProviderManagerConfigurer[0;39m - Global AuthenticationManager configured with AuthenticationProvider bean with name authenticationProvider
2025-03-05 07:56:22 [main] WARN  [36mo.s.s.c.a.a.c.InitializeUserDetailsBeanManagerConfigurer$InitializeUserDetailsManagerConfigurer[0;39m - Global AuthenticationManager configured with an AuthenticationProvider bean. UserDetailsService beans will not be used for username/password login. Consider removing the AuthenticationProvider bean. Alternatively, consider using the UserDetailsService in a manually instantiated DaoAuthenticationProvider.
2025-03-05 07:56:24 [main] INFO  [36mo.a.coyote.http11.Http11NioProtocol[0;39m - Starting ProtocolHandler ["http-nio-8091"]
2025-03-05 07:56:24 [main] INFO  [36mo.s.b.w.e.tomcat.TomcatWebServer[0;39m - Tomcat started on port 8091 (http) with context path '/'
2025-03-05 07:56:24 [main] INFO  [36mo.s.m.s.b.SimpleBrokerMessageHandler[0;39m - Starting...
2025-03-05 07:56:24 [main] INFO  [36mo.s.m.s.b.SimpleBrokerMessageHandler[0;39m - BrokerAvailabilityEvent[available=true, SimpleBrokerMessageHandler [org.springframework.messaging.simp.broker.DefaultSubscriptionRegistry@1d63f6be]]
2025-03-05 07:56:24 [main] INFO  [36mo.s.m.s.b.SimpleBrokerMessageHandler[0;39m - Started.
2025-03-05 07:56:24 [main] INFO  [36mc.P.digitalis.DigitalisApplication[0;39m - Started DigitalisApplication in 24.591 seconds (process running for 27.558)
2025-03-05 07:57:24 [MessageBroker-1] INFO  [36mo.s.w.s.c.WebSocketMessageBrokerStats[0;39m - WebSocketSession[0 current WS(0)-HttpStream(0)-HttpPoll(0), 0 total, 0 closed abnormally (0 connect failure, 0 send limit, 0 transport error)], stompSubProtocol[processed CONNECT(0)-CONNECTED(0)-DISCONNECT(0)], stompBrokerRelay[null], inboundChannel[pool size = 0, active threads = 0, queued tasks = 0, completed tasks = 0], outboundChannel[pool size = 0, active threads = 0, queued tasks = 0, completed tasks = 0], sockJsScheduler[pool size = 1, active threads = 1, queued tasks = 0, completed tasks = 0]
2025-03-05 08:06:09 [http-nio-8091-exec-1] INFO  [36mo.a.c.c.C.[Tomcat].[localhost].[/][0;39m - Initializing Spring DispatcherServlet 'dispatcherServlet'
2025-03-05 08:06:09 [http-nio-8091-exec-1] INFO  [36mo.s.web.servlet.DispatcherServlet[0;39m - Initializing Servlet 'dispatcherServlet'
2025-03-05 08:06:09 [http-nio-8091-exec-1] INFO  [36mo.s.web.servlet.DispatcherServlet[0;39m - Completed initialization in 11 ms
2025-03-05 08:06:10 [http-nio-8091-exec-2] INFO  [36mc.P.d.service.UserServicesImpl[0;39m - Tentative de connexion pour l'utilisateur avec l'email : sow36aguibou@gmail.com
2025-03-05 08:06:23 [http-nio-8091-exec-5] INFO  [36mc.P.d.service.UserServicesImpl[0;39m - Tentative de connexion pour l'utilisateur avec l'email : sow36aguibou@gmail.com
2025-03-05 08:06:23 [http-nio-8091-exec-5] INFO  [36mc.P.d.service.UserServicesImpl[0;39m - Utilisateur avec l'email sow36aguibou@gmail.com connecté avec succès
2025-03-05 08:08:41 [http-nio-8091-exec-1] INFO  [36mc.P.d.service.UserServicesImpl[0;39m - Tentative de connexion pour l'utilisateur avec l'email : sow36aguibou@gmail.com
2025-03-05 08:08:41 [http-nio-8091-exec-1] INFO  [36mc.P.d.service.UserServicesImpl[0;39m - Utilisateur avec l'email sow36aguibou@gmail.com connecté avec succès
2025-03-05 08:08:46 [http-nio-8091-exec-1] INFO  [36mc.P.d.service.ProjetServicesImpl[0;39m - Modification du projet : UAGCP
2025-03-05 08:08:46 [http-nio-8091-exec-10] INFO  [36mc.P.d.service.ProjetServicesImpl[0;39m - Modification du projet : FUGAS
2025-03-05 08:08:46 [http-nio-8091-exec-9] INFO  [36mc.P.d.service.ProjetServicesImpl[0;39m - Modification du projet : SNST
2025-03-05 08:08:47 [http-nio-8091-exec-8] INFO  [36mc.P.d.service.ProjetServicesImpl[0;39m - Modification du projet : DATACRFT
2025-03-05 08:14:10 [http-nio-8091-exec-7] INFO  [36mc.P.d.service.UserServicesImpl[0;39m - Tentative de connexion pour l'utilisateur avec l'email : sow36aguibou@gmail.com
2025-03-05 08:14:10 [http-nio-8091-exec-7] INFO  [36mc.P.d.service.UserServicesImpl[0;39m - Utilisateur avec l'email sow36aguibou@gmail.com connecté avec succès
2025-03-05 08:14:31 [http-nio-8091-exec-5] INFO  [36mc.P.d.service.ProjetServicesImpl[0;39m - Modification du projet : SNST
2025-03-05 08:14:31 [http-nio-8091-exec-2] INFO  [36mc.P.d.service.ProjetServicesImpl[0;39m - Modification du projet : UAGCP
2025-03-05 08:14:31 [http-nio-8091-exec-10] INFO  [36mc.P.d.service.ProjetServicesImpl[0;39m - Modification du projet : FUGAS
2025-03-05 08:14:31 [http-nio-8091-exec-9] INFO  [36mc.P.d.service.ProjetServicesImpl[0;39m - Modification du projet : DATACRFT
2025-03-05 08:14:37 [http-nio-8091-exec-6] INFO  [36mc.P.digitalis.service.GtServicesImpl[0;39m - Tentative de modification de la grande tâche avec l'ID : 30
2025-03-05 08:14:37 [http-nio-8091-exec-1] INFO  [36mc.P.digitalis.service.GtServicesImpl[0;39m - Tentative de modification de la grande tâche avec l'ID : 31
2025-03-05 08:14:37 [http-nio-8091-exec-5] INFO  [36mc.P.digitalis.service.GtServicesImpl[0;39m - Tentative de modification de la grande tâche avec l'ID : 32
2025-03-05 08:14:38 [http-nio-8091-exec-10] INFO  [36mc.P.digitalis.service.GtServicesImpl[0;39m - Tentative de modification de la grande tâche avec l'ID : 26
2025-03-05 08:14:38 [http-nio-8091-exec-1] INFO  [36mc.P.digitalis.service.GtServicesImpl[0;39m - Grande tâche modifiée avec succès : tache:AZERT | charge: 2.0
2025-03-05 08:14:38 [http-nio-8091-exec-6] INFO  [36mc.P.digitalis.service.GtServicesImpl[0;39m - Grande tâche modifiée avec succès : tache:RETYUI | charge: 3.0
2025-03-05 08:14:38 [http-nio-8091-exec-5] INFO  [36mc.P.digitalis.service.GtServicesImpl[0;39m - Grande tâche modifiée avec succès : tache:azerty | charge: 2.0
2025-03-05 08:14:38 [http-nio-8091-exec-10] INFO  [36mc.P.digitalis.service.GtServicesImpl[0;39m - Grande tâche modifiée avec succès : tache:Contrôle financier | charge: 5.0
2025-03-05 08:14:43 [http-nio-8091-exec-1] INFO  [36mc.P.d.service.ProjetServicesImpl[0;39m - Modification du projet : SNST
2025-03-05 08:14:43 [http-nio-8091-exec-10] INFO  [36mc.P.d.service.ProjetServicesImpl[0;39m - Modification du projet : DATACRFT
2025-03-05 08:14:43 [http-nio-8091-exec-2] INFO  [36mc.P.d.service.ProjetServicesImpl[0;39m - Modification du projet : UAGCP
2025-03-05 08:14:43 [http-nio-8091-exec-5] INFO  [36mc.P.d.service.ProjetServicesImpl[0;39m - Modification du projet : FUGAS
2025-03-05 08:14:48 [http-nio-8091-exec-1] INFO  [36mc.P.digitalis.service.GtServicesImpl[0;39m - Tentative de modification de la grande tâche avec l'ID : 28
2025-03-05 08:14:48 [http-nio-8091-exec-1] INFO  [36mc.P.digitalis.service.GtServicesImpl[0;39m - Grande tâche modifiée avec succès : tache:Creation des certificat | charge: 4.0
2025-03-05 08:14:48 [http-nio-8091-exec-2] INFO  [36mc.P.digitalis.service.GtServicesImpl[0;39m - Tentative de modification de la grande tâche avec l'ID : 29
2025-03-05 08:14:48 [http-nio-8091-exec-2] INFO  [36mc.P.digitalis.service.GtServicesImpl[0;39m - Grande tâche modifiée avec succès : tache:Gestion des rendez-vous | charge: 3.0
2025-03-05 08:14:51 [http-nio-8091-exec-3] INFO  [36mc.P.d.service.ProjetServicesImpl[0;39m - Modification du projet : DATACRFT
2025-03-05 08:14:51 [http-nio-8091-exec-9] INFO  [36mc.P.d.service.ProjetServicesImpl[0;39m - Modification du projet : UAGCP
2025-03-05 08:14:51 [http-nio-8091-exec-5] INFO  [36mc.P.d.service.ProjetServicesImpl[0;39m - Modification du projet : SNST
2025-03-05 08:14:51 [http-nio-8091-exec-2] INFO  [36mc.P.d.service.ProjetServicesImpl[0;39m - Modification du projet : FUGAS
2025-03-05 08:14:55 [http-nio-8091-exec-4] INFO  [36mc.P.digitalis.service.GtServicesImpl[0;39m - Tentative de modification de la grande tâche avec l'ID : 27
2025-03-05 08:14:55 [http-nio-8091-exec-4] INFO  [36mc.P.digitalis.service.GtServicesImpl[0;39m - Grande tâche modifiée avec succès : tache:Envoie et reception des mail | charge: 2.0
2025-03-05 08:15:06 [http-nio-8091-exec-2] INFO  [36mc.P.digitalis.service.StServicesImpl[0;39m - Mise à jour de la sous-tâche avec l'ID : 34
2025-03-05 08:15:06 [http-nio-8091-exec-2] INFO  [36mc.P.digitalis.service.GtServicesImpl[0;39m - Dates de la grande tâche mises à jour : Début = Sun Mar 09 00:00:00 UTC 2025, Fin = Tue Mar 11 00:00:00 UTC 2025
2025-03-05 08:15:06 [http-nio-8091-exec-2] INFO  [36mc.P.digitalis.service.StServicesImpl[0;39m - Sous-tâche mise à jour avec succès : Status: Termine
2025-03-05 08:15:17 [http-nio-8091-exec-5] INFO  [36mc.P.digitalis.service.GtServicesImpl[0;39m - Tentative de modification de la grande tâche avec l'ID : 27
2025-03-05 08:15:17 [http-nio-8091-exec-5] INFO  [36mc.P.digitalis.service.GtServicesImpl[0;39m - Grande tâche modifiée avec succès : tache:Envoie et reception des mail | charge: 2.0
2025-03-05 08:15:22 [http-nio-8091-exec-1] INFO  [36mc.P.d.service.ProjetServicesImpl[0;39m - Modification du projet : UAGCP
2025-03-05 08:15:22 [http-nio-8091-exec-2] INFO  [36mc.P.d.service.ProjetServicesImpl[0;39m - Modification du projet : FUGAS
2025-03-05 08:15:22 [http-nio-8091-exec-10] INFO  [36mc.P.d.service.ProjetServicesImpl[0;39m - Modification du projet : DATACRFT
2025-03-05 08:15:22 [http-nio-8091-exec-8] INFO  [36mc.P.d.service.ProjetServicesImpl[0;39m - Modification du projet : SNST
2025-03-05 08:15:57 [http-nio-8091-exec-9] INFO  [36mc.P.d.service.ProjetServicesImpl[0;39m - Modification du projet : FUGAS
2025-03-05 08:15:57 [http-nio-8091-exec-5] INFO  [36mc.P.d.service.ProjetServicesImpl[0;39m - Modification du projet : UAGCP
2025-03-05 08:15:57 [http-nio-8091-exec-8] INFO  [36mc.P.d.service.ProjetServicesImpl[0;39m - Modification du projet : DATACRFT
2025-03-05 08:15:57 [http-nio-8091-exec-2] INFO  [36mc.P.d.service.ProjetServicesImpl[0;39m - Modification du projet : SNST
2025-03-05 08:16:00 [http-nio-8091-exec-8] INFO  [36mc.P.digitalis.service.GtServicesImpl[0;39m - Tentative de modification de la grande tâche avec l'ID : 26
2025-03-05 08:16:00 [http-nio-8091-exec-8] INFO  [36mc.P.digitalis.service.GtServicesImpl[0;39m - Grande tâche modifiée avec succès : tache:Contrôle financier | charge: 5.0
2025-03-05 08:16:00 [http-nio-8091-exec-10] INFO  [36mc.P.digitalis.service.GtServicesImpl[0;39m - Tentative de modification de la grande tâche avec l'ID : 31
2025-03-05 08:16:00 [http-nio-8091-exec-10] INFO  [36mc.P.digitalis.service.GtServicesImpl[0;39m - Grande tâche modifiée avec succès : tache:AZERT | charge: 2.0
2025-03-05 08:16:00 [http-nio-8091-exec-1] INFO  [36mc.P.digitalis.service.GtServicesImpl[0;39m - Tentative de modification de la grande tâche avec l'ID : 30
2025-03-05 08:16:00 [http-nio-8091-exec-7] INFO  [36mc.P.digitalis.service.GtServicesImpl[0;39m - Tentative de modification de la grande tâche avec l'ID : 32
2025-03-05 08:16:00 [http-nio-8091-exec-1] INFO  [36mc.P.digitalis.service.GtServicesImpl[0;39m - Grande tâche modifiée avec succès : tache:RETYUI | charge: 3.0
2025-03-05 08:16:00 [http-nio-8091-exec-7] INFO  [36mc.P.digitalis.service.GtServicesImpl[0;39m - Grande tâche modifiée avec succès : tache:azerty | charge: 2.0
2025-03-05 08:16:08 [http-nio-8091-exec-1] INFO  [36mc.P.digitalis.service.GtServicesImpl[0;39m - Tentative de modification de la grande tâche avec l'ID : 30
2025-03-05 08:16:08 [http-nio-8091-exec-1] INFO  [36mc.P.digitalis.service.GtServicesImpl[0;39m - Grande tâche modifiée avec succès : tache:RETYUI | charge: 3.0
2025-03-05 08:16:08 [http-nio-8091-exec-6] INFO  [36mc.P.digitalis.service.GtServicesImpl[0;39m - Tentative de modification de la grande tâche avec l'ID : 31
2025-03-05 08:16:08 [http-nio-8091-exec-5] INFO  [36mc.P.digitalis.service.GtServicesImpl[0;39m - Tentative de modification de la grande tâche avec l'ID : 26
2025-03-05 08:16:08 [http-nio-8091-exec-6] INFO  [36mc.P.digitalis.service.GtServicesImpl[0;39m - Grande tâche modifiée avec succès : tache:AZERT | charge: 2.0
2025-03-05 08:16:08 [http-nio-8091-exec-5] INFO  [36mc.P.digitalis.service.GtServicesImpl[0;39m - Grande tâche modifiée avec succès : tache:Contrôle financier | charge: 5.0
2025-03-05 08:16:08 [http-nio-8091-exec-2] INFO  [36mc.P.digitalis.service.GtServicesImpl[0;39m - Tentative de modification de la grande tâche avec l'ID : 32
2025-03-05 08:16:08 [http-nio-8091-exec-2] INFO  [36mc.P.digitalis.service.GtServicesImpl[0;39m - Grande tâche modifiée avec succès : tache:azerty | charge: 2.0
2025-03-05 08:16:14 [http-nio-8091-exec-8] INFO  [36mc.P.digitalis.service.GtServicesImpl[0;39m - Tentative de modification de la grande tâche avec l'ID : 30
2025-03-05 08:16:14 [http-nio-8091-exec-10] INFO  [36mc.P.digitalis.service.GtServicesImpl[0;39m - Tentative de modification de la grande tâche avec l'ID : 31
2025-03-05 08:16:14 [http-nio-8091-exec-4] INFO  [36mc.P.digitalis.service.GtServicesImpl[0;39m - Tentative de modification de la grande tâche avec l'ID : 26
2025-03-05 08:16:14 [http-nio-8091-exec-8] INFO  [36mc.P.digitalis.service.GtServicesImpl[0;39m - Grande tâche modifiée avec succès : tache:RETYUI | charge: 3.0
2025-03-05 08:16:14 [http-nio-8091-exec-10] INFO  [36mc.P.digitalis.service.GtServicesImpl[0;39m - Grande tâche modifiée avec succès : tache:AZERT | charge: 2.0
2025-03-05 08:16:14 [http-nio-8091-exec-4] INFO  [36mc.P.digitalis.service.GtServicesImpl[0;39m - Grande tâche modifiée avec succès : tache:Contrôle financier | charge: 5.0
2025-03-05 08:16:14 [http-nio-8091-exec-1] INFO  [36mc.P.digitalis.service.GtServicesImpl[0;39m - Tentative de modification de la grande tâche avec l'ID : 32
2025-03-05 08:16:14 [http-nio-8091-exec-1] INFO  [36mc.P.digitalis.service.GtServicesImpl[0;39m - Grande tâche modifiée avec succès : tache:azerty | charge: 2.0
2025-03-05 08:16:17 [http-nio-8091-exec-7] INFO  [36mc.P.d.service.ProjetServicesImpl[0;39m - Modification du projet : FUGAS
2025-03-05 08:16:17 [http-nio-8091-exec-3] INFO  [36mc.P.d.service.ProjetServicesImpl[0;39m - Modification du projet : UAGCP
2025-03-05 08:16:17 [http-nio-8091-exec-5] INFO  [36mc.P.d.service.ProjetServicesImpl[0;39m - Modification du projet : SNST
2025-03-05 08:16:17 [http-nio-8091-exec-2] INFO  [36mc.P.d.service.ProjetServicesImpl[0;39m - Modification du projet : DATACRFT
2025-03-05 08:16:20 [http-nio-8091-exec-4] INFO  [36mc.P.digitalis.service.GtServicesImpl[0;39m - Tentative de modification de la grande tâche avec l'ID : 29
2025-03-05 08:16:20 [http-nio-8091-exec-4] INFO  [36mc.P.digitalis.service.GtServicesImpl[0;39m - Grande tâche modifiée avec succès : tache:Gestion des rendez-vous | charge: 3.0
2025-03-05 08:16:20 [http-nio-8091-exec-7] INFO  [36mc.P.digitalis.service.GtServicesImpl[0;39m - Tentative de modification de la grande tâche avec l'ID : 28
2025-03-05 08:16:20 [http-nio-8091-exec-7] INFO  [36mc.P.digitalis.service.GtServicesImpl[0;39m - Grande tâche modifiée avec succès : tache:Creation des certificat | charge: 4.0
2025-03-05 08:16:31 [http-nio-8091-exec-4] INFO  [36mc.P.digitalis.service.GtServicesImpl[0;39m - Tentative de modification de la grande tâche avec l'ID : 29
2025-03-05 08:16:32 [http-nio-8091-exec-1] INFO  [36mc.P.digitalis.service.GtServicesImpl[0;39m - Tentative de modification de la grande tâche avec l'ID : 28
2025-03-05 08:16:32 [http-nio-8091-exec-4] INFO  [36mc.P.digitalis.service.GtServicesImpl[0;39m - Grande tâche modifiée avec succès : tache:Gestion des rendez-vous | charge: 3.0
2025-03-05 08:16:32 [http-nio-8091-exec-1] INFO  [36mc.P.digitalis.service.GtServicesImpl[0;39m - Grande tâche modifiée avec succès : tache:Creation des certificat | charge: 4.0
2025-03-05 08:16:38 [http-nio-8091-exec-9] INFO  [36mc.P.digitalis.service.GtServicesImpl[0;39m - Tentative de modification de la grande tâche avec l'ID : 29
2025-03-05 08:16:38 [http-nio-8091-exec-4] INFO  [36mc.P.digitalis.service.GtServicesImpl[0;39m - Tentative de modification de la grande tâche avec l'ID : 28
2025-03-05 08:16:38 [http-nio-8091-exec-4] INFO  [36mc.P.digitalis.service.GtServicesImpl[0;39m - Grande tâche modifiée avec succès : tache:Creation des certificat | charge: 4.0
2025-03-05 08:16:38 [http-nio-8091-exec-9] INFO  [36mc.P.digitalis.service.GtServicesImpl[0;39m - Grande tâche modifiée avec succès : tache:Gestion des rendez-vous | charge: 3.0
2025-03-05 08:16:42 [http-nio-8091-exec-10] INFO  [36mc.P.d.service.ProjetServicesImpl[0;39m - Modification du projet : FUGAS
2025-03-05 08:16:42 [http-nio-8091-exec-1] INFO  [36mc.P.d.service.ProjetServicesImpl[0;39m - Modification du projet : UAGCP
2025-03-05 08:16:42 [http-nio-8091-exec-3] INFO  [36mc.P.d.service.ProjetServicesImpl[0;39m - Modification du projet : SNST
2025-03-05 08:16:42 [http-nio-8091-exec-5] INFO  [36mc.P.d.service.ProjetServicesImpl[0;39m - Modification du projet : DATACRFT
2025-03-05 08:16:44 [http-nio-8091-exec-2] INFO  [36mc.P.d.service.ProjetServicesImpl[0;39m - Récupération du projet : DATACRFT
2025-03-05 08:16:48 [http-nio-8091-exec-5] INFO  [36mc.P.d.service.ProjetServicesImpl[0;39m - Modification du projet : UAGCP
2025-03-05 08:16:48 [http-nio-8091-exec-2] INFO  [36mc.P.d.service.ProjetServicesImpl[0;39m - Modification du projet : FUGAS
2025-03-05 08:16:48 [http-nio-8091-exec-4] INFO  [36mc.P.d.service.ProjetServicesImpl[0;39m - Modification du projet : SNST
2025-03-05 08:16:48 [http-nio-8091-exec-10] INFO  [36mc.P.d.service.ProjetServicesImpl[0;39m - Modification du projet : DATACRFT
2025-03-05 08:16:51 [http-nio-8091-exec-10] INFO  [36mc.P.digitalis.service.GtServicesImpl[0;39m - Tentative de modification de la grande tâche avec l'ID : 30
2025-03-05 08:16:51 [http-nio-8091-exec-10] INFO  [36mc.P.digitalis.service.GtServicesImpl[0;39m - Grande tâche modifiée avec succès : tache:RETYUI | charge: 3.0
2025-03-05 08:16:51 [http-nio-8091-exec-3] INFO  [36mc.P.digitalis.service.GtServicesImpl[0;39m - Tentative de modification de la grande tâche avec l'ID : 26
2025-03-05 08:16:51 [http-nio-8091-exec-1] INFO  [36mc.P.digitalis.service.GtServicesImpl[0;39m - Tentative de modification de la grande tâche avec l'ID : 32
2025-03-05 08:16:51 [http-nio-8091-exec-5] INFO  [36mc.P.digitalis.service.GtServicesImpl[0;39m - Tentative de modification de la grande tâche avec l'ID : 31
2025-03-05 08:16:51 [http-nio-8091-exec-3] INFO  [36mc.P.digitalis.service.GtServicesImpl[0;39m - Grande tâche modifiée avec succès : tache:Contrôle financier | charge: 5.0
2025-03-05 08:16:51 [http-nio-8091-exec-1] INFO  [36mc.P.digitalis.service.GtServicesImpl[0;39m - Grande tâche modifiée avec succès : tache:azerty | charge: 2.0
2025-03-05 08:16:51 [http-nio-8091-exec-5] INFO  [36mc.P.digitalis.service.GtServicesImpl[0;39m - Grande tâche modifiée avec succès : tache:AZERT | charge: 2.0
2025-03-05 08:16:57 [http-nio-8091-exec-1] INFO  [36mc.P.digitalis.service.GtServicesImpl[0;39m - Tentative de modification de la grande tâche avec l'ID : 30
2025-03-05 08:16:57 [http-nio-8091-exec-1] INFO  [36mc.P.digitalis.service.GtServicesImpl[0;39m - Grande tâche modifiée avec succès : tache:RETYUI | charge: 3.0
2025-03-05 08:16:57 [http-nio-8091-exec-6] INFO  [36mc.P.digitalis.service.GtServicesImpl[0;39m - Tentative de modification de la grande tâche avec l'ID : 31
2025-03-05 08:16:57 [http-nio-8091-exec-7] INFO  [36mc.P.digitalis.service.GtServicesImpl[0;39m - Tentative de modification de la grande tâche avec l'ID : 26
2025-03-05 08:16:57 [http-nio-8091-exec-6] INFO  [36mc.P.digitalis.service.GtServicesImpl[0;39m - Grande tâche modifiée avec succès : tache:AZERT | charge: 2.0
2025-03-05 08:16:57 [http-nio-8091-exec-7] INFO  [36mc.P.digitalis.service.GtServicesImpl[0;39m - Grande tâche modifiée avec succès : tache:Contrôle financier | charge: 5.0
2025-03-05 08:16:57 [http-nio-8091-exec-8] INFO  [36mc.P.digitalis.service.GtServicesImpl[0;39m - Tentative de modification de la grande tâche avec l'ID : 32
2025-03-05 08:16:57 [http-nio-8091-exec-8] INFO  [36mc.P.digitalis.service.GtServicesImpl[0;39m - Grande tâche modifiée avec succès : tache:azerty | charge: 2.0
2025-03-05 08:17:04 [http-nio-8091-exec-7] INFO  [36mc.P.digitalis.service.GtServicesImpl[0;39m - Tentative de modification de la grande tâche avec l'ID : 26
2025-03-05 08:17:04 [http-nio-8091-exec-7] INFO  [36mc.P.digitalis.service.GtServicesImpl[0;39m - Grande tâche modifiée avec succès : tache:Contrôle financier | charge: 5.0
2025-03-05 08:17:04 [http-nio-8091-exec-7] INFO  [36mc.P.digitalis.service.GtServicesImpl[0;39m - Tentative de modification de la grande tâche avec l'ID : 30
2025-03-05 08:17:04 [http-nio-8091-exec-3] INFO  [36mc.P.digitalis.service.GtServicesImpl[0;39m - Tentative de modification de la grande tâche avec l'ID : 31
2025-03-05 08:17:04 [http-nio-8091-exec-7] INFO  [36mc.P.digitalis.service.GtServicesImpl[0;39m - Grande tâche modifiée avec succès : tache:RETYUI | charge: 3.0
2025-03-05 08:17:04 [http-nio-8091-exec-3] INFO  [36mc.P.digitalis.service.GtServicesImpl[0;39m - Grande tâche modifiée avec succès : tache:AZERT | charge: 2.0
2025-03-05 08:17:04 [http-nio-8091-exec-5] INFO  [36mc.P.digitalis.service.GtServicesImpl[0;39m - Tentative de modification de la grande tâche avec l'ID : 32
2025-03-05 08:17:04 [http-nio-8091-exec-5] INFO  [36mc.P.digitalis.service.GtServicesImpl[0;39m - Grande tâche modifiée avec succès : tache:azerty | charge: 2.0
2025-03-05 08:17:06 [http-nio-8091-exec-2] INFO  [36mc.P.d.service.ProjetServicesImpl[0;39m - Modification du projet : FUGAS
2025-03-05 08:17:06 [http-nio-8091-exec-9] INFO  [36mc.P.d.service.ProjetServicesImpl[0;39m - Modification du projet : UAGCP
2025-03-05 08:17:06 [http-nio-8091-exec-1] INFO  [36mc.P.d.service.ProjetServicesImpl[0;39m - Modification du projet : DATACRFT
2025-03-05 08:17:06 [http-nio-8091-exec-8] INFO  [36mc.P.d.service.ProjetServicesImpl[0;39m - Modification du projet : SNST
2025-03-05 08:17:09 [http-nio-8091-exec-2] INFO  [36mc.P.digitalis.service.GtServicesImpl[0;39m - Tentative de modification de la grande tâche avec l'ID : 27
2025-03-05 08:17:09 [http-nio-8091-exec-2] INFO  [36mc.P.digitalis.service.GtServicesImpl[0;39m - Grande tâche modifiée avec succès : tache:Envoie et reception des mail | charge: 2.0
2025-03-05 08:17:14 [http-nio-8091-exec-1] INFO  [36mc.P.digitalis.service.GtServicesImpl[0;39m - Tentative de modification de la grande tâche avec l'ID : 27
2025-03-05 08:17:14 [http-nio-8091-exec-1] INFO  [36mc.P.digitalis.service.GtServicesImpl[0;39m - Grande tâche modifiée avec succès : tache:Envoie et reception des mail | charge: 2.0
2025-03-05 08:17:25 [http-nio-8091-exec-9] INFO  [36mc.P.d.service.ProjetServicesImpl[0;39m - Modification du projet : FUGAS
2025-03-05 08:17:25 [http-nio-8091-exec-10] INFO  [36mc.P.d.service.ProjetServicesImpl[0;39m - Modification du projet : SNST
2025-03-05 08:17:25 [http-nio-8091-exec-4] INFO  [36mc.P.d.service.ProjetServicesImpl[0;39m - Modification du projet : UAGCP
2025-03-05 08:17:25 [http-nio-8091-exec-2] INFO  [36mc.P.d.service.ProjetServicesImpl[0;39m - Modification du projet : DATACRFT
2025-03-05 08:17:28 [http-nio-8091-exec-9] INFO  [36mc.P.digitalis.service.GtServicesImpl[0;39m - Tentative de modification de la grande tâche avec l'ID : 29
2025-03-05 08:17:28 [http-nio-8091-exec-10] INFO  [36mc.P.digitalis.service.GtServicesImpl[0;39m - Tentative de modification de la grande tâche avec l'ID : 28
2025-03-05 08:17:28 [http-nio-8091-exec-9] INFO  [36mc.P.digitalis.service.GtServicesImpl[0;39m - Grande tâche modifiée avec succès : tache:Gestion des rendez-vous | charge: 3.0
2025-03-05 08:17:28 [http-nio-8091-exec-10] INFO  [36mc.P.digitalis.service.GtServicesImpl[0;39m - Grande tâche modifiée avec succès : tache:Creation des certificat | charge: 4.0
2025-03-05 08:17:39 [http-nio-8091-exec-9] INFO  [36mc.P.digitalis.service.GtServicesImpl[0;39m - Tentative de modification de la grande tâche avec l'ID : 29
2025-03-05 08:17:39 [http-nio-8091-exec-8] INFO  [36mc.P.digitalis.service.GtServicesImpl[0;39m - Tentative de modification de la grande tâche avec l'ID : 28
2025-03-05 08:17:39 [http-nio-8091-exec-9] INFO  [36mc.P.digitalis.service.GtServicesImpl[0;39m - Grande tâche modifiée avec succès : tache:Gestion des rendez-vous | charge: 3.0
2025-03-05 08:17:39 [http-nio-8091-exec-8] INFO  [36mc.P.digitalis.service.GtServicesImpl[0;39m - Grande tâche modifiée avec succès : tache:Creation des certificat | charge: 4.0
2025-03-05 08:17:47 [http-nio-8091-exec-5] INFO  [36mc.P.digitalis.service.GtServicesImpl[0;39m - Tentative de modification de la grande tâche avec l'ID : 29
2025-03-05 08:17:47 [http-nio-8091-exec-5] INFO  [36mc.P.digitalis.service.GtServicesImpl[0;39m - Grande tâche modifiée avec succès : tache:Gestion des rendez-vous | charge: 3.0
2025-03-05 08:17:47 [http-nio-8091-exec-9] INFO  [36mc.P.digitalis.service.GtServicesImpl[0;39m - Tentative de modification de la grande tâche avec l'ID : 28
2025-03-05 08:17:47 [http-nio-8091-exec-9] INFO  [36mc.P.digitalis.service.GtServicesImpl[0;39m - Grande tâche modifiée avec succès : tache:Creation des certificat | charge: 4.0
2025-03-05 08:17:51 [http-nio-8091-exec-1] INFO  [36mc.P.d.service.ProjetServicesImpl[0;39m - Modification du projet : FUGAS
2025-03-05 08:17:52 [http-nio-8091-exec-9] INFO  [36mc.P.d.service.ProjetServicesImpl[0;39m - Modification du projet : UAGCP
2025-03-05 08:17:52 [http-nio-8091-exec-7] INFO  [36mc.P.d.service.ProjetServicesImpl[0;39m - Modification du projet : DATACRFT
2025-03-05 08:17:52 [http-nio-8091-exec-4] INFO  [36mc.P.d.service.ProjetServicesImpl[0;39m - Modification du projet : SNST
2025-03-05 08:17:56 [http-nio-8091-exec-5] INFO  [36mc.P.digitalis.service.GtServicesImpl[0;39m - Tentative de modification de la grande tâche avec l'ID : 29
2025-03-05 08:17:56 [http-nio-8091-exec-5] INFO  [36mc.P.digitalis.service.GtServicesImpl[0;39m - Grande tâche modifiée avec succès : tache:Gestion des rendez-vous | charge: 3.0
2025-03-05 08:17:56 [http-nio-8091-exec-10] INFO  [36mc.P.digitalis.service.GtServicesImpl[0;39m - Tentative de modification de la grande tâche avec l'ID : 28
2025-03-05 08:17:56 [http-nio-8091-exec-10] INFO  [36mc.P.digitalis.service.GtServicesImpl[0;39m - Grande tâche modifiée avec succès : tache:Creation des certificat | charge: 4.0
2025-03-05 08:18:02 [http-nio-8091-exec-1] INFO  [36mc.P.digitalis.service.GtServicesImpl[0;39m - Tentative de modification de la grande tâche avec l'ID : 29
2025-03-05 08:18:02 [http-nio-8091-exec-1] INFO  [36mc.P.digitalis.service.GtServicesImpl[0;39m - Grande tâche modifiée avec succès : tache:Gestion des rendez-vous | charge: 3.0
2025-03-05 08:18:02 [http-nio-8091-exec-5] INFO  [36mc.P.digitalis.service.GtServicesImpl[0;39m - Tentative de modification de la grande tâche avec l'ID : 28
2025-03-05 08:18:02 [http-nio-8091-exec-5] INFO  [36mc.P.digitalis.service.GtServicesImpl[0;39m - Grande tâche modifiée avec succès : tache:Creation des certificat | charge: 4.0
2025-03-05 08:19:16 [http-nio-8091-exec-10] INFO  [36mc.P.digitalis.service.GtServicesImpl[0;39m - Tentative de modification de la grande tâche avec l'ID : 29
2025-03-05 08:19:16 [http-nio-8091-exec-7] INFO  [36mc.P.digitalis.service.GtServicesImpl[0;39m - Tentative de modification de la grande tâche avec l'ID : 28
2025-03-05 08:19:16 [http-nio-8091-exec-10] INFO  [36mc.P.digitalis.service.GtServicesImpl[0;39m - Grande tâche modifiée avec succès : tache:Gestion des rendez-vous | charge: 3.0
2025-03-05 08:19:16 [http-nio-8091-exec-7] INFO  [36mc.P.digitalis.service.GtServicesImpl[0;39m - Grande tâche modifiée avec succès : tache:Creation des certificat | charge: 4.0
2025-03-05 08:19:45 [http-nio-8091-exec-5] INFO  [36mc.P.digitalis.service.GtServicesImpl[0;39m - Tentative de modification de la grande tâche avec l'ID : 29
2025-03-05 08:19:45 [http-nio-8091-exec-5] INFO  [36mc.P.digitalis.service.GtServicesImpl[0;39m - Grande tâche modifiée avec succès : tache:Gestion des rendez-vous | charge: 3.0
2025-03-05 08:19:45 [http-nio-8091-exec-10] INFO  [36mc.P.digitalis.service.GtServicesImpl[0;39m - Tentative de modification de la grande tâche avec l'ID : 28
2025-03-05 08:19:45 [http-nio-8091-exec-10] INFO  [36mc.P.digitalis.service.GtServicesImpl[0;39m - Grande tâche modifiée avec succès : tache:Creation des certificat | charge: 4.0
2025-03-05 08:19:50 [http-nio-8091-exec-9] INFO  [36mc.P.digitalis.service.GtServicesImpl[0;39m - Tentative de modification de la grande tâche avec l'ID : 29
2025-03-05 08:19:50 [http-nio-8091-exec-5] INFO  [36mc.P.digitalis.service.GtServicesImpl[0;39m - Tentative de modification de la grande tâche avec l'ID : 28
2025-03-05 08:19:50 [http-nio-8091-exec-9] INFO  [36mc.P.digitalis.service.GtServicesImpl[0;39m - Grande tâche modifiée avec succès : tache:Gestion des rendez-vous | charge: 3.0
2025-03-05 08:19:50 [http-nio-8091-exec-5] INFO  [36mc.P.digitalis.service.GtServicesImpl[0;39m - Grande tâche modifiée avec succès : tache:Creation des certificat | charge: 4.0
2025-03-05 08:19:59 [http-nio-8091-exec-8] INFO  [36mc.P.digitalis.service.GtServicesImpl[0;39m - Tentative de modification de la grande tâche avec l'ID : 29
2025-03-05 08:19:59 [http-nio-8091-exec-8] INFO  [36mc.P.digitalis.service.GtServicesImpl[0;39m - Grande tâche modifiée avec succès : tache:Gestion des rendez-vous | charge: 3.0
2025-03-05 08:19:59 [http-nio-8091-exec-9] INFO  [36mc.P.digitalis.service.GtServicesImpl[0;39m - Tentative de modification de la grande tâche avec l'ID : 28
2025-03-05 08:19:59 [http-nio-8091-exec-9] INFO  [36mc.P.digitalis.service.GtServicesImpl[0;39m - Grande tâche modifiée avec succès : tache:Creation des certificat | charge: 4.0
2025-03-05 08:20:03 [http-nio-8091-exec-5] INFO  [36mc.P.d.service.ProjetServicesImpl[0;39m - Modification du projet : FUGAS
2025-03-05 08:20:03 [http-nio-8091-exec-4] INFO  [36mc.P.d.service.ProjetServicesImpl[0;39m - Modification du projet : SNST
2025-03-05 08:20:03 [http-nio-8091-exec-10] INFO  [36mc.P.d.service.ProjetServicesImpl[0;39m - Modification du projet : UAGCP
2025-03-05 08:20:03 [http-nio-8091-exec-7] INFO  [36mc.P.d.service.ProjetServicesImpl[0;39m - Modification du projet : DATACRFT
2025-03-05 08:20:16 [http-nio-8091-exec-5] INFO  [36mc.P.digitalis.service.GtServicesImpl[0;39m - Tentative de modification de la grande tâche avec l'ID : 30
2025-03-05 08:20:16 [http-nio-8091-exec-10] INFO  [36mc.P.digitalis.service.GtServicesImpl[0;39m - Tentative de modification de la grande tâche avec l'ID : 26
2025-03-05 08:20:16 [http-nio-8091-exec-5] INFO  [36mc.P.digitalis.service.GtServicesImpl[0;39m - Grande tâche modifiée avec succès : tache:RETYUI | charge: 3.0
2025-03-05 08:20:16 [http-nio-8091-exec-1] INFO  [36mc.P.digitalis.service.GtServicesImpl[0;39m - Tentative de modification de la grande tâche avec l'ID : 31
2025-03-05 08:20:16 [http-nio-8091-exec-10] INFO  [36mc.P.digitalis.service.GtServicesImpl[0;39m - Grande tâche modifiée avec succès : tache:Contrôle financier | charge: 5.0
2025-03-05 08:20:16 [http-nio-8091-exec-1] INFO  [36mc.P.digitalis.service.GtServicesImpl[0;39m - Grande tâche modifiée avec succès : tache:AZERT | charge: 2.0
2025-03-05 08:20:16 [http-nio-8091-exec-6] INFO  [36mc.P.digitalis.service.GtServicesImpl[0;39m - Tentative de modification de la grande tâche avec l'ID : 32
2025-03-05 08:20:16 [http-nio-8091-exec-6] INFO  [36mc.P.digitalis.service.GtServicesImpl[0;39m - Grande tâche modifiée avec succès : tache:azerty | charge: 2.0
2025-03-05 08:22:21 [http-nio-8091-exec-9] INFO  [36mc.P.d.service.UserServicesImpl[0;39m - Tentative de connexion pour l'utilisateur avec l'email : sow36aguibou@gmail.com
2025-03-05 08:22:21 [http-nio-8091-exec-9] INFO  [36mc.P.d.service.UserServicesImpl[0;39m - Utilisateur avec l'email sow36aguibou@gmail.com connecté avec succès
2025-03-05 08:22:38 [http-nio-8091-exec-5] INFO  [36mc.P.d.service.ProjetServicesImpl[0;39m - Modification du projet : FUGAS
2025-03-05 08:22:38 [http-nio-8091-exec-3] INFO  [36mc.P.d.service.ProjetServicesImpl[0;39m - Modification du projet : SNST
2025-03-05 08:22:38 [http-nio-8091-exec-2] INFO  [36mc.P.d.service.ProjetServicesImpl[0;39m - Modification du projet : UAGCP
2025-03-05 08:22:38 [http-nio-8091-exec-1] INFO  [36mc.P.d.service.ProjetServicesImpl[0;39m - Modification du projet : DATACRFT
2025-03-05 08:22:40 [http-nio-8091-exec-6] INFO  [36mc.P.digitalis.service.GtServicesImpl[0;39m - Tentative de modification de la grande tâche avec l'ID : 30
2025-03-05 08:22:40 [http-nio-8091-exec-7] INFO  [36mc.P.digitalis.service.GtServicesImpl[0;39m - Tentative de modification de la grande tâche avec l'ID : 26
2025-03-05 08:22:40 [http-nio-8091-exec-6] INFO  [36mc.P.digitalis.service.GtServicesImpl[0;39m - Grande tâche modifiée avec succès : tache:RETYUI | charge: 3.0
2025-03-05 08:22:40 [http-nio-8091-exec-7] INFO  [36mc.P.digitalis.service.GtServicesImpl[0;39m - Grande tâche modifiée avec succès : tache:Contrôle financier | charge: 5.0
2025-03-05 08:22:40 [http-nio-8091-exec-5] INFO  [36mc.P.digitalis.service.GtServicesImpl[0;39m - Tentative de modification de la grande tâche avec l'ID : 32
2025-03-05 08:22:40 [http-nio-8091-exec-5] INFO  [36mc.P.digitalis.service.GtServicesImpl[0;39m - Grande tâche modifiée avec succès : tache:azerty | charge: 2.0
2025-03-05 08:22:40 [http-nio-8091-exec-10] INFO  [36mc.P.digitalis.service.GtServicesImpl[0;39m - Tentative de modification de la grande tâche avec l'ID : 31
2025-03-05 08:22:40 [http-nio-8091-exec-10] INFO  [36mc.P.digitalis.service.GtServicesImpl[0;39m - Grande tâche modifiée avec succès : tache:AZERT | charge: 2.0
2025-03-05 08:23:50 [http-nio-8091-exec-1] INFO  [36mc.P.digitalis.service.GtServicesImpl[0;39m - Tentative de modification de la grande tâche avec l'ID : 26
2025-03-05 08:23:50 [http-nio-8091-exec-1] INFO  [36mc.P.digitalis.service.GtServicesImpl[0;39m - Grande tâche modifiée avec succès : tache:Contrôle financier | charge: 5.0
2025-03-05 08:23:50 [http-nio-8091-exec-9] INFO  [36mc.P.digitalis.service.GtServicesImpl[0;39m - Tentative de modification de la grande tâche avec l'ID : 30
2025-03-05 08:23:50 [http-nio-8091-exec-10] INFO  [36mc.P.digitalis.service.GtServicesImpl[0;39m - Tentative de modification de la grande tâche avec l'ID : 31
2025-03-05 08:23:50 [http-nio-8091-exec-9] INFO  [36mc.P.digitalis.service.GtServicesImpl[0;39m - Grande tâche modifiée avec succès : tache:RETYUI | charge: 3.0
2025-03-05 08:23:50 [http-nio-8091-exec-3] INFO  [36mc.P.digitalis.service.GtServicesImpl[0;39m - Tentative de modification de la grande tâche avec l'ID : 32
2025-03-05 08:23:50 [http-nio-8091-exec-10] INFO  [36mc.P.digitalis.service.GtServicesImpl[0;39m - Grande tâche modifiée avec succès : tache:AZERT | charge: 2.0
2025-03-05 08:23:50 [http-nio-8091-exec-3] INFO  [36mc.P.digitalis.service.GtServicesImpl[0;39m - Grande tâche modifiée avec succès : tache:azerty | charge: 2.0
2025-03-05 08:23:55 [http-nio-8091-exec-5] INFO  [36mc.P.digitalis.service.GtServicesImpl[0;39m - Tentative de modification de la grande tâche avec l'ID : 30
2025-03-05 08:23:55 [http-nio-8091-exec-5] INFO  [36mc.P.digitalis.service.GtServicesImpl[0;39m - Grande tâche modifiée avec succès : tache:RETYUI | charge: 3.0
2025-03-05 08:23:55 [http-nio-8091-exec-4] INFO  [36mc.P.digitalis.service.GtServicesImpl[0;39m - Tentative de modification de la grande tâche avec l'ID : 31
2025-03-05 08:23:55 [http-nio-8091-exec-1] INFO  [36mc.P.digitalis.service.GtServicesImpl[0;39m - Tentative de modification de la grande tâche avec l'ID : 26
2025-03-05 08:23:56 [http-nio-8091-exec-4] INFO  [36mc.P.digitalis.service.GtServicesImpl[0;39m - Grande tâche modifiée avec succès : tache:AZERT | charge: 2.0
2025-03-05 08:23:56 [http-nio-8091-exec-1] INFO  [36mc.P.digitalis.service.GtServicesImpl[0;39m - Grande tâche modifiée avec succès : tache:Contrôle financier | charge: 5.0
2025-03-05 08:23:56 [http-nio-8091-exec-9] INFO  [36mc.P.digitalis.service.GtServicesImpl[0;39m - Tentative de modification de la grande tâche avec l'ID : 32
2025-03-05 08:23:56 [http-nio-8091-exec-9] INFO  [36mc.P.digitalis.service.GtServicesImpl[0;39m - Grande tâche modifiée avec succès : tache:azerty | charge: 2.0
2025-03-05 08:24:00 [http-nio-8091-exec-4] INFO  [36mc.P.digitalis.service.GtServicesImpl[0;39m - Tentative de modification de la grande tâche avec l'ID : 30
2025-03-05 08:24:00 [http-nio-8091-exec-4] INFO  [36mc.P.digitalis.service.GtServicesImpl[0;39m - Grande tâche modifiée avec succès : tache:RETYUI | charge: 3.0
2025-03-05 08:24:00 [http-nio-8091-exec-1] INFO  [36mc.P.digitalis.service.GtServicesImpl[0;39m - Tentative de modification de la grande tâche avec l'ID : 26
2025-03-05 08:24:00 [http-nio-8091-exec-1] INFO  [36mc.P.digitalis.service.GtServicesImpl[0;39m - Grande tâche modifiée avec succès : tache:Contrôle financier | charge: 5.0
2025-03-05 08:24:00 [http-nio-8091-exec-9] INFO  [36mc.P.digitalis.service.GtServicesImpl[0;39m - Tentative de modification de la grande tâche avec l'ID : 31
2025-03-05 08:24:00 [http-nio-8091-exec-3] INFO  [36mc.P.digitalis.service.GtServicesImpl[0;39m - Tentative de modification de la grande tâche avec l'ID : 32
2025-03-05 08:24:00 [http-nio-8091-exec-9] INFO  [36mc.P.digitalis.service.GtServicesImpl[0;39m - Grande tâche modifiée avec succès : tache:AZERT | charge: 2.0
2025-03-05 08:24:00 [http-nio-8091-exec-3] INFO  [36mc.P.digitalis.service.GtServicesImpl[0;39m - Grande tâche modifiée avec succès : tache:azerty | charge: 2.0
2025-03-05 08:24:05 [http-nio-8091-exec-3] INFO  [36mc.P.digitalis.service.GtServicesImpl[0;39m - Tentative de modification de la grande tâche avec l'ID : 30
2025-03-05 08:24:05 [http-nio-8091-exec-3] INFO  [36mc.P.digitalis.service.GtServicesImpl[0;39m - Grande tâche modifiée avec succès : tache:RETYUI | charge: 3.0
2025-03-05 08:24:05 [http-nio-8091-exec-5] INFO  [36mc.P.digitalis.service.GtServicesImpl[0;39m - Tentative de modification de la grande tâche avec l'ID : 26
2025-03-05 08:24:05 [http-nio-8091-exec-7] INFO  [36mc.P.digitalis.service.GtServicesImpl[0;39m - Tentative de modification de la grande tâche avec l'ID : 32
2025-03-05 08:24:05 [http-nio-8091-exec-6] INFO  [36mc.P.digitalis.service.GtServicesImpl[0;39m - Tentative de modification de la grande tâche avec l'ID : 31
2025-03-05 08:24:05 [http-nio-8091-exec-5] INFO  [36mc.P.digitalis.service.GtServicesImpl[0;39m - Grande tâche modifiée avec succès : tache:Contrôle financier | charge: 5.0
2025-03-05 08:24:05 [http-nio-8091-exec-7] INFO  [36mc.P.digitalis.service.GtServicesImpl[0;39m - Grande tâche modifiée avec succès : tache:azerty | charge: 2.0
2025-03-05 08:24:05 [http-nio-8091-exec-6] INFO  [36mc.P.digitalis.service.GtServicesImpl[0;39m - Grande tâche modifiée avec succès : tache:AZERT | charge: 2.0
2025-03-05 08:24:11 [http-nio-8091-exec-5] INFO  [36mc.P.d.service.ProjetServicesImpl[0;39m - Modification du projet : FUGAS
2025-03-05 08:24:11 [http-nio-8091-exec-6] INFO  [36mc.P.d.service.ProjetServicesImpl[0;39m - Modification du projet : UAGCP
2025-03-05 08:24:11 [http-nio-8091-exec-4] INFO  [36mc.P.d.service.ProjetServicesImpl[0;39m - Modification du projet : SNST
2025-03-05 08:24:11 [http-nio-8091-exec-3] INFO  [36mc.P.d.service.ProjetServicesImpl[0;39m - Modification du projet : DATACRFT
2025-03-05 08:24:13 [http-nio-8091-exec-7] INFO  [36mc.P.digitalis.service.GtServicesImpl[0;39m - Tentative de modification de la grande tâche avec l'ID : 27
2025-03-05 08:24:13 [http-nio-8091-exec-7] INFO  [36mc.P.digitalis.service.GtServicesImpl[0;39m - Grande tâche modifiée avec succès : tache:Envoie et reception des mail | charge: 2.0
2025-03-05 08:24:27 [http-nio-8091-exec-3] INFO  [36mc.P.digitalis.service.GtServicesImpl[0;39m - Tentative de modification de la grande tâche avec l'ID : 27
2025-03-05 08:24:27 [http-nio-8091-exec-3] INFO  [36mc.P.digitalis.service.GtServicesImpl[0;39m - Grande tâche modifiée avec succès : tache:Envoie et reception des mail | charge: 2.0
2025-03-05 08:24:30 [http-nio-8091-exec-6] INFO  [36mc.P.d.service.ProjetServicesImpl[0;39m - Modification du projet : FUGAS
2025-03-05 08:24:30 [http-nio-8091-exec-9] INFO  [36mc.P.d.service.ProjetServicesImpl[0;39m - Modification du projet : UAGCP
2025-03-05 08:24:30 [http-nio-8091-exec-8] INFO  [36mc.P.d.service.ProjetServicesImpl[0;39m - Modification du projet : DATACRFT
2025-03-05 08:24:30 [http-nio-8091-exec-7] INFO  [36mc.P.d.service.ProjetServicesImpl[0;39m - Modification du projet : SNST
2025-03-05 08:24:32 [http-nio-8091-exec-6] INFO  [36mc.P.digitalis.service.GtServicesImpl[0;39m - Tentative de modification de la grande tâche avec l'ID : 29
2025-03-05 08:24:32 [http-nio-8091-exec-6] INFO  [36mc.P.digitalis.service.GtServicesImpl[0;39m - Grande tâche modifiée avec succès : tache:Gestion des rendez-vous | charge: 3.0
2025-03-05 08:24:32 [http-nio-8091-exec-9] INFO  [36mc.P.digitalis.service.GtServicesImpl[0;39m - Tentative de modification de la grande tâche avec l'ID : 28
2025-03-05 08:24:32 [http-nio-8091-exec-9] INFO  [36mc.P.digitalis.service.GtServicesImpl[0;39m - Grande tâche modifiée avec succès : tache:Creation des certificat | charge: 4.0
2025-03-05 08:24:55 [http-nio-8091-exec-4] INFO  [36mc.P.digitalis.service.GtServicesImpl[0;39m - Tentative de modification de la grande tâche avec l'ID : 29
2025-03-05 08:24:55 [http-nio-8091-exec-6] INFO  [36mc.P.digitalis.service.GtServicesImpl[0;39m - Tentative de modification de la grande tâche avec l'ID : 28
2025-03-05 08:24:55 [http-nio-8091-exec-4] INFO  [36mc.P.digitalis.service.GtServicesImpl[0;39m - Grande tâche modifiée avec succès : tache:Gestion des rendez-vous | charge: 3.0
2025-03-05 08:24:55 [http-nio-8091-exec-6] INFO  [36mc.P.digitalis.service.GtServicesImpl[0;39m - Grande tâche modifiée avec succès : tache:Creation des certificat | charge: 4.0
2025-03-05 08:25:09 [http-nio-8091-exec-10] INFO  [36mc.P.digitalis.service.GtServicesImpl[0;39m - Tentative de modification de la grande tâche avec l'ID : 29
2025-03-05 08:25:09 [http-nio-8091-exec-4] INFO  [36mc.P.digitalis.service.GtServicesImpl[0;39m - Tentative de modification de la grande tâche avec l'ID : 28
2025-03-05 08:25:09 [http-nio-8091-exec-10] INFO  [36mc.P.digitalis.service.GtServicesImpl[0;39m - Grande tâche modifiée avec succès : tache:Gestion des rendez-vous | charge: 3.0
2025-03-05 08:25:09 [http-nio-8091-exec-4] INFO  [36mc.P.digitalis.service.GtServicesImpl[0;39m - Grande tâche modifiée avec succès : tache:Creation des certificat | charge: 4.0
2025-03-05 08:25:12 [http-nio-8091-exec-3] INFO  [36mc.P.d.service.ProjetServicesImpl[0;39m - Modification du projet : SNST
2025-03-05 08:25:12 [http-nio-8091-exec-4] INFO  [36mc.P.d.service.ProjetServicesImpl[0;39m - Modification du projet : FUGAS
2025-03-05 08:25:12 [http-nio-8091-exec-4] INFO  [36mc.P.d.service.ProjetServicesImpl[0;39m - Modification du projet : UAGCP
2025-03-05 08:25:12 [http-nio-8091-exec-8] INFO  [36mc.P.d.service.ProjetServicesImpl[0;39m - Modification du projet : DATACRFT
2025-03-05 08:25:16 [http-nio-8091-exec-7] INFO  [36mc.P.d.service.ProjetServicesImpl[0;39m - Récupération du projet : DATACRFT
2025-03-05 08:25:18 [http-nio-8091-exec-8] INFO  [36mc.P.d.service.ProjetServicesImpl[0;39m - Modification du projet : FUGAS
2025-03-05 08:25:18 [http-nio-8091-exec-10] INFO  [36mc.P.d.service.ProjetServicesImpl[0;39m - Modification du projet : SNST
2025-03-05 08:25:18 [http-nio-8091-exec-3] INFO  [36mc.P.d.service.ProjetServicesImpl[0;39m - Modification du projet : UAGCP
2025-03-05 08:25:18 [http-nio-8091-exec-9] INFO  [36mc.P.d.service.ProjetServicesImpl[0;39m - Modification du projet : DATACRFT
2025-03-05 08:25:22 [http-nio-8091-exec-1] INFO  [36mc.P.digitalis.service.GtServicesImpl[0;39m - Tentative de modification de la grande tâche avec l'ID : 29
2025-03-05 08:25:22 [http-nio-8091-exec-1] INFO  [36mc.P.digitalis.service.GtServicesImpl[0;39m - Grande tâche modifiée avec succès : tache:Gestion des rendez-vous | charge: 3.0
2025-03-05 08:25:22 [http-nio-8091-exec-7] INFO  [36mc.P.digitalis.service.GtServicesImpl[0;39m - Tentative de modification de la grande tâche avec l'ID : 28
2025-03-05 08:25:22 [http-nio-8091-exec-7] INFO  [36mc.P.digitalis.service.GtServicesImpl[0;39m - Grande tâche modifiée avec succès : tache:Creation des certificat | charge: 4.0
2025-03-05 08:25:28 [http-nio-8091-exec-8] INFO  [36mc.P.digitalis.service.GtServicesImpl[0;39m - Tentative de modification de la grande tâche avec l'ID : 29
2025-03-05 08:25:28 [http-nio-8091-exec-1] INFO  [36mc.P.digitalis.service.GtServicesImpl[0;39m - Tentative de modification de la grande tâche avec l'ID : 28
2025-03-05 08:25:28 [http-nio-8091-exec-8] INFO  [36mc.P.digitalis.service.GtServicesImpl[0;39m - Grande tâche modifiée avec succès : tache:Gestion des rendez-vous | charge: 3.0
2025-03-05 08:25:28 [http-nio-8091-exec-1] INFO  [36mc.P.digitalis.service.GtServicesImpl[0;39m - Grande tâche modifiée avec succès : tache:Creation des certificat | charge: 4.0
2025-03-05 08:25:31 [http-nio-8091-exec-5] INFO  [36mc.P.d.service.ProjetServicesImpl[0;39m - Modification du projet : UAGCP
2025-03-05 08:25:31 [http-nio-8091-exec-10] INFO  [36mc.P.d.service.ProjetServicesImpl[0;39m - Modification du projet : FUGAS
2025-03-05 08:25:31 [http-nio-8091-exec-9] INFO  [36mc.P.d.service.ProjetServicesImpl[0;39m - Modification du projet : SNST
2025-03-05 08:25:31 [http-nio-8091-exec-3] INFO  [36mc.P.d.service.ProjetServicesImpl[0;39m - Modification du projet : DATACRFT
2025-03-05 08:25:34 [http-nio-8091-exec-8] INFO  [36mc.P.digitalis.service.GtServicesImpl[0;39m - Tentative de modification de la grande tâche avec l'ID : 27
2025-03-05 08:25:34 [http-nio-8091-exec-8] INFO  [36mc.P.digitalis.service.GtServicesImpl[0;39m - Grande tâche modifiée avec succès : tache:Envoie et reception des mail | charge: 2.0
2025-03-05 08:27:24 [MessageBroker-1] INFO  [36mo.s.w.s.c.WebSocketMessageBrokerStats[0;39m - WebSocketSession[0 current WS(0)-HttpStream(0)-HttpPoll(0), 0 total, 0 closed abnormally (0 connect failure, 0 send limit, 0 transport error)], stompSubProtocol[processed CONNECT(0)-CONNECTED(0)-DISCONNECT(0)], stompBrokerRelay[null], inboundChannel[pool size = 0, active threads = 0, queued tasks = 0, completed tasks = 0], outboundChannel[pool size = 0, active threads = 0, queued tasks = 0, completed tasks = 0], sockJsScheduler[pool size = 2, active threads = 1, queued tasks = 0, completed tasks = 1]
2025-03-05 08:28:40 [http-nio-8091-exec-6] INFO  [36mc.P.d.service.ProjetServicesImpl[0;39m - Modification du projet : FUGAS
2025-03-05 08:28:40 [http-nio-8091-exec-4] INFO  [36mc.P.d.service.ProjetServicesImpl[0;39m - Modification du projet : DATACRFT
2025-03-05 08:28:40 [http-nio-8091-exec-8] INFO  [36mc.P.d.service.ProjetServicesImpl[0;39m - Modification du projet : UAGCP
2025-03-05 08:28:40 [http-nio-8091-exec-10] INFO  [36mc.P.d.service.ProjetServicesImpl[0;39m - Modification du projet : SNST
2025-03-05 08:36:26 [http-nio-8091-exec-4] INFO  [36mc.P.d.service.UserServicesImpl[0;39m - Tentative de connexion pour l'utilisateur avec l'email : sow36aguibou@gmail.com
2025-03-05 08:36:43 [http-nio-8091-exec-7] INFO  [36mc.P.d.service.UserServicesImpl[0;39m - Tentative de connexion pour l'utilisateur avec l'email : sow36aguibou@gmail.com
2025-03-05 08:36:43 [http-nio-8091-exec-7] INFO  [36mc.P.d.service.UserServicesImpl[0;39m - Utilisateur avec l'email sow36aguibou@gmail.com connecté avec succès
2025-03-05 08:39:37 [http-nio-8091-exec-9] INFO  [36mc.P.d.service.UserServicesImpl[0;39m - Tentative de connexion pour l'utilisateur avec l'email : sow36aguibou@gmail.com
2025-03-05 08:39:37 [http-nio-8091-exec-9] INFO  [36mc.P.d.service.UserServicesImpl[0;39m - Utilisateur avec l'email sow36aguibou@gmail.com connecté avec succès
2025-03-05 08:42:00 [http-nio-8091-exec-8] INFO  [36mc.P.d.service.UserServicesImpl[0;39m - Tentative de connexion pour l'utilisateur avec l'email : sow36aguibou@gmail.com
2025-03-05 08:42:00 [http-nio-8091-exec-8] INFO  [36mc.P.d.service.UserServicesImpl[0;39m - Utilisateur avec l'email sow36aguibou@gmail.com connecté avec succès
2025-03-05 08:44:07 [http-nio-8091-exec-5] INFO  [36mc.P.d.service.UserServicesImpl[0;39m - Tentative de connexion pour l'utilisateur avec l'email : sow36aguibou@gmail.com
2025-03-05 08:44:08 [http-nio-8091-exec-5] INFO  [36mc.P.d.service.UserServicesImpl[0;39m - Utilisateur avec l'email sow36aguibou@gmail.com connecté avec succès
2025-03-05 08:57:24 [MessageBroker-2] INFO  [36mo.s.w.s.c.WebSocketMessageBrokerStats[0;39m - WebSocketSession[0 current WS(0)-HttpStream(0)-HttpPoll(0), 0 total, 0 closed abnormally (0 connect failure, 0 send limit, 0 transport error)], stompSubProtocol[processed CONNECT(0)-CONNECTED(0)-DISCONNECT(0)], stompBrokerRelay[null], inboundChannel[pool size = 0, active threads = 0, queued tasks = 0, completed tasks = 0], outboundChannel[pool size = 0, active threads = 0, queued tasks = 0, completed tasks = 0], sockJsScheduler[pool size = 3, active threads = 1, queued tasks = 0, completed tasks = 2]
2025-03-05 09:08:17 [http-nio-8091-exec-9] INFO  [36mc.P.d.service.UserServicesImpl[0;39m - Tentative de connexion pour l'utilisateur avec l'email : sow36aguibou@gmail.com
2025-03-05 09:08:18 [http-nio-8091-exec-9] INFO  [36mc.P.d.service.UserServicesImpl[0;39m - Utilisateur avec l'email sow36aguibou@gmail.com connecté avec succès
2025-03-05 09:09:34 [http-nio-8091-exec-6] INFO  [36mc.P.d.service.ProjetServicesImpl[0;39m - Modification du projet : UAGCP
2025-03-05 09:09:34 [http-nio-8091-exec-4] INFO  [36mc.P.d.service.ProjetServicesImpl[0;39m - Modification du projet : FUGAS
2025-03-05 09:09:34 [http-nio-8091-exec-7] INFO  [36mc.P.d.service.ProjetServicesImpl[0;39m - Modification du projet : SNST
2025-03-05 09:09:34 [http-nio-8091-exec-1] INFO  [36mc.P.d.service.ProjetServicesImpl[0;39m - Modification du projet : DATACRFT
2025-03-05 09:09:36 [http-nio-8091-exec-9] INFO  [36mc.P.digitalis.service.GtServicesImpl[0;39m - Tentative de modification de la grande tâche avec l'ID : 27
2025-03-05 09:09:37 [http-nio-8091-exec-9] INFO  [36mc.P.digitalis.service.GtServicesImpl[0;39m - Grande tâche modifiée avec succès : tache:Envoie et reception des mail | charge: 2.0
2025-03-05 09:10:41 [http-nio-8091-exec-1] INFO  [36mc.P.d.service.ProjetServicesImpl[0;39m - Modification du projet : FUGAS
2025-03-05 09:10:41 [http-nio-8091-exec-10] INFO  [36mc.P.d.service.ProjetServicesImpl[0;39m - Modification du projet : SNST
2025-03-05 09:10:41 [http-nio-8091-exec-9] INFO  [36mc.P.d.service.ProjetServicesImpl[0;39m - Modification du projet : DATACRFT
2025-03-05 09:10:41 [http-nio-8091-exec-2] INFO  [36mc.P.d.service.ProjetServicesImpl[0;39m - Modification du projet : UAGCP
2025-03-05 09:11:34 [http-nio-8091-exec-4] INFO  [36mc.P.d.service.ProjetServicesImpl[0;39m - Modification du projet : FUGAS
2025-03-05 09:11:34 [http-nio-8091-exec-3] INFO  [36mc.P.d.service.ProjetServicesImpl[0;39m - Modification du projet : SNST
2025-03-05 09:11:34 [http-nio-8091-exec-9] INFO  [36mc.P.d.service.ProjetServicesImpl[0;39m - Modification du projet : UAGCP
2025-03-05 09:11:34 [http-nio-8091-exec-5] INFO  [36mc.P.d.service.ProjetServicesImpl[0;39m - Modification du projet : DATACRFT
2025-03-05 09:12:01 [http-nio-8091-exec-3] INFO  [36mc.P.d.service.ProjetServicesImpl[0;39m - Modification du projet : UAGCP
2025-03-05 09:12:01 [http-nio-8091-exec-10] INFO  [36mc.P.d.service.ProjetServicesImpl[0;39m - Modification du projet : FUGAS
2025-03-05 09:12:01 [http-nio-8091-exec-9] INFO  [36mc.P.d.service.ProjetServicesImpl[0;39m - Modification du projet : SNST
2025-03-05 09:12:01 [http-nio-8091-exec-2] INFO  [36mc.P.d.service.ProjetServicesImpl[0;39m - Modification du projet : DATACRFT
2025-03-05 09:12:54 [http-nio-8091-exec-7] INFO  [36mc.P.d.service.UserServicesImpl[0;39m - Tentative de connexion pour l'utilisateur avec l'email : sow36aguibou@gmail.com
2025-03-05 09:12:54 [http-nio-8091-exec-7] INFO  [36mc.P.d.service.UserServicesImpl[0;39m - Utilisateur avec l'email sow36aguibou@gmail.com connecté avec succès
2025-03-05 09:19:58 [http-nio-8091-exec-9] INFO  [36mc.P.d.service.UserServicesImpl[0;39m - Tentative de connexion pour l'utilisateur avec l'email : sow36aguibou@gmail.com
2025-03-05 09:19:58 [http-nio-8091-exec-9] INFO  [36mc.P.d.service.UserServicesImpl[0;39m - Utilisateur avec l'email sow36aguibou@gmail.com connecté avec succès
2025-03-05 09:24:05 [http-nio-8091-exec-7] INFO  [36mc.P.d.service.UserServicesImpl[0;39m - Tentative de connexion pour l'utilisateur avec l'email : sow36aguibou@gmail.com
2025-03-05 09:24:05 [http-nio-8091-exec-7] INFO  [36mc.P.d.service.UserServicesImpl[0;39m - Utilisateur avec l'email sow36aguibou@gmail.com connecté avec succès
2025-03-05 09:26:43 [http-nio-8091-exec-1] INFO  [36mc.P.d.service.UserServicesImpl[0;39m - Tentative de connexion pour l'utilisateur avec l'email : sow36aguibou@gmail.com
2025-03-05 09:26:44 [http-nio-8091-exec-1] INFO  [36mc.P.d.service.UserServicesImpl[0;39m - Utilisateur avec l'email sow36aguibou@gmail.com connecté avec succès
2025-03-05 09:27:24 [MessageBroker-1] INFO  [36mo.s.w.s.c.WebSocketMessageBrokerStats[0;39m - WebSocketSession[0 current WS(0)-HttpStream(0)-HttpPoll(0), 0 total, 0 closed abnormally (0 connect failure, 0 send limit, 0 transport error)], stompSubProtocol[processed CONNECT(0)-CONNECTED(0)-DISCONNECT(0)], stompBrokerRelay[null], inboundChannel[pool size = 0, active threads = 0, queued tasks = 0, completed tasks = 0], outboundChannel[pool size = 0, active threads = 0, queued tasks = 0, completed tasks = 0], sockJsScheduler[pool size = 4, active threads = 1, queued tasks = 0, completed tasks = 3]
2025-03-05 09:28:23 [http-nio-8091-exec-1] INFO  [36mc.P.d.service.ProjetServicesImpl[0;39m - Modification du projet : FUGAS
2025-03-05 09:28:23 [http-nio-8091-exec-7] INFO  [36mc.P.d.service.ProjetServicesImpl[0;39m - Modification du projet : UAGCP
2025-03-05 09:28:23 [http-nio-8091-exec-2] INFO  [36mc.P.d.service.ProjetServicesImpl[0;39m - Modification du projet : SNST
2025-03-05 09:28:23 [http-nio-8091-exec-10] INFO  [36mc.P.d.service.ProjetServicesImpl[0;39m - Modification du projet : DATACRFT
2025-03-05 09:36:38 [http-nio-8091-exec-5] INFO  [36mc.P.d.service.UserServicesImpl[0;39m - Tentative de connexion pour l'utilisateur avec l'email : sow36aguibou@gmail.com
2025-03-05 09:36:38 [http-nio-8091-exec-5] INFO  [36mc.P.d.service.UserServicesImpl[0;39m - Utilisateur avec l'email sow36aguibou@gmail.com connecté avec succès
2025-03-05 09:57:24 [MessageBroker-1] INFO  [36mo.s.w.s.c.WebSocketMessageBrokerStats[0;39m - WebSocketSession[0 current WS(0)-HttpStream(0)-HttpPoll(0), 0 total, 0 closed abnormally (0 connect failure, 0 send limit, 0 transport error)], stompSubProtocol[processed CONNECT(0)-CONNECTED(0)-DISCONNECT(0)], stompBrokerRelay[null], inboundChannel[pool size = 0, active threads = 0, queued tasks = 0, completed tasks = 0], outboundChannel[pool size = 0, active threads = 0, queued tasks = 0, completed tasks = 0], sockJsScheduler[pool size = 4, active threads = 1, queued tasks = 0, completed tasks = 4]
2025-03-05 10:27:24 [MessageBroker-1] INFO  [36mo.s.w.s.c.WebSocketMessageBrokerStats[0;39m - WebSocketSession[0 current WS(0)-HttpStream(0)-HttpPoll(0), 0 total, 0 closed abnormally (0 connect failure, 0 send limit, 0 transport error)], stompSubProtocol[processed CONNECT(0)-CONNECTED(0)-DISCONNECT(0)], stompBrokerRelay[null], inboundChannel[pool size = 0, active threads = 0, queued tasks = 0, completed tasks = 0], outboundChannel[pool size = 0, active threads = 0, queued tasks = 0, completed tasks = 0], sockJsScheduler[pool size = 4, active threads = 1, queued tasks = 0, completed tasks = 5]
2025-03-05 11:13:01 [main] INFO  [36mc.P.digitalis.DigitalisApplication[0;39m - Starting DigitalisApplication using Java 17.0.6 with PID 11856 (C:\Users\LIVE-TECH\Desktop\ProjectManagment\digitalis\target\classes started by LIVE-TECH in C:\Users\LIVE-TECH\Desktop\ProjectManagment\digitalis)
2025-03-05 11:13:01 [main] INFO  [36mc.P.digitalis.DigitalisApplication[0;39m - No active profile set, falling back to 1 default profile: "default"
2025-03-05 11:13:10 [main] INFO  [36mo.s.d.r.c.RepositoryConfigurationDelegate[0;39m - Bootstrapping Spring Data JPA repositories in DEFAULT mode.
2025-03-05 11:13:10 [main] INFO  [36mo.s.d.r.c.RepositoryConfigurationDelegate[0;39m - Finished Spring Data repository scanning in 485 ms. Found 15 JPA repository interfaces.
2025-03-05 11:13:16 [main] INFO  [36mo.s.b.w.e.tomcat.TomcatWebServer[0;39m - Tomcat initialized with port 8091 (http)
2025-03-05 11:13:16 [main] INFO  [36mo.a.coyote.http11.Http11NioProtocol[0;39m - Initializing ProtocolHandler ["http-nio-8091"]
2025-03-05 11:13:16 [main] INFO  [36mo.a.catalina.core.StandardService[0;39m - Starting service [Tomcat]
2025-03-05 11:13:16 [main] INFO  [36mo.a.catalina.core.StandardEngine[0;39m - Starting Servlet engine: [Apache Tomcat/10.1.31]
2025-03-05 11:13:18 [main] INFO  [36mo.a.c.c.C.[Tomcat].[localhost].[/][0;39m - Initializing Spring embedded WebApplicationContext
2025-03-05 11:13:18 [main] INFO  [36mo.s.b.w.s.c.ServletWebServerApplicationContext[0;39m - Root WebApplicationContext: initialization completed in 16651 ms
2025-03-05 11:13:19 [main] WARN  [36mo.s.b.a.o.j.JpaBaseConfiguration$JpaWebConfiguration[0;39m - spring.jpa.open-in-view is enabled by default. Therefore, database queries may be performed during view rendering. Explicitly configure spring.jpa.open-in-view to disable this warning
2025-03-05 11:13:19 [main] INFO  [36mo.h.jpa.internal.util.LogHelper[0;39m - HHH000204: Processing PersistenceUnitInfo [name: default]
2025-03-05 11:13:20 [main] INFO  [36morg.hibernate.Version[0;39m - HHH000412: Hibernate ORM core version 6.5.3.Final
2025-03-05 11:13:20 [main] INFO  [36mo.h.c.i.RegionFactoryInitiator[0;39m - HHH000026: Second-level cache disabled
2025-03-05 11:13:22 [main] INFO  [36mo.s.o.j.p.SpringPersistenceUnitInfo[0;39m - No LoadTimeWeaver setup: ignoring JPA class transformer
2025-03-05 11:13:22 [main] INFO  [36mcom.zaxxer.hikari.HikariDataSource[0;39m - HikariPool-1 - Starting...
2025-03-05 11:13:23 [main] INFO  [36mcom.zaxxer.hikari.pool.HikariPool[0;39m - HikariPool-1 - Added connection com.mysql.cj.jdbc.ConnectionImpl@4b09d1c3
2025-03-05 11:13:23 [main] INFO  [36mcom.zaxxer.hikari.HikariDataSource[0;39m - HikariPool-1 - Start completed.
2025-03-05 11:13:23 [main] WARN  [36morg.hibernate.dialect.Dialect[0;39m - HHH000511: The 5.7.24 version for [org.hibernate.dialect.MySQLDialect] is no longer supported, hence certain features may not work properly. The minimum supported version is 8.0.0. Check the community dialects project for available legacy versions.
2025-03-05 11:13:23 [main] WARN  [36morg.hibernate.orm.deprecation[0;39m - HHH90000025: MySQLDialect does not need to be specified explicitly using 'hibernate.dialect' (remove the property setting and it will be selected by default)
2025-03-05 11:13:26 [main] INFO  [36mo.h.e.t.j.p.i.JtaPlatformInitiator[0;39m - HHH000489: No JTA platform available (set 'hibernate.transaction.jta.platform' to enable JTA platform integration)
2025-03-05 11:13:27 [main] INFO  [36mo.s.o.j.LocalContainerEntityManagerFactoryBean[0;39m - Initialized JPA EntityManagerFactory for persistence unit 'default'
2025-03-05 11:13:29 [main] INFO  [36mo.s.s.c.a.a.c.InitializeAuthenticationProviderBeanManagerConfigurer$InitializeAuthenticationProviderManagerConfigurer[0;39m - Global AuthenticationManager configured with AuthenticationProvider bean with name authenticationProvider
2025-03-05 11:13:29 [main] WARN  [36mo.s.s.c.a.a.c.InitializeUserDetailsBeanManagerConfigurer$InitializeUserDetailsManagerConfigurer[0;39m - Global AuthenticationManager configured with an AuthenticationProvider bean. UserDetailsService beans will not be used for username/password login. Consider removing the AuthenticationProvider bean. Alternatively, consider using the UserDetailsService in a manually instantiated DaoAuthenticationProvider.
2025-03-05 11:13:32 [main] INFO  [36mo.a.coyote.http11.Http11NioProtocol[0;39m - Starting ProtocolHandler ["http-nio-8091"]
2025-03-05 11:13:32 [main] INFO  [36mo.s.b.w.e.tomcat.TomcatWebServer[0;39m - Tomcat started on port 8091 (http) with context path '/'
2025-03-05 11:13:32 [main] INFO  [36mo.s.m.s.b.SimpleBrokerMessageHandler[0;39m - Starting...
2025-03-05 11:13:32 [main] INFO  [36mo.s.m.s.b.SimpleBrokerMessageHandler[0;39m - BrokerAvailabilityEvent[available=true, SimpleBrokerMessageHandler [org.springframework.messaging.simp.broker.DefaultSubscriptionRegistry@f7a8a7b]]
2025-03-05 11:13:32 [main] INFO  [36mo.s.m.s.b.SimpleBrokerMessageHandler[0;39m - Started.
2025-03-05 11:13:32 [main] INFO  [36mc.P.digitalis.DigitalisApplication[0;39m - Started DigitalisApplication in 33.351 seconds (process running for 37.553)
2025-03-05 11:14:32 [MessageBroker-1] INFO  [36mo.s.w.s.c.WebSocketMessageBrokerStats[0;39m - WebSocketSession[0 current WS(0)-HttpStream(0)-HttpPoll(0), 0 total, 0 closed abnormally (0 connect failure, 0 send limit, 0 transport error)], stompSubProtocol[processed CONNECT(0)-CONNECTED(0)-DISCONNECT(0)], stompBrokerRelay[null], inboundChannel[pool size = 0, active threads = 0, queued tasks = 0, completed tasks = 0], outboundChannel[pool size = 0, active threads = 0, queued tasks = 0, completed tasks = 0], sockJsScheduler[pool size = 1, active threads = 1, queued tasks = 0, completed tasks = 0]
2025-03-05 11:20:36 [http-nio-8091-exec-1] INFO  [36mo.a.c.c.C.[Tomcat].[localhost].[/][0;39m - Initializing Spring DispatcherServlet 'dispatcherServlet'
2025-03-05 11:20:36 [http-nio-8091-exec-1] INFO  [36mo.s.web.servlet.DispatcherServlet[0;39m - Initializing Servlet 'dispatcherServlet'
2025-03-05 11:20:36 [http-nio-8091-exec-1] INFO  [36mo.s.web.servlet.DispatcherServlet[0;39m - Completed initialization in 2 ms
2025-03-05 11:20:39 [http-nio-8091-exec-3] INFO  [36mc.P.d.service.UserServicesImpl[0;39m - Tentative de connexion pour l'utilisateur avec l'email : sow36aguibou@gmail.com
2025-03-05 11:20:40 [http-nio-8091-exec-3] INFO  [36mc.P.d.service.UserServicesImpl[0;39m - Utilisateur avec l'email sow36aguibou@gmail.com connecté avec succès
2025-03-05 11:24:48 [http-nio-8091-exec-6] INFO  [36mc.P.d.service.UserServicesImpl[0;39m - Tentative de connexion pour l'utilisateur avec l'email : sow36aguibou@gmail.com
2025-03-05 11:24:48 [http-nio-8091-exec-6] INFO  [36mc.P.d.service.UserServicesImpl[0;39m - Utilisateur avec l'email sow36aguibou@gmail.com connecté avec succès
2025-03-05 11:26:08 [http-nio-8091-exec-8] INFO  [36mc.P.d.service.UserServicesImpl[0;39m - Tentative de connexion pour l'utilisateur avec l'email : sow36aguibou@gmail.com
2025-03-05 11:26:08 [http-nio-8091-exec-8] INFO  [36mc.P.d.service.UserServicesImpl[0;39m - Utilisateur avec l'email sow36aguibou@gmail.com connecté avec succès
2025-03-05 11:38:49 [http-nio-8091-exec-5] INFO  [36mc.P.d.service.UserServicesImpl[0;39m - Tentative de connexion pour l'utilisateur avec l'email : sow36aguibou@gmail.com
2025-03-05 11:38:49 [http-nio-8091-exec-5] INFO  [36mc.P.d.service.UserServicesImpl[0;39m - Utilisateur avec l'email sow36aguibou@gmail.com connecté avec succès
2025-03-05 11:39:01 [http-nio-8091-exec-3] INFO  [36mc.P.d.service.ProjetServicesImpl[0;39m - Modification du projet : FUGAS
2025-03-05 11:39:01 [http-nio-8091-exec-9] INFO  [36mc.P.d.service.ProjetServicesImpl[0;39m - Modification du projet : SNST
2025-03-05 11:39:01 [http-nio-8091-exec-8] INFO  [36mc.P.d.service.ProjetServicesImpl[0;39m - Modification du projet : DATACRFT
2025-03-05 11:39:01 [http-nio-8091-exec-4] INFO  [36mc.P.d.service.ProjetServicesImpl[0;39m - Modification du projet : UAGCP
2025-03-05 11:40:02 [http-nio-8091-exec-7] INFO  [36mc.P.d.service.ProjetServicesImpl[0;39m - Modification du projet : UAGCP
2025-03-05 11:40:02 [http-nio-8091-exec-9] INFO  [36mc.P.d.service.ProjetServicesImpl[0;39m - Modification du projet : SNST
2025-03-05 11:40:02 [http-nio-8091-exec-2] INFO  [36mc.P.d.service.ProjetServicesImpl[0;39m - Modification du projet : FUGAS
2025-03-05 11:40:02 [http-nio-8091-exec-9] INFO  [36mc.P.d.service.ProjetServicesImpl[0;39m - Modification du projet : DATACRFT
2025-03-05 11:41:21 [SpringApplicationShutdownHook] INFO  [36mo.s.m.s.b.SimpleBrokerMessageHandler[0;39m - Stopping...
2025-03-05 11:41:21 [SpringApplicationShutdownHook] INFO  [36mo.s.m.s.b.SimpleBrokerMessageHandler[0;39m - BrokerAvailabilityEvent[available=false, SimpleBrokerMessageHandler [org.springframework.messaging.simp.broker.DefaultSubscriptionRegistry@f7a8a7b]]
2025-03-05 11:41:21 [SpringApplicationShutdownHook] INFO  [36mo.s.m.s.b.SimpleBrokerMessageHandler[0;39m - Stopped.
2025-03-05 11:41:22 [SpringApplicationShutdownHook] INFO  [36mo.s.o.j.LocalContainerEntityManagerFactoryBean[0;39m - Closing JPA EntityManagerFactory for persistence unit 'default'
2025-03-05 11:41:22 [SpringApplicationShutdownHook] INFO  [36mcom.zaxxer.hikari.HikariDataSource[0;39m - HikariPool-1 - Shutdown initiated...
2025-03-05 11:41:22 [SpringApplicationShutdownHook] INFO  [36mcom.zaxxer.hikari.HikariDataSource[0;39m - HikariPool-1 - Shutdown completed.
2025-03-05 11:42:23 [main] INFO  [36mc.P.digitalis.DigitalisApplication[0;39m - Starting DigitalisApplication using Java 17.0.6 with PID 11368 (C:\Users\LIVE-TECH\Desktop\ProjectManagment\digitalis\target\classes started by LIVE-TECH in C:\Users\LIVE-TECH\Desktop\ProjectManagment\digitalis)
2025-03-05 11:42:23 [main] INFO  [36mc.P.digitalis.DigitalisApplication[0;39m - No active profile set, falling back to 1 default profile: "default"
2025-03-05 11:42:34 [main] INFO  [36mo.s.d.r.c.RepositoryConfigurationDelegate[0;39m - Bootstrapping Spring Data JPA repositories in DEFAULT mode.
2025-03-05 11:42:34 [main] INFO  [36mo.s.d.r.c.RepositoryConfigurationDelegate[0;39m - Finished Spring Data repository scanning in 357 ms. Found 15 JPA repository interfaces.
2025-03-05 11:42:41 [main] INFO  [36mo.s.b.w.e.tomcat.TomcatWebServer[0;39m - Tomcat initialized with port 8091 (http)
2025-03-05 11:42:41 [main] INFO  [36mo.a.coyote.http11.Http11NioProtocol[0;39m - Initializing ProtocolHandler ["http-nio-8091"]
2025-03-05 11:42:41 [main] INFO  [36mo.a.catalina.core.StandardService[0;39m - Starting service [Tomcat]
2025-03-05 11:42:41 [main] INFO  [36mo.a.catalina.core.StandardEngine[0;39m - Starting Servlet engine: [Apache Tomcat/10.1.31]
2025-03-05 11:42:49 [main] INFO  [36mo.a.c.c.C.[Tomcat].[localhost].[/][0;39m - Initializing Spring embedded WebApplicationContext
2025-03-05 11:42:49 [main] INFO  [36mo.s.b.w.s.c.ServletWebServerApplicationContext[0;39m - Root WebApplicationContext: initialization completed in 24933 ms
2025-03-05 11:42:49 [main] WARN  [36mo.s.b.a.o.j.JpaBaseConfiguration$JpaWebConfiguration[0;39m - spring.jpa.open-in-view is enabled by default. Therefore, database queries may be performed during view rendering. Explicitly configure spring.jpa.open-in-view to disable this warning
2025-03-05 11:42:50 [main] INFO  [36mo.h.jpa.internal.util.LogHelper[0;39m - HHH000204: Processing PersistenceUnitInfo [name: default]
2025-03-05 11:42:50 [main] INFO  [36morg.hibernate.Version[0;39m - HHH000412: Hibernate ORM core version 6.5.3.Final
2025-03-05 11:42:52 [main] INFO  [36mo.h.c.i.RegionFactoryInitiator[0;39m - HHH000026: Second-level cache disabled
2025-03-05 11:42:55 [main] INFO  [36mo.s.o.j.p.SpringPersistenceUnitInfo[0;39m - No LoadTimeWeaver setup: ignoring JPA class transformer
2025-03-05 11:42:55 [main] INFO  [36mcom.zaxxer.hikari.HikariDataSource[0;39m - HikariPool-1 - Starting...
2025-03-05 11:42:57 [main] INFO  [36mcom.zaxxer.hikari.pool.HikariPool[0;39m - HikariPool-1 - Added connection com.mysql.cj.jdbc.ConnectionImpl@76ffc17c
2025-03-05 11:42:57 [main] INFO  [36mcom.zaxxer.hikari.HikariDataSource[0;39m - HikariPool-1 - Start completed.
2025-03-05 11:42:57 [main] WARN  [36morg.hibernate.dialect.Dialect[0;39m - HHH000511: The 5.7.24 version for [org.hibernate.dialect.MySQLDialect] is no longer supported, hence certain features may not work properly. The minimum supported version is 8.0.0. Check the community dialects project for available legacy versions.
2025-03-05 11:42:57 [main] WARN  [36morg.hibernate.orm.deprecation[0;39m - HHH90000025: MySQLDialect does not need to be specified explicitly using 'hibernate.dialect' (remove the property setting and it will be selected by default)
2025-03-05 11:43:11 [main] INFO  [36mo.h.e.t.j.p.i.JtaPlatformInitiator[0;39m - HHH000489: No JTA platform available (set 'hibernate.transaction.jta.platform' to enable JTA platform integration)
2025-03-05 11:43:11 [main] INFO  [36mo.s.o.j.LocalContainerEntityManagerFactoryBean[0;39m - Initialized JPA EntityManagerFactory for persistence unit 'default'
2025-03-05 11:43:14 [main] INFO  [36mo.s.s.c.a.a.c.InitializeAuthenticationProviderBeanManagerConfigurer$InitializeAuthenticationProviderManagerConfigurer[0;39m - Global AuthenticationManager configured with AuthenticationProvider bean with name authenticationProvider
2025-03-05 11:43:14 [main] WARN  [36mo.s.s.c.a.a.c.InitializeUserDetailsBeanManagerConfigurer$InitializeUserDetailsManagerConfigurer[0;39m - Global AuthenticationManager configured with an AuthenticationProvider bean. UserDetailsService beans will not be used for username/password login. Consider removing the AuthenticationProvider bean. Alternatively, consider using the UserDetailsService in a manually instantiated DaoAuthenticationProvider.
2025-03-05 11:43:16 [main] INFO  [36mo.a.coyote.http11.Http11NioProtocol[0;39m - Starting ProtocolHandler ["http-nio-8091"]
2025-03-05 11:43:16 [main] INFO  [36mo.s.b.w.e.tomcat.TomcatWebServer[0;39m - Tomcat started on port 8091 (http) with context path '/'
2025-03-05 11:43:16 [main] INFO  [36mo.s.m.s.b.SimpleBrokerMessageHandler[0;39m - Starting...
2025-03-05 11:43:16 [main] INFO  [36mo.s.m.s.b.SimpleBrokerMessageHandler[0;39m - BrokerAvailabilityEvent[available=true, SimpleBrokerMessageHandler [org.springframework.messaging.simp.broker.DefaultSubscriptionRegistry@6049b4c9]]
2025-03-05 11:43:16 [main] INFO  [36mo.s.m.s.b.SimpleBrokerMessageHandler[0;39m - Started.
2025-03-05 11:43:16 [main] INFO  [36mc.P.digitalis.DigitalisApplication[0;39m - Started DigitalisApplication in 55.799 seconds (process running for 81.262)
2025-03-05 11:43:42 [http-nio-8091-exec-1] INFO  [36mo.a.c.c.C.[Tomcat].[localhost].[/][0;39m - Initializing Spring DispatcherServlet 'dispatcherServlet'
2025-03-05 11:43:42 [http-nio-8091-exec-1] INFO  [36mo.s.web.servlet.DispatcherServlet[0;39m - Initializing Servlet 'dispatcherServlet'
2025-03-05 11:43:42 [http-nio-8091-exec-1] INFO  [36mo.s.web.servlet.DispatcherServlet[0;39m - Completed initialization in 3 ms
2025-03-05 11:43:42 [http-nio-8091-exec-2] INFO  [36mc.P.d.service.UserServicesImpl[0;39m - Tentative de connexion pour l'utilisateur avec l'email : sow36aguibou@gmail.com
2025-03-05 11:44:00 [http-nio-8091-exec-8] INFO  [36mc.P.d.service.UserServicesImpl[0;39m - Tentative de connexion pour l'utilisateur avec l'email : sow36aguibou@gmail.com
2025-03-05 11:44:16 [MessageBroker-1] INFO  [36mo.s.w.s.c.WebSocketMessageBrokerStats[0;39m - WebSocketSession[0 current WS(0)-HttpStream(0)-HttpPoll(0), 0 total, 0 closed abnormally (0 connect failure, 0 send limit, 0 transport error)], stompSubProtocol[processed CONNECT(0)-CONNECTED(0)-DISCONNECT(0)], stompBrokerRelay[null], inboundChannel[pool size = 0, active threads = 0, queued tasks = 0, completed tasks = 0], outboundChannel[pool size = 0, active threads = 0, queued tasks = 0, completed tasks = 0], sockJsScheduler[pool size = 1, active threads = 1, queued tasks = 0, completed tasks = 0]
2025-03-05 11:44:16 [http-nio-8091-exec-6] INFO  [36mc.P.d.service.UserServicesImpl[0;39m - Tentative de connexion pour l'utilisateur avec l'email : sow36aguibou@gmail.com
2025-03-05 11:44:16 [http-nio-8091-exec-6] INFO  [36mc.P.d.service.UserServicesImpl[0;39m - Utilisateur avec l'email sow36aguibou@gmail.com connecté avec succès
2025-03-05 11:44:27 [http-nio-8091-exec-7] INFO  [36mc.P.d.service.ProjetServicesImpl[0;39m - Modification du projet : FUGAS
2025-03-05 11:44:27 [http-nio-8091-exec-2] INFO  [36mc.P.d.service.ProjetServicesImpl[0;39m - Modification du projet : SNST
2025-03-05 11:44:27 [http-nio-8091-exec-3] INFO  [36mc.P.d.service.ProjetServicesImpl[0;39m - Modification du projet : DATACRFT
2025-03-05 11:44:27 [http-nio-8091-exec-8] INFO  [36mc.P.d.service.ProjetServicesImpl[0;39m - Modification du projet : UAGCP
2025-03-05 11:53:41 [http-nio-8091-exec-7] INFO  [36mc.P.d.service.ProjetServicesImpl[0;39m - Modification du projet : FUGAS
2025-03-05 11:53:41 [http-nio-8091-exec-8] INFO  [36mc.P.d.service.ProjetServicesImpl[0;39m - Modification du projet : UAGCP
2025-03-05 11:53:41 [http-nio-8091-exec-1] INFO  [36mc.P.d.service.ProjetServicesImpl[0;39m - Modification du projet : SNST
2025-03-05 11:53:42 [http-nio-8091-exec-4] INFO  [36mc.P.d.service.ProjetServicesImpl[0;39m - Modification du projet : DATACRFT
2025-03-05 11:57:23 [http-nio-8091-exec-2] INFO  [36mc.P.d.service.ProjetServicesImpl[0;39m - Modification du projet : FUGAS
2025-03-05 11:57:23 [http-nio-8091-exec-1] INFO  [36mc.P.d.service.ProjetServicesImpl[0;39m - Modification du projet : UAGCP
2025-03-05 11:57:23 [http-nio-8091-exec-6] INFO  [36mc.P.d.service.ProjetServicesImpl[0;39m - Modification du projet : DATACRFT
2025-03-05 11:57:23 [http-nio-8091-exec-5] INFO  [36mc.P.d.service.ProjetServicesImpl[0;39m - Modification du projet : SNST
2025-03-05 11:57:37 [http-nio-8091-exec-9] INFO  [36mc.P.d.service.ProjetServicesImpl[0;39m - Modification du projet : FUGAS
2025-03-05 11:57:37 [http-nio-8091-exec-8] INFO  [36mc.P.d.service.ProjetServicesImpl[0;39m - Modification du projet : UAGCP
2025-03-05 11:57:37 [http-nio-8091-exec-6] INFO  [36mc.P.d.service.ProjetServicesImpl[0;39m - Modification du projet : SNST
2025-03-05 11:57:37 [http-nio-8091-exec-1] INFO  [36mc.P.d.service.ProjetServicesImpl[0;39m - Modification du projet : DATACRFT
2025-03-05 11:57:41 [http-nio-8091-exec-1] INFO  [36mc.P.digitalis.service.GtServicesImpl[0;39m - Tentative de modification de la grande tâche avec l'ID : 31
2025-03-05 11:57:41 [http-nio-8091-exec-10] INFO  [36mc.P.digitalis.service.GtServicesImpl[0;39m - Tentative de modification de la grande tâche avec l'ID : 30
2025-03-05 11:57:41 [http-nio-8091-exec-8] INFO  [36mc.P.digitalis.service.GtServicesImpl[0;39m - Tentative de modification de la grande tâche avec l'ID : 32
2025-03-05 11:57:41 [http-nio-8091-exec-5] INFO  [36mc.P.digitalis.service.GtServicesImpl[0;39m - Tentative de modification de la grande tâche avec l'ID : 26
2025-03-05 11:57:41 [http-nio-8091-exec-10] INFO  [36mc.P.digitalis.service.GtServicesImpl[0;39m - Grande tâche modifiée avec succès : tache:RETYUI | charge: 3.0
2025-03-05 11:57:41 [http-nio-8091-exec-5] INFO  [36mc.P.digitalis.service.GtServicesImpl[0;39m - Grande tâche modifiée avec succès : tache:Contrôle financier | charge: 5.0
2025-03-05 11:57:41 [http-nio-8091-exec-8] INFO  [36mc.P.digitalis.service.GtServicesImpl[0;39m - Grande tâche modifiée avec succès : tache:azerty | charge: 2.0
2025-03-05 11:57:41 [http-nio-8091-exec-1] INFO  [36mc.P.digitalis.service.GtServicesImpl[0;39m - Grande tâche modifiée avec succès : tache:AZERT | charge: 2.0
2025-03-05 11:58:30 [http-nio-8091-exec-1] INFO  [36mc.P.digitalis.service.GtServicesImpl[0;39m - Tentative de modification de la grande tâche avec l'ID : 26
2025-03-05 11:58:30 [http-nio-8091-exec-1] INFO  [36mc.P.digitalis.service.GtServicesImpl[0;39m - Grande tâche modifiée avec succès : tache:Contrôle financier | charge: 5.0
2025-03-05 11:58:30 [http-nio-8091-exec-6] INFO  [36mc.P.digitalis.service.GtServicesImpl[0;39m - Tentative de modification de la grande tâche avec l'ID : 30
2025-03-05 11:58:30 [http-nio-8091-exec-4] INFO  [36mc.P.digitalis.service.GtServicesImpl[0;39m - Tentative de modification de la grande tâche avec l'ID : 31
2025-03-05 11:58:30 [http-nio-8091-exec-6] INFO  [36mc.P.digitalis.service.GtServicesImpl[0;39m - Grande tâche modifiée avec succès : tache:RETYUI | charge: 3.0
2025-03-05 11:58:30 [http-nio-8091-exec-4] INFO  [36mc.P.digitalis.service.GtServicesImpl[0;39m - Grande tâche modifiée avec succès : tache:AZERT | charge: 2.0
2025-03-05 11:58:30 [http-nio-8091-exec-10] INFO  [36mc.P.digitalis.service.GtServicesImpl[0;39m - Tentative de modification de la grande tâche avec l'ID : 32
2025-03-05 11:58:30 [http-nio-8091-exec-10] INFO  [36mc.P.digitalis.service.GtServicesImpl[0;39m - Grande tâche modifiée avec succès : tache:azerty | charge: 2.0
2025-03-05 11:58:53 [http-nio-8091-exec-1] INFO  [36mc.P.digitalis.service.GtServicesImpl[0;39m - Tentative de modification de la grande tâche avec l'ID : 30
2025-03-05 11:58:53 [http-nio-8091-exec-1] INFO  [36mc.P.digitalis.service.GtServicesImpl[0;39m - Grande tâche modifiée avec succès : tache:RETYUI | charge: 3.0
2025-03-05 11:58:53 [http-nio-8091-exec-4] INFO  [36mc.P.digitalis.service.GtServicesImpl[0;39m - Tentative de modification de la grande tâche avec l'ID : 26
2025-03-05 11:58:53 [http-nio-8091-exec-9] INFO  [36mc.P.digitalis.service.GtServicesImpl[0;39m - Tentative de modification de la grande tâche avec l'ID : 31
2025-03-05 11:58:53 [http-nio-8091-exec-4] INFO  [36mc.P.digitalis.service.GtServicesImpl[0;39m - Grande tâche modifiée avec succès : tache:Contrôle financier | charge: 5.0
2025-03-05 11:58:53 [http-nio-8091-exec-9] INFO  [36mc.P.digitalis.service.GtServicesImpl[0;39m - Grande tâche modifiée avec succès : tache:AZERT | charge: 2.0
2025-03-05 11:58:53 [http-nio-8091-exec-8] INFO  [36mc.P.digitalis.service.GtServicesImpl[0;39m - Tentative de modification de la grande tâche avec l'ID : 32
2025-03-05 11:58:53 [http-nio-8091-exec-8] INFO  [36mc.P.digitalis.service.GtServicesImpl[0;39m - Grande tâche modifiée avec succès : tache:azerty | charge: 2.0
2025-03-05 12:01:04 [http-nio-8091-exec-10] INFO  [36mc.P.digitalis.service.GtServicesImpl[0;39m - Tentative de modification de la grande tâche avec l'ID : 30
2025-03-05 12:01:04 [http-nio-8091-exec-10] INFO  [36mc.P.digitalis.service.GtServicesImpl[0;39m - Grande tâche modifiée avec succès : tache:RETYUI | charge: 3.0
2025-03-05 12:01:04 [http-nio-8091-exec-4] INFO  [36mc.P.digitalis.service.GtServicesImpl[0;39m - Tentative de modification de la grande tâche avec l'ID : 26
2025-03-05 12:01:04 [http-nio-8091-exec-4] INFO  [36mc.P.digitalis.service.GtServicesImpl[0;39m - Grande tâche modifiée avec succès : tache:Contrôle financier | charge: 5.0
2025-03-05 12:01:04 [http-nio-8091-exec-8] INFO  [36mc.P.digitalis.service.GtServicesImpl[0;39m - Tentative de modification de la grande tâche avec l'ID : 31
2025-03-05 12:01:04 [http-nio-8091-exec-8] INFO  [36mc.P.digitalis.service.GtServicesImpl[0;39m - Grande tâche modifiée avec succès : tache:AZERT | charge: 2.0
2025-03-05 12:01:04 [http-nio-8091-exec-3] INFO  [36mc.P.digitalis.service.GtServicesImpl[0;39m - Tentative de modification de la grande tâche avec l'ID : 32
2025-03-05 12:01:04 [http-nio-8091-exec-3] INFO  [36mc.P.digitalis.service.GtServicesImpl[0;39m - Grande tâche modifiée avec succès : tache:azerty | charge: 2.0
2025-03-05 12:14:16 [MessageBroker-1] INFO  [36mo.s.w.s.c.WebSocketMessageBrokerStats[0;39m - WebSocketSession[0 current WS(0)-HttpStream(0)-HttpPoll(0), 0 total, 0 closed abnormally (0 connect failure, 0 send limit, 0 transport error)], stompSubProtocol[processed CONNECT(0)-CONNECTED(0)-DISCONNECT(0)], stompBrokerRelay[null], inboundChannel[pool size = 0, active threads = 0, queued tasks = 0, completed tasks = 0], outboundChannel[pool size = 0, active threads = 0, queued tasks = 0, completed tasks = 0], sockJsScheduler[pool size = 2, active threads = 1, queued tasks = 0, completed tasks = 1]
2025-03-05 12:44:16 [MessageBroker-1] INFO  [36mo.s.w.s.c.WebSocketMessageBrokerStats[0;39m - WebSocketSession[0 current WS(0)-HttpStream(0)-HttpPoll(0), 0 total, 0 closed abnormally (0 connect failure, 0 send limit, 0 transport error)], stompSubProtocol[processed CONNECT(0)-CONNECTED(0)-DISCONNECT(0)], stompBrokerRelay[null], inboundChannel[pool size = 0, active threads = 0, queued tasks = 0, completed tasks = 0], outboundChannel[pool size = 0, active threads = 0, queued tasks = 0, completed tasks = 0], sockJsScheduler[pool size = 3, active threads = 1, queued tasks = 0, completed tasks = 2]
2025-03-05 12:59:05 [http-nio-8091-exec-9] INFO  [36mc.P.d.service.UserServicesImpl[0;39m - Tentative de connexion pour l'utilisateur avec l'email : sow36aguibou@gmail.com
2025-03-05 12:59:05 [http-nio-8091-exec-9] INFO  [36mc.P.d.service.UserServicesImpl[0;39m - Utilisateur avec l'email sow36aguibou@gmail.com connecté avec succès
2025-03-05 13:05:20 [http-nio-8091-exec-2] INFO  [36mc.P.d.service.UserServicesImpl[0;39m - Tentative de connexion pour l'utilisateur avec l'email : sow36aguibou@gmail.com
2025-03-05 13:05:20 [http-nio-8091-exec-2] INFO  [36mc.P.d.service.UserServicesImpl[0;39m - Utilisateur avec l'email sow36aguibou@gmail.com connecté avec succès
2025-03-05 13:14:16 [MessageBroker-3] INFO  [36mo.s.w.s.c.WebSocketMessageBrokerStats[0;39m - WebSocketSession[0 current WS(0)-HttpStream(0)-HttpPoll(0), 0 total, 0 closed abnormally (0 connect failure, 0 send limit, 0 transport error)], stompSubProtocol[processed CONNECT(0)-CONNECTED(0)-DISCONNECT(0)], stompBrokerRelay[null], inboundChannel[pool size = 0, active threads = 0, queued tasks = 0, completed tasks = 0], outboundChannel[pool size = 0, active threads = 0, queued tasks = 0, completed tasks = 0], sockJsScheduler[pool size = 4, active threads = 1, queued tasks = 0, completed tasks = 3]
2025-03-05 13:44:16 [MessageBroker-3] INFO  [36mo.s.w.s.c.WebSocketMessageBrokerStats[0;39m - WebSocketSession[0 current WS(0)-HttpStream(0)-HttpPoll(0), 0 total, 0 closed abnormally (0 connect failure, 0 send limit, 0 transport error)], stompSubProtocol[processed CONNECT(0)-CONNECTED(0)-DISCONNECT(0)], stompBrokerRelay[null], inboundChannel[pool size = 0, active threads = 0, queued tasks = 0, completed tasks = 0], outboundChannel[pool size = 0, active threads = 0, queued tasks = 0, completed tasks = 0], sockJsScheduler[pool size = 4, active threads = 1, queued tasks = 0, completed tasks = 4]
2025-03-05 14:14:16 [MessageBroker-3] INFO  [36mo.s.w.s.c.WebSocketMessageBrokerStats[0;39m - WebSocketSession[0 current WS(0)-HttpStream(0)-HttpPoll(0), 0 total, 0 closed abnormally (0 connect failure, 0 send limit, 0 transport error)], stompSubProtocol[processed CONNECT(0)-CONNECTED(0)-DISCONNECT(0)], stompBrokerRelay[null], inboundChannel[pool size = 0, active threads = 0, queued tasks = 0, completed tasks = 0], outboundChannel[pool size = 0, active threads = 0, queued tasks = 0, completed tasks = 0], sockJsScheduler[pool size = 4, active threads = 1, queued tasks = 0, completed tasks = 5]
2025-03-05 14:44:16 [MessageBroker-3] INFO  [36mo.s.w.s.c.WebSocketMessageBrokerStats[0;39m - WebSocketSession[0 current WS(0)-HttpStream(0)-HttpPoll(0), 0 total, 0 closed abnormally (0 connect failure, 0 send limit, 0 transport error)], stompSubProtocol[processed CONNECT(0)-CONNECTED(0)-DISCONNECT(0)], stompBrokerRelay[null], inboundChannel[pool size = 0, active threads = 0, queued tasks = 0, completed tasks = 0], outboundChannel[pool size = 0, active threads = 0, queued tasks = 0, completed tasks = 0], sockJsScheduler[pool size = 4, active threads = 1, queued tasks = 0, completed tasks = 6]
2025-03-05 15:05:45 [SpringApplicationShutdownHook] INFO  [36mo.s.m.s.b.SimpleBrokerMessageHandler[0;39m - Stopping...
2025-03-05 15:05:45 [SpringApplicationShutdownHook] INFO  [36mo.s.m.s.b.SimpleBrokerMessageHandler[0;39m - BrokerAvailabilityEvent[available=false, SimpleBrokerMessageHandler [org.springframework.messaging.simp.broker.DefaultSubscriptionRegistry@6049b4c9]]
2025-03-05 15:05:45 [SpringApplicationShutdownHook] INFO  [36mo.s.m.s.b.SimpleBrokerMessageHandler[0;39m - Stopped.
2025-03-05 15:06:39 [main] INFO  [36mc.P.digitalis.DigitalisApplication[0;39m - Starting DigitalisApplication using Java 17.0.6 with PID 6004 (C:\Users\LIVE-TECH\Desktop\ProjectManagment\digitalis\target\classes started by LIVE-TECH in C:\Users\LIVE-TECH\Desktop\ProjectManagment\digitalis)
2025-03-05 15:06:39 [main] INFO  [36mc.P.digitalis.DigitalisApplication[0;39m - No active profile set, falling back to 1 default profile: "default"
2025-03-05 15:06:49 [main] INFO  [36mo.s.d.r.c.RepositoryConfigurationDelegate[0;39m - Bootstrapping Spring Data JPA repositories in DEFAULT mode.
2025-03-05 15:06:49 [main] INFO  [36mo.s.d.r.c.RepositoryConfigurationDelegate[0;39m - Finished Spring Data repository scanning in 520 ms. Found 15 JPA repository interfaces.
2025-03-05 15:06:56 [main] INFO  [36mo.s.b.w.e.tomcat.TomcatWebServer[0;39m - Tomcat initialized with port 8091 (http)
2025-03-05 15:06:56 [main] INFO  [36mo.a.coyote.http11.Http11NioProtocol[0;39m - Initializing ProtocolHandler ["http-nio-8091"]
2025-03-05 15:06:56 [main] INFO  [36mo.a.catalina.core.StandardService[0;39m - Starting service [Tomcat]
2025-03-05 15:06:56 [main] INFO  [36mo.a.catalina.core.StandardEngine[0;39m - Starting Servlet engine: [Apache Tomcat/10.1.31]
2025-03-05 15:07:03 [main] INFO  [36mo.a.c.c.C.[Tomcat].[localhost].[/][0;39m - Initializing Spring embedded WebApplicationContext
2025-03-05 15:07:03 [main] INFO  [36mo.s.b.w.s.c.ServletWebServerApplicationContext[0;39m - Root WebApplicationContext: initialization completed in 23579 ms
2025-03-05 15:07:03 [main] WARN  [36mo.s.b.a.o.j.JpaBaseConfiguration$JpaWebConfiguration[0;39m - spring.jpa.open-in-view is enabled by default. Therefore, database queries may be performed during view rendering. Explicitly configure spring.jpa.open-in-view to disable this warning
2025-03-05 15:07:04 [main] INFO  [36mo.h.jpa.internal.util.LogHelper[0;39m - HHH000204: Processing PersistenceUnitInfo [name: default]
2025-03-05 15:07:04 [main] INFO  [36morg.hibernate.Version[0;39m - HHH000412: Hibernate ORM core version 6.5.3.Final
2025-03-05 15:07:06 [main] INFO  [36mo.h.c.i.RegionFactoryInitiator[0;39m - HHH000026: Second-level cache disabled
2025-03-05 15:07:07 [main] INFO  [36mo.s.o.j.p.SpringPersistenceUnitInfo[0;39m - No LoadTimeWeaver setup: ignoring JPA class transformer
2025-03-05 15:07:08 [main] INFO  [36mcom.zaxxer.hikari.HikariDataSource[0;39m - HikariPool-1 - Starting...
2025-03-05 15:07:14 [main] INFO  [36mcom.zaxxer.hikari.pool.HikariPool[0;39m - HikariPool-1 - Added connection com.mysql.cj.jdbc.ConnectionImpl@37cf91d8
2025-03-05 15:07:14 [main] INFO  [36mcom.zaxxer.hikari.HikariDataSource[0;39m - HikariPool-1 - Start completed.
2025-03-05 15:07:16 [main] WARN  [36morg.hibernate.dialect.Dialect[0;39m - HHH000511: The 5.7.24 version for [org.hibernate.dialect.MySQLDialect] is no longer supported, hence certain features may not work properly. The minimum supported version is 8.0.0. Check the community dialects project for available legacy versions.
2025-03-05 15:07:16 [main] WARN  [36morg.hibernate.orm.deprecation[0;39m - HHH90000025: MySQLDialect does not need to be specified explicitly using 'hibernate.dialect' (remove the property setting and it will be selected by default)
2025-03-05 15:07:33 [main] INFO  [36mo.h.e.t.j.p.i.JtaPlatformInitiator[0;39m - HHH000489: No JTA platform available (set 'hibernate.transaction.jta.platform' to enable JTA platform integration)
2025-03-05 15:07:35 [main] INFO  [36mo.s.o.j.LocalContainerEntityManagerFactoryBean[0;39m - Initialized JPA EntityManagerFactory for persistence unit 'default'
2025-03-05 15:07:41 [main] INFO  [36mo.s.s.c.a.a.c.InitializeAuthenticationProviderBeanManagerConfigurer$InitializeAuthenticationProviderManagerConfigurer[0;39m - Global AuthenticationManager configured with AuthenticationProvider bean with name authenticationProvider
2025-03-05 15:07:41 [main] WARN  [36mo.s.s.c.a.a.c.InitializeUserDetailsBeanManagerConfigurer$InitializeUserDetailsManagerConfigurer[0;39m - Global AuthenticationManager configured with an AuthenticationProvider bean. UserDetailsService beans will not be used for username/password login. Consider removing the AuthenticationProvider bean. Alternatively, consider using the UserDetailsService in a manually instantiated DaoAuthenticationProvider.
2025-03-05 15:07:43 [main] INFO  [36mo.a.coyote.http11.Http11NioProtocol[0;39m - Starting ProtocolHandler ["http-nio-8091"]
2025-03-05 15:07:43 [main] INFO  [36mo.s.b.w.e.tomcat.TomcatWebServer[0;39m - Tomcat started on port 8091 (http) with context path '/'
2025-03-05 15:07:43 [main] INFO  [36mo.s.m.s.b.SimpleBrokerMessageHandler[0;39m - Starting...
2025-03-05 15:07:43 [main] INFO  [36mo.s.m.s.b.SimpleBrokerMessageHandler[0;39m - BrokerAvailabilityEvent[available=true, SimpleBrokerMessageHandler [org.springframework.messaging.simp.broker.DefaultSubscriptionRegistry@4620e669]]
2025-03-05 15:07:43 [main] INFO  [36mo.s.m.s.b.SimpleBrokerMessageHandler[0;39m - Started.
2025-03-05 15:07:43 [main] INFO  [36mc.P.digitalis.DigitalisApplication[0;39m - Started DigitalisApplication in 67.855 seconds (process running for 83.651)
2025-03-05 15:08:43 [MessageBroker-1] INFO  [36mo.s.w.s.c.WebSocketMessageBrokerStats[0;39m - WebSocketSession[0 current WS(0)-HttpStream(0)-HttpPoll(0), 0 total, 0 closed abnormally (0 connect failure, 0 send limit, 0 transport error)], stompSubProtocol[processed CONNECT(0)-CONNECTED(0)-DISCONNECT(0)], stompBrokerRelay[null], inboundChannel[pool size = 0, active threads = 0, queued tasks = 0, completed tasks = 0], outboundChannel[pool size = 0, active threads = 0, queued tasks = 0, completed tasks = 0], sockJsScheduler[pool size = 1, active threads = 1, queued tasks = 0, completed tasks = 0]
2025-03-05 15:20:43 [http-nio-8091-exec-1] INFO  [36mo.a.c.c.C.[Tomcat].[localhost].[/][0;39m - Initializing Spring DispatcherServlet 'dispatcherServlet'
2025-03-05 15:20:43 [http-nio-8091-exec-1] INFO  [36mo.s.web.servlet.DispatcherServlet[0;39m - Initializing Servlet 'dispatcherServlet'
2025-03-05 15:20:43 [http-nio-8091-exec-1] INFO  [36mo.s.web.servlet.DispatcherServlet[0;39m - Completed initialization in 2 ms
2025-03-05 15:20:43 [http-nio-8091-exec-2] INFO  [36mc.P.d.service.UserServicesImpl[0;39m - Tentative de connexion pour l'utilisateur avec l'email : sow36aguibou@gmail.com
2025-03-05 15:20:56 [http-nio-8091-exec-4] INFO  [36mc.P.d.service.UserServicesImpl[0;39m - Tentative de connexion pour l'utilisateur avec l'email : sow36aguibou@gmail.com
2025-03-05 15:20:56 [http-nio-8091-exec-4] INFO  [36mc.P.d.service.UserServicesImpl[0;39m - Utilisateur avec l'email sow36aguibou@gmail.com connecté avec succès
2025-03-05 15:38:43 [MessageBroker-1] INFO  [36mo.s.w.s.c.WebSocketMessageBrokerStats[0;39m - WebSocketSession[0 current WS(0)-HttpStream(0)-HttpPoll(0), 0 total, 0 closed abnormally (0 connect failure, 0 send limit, 0 transport error)], stompSubProtocol[processed CONNECT(0)-CONNECTED(0)-DISCONNECT(0)], stompBrokerRelay[null], inboundChannel[pool size = 0, active threads = 0, queued tasks = 0, completed tasks = 0], outboundChannel[pool size = 0, active threads = 0, queued tasks = 0, completed tasks = 0], sockJsScheduler[pool size = 2, active threads = 1, queued tasks = 0, completed tasks = 1]
2025-03-05 15:50:37 [SpringApplicationShutdownHook] INFO  [36mo.s.m.s.b.SimpleBrokerMessageHandler[0;39m - Stopping...
2025-03-05 15:50:37 [SpringApplicationShutdownHook] INFO  [36mo.s.m.s.b.SimpleBrokerMessageHandler[0;39m - BrokerAvailabilityEvent[available=false, SimpleBrokerMessageHandler [org.springframework.messaging.simp.broker.DefaultSubscriptionRegistry@4620e669]]
2025-03-05 15:50:37 [SpringApplicationShutdownHook] INFO  [36mo.s.m.s.b.SimpleBrokerMessageHandler[0;39m - Stopped.
2025-03-05 15:50:39 [SpringApplicationShutdownHook] INFO  [36mo.s.o.j.LocalContainerEntityManagerFactoryBean[0;39m - Closing JPA EntityManagerFactory for persistence unit 'default'
2025-03-05 15:50:40 [SpringApplicationShutdownHook] INFO  [36mcom.zaxxer.hikari.HikariDataSource[0;39m - HikariPool-1 - Shutdown initiated...
2025-03-05 15:50:40 [SpringApplicationShutdownHook] INFO  [36mcom.zaxxer.hikari.HikariDataSource[0;39m - HikariPool-1 - Shutdown completed.
